#
# A fatal error has been detected by the Java Runtime Environment:
#
#  EXCEPTION_ACCESS_VIOLATION (0xc0000005) at pc=0x00007ffd309c6888, pid=10060, tid=17600
#
# JRE version: OpenJDK Runtime Environment Corretto-21.0.5.11.1 (21.0.5+11) (build 21.0.5+11-LTS)
# Java VM: OpenJDK 64-Bit Server VM Corretto-21.0.5.11.1 (21.0.5+11-LTS, mixed mode, sharing, tiered, compressed oops, compressed class ptrs, g1 gc, windows-amd64)
# Problematic frame:
# C  [jdwp.dll+0x26888]
#
# No core dump will be written. Minidumps are not enabled by default on client versions of Windows
#
# If you would like to submit a bug report, please visit:
#   https://github.com/corretto/corretto-21/issues/
# The crash happened outside the Java Virtual Machine in native code.
# See problematic frame for where to report the bug.
#

---------------  S U M M A R Y ------------

Command Line: -agentlib:jdwp=transport=dt_socket,server=n,suspend=y,address=localhost:54554 -XX:+ShowCodeDetailsInExceptionMessages engine.Main

Host: AMD Ryzen 9 5900X 12-Core Processor            , 24 cores, 31G,  Windows 11 , 64 bit Build 26100 (10.0.26100.4484)
Time: Sun Aug 24 15:55:06 2025 Mitteleuropäische Sommerzeit elapsed time: 0.313990 seconds (0d 0h 0m 0s)

---------------  T H R E A D  ---------------

Current thread (0x0000016c01dd9d70):  JavaThread "main"             [_thread_in_native, id=17600, stack(0x0000003a75600000,0x0000003a75700000) (1024K)]

Stack: [0x0000003a75600000,0x0000003a75700000],  sp=0x0000003a756fe3d8,  free space=1016k
Native frames: (J=compiled Java code, j=interpreted, Vv=VM code, C=native code)
C  [jdwp.dll+0x26888]

Java frames: (J=compiled Java code, j=interpreted, Vv=VM code)
j  jdk.internal.reflect.MethodHandleAccessorFactory.newFieldAccessor(Ljava/lang/reflect/Field;Z)Ljdk/internal/reflect/FieldAccessorImpl;+170 java.base@21.0.5
j  jdk.internal.reflect.ReflectionFactory.newFieldAccessor(Ljava/lang/reflect/Field;Z)Ljdk/internal/reflect/FieldAccessor;+82 java.base@21.0.5
j  java.lang.reflect.Field.acquireFieldAccessor()Ljdk/internal/reflect/FieldAccessor;+35 java.base@21.0.5
j  java.lang.reflect.Field.getFieldAccessor()Ljdk/internal/reflect/FieldAccessor;+14 java.base@21.0.5
j  java.lang.reflect.Field.getInt(Ljava/lang/Object;)I+18 java.base@21.0.5
j  org.lwjgl.system.APIUtil.apiClassTokens(Ljava/util/function/BiPredicate;Ljava/util/Map;[Ljava/lang/Class;)Ljava/util/Map;+104
j  org.lwjgl.glfw.GLFWErrorCallback$1.<init>(Ljava/io/PrintStream;)V+25
j  org.lwjgl.glfw.GLFWErrorCallback.createPrint(Ljava/io/PrintStream;)Lorg/lwjgl/glfw/GLFWErrorCallback;+5
j  engine.Window.init()V+3
j  engine.Main.main([Ljava/lang/String;)V+29
v  ~StubRoutines::call_stub 0x0000016c1191100d

siginfo: EXCEPTION_ACCESS_VIOLATION (0xc0000005), reading address 0xffffffffffffffff


Registers:
RAX=0x0000016c6d4d70b0, RBX=0x0000016c24549180, RCX=0x0000016c01dda128, RDX=0x0000016c24549180
RSP=0x0000003a756fe3d8, RBP=0x0000000000000002, RSI=0x0000003a756fe480, RDI=0x0000016c01dda128
R8 =0x0000000000010002, R9 =0x0000000000000000, R10=0x0000003a7506b000, R11=0x0000003a756fe3a8
R12=0x0000000000000007, R13=0x0000016c01dd5b90, R14=0x00007ffd309d0300, R15=0x0000000000000000
RIP=0x00007ffd309c6888, EFLAGS=0x0000000000010202


Register to memory mapping:

RAX=0x0000016c6d4d70b0 points into unknown readable memory: 0x0000000000000000 | 00 00 00 00 00 00 00 00
RBX=0x0000016c24549180 points into unknown readable memory: 0x000000062100a690 | 90 a6 00 21 06 00 00 00
RCX=0x0000016c01dda128 points into unknown readable memory: 0x0000016c6d4d70b0 | b0 70 4d 6d 6c 01 00 00
RDX=0x0000016c24549180 points into unknown readable memory: 0x000000062100a690 | 90 a6 00 21 06 00 00 00
RSP=0x0000003a756fe3d8 is pointing into the stack for thread: 0x0000016c01dd9d70
RBP=0x0000000000000002 is an unknown value
RSI=0x0000003a756fe480 is pointing into the stack for thread: 0x0000016c01dd9d70
RDI=0x0000016c01dda128 points into unknown readable memory: 0x0000016c6d4d70b0 | b0 70 4d 6d 6c 01 00 00
R8 =0x0000000000010002 is an unknown value
R9 =0x0 is null
R10=0x0000003a7506b000 points into unknown readable memory: 0x0000000000000000 | 00 00 00 00 00 00 00 00
R11=0x0000003a756fe3a8 is pointing into the stack for thread: 0x0000016c01dd9d70
R12=0x0000000000000007 is an unknown value
R13=0x0000016c01dd5b90 points into unknown readable memory: 0x00007ffc70612780 | 80 27 61 70 fc 7f 00 00
R14=0x00007ffd309d0300 jdwp.dll
R15=0x0 is null

Top of Stack: (sp=0x0000003a756fe3d8)
0x0000003a756fe3d8:   00007ffd309b612f 0000016c24549180
0x0000003a756fe3e8:   0000003a756fe480 0000000000000000
0x0000003a756fe3f8:   0000000000000000 0000016c0a4c0490
0x0000003a756fe408:   0000000000000000 0000016c7f836bd0
0x0000003a756fe418:   00007ffd309d0390 0000016c24549180
0x0000003a756fe428:   00007ffd309b27af 0000016c24549180
0x0000003a756fe438:   0000000000000002 0000016c01dda128
0x0000003a756fe448:   0000016c24549188 00007ffc7068c220
0x0000003a756fe458:   0000016c279abe60 0000000000000000
0x0000003a756fe468:   0000016c281b7e58 0000003a756fe7a0
0x0000003a756fe478:   0000016c2446dc30 0000000000000007
0x0000003a756fe488:   0000016c24549180 0000000000000000
0x0000003a756fe498:   0000016c24549188 0000000000000000
0x0000003a756fe4a8:   0000000000000000 0000000000000000
0x0000003a756fe4b8:   0000000000000000 0000000000000000
0x0000003a756fe4c8:   0000000000000000 0000000000000000
0x0000003a756fe4d8:   0000016c29055250 0000016c29055250
0x0000003a756fe4e8:   00007ffc6ff64767 0000016c24549188
0x0000003a756fe4f8:   0000016c27af2530 0000016c01dd9d70
0x0000003a756fe508:   00007ffc6ffada21 0000016c7f836b80
0x0000003a756fe518:   0000000000000001 0000016c29055250
0x0000003a756fe528:   0000016c284aa150 0000392cffd19afb
0x0000003a756fe538:   0000016c28611e30 0000016c7f82d410
0x0000003a756fe548:   0000016c7f84a7c0 0000016c7f84a7d0
0x0000003a756fe558:   0000016c7f84aba8 00000000000003d8
0x0000003a756fe568:   0000016c01dd9d70 0000016c01dd9d70
0x0000003a756fe578:   0000016c7f82ce90 0000016c7f90e9f0
0x0000003a756fe588:   0000016c7f90ea08 0000016c7f90ead8
0x0000003a756fe598:   00000000000000d8 0000003a756fe5b0
0x0000003a756fe5a8:   00007ffc700775a3 0000016c01dd9d70
0x0000003a756fe5b8:   0000016c7f82ce90 0000016c7f90e9f0
0x0000003a756fe5c8:   0000016c7f90ea08 0000016c7f90ead8 

Instructions: (pc=0x00007ffd309c6888)
0x00007ffd309c6788:   05 73 09 01 00 48 8b 03 48 8b d7 4d 8b 40 30 48
0x00007ffd309c6798:   8b cb 48 8b 5c 24 30 48 83 c4 20 5f 48 ff a0 00
0x00007ffd309c67a8:   01 00 00 cc 48 89 5c 24 08 57 48 83 ec 20 48 8b
0x00007ffd309c67b8:   f9 e8 f2 ea ff ff 4c 8b 05 3b 09 01 00 48 8b d8
0x00007ffd309c67c8:   41 f6 80 10 02 00 00 02 74 33 41 b8 20 06 00 00
0x00007ffd309c67d8:   48 8d 15 c1 c3 00 00 48 8d 0d fa 5b 00 00 e8 b1
0x00007ffd309c67e8:   48 ff ff 48 8d 15 4e 9a 00 00 48 8d 0d ff 5b 00
0x00007ffd309c67f8:   00 e8 46 49 ff ff 4c 8b 05 fb 08 01 00 48 8b 03
0x00007ffd309c6808:   48 8b d7 4d 8b 40 38 48 8b cb 48 8b 5c 24 30 48
0x00007ffd309c6818:   83 c4 20 5f 48 ff a0 00 01 00 00 cc 48 89 5c 24
0x00007ffd309c6828:   08 57 48 83 ec 20 48 8b f9 e8 7a ea ff ff 48 8b
0x00007ffd309c6838:   15 c3 08 01 00 48 8b d8 f6 82 10 02 00 00 02 74
0x00007ffd309c6848:   2c 41 b8 12 06 00 00 48 8d 15 4a c3 00 00 48 8d
0x00007ffd309c6858:   0d 83 5b 00 00 e8 3a 48 ff ff 48 8d 15 1f 6c 00
0x00007ffd309c6868:   00 48 8d 0d 88 5b 00 00 e8 cf 48 ff ff 48 8b 03
0x00007ffd309c6878:   48 8b d7 48 8b cb 48 8b 5c 24 30 48 83 c4 20 5f
0x00007ffd309c6888:   48 ff a0 50 07 00 00 cc 48 89 5c 24 08 48 89 74
0x00007ffd309c6898:   24 10 57 48 83 ec 20 48 63 f2 49 8b d8 48 8b d1
0x00007ffd309c68a8:   41 8b f9 48 8b cb 8d 46 ff 4c 63 c0 ff 15 b6 59
0x00007ffd309c68b8:   00 00 85 c0 75 0b 48 03 de 0f be 43 ff 3b c7 74
0x00007ffd309c68c8:   22 32 c0 48 8b 5c 24 30 48 8b 74 24 38 48 83 c4
0x00007ffd309c68d8:   20 5f c3 0f be c8 ff 15 7c 59 00 00 85 c0 74 09
0x00007ffd309c68e8:   48 ff c3 8a 03 84 c0 75 ea 80 3b 3b 74 d3 8b d7
0x00007ffd309c68f8:   48 8b cb e8 22 4b 00 00 48 85 c0 75 c4 b0 01 eb
0x00007ffd309c6908:   c2 cc cc cc 0f b6 d1 83 fa 1e 0f 87 83 00 00 00
0x00007ffd309c6918:   74 7b 83 fa 07 77 41 74 39 83 ea 01 74 2e 83 ea
0x00007ffd309c6928:   01 74 23 83 ea 01 74 18 83 ea 01 74 0d 83 fa 02
0x00007ffd309c6938:   0f 85 8a 00 00 00 8d 42 03 c3 b8 04 00 00 00 c3
0x00007ffd309c6948:   b8 03 00 00 00 c3 b8 02 00 00 00 c3 b8 01 00 00
0x00007ffd309c6958:   00 c3 b8 06 00 00 00 c3 b8 08 00 00 00 2b d0 74
0x00007ffd309c6968:   26 83 ea 01 0f 84 88 00 00 00 83 ea 01 74 12 b8
0x00007ffd309c6978:   0a 00 00 00 2b d0 74 7a 83 fa 01 75 43 8d 42 0a 


Stack slot to memory mapping:

stack at sp + 0 slots: 0x00007ffd309b612f jdwp.dll
stack at sp + 1 slots: 0x0000016c24549180 points into unknown readable memory: 0x000000062100a690 | 90 a6 00 21 06 00 00 00
stack at sp + 2 slots: 0x0000003a756fe480 is pointing into the stack for thread: 0x0000016c01dd9d70
stack at sp + 3 slots: 0x0 is null
stack at sp + 4 slots: 0x0 is null
stack at sp + 5 slots: 0x0000016c0a4c0490 is at entry_point+-400 in (nmethod*)0x0000016c0a4c0490
Compiled method (c1) 342    6       3       java.lang.Object::<init> (1 bytes)
 total in heap  [0x0000016c0a4c0490,0x0000016c0a4c0780] = 752
 relocation     [0x0000016c0a4c05f0,0x0000016c0a4c0620] = 48
 main code      [0x0000016c0a4c0620,0x0000016c0a4c06f0] = 208
 stub code      [0x0000016c0a4c06f0,0x0000016c0a4c0728] = 56
 metadata       [0x0000016c0a4c0728,0x0000016c0a4c0738] = 16
 scopes data    [0x0000016c0a4c0738,0x0000016c0a4c0748] = 16
 scopes pcs     [0x0000016c0a4c0748,0x0000016c0a4c0778] = 48
 dependencies   [0x0000016c0a4c0778,0x0000016c0a4c0780] = 8
stack at sp + 6 slots: 0x0 is null
stack at sp + 7 slots: 0x0000016c7f836bd0 points into unknown readable memory: 0x8000001200000001 | 01 00 00 00 12 00 00 80


---------------  P R O C E S S  ---------------

Threads class SMR info:
_java_thread_list=0x0000016c27b1e1f0, length=15, elements={
0x0000016c01dd9d70, 0x0000016c2455dd50, 0x0000016c2455f4c0, 0x0000016c24565780,
0x0000016c24568690, 0x0000016c24569e00, 0x0000016c2456de00, 0x0000016c27935f60,
0x0000016c27938c10, 0x0000016c279304a0, 0x0000016c27b1b600, 0x0000016c27b2fb70,
0x0000016c27b31200, 0x0000016c27b36500, 0x0000016c27b36b60
}

Java Threads: ( => current thread )
=>0x0000016c01dd9d70 JavaThread "main"                              [_thread_in_native, id=17600, stack(0x0000003a75600000,0x0000003a75700000) (1024K)]
  0x0000016c2455dd50 JavaThread "Reference Handler"          daemon [_thread_blocked, id=30012, stack(0x0000003a75e00000,0x0000003a75f00000) (1024K)]
  0x0000016c2455f4c0 JavaThread "Finalizer"                  daemon [_thread_blocked, id=17664, stack(0x0000003a75f00000,0x0000003a76000000) (1024K)]
  0x0000016c24565780 JavaThread "Signal Dispatcher"          daemon [_thread_blocked, id=5436, stack(0x0000003a76000000,0x0000003a76100000) (1024K)]
  0x0000016c24568690 JavaThread "Attach Listener"            daemon [_thread_blocked, id=8712, stack(0x0000003a76100000,0x0000003a76200000) (1024K)]
  0x0000016c24569e00 JavaThread "Service Thread"             daemon [_thread_blocked, id=15040, stack(0x0000003a76200000,0x0000003a76300000) (1024K)]
  0x0000016c2456de00 JavaThread "Monitor Deflation Thread"   daemon [_thread_blocked, id=9148, stack(0x0000003a76300000,0x0000003a76400000) (1024K)]
  0x0000016c27935f60 JavaThread "C2 CompilerThread0"         daemon [_thread_blocked, id=2596, stack(0x0000003a76400000,0x0000003a76500000) (1024K)]
  0x0000016c27938c10 JavaThread "C1 CompilerThread0"         daemon [_thread_blocked, id=29536, stack(0x0000003a76500000,0x0000003a76600000) (1024K)]
  0x0000016c279304a0 JavaThread "C1 CompilerThread1"         daemon [_thread_blocked, id=604, stack(0x0000003a76600000,0x0000003a76700000) (1024K)]
  0x0000016c27b1b600 JavaThread "JDWP Transport Listener: dt_socket" daemon [_thread_blocked, id=4220, stack(0x0000003a76700000,0x0000003a76800000) (1024K)]
  0x0000016c27b2fb70 JavaThread "JDWP Event Helper Thread"   daemon [_thread_blocked, id=6936, stack(0x0000003a76800000,0x0000003a76900000) (1024K)]
  0x0000016c27b31200 JavaThread "JDWP Command Reader"        daemon [_thread_in_native, id=30224, stack(0x0000003a76900000,0x0000003a76a00000) (1024K)]
  0x0000016c27b36500 JavaThread "Notification Thread"        daemon [_thread_blocked, id=19292, stack(0x0000003a76a00000,0x0000003a76b00000) (1024K)]
  0x0000016c27b36b60 JavaThread "Common-Cleaner"             daemon [_thread_blocked, id=4496, stack(0x0000003a76b00000,0x0000003a76c00000) (1024K)]
Total: 15

Other Threads:
  0x0000016c24542c40 VMThread "VM Thread"                           [id=5020, stack(0x0000003a75d00000,0x0000003a75e00000) (1024K)]
  0x0000016c245324c0 WatcherThread "VM Periodic Task Thread"        [id=17328, stack(0x0000003a75c00000,0x0000003a75d00000) (1024K)]
  0x0000016c01e895b0 WorkerThread "GC Thread#0"                     [id=28600, stack(0x0000003a75700000,0x0000003a75800000) (1024K)]
  0x0000016c01e97420 ConcurrentGCThread "G1 Main Marker"            [id=21612, stack(0x0000003a75800000,0x0000003a75900000) (1024K)]
  0x0000016c243b27b0 WorkerThread "G1 Conc#0"                       [id=10132, stack(0x0000003a75900000,0x0000003a75a00000) (1024K)]
  0x0000016c2446f1c0 ConcurrentGCThread "G1 Refine#0"               [id=7576, stack(0x0000003a75a00000,0x0000003a75b00000) (1024K)]
  0x0000016c24473250 ConcurrentGCThread "G1 Service"                [id=15744, stack(0x0000003a75b00000,0x0000003a75c00000) (1024K)]
Total: 7

Threads with active compile tasks:
Total: 0

VM state: not at safepoint (normal execution)

VM Mutex/Monitor currently owned by a thread: None

Heap address: 0x0000000601400000, size: 8172 MB, Compressed Oops mode: Zero based, Oop shift amount: 3

CDS archive(s) mapped at: [0x0000016c28000000-0x0000016c28c80000-0x0000016c28c80000), size 13107200, SharedBaseAddress: 0x0000016c28000000, ArchiveRelocationMode: 1.
Compressed class space mapped at: 0x0000016c29000000-0x0000016c69000000, reserved size: 1073741824
Narrow klass base: 0x0000016c28000000, Narrow klass shift: 0, Narrow klass range: 0x100000000

GC Precious Log:
 CardTable entry size: 512
 Card Set container configuration: InlinePtr #cards 4 size 8 Array Of Cards #cards 32 size 80 Howl #buckets 8 coarsen threshold 7372 Howl Bitmap #cards 1024 size 144 coarsen threshold 921 Card regions per heap region 1 cards per card region 8192
 CPUs: 24 total, 24 available
 Memory: 32681M
 Large Page Support: Disabled
 NUMA Support: Disabled
 Compressed Oops: Enabled (Zero based)
 Heap Region Size: 4M
 Heap Min Capacity: 8M
 Heap Initial Capacity: 512M
 Heap Max Capacity: 8172M
 Pre-touch: Disabled
 Parallel Workers: 18
 Concurrent Workers: 5
 Concurrent Refinement Workers: 18
 Periodic GC: Disabled

Heap:
 garbage-first heap   total 524288K, used 8192K [0x0000000601400000, 0x0000000800000000)
  region size 4096K, 3 young (12288K), 0 survivors (0K)
 Metaspace       used 2704K, committed 2880K, reserved 1114112K
  class space    used 234K, committed 320K, reserved 1048576K

Heap Regions: E=young(eden), S=young(survivor), O=old, HS=humongous(starts), HC=humongous(continues), CS=collection set, F=free, TAMS=top-at-mark-start, PB=parsable bottom
|   0|0x0000000601400000, 0x0000000601400000, 0x0000000601800000|  0%| F|  |TAMS 0x0000000601400000| PB 0x0000000601400000| Untracked 
|   1|0x0000000601800000, 0x0000000601800000, 0x0000000601c00000|  0%| F|  |TAMS 0x0000000601800000| PB 0x0000000601800000| Untracked 
|   2|0x0000000601c00000, 0x0000000601c00000, 0x0000000602000000|  0%| F|  |TAMS 0x0000000601c00000| PB 0x0000000601c00000| Untracked 
|   3|0x0000000602000000, 0x0000000602000000, 0x0000000602400000|  0%| F|  |TAMS 0x0000000602000000| PB 0x0000000602000000| Untracked 
|   4|0x0000000602400000, 0x0000000602400000, 0x0000000602800000|  0%| F|  |TAMS 0x0000000602400000| PB 0x0000000602400000| Untracked 
|   5|0x0000000602800000, 0x0000000602800000, 0x0000000602c00000|  0%| F|  |TAMS 0x0000000602800000| PB 0x0000000602800000| Untracked 
|   6|0x0000000602c00000, 0x0000000602c00000, 0x0000000603000000|  0%| F|  |TAMS 0x0000000602c00000| PB 0x0000000602c00000| Untracked 
|   7|0x0000000603000000, 0x0000000603000000, 0x0000000603400000|  0%| F|  |TAMS 0x0000000603000000| PB 0x0000000603000000| Untracked 
|   8|0x0000000603400000, 0x0000000603400000, 0x0000000603800000|  0%| F|  |TAMS 0x0000000603400000| PB 0x0000000603400000| Untracked 
|   9|0x0000000603800000, 0x0000000603800000, 0x0000000603c00000|  0%| F|  |TAMS 0x0000000603800000| PB 0x0000000603800000| Untracked 
|  10|0x0000000603c00000, 0x0000000603c00000, 0x0000000604000000|  0%| F|  |TAMS 0x0000000603c00000| PB 0x0000000603c00000| Untracked 
|  11|0x0000000604000000, 0x0000000604000000, 0x0000000604400000|  0%| F|  |TAMS 0x0000000604000000| PB 0x0000000604000000| Untracked 
|  12|0x0000000604400000, 0x0000000604400000, 0x0000000604800000|  0%| F|  |TAMS 0x0000000604400000| PB 0x0000000604400000| Untracked 
|  13|0x0000000604800000, 0x0000000604800000, 0x0000000604c00000|  0%| F|  |TAMS 0x0000000604800000| PB 0x0000000604800000| Untracked 
|  14|0x0000000604c00000, 0x0000000604c00000, 0x0000000605000000|  0%| F|  |TAMS 0x0000000604c00000| PB 0x0000000604c00000| Untracked 
|  15|0x0000000605000000, 0x0000000605000000, 0x0000000605400000|  0%| F|  |TAMS 0x0000000605000000| PB 0x0000000605000000| Untracked 
|  16|0x0000000605400000, 0x0000000605400000, 0x0000000605800000|  0%| F|  |TAMS 0x0000000605400000| PB 0x0000000605400000| Untracked 
|  17|0x0000000605800000, 0x0000000605800000, 0x0000000605c00000|  0%| F|  |TAMS 0x0000000605800000| PB 0x0000000605800000| Untracked 
|  18|0x0000000605c00000, 0x0000000605c00000, 0x0000000606000000|  0%| F|  |TAMS 0x0000000605c00000| PB 0x0000000605c00000| Untracked 
|  19|0x0000000606000000, 0x0000000606000000, 0x0000000606400000|  0%| F|  |TAMS 0x0000000606000000| PB 0x0000000606000000| Untracked 
|  20|0x0000000606400000, 0x0000000606400000, 0x0000000606800000|  0%| F|  |TAMS 0x0000000606400000| PB 0x0000000606400000| Untracked 
|  21|0x0000000606800000, 0x0000000606800000, 0x0000000606c00000|  0%| F|  |TAMS 0x0000000606800000| PB 0x0000000606800000| Untracked 
|  22|0x0000000606c00000, 0x0000000606c00000, 0x0000000607000000|  0%| F|  |TAMS 0x0000000606c00000| PB 0x0000000606c00000| Untracked 
|  23|0x0000000607000000, 0x0000000607000000, 0x0000000607400000|  0%| F|  |TAMS 0x0000000607000000| PB 0x0000000607000000| Untracked 
|  24|0x0000000607400000, 0x0000000607400000, 0x0000000607800000|  0%| F|  |TAMS 0x0000000607400000| PB 0x0000000607400000| Untracked 
|  25|0x0000000607800000, 0x0000000607800000, 0x0000000607c00000|  0%| F|  |TAMS 0x0000000607800000| PB 0x0000000607800000| Untracked 
|  26|0x0000000607c00000, 0x0000000607c00000, 0x0000000608000000|  0%| F|  |TAMS 0x0000000607c00000| PB 0x0000000607c00000| Untracked 
|  27|0x0000000608000000, 0x0000000608000000, 0x0000000608400000|  0%| F|  |TAMS 0x0000000608000000| PB 0x0000000608000000| Untracked 
|  28|0x0000000608400000, 0x0000000608400000, 0x0000000608800000|  0%| F|  |TAMS 0x0000000608400000| PB 0x0000000608400000| Untracked 
|  29|0x0000000608800000, 0x0000000608800000, 0x0000000608c00000|  0%| F|  |TAMS 0x0000000608800000| PB 0x0000000608800000| Untracked 
|  30|0x0000000608c00000, 0x0000000608c00000, 0x0000000609000000|  0%| F|  |TAMS 0x0000000608c00000| PB 0x0000000608c00000| Untracked 
|  31|0x0000000609000000, 0x0000000609000000, 0x0000000609400000|  0%| F|  |TAMS 0x0000000609000000| PB 0x0000000609000000| Untracked 
|  32|0x0000000609400000, 0x0000000609400000, 0x0000000609800000|  0%| F|  |TAMS 0x0000000609400000| PB 0x0000000609400000| Untracked 
|  33|0x0000000609800000, 0x0000000609800000, 0x0000000609c00000|  0%| F|  |TAMS 0x0000000609800000| PB 0x0000000609800000| Untracked 
|  34|0x0000000609c00000, 0x0000000609c00000, 0x000000060a000000|  0%| F|  |TAMS 0x0000000609c00000| PB 0x0000000609c00000| Untracked 
|  35|0x000000060a000000, 0x000000060a000000, 0x000000060a400000|  0%| F|  |TAMS 0x000000060a000000| PB 0x000000060a000000| Untracked 
|  36|0x000000060a400000, 0x000000060a400000, 0x000000060a800000|  0%| F|  |TAMS 0x000000060a400000| PB 0x000000060a400000| Untracked 
|  37|0x000000060a800000, 0x000000060a800000, 0x000000060ac00000|  0%| F|  |TAMS 0x000000060a800000| PB 0x000000060a800000| Untracked 
|  38|0x000000060ac00000, 0x000000060ac00000, 0x000000060b000000|  0%| F|  |TAMS 0x000000060ac00000| PB 0x000000060ac00000| Untracked 
|  39|0x000000060b000000, 0x000000060b000000, 0x000000060b400000|  0%| F|  |TAMS 0x000000060b000000| PB 0x000000060b000000| Untracked 
|  40|0x000000060b400000, 0x000000060b400000, 0x000000060b800000|  0%| F|  |TAMS 0x000000060b400000| PB 0x000000060b400000| Untracked 
|  41|0x000000060b800000, 0x000000060b800000, 0x000000060bc00000|  0%| F|  |TAMS 0x000000060b800000| PB 0x000000060b800000| Untracked 
|  42|0x000000060bc00000, 0x000000060bc00000, 0x000000060c000000|  0%| F|  |TAMS 0x000000060bc00000| PB 0x000000060bc00000| Untracked 
|  43|0x000000060c000000, 0x000000060c000000, 0x000000060c400000|  0%| F|  |TAMS 0x000000060c000000| PB 0x000000060c000000| Untracked 
|  44|0x000000060c400000, 0x000000060c400000, 0x000000060c800000|  0%| F|  |TAMS 0x000000060c400000| PB 0x000000060c400000| Untracked 
|  45|0x000000060c800000, 0x000000060c800000, 0x000000060cc00000|  0%| F|  |TAMS 0x000000060c800000| PB 0x000000060c800000| Untracked 
|  46|0x000000060cc00000, 0x000000060cc00000, 0x000000060d000000|  0%| F|  |TAMS 0x000000060cc00000| PB 0x000000060cc00000| Untracked 
|  47|0x000000060d000000, 0x000000060d000000, 0x000000060d400000|  0%| F|  |TAMS 0x000000060d000000| PB 0x000000060d000000| Untracked 
|  48|0x000000060d400000, 0x000000060d400000, 0x000000060d800000|  0%| F|  |TAMS 0x000000060d400000| PB 0x000000060d400000| Untracked 
|  49|0x000000060d800000, 0x000000060d800000, 0x000000060dc00000|  0%| F|  |TAMS 0x000000060d800000| PB 0x000000060d800000| Untracked 
|  50|0x000000060dc00000, 0x000000060dc00000, 0x000000060e000000|  0%| F|  |TAMS 0x000000060dc00000| PB 0x000000060dc00000| Untracked 
|  51|0x000000060e000000, 0x000000060e000000, 0x000000060e400000|  0%| F|  |TAMS 0x000000060e000000| PB 0x000000060e000000| Untracked 
|  52|0x000000060e400000, 0x000000060e400000, 0x000000060e800000|  0%| F|  |TAMS 0x000000060e400000| PB 0x000000060e400000| Untracked 
|  53|0x000000060e800000, 0x000000060e800000, 0x000000060ec00000|  0%| F|  |TAMS 0x000000060e800000| PB 0x000000060e800000| Untracked 
|  54|0x000000060ec00000, 0x000000060ec00000, 0x000000060f000000|  0%| F|  |TAMS 0x000000060ec00000| PB 0x000000060ec00000| Untracked 
|  55|0x000000060f000000, 0x000000060f000000, 0x000000060f400000|  0%| F|  |TAMS 0x000000060f000000| PB 0x000000060f000000| Untracked 
|  56|0x000000060f400000, 0x000000060f400000, 0x000000060f800000|  0%| F|  |TAMS 0x000000060f400000| PB 0x000000060f400000| Untracked 
|  57|0x000000060f800000, 0x000000060f800000, 0x000000060fc00000|  0%| F|  |TAMS 0x000000060f800000| PB 0x000000060f800000| Untracked 
|  58|0x000000060fc00000, 0x000000060fc00000, 0x0000000610000000|  0%| F|  |TAMS 0x000000060fc00000| PB 0x000000060fc00000| Untracked 
|  59|0x0000000610000000, 0x0000000610000000, 0x0000000610400000|  0%| F|  |TAMS 0x0000000610000000| PB 0x0000000610000000| Untracked 
|  60|0x0000000610400000, 0x0000000610400000, 0x0000000610800000|  0%| F|  |TAMS 0x0000000610400000| PB 0x0000000610400000| Untracked 
|  61|0x0000000610800000, 0x0000000610800000, 0x0000000610c00000|  0%| F|  |TAMS 0x0000000610800000| PB 0x0000000610800000| Untracked 
|  62|0x0000000610c00000, 0x0000000610c00000, 0x0000000611000000|  0%| F|  |TAMS 0x0000000610c00000| PB 0x0000000610c00000| Untracked 
|  63|0x0000000611000000, 0x0000000611000000, 0x0000000611400000|  0%| F|  |TAMS 0x0000000611000000| PB 0x0000000611000000| Untracked 
|  64|0x0000000611400000, 0x0000000611400000, 0x0000000611800000|  0%| F|  |TAMS 0x0000000611400000| PB 0x0000000611400000| Untracked 
|  65|0x0000000611800000, 0x0000000611800000, 0x0000000611c00000|  0%| F|  |TAMS 0x0000000611800000| PB 0x0000000611800000| Untracked 
|  66|0x0000000611c00000, 0x0000000611c00000, 0x0000000612000000|  0%| F|  |TAMS 0x0000000611c00000| PB 0x0000000611c00000| Untracked 
|  67|0x0000000612000000, 0x0000000612000000, 0x0000000612400000|  0%| F|  |TAMS 0x0000000612000000| PB 0x0000000612000000| Untracked 
|  68|0x0000000612400000, 0x0000000612400000, 0x0000000612800000|  0%| F|  |TAMS 0x0000000612400000| PB 0x0000000612400000| Untracked 
|  69|0x0000000612800000, 0x0000000612800000, 0x0000000612c00000|  0%| F|  |TAMS 0x0000000612800000| PB 0x0000000612800000| Untracked 
|  70|0x0000000612c00000, 0x0000000612c00000, 0x0000000613000000|  0%| F|  |TAMS 0x0000000612c00000| PB 0x0000000612c00000| Untracked 
|  71|0x0000000613000000, 0x0000000613000000, 0x0000000613400000|  0%| F|  |TAMS 0x0000000613000000| PB 0x0000000613000000| Untracked 
|  72|0x0000000613400000, 0x0000000613400000, 0x0000000613800000|  0%| F|  |TAMS 0x0000000613400000| PB 0x0000000613400000| Untracked 
|  73|0x0000000613800000, 0x0000000613800000, 0x0000000613c00000|  0%| F|  |TAMS 0x0000000613800000| PB 0x0000000613800000| Untracked 
|  74|0x0000000613c00000, 0x0000000613c00000, 0x0000000614000000|  0%| F|  |TAMS 0x0000000613c00000| PB 0x0000000613c00000| Untracked 
|  75|0x0000000614000000, 0x0000000614000000, 0x0000000614400000|  0%| F|  |TAMS 0x0000000614000000| PB 0x0000000614000000| Untracked 
|  76|0x0000000614400000, 0x0000000614400000, 0x0000000614800000|  0%| F|  |TAMS 0x0000000614400000| PB 0x0000000614400000| Untracked 
|  77|0x0000000614800000, 0x0000000614800000, 0x0000000614c00000|  0%| F|  |TAMS 0x0000000614800000| PB 0x0000000614800000| Untracked 
|  78|0x0000000614c00000, 0x0000000614c00000, 0x0000000615000000|  0%| F|  |TAMS 0x0000000614c00000| PB 0x0000000614c00000| Untracked 
|  79|0x0000000615000000, 0x0000000615000000, 0x0000000615400000|  0%| F|  |TAMS 0x0000000615000000| PB 0x0000000615000000| Untracked 
|  80|0x0000000615400000, 0x0000000615400000, 0x0000000615800000|  0%| F|  |TAMS 0x0000000615400000| PB 0x0000000615400000| Untracked 
|  81|0x0000000615800000, 0x0000000615800000, 0x0000000615c00000|  0%| F|  |TAMS 0x0000000615800000| PB 0x0000000615800000| Untracked 
|  82|0x0000000615c00000, 0x0000000615c00000, 0x0000000616000000|  0%| F|  |TAMS 0x0000000615c00000| PB 0x0000000615c00000| Untracked 
|  83|0x0000000616000000, 0x0000000616000000, 0x0000000616400000|  0%| F|  |TAMS 0x0000000616000000| PB 0x0000000616000000| Untracked 
|  84|0x0000000616400000, 0x0000000616400000, 0x0000000616800000|  0%| F|  |TAMS 0x0000000616400000| PB 0x0000000616400000| Untracked 
|  85|0x0000000616800000, 0x0000000616800000, 0x0000000616c00000|  0%| F|  |TAMS 0x0000000616800000| PB 0x0000000616800000| Untracked 
|  86|0x0000000616c00000, 0x0000000616c00000, 0x0000000617000000|  0%| F|  |TAMS 0x0000000616c00000| PB 0x0000000616c00000| Untracked 
|  87|0x0000000617000000, 0x0000000617000000, 0x0000000617400000|  0%| F|  |TAMS 0x0000000617000000| PB 0x0000000617000000| Untracked 
|  88|0x0000000617400000, 0x0000000617400000, 0x0000000617800000|  0%| F|  |TAMS 0x0000000617400000| PB 0x0000000617400000| Untracked 
|  89|0x0000000617800000, 0x0000000617800000, 0x0000000617c00000|  0%| F|  |TAMS 0x0000000617800000| PB 0x0000000617800000| Untracked 
|  90|0x0000000617c00000, 0x0000000617c00000, 0x0000000618000000|  0%| F|  |TAMS 0x0000000617c00000| PB 0x0000000617c00000| Untracked 
|  91|0x0000000618000000, 0x0000000618000000, 0x0000000618400000|  0%| F|  |TAMS 0x0000000618000000| PB 0x0000000618000000| Untracked 
|  92|0x0000000618400000, 0x0000000618400000, 0x0000000618800000|  0%| F|  |TAMS 0x0000000618400000| PB 0x0000000618400000| Untracked 
|  93|0x0000000618800000, 0x0000000618800000, 0x0000000618c00000|  0%| F|  |TAMS 0x0000000618800000| PB 0x0000000618800000| Untracked 
|  94|0x0000000618c00000, 0x0000000618c00000, 0x0000000619000000|  0%| F|  |TAMS 0x0000000618c00000| PB 0x0000000618c00000| Untracked 
|  95|0x0000000619000000, 0x0000000619000000, 0x0000000619400000|  0%| F|  |TAMS 0x0000000619000000| PB 0x0000000619000000| Untracked 
|  96|0x0000000619400000, 0x0000000619400000, 0x0000000619800000|  0%| F|  |TAMS 0x0000000619400000| PB 0x0000000619400000| Untracked 
|  97|0x0000000619800000, 0x0000000619800000, 0x0000000619c00000|  0%| F|  |TAMS 0x0000000619800000| PB 0x0000000619800000| Untracked 
|  98|0x0000000619c00000, 0x0000000619c00000, 0x000000061a000000|  0%| F|  |TAMS 0x0000000619c00000| PB 0x0000000619c00000| Untracked 
|  99|0x000000061a000000, 0x000000061a000000, 0x000000061a400000|  0%| F|  |TAMS 0x000000061a000000| PB 0x000000061a000000| Untracked 
| 100|0x000000061a400000, 0x000000061a400000, 0x000000061a800000|  0%| F|  |TAMS 0x000000061a400000| PB 0x000000061a400000| Untracked 
| 101|0x000000061a800000, 0x000000061a800000, 0x000000061ac00000|  0%| F|  |TAMS 0x000000061a800000| PB 0x000000061a800000| Untracked 
| 102|0x000000061ac00000, 0x000000061ac00000, 0x000000061b000000|  0%| F|  |TAMS 0x000000061ac00000| PB 0x000000061ac00000| Untracked 
| 103|0x000000061b000000, 0x000000061b000000, 0x000000061b400000|  0%| F|  |TAMS 0x000000061b000000| PB 0x000000061b000000| Untracked 
| 104|0x000000061b400000, 0x000000061b400000, 0x000000061b800000|  0%| F|  |TAMS 0x000000061b400000| PB 0x000000061b400000| Untracked 
| 105|0x000000061b800000, 0x000000061b800000, 0x000000061bc00000|  0%| F|  |TAMS 0x000000061b800000| PB 0x000000061b800000| Untracked 
| 106|0x000000061bc00000, 0x000000061bc00000, 0x000000061c000000|  0%| F|  |TAMS 0x000000061bc00000| PB 0x000000061bc00000| Untracked 
| 107|0x000000061c000000, 0x000000061c000000, 0x000000061c400000|  0%| F|  |TAMS 0x000000061c000000| PB 0x000000061c000000| Untracked 
| 108|0x000000061c400000, 0x000000061c400000, 0x000000061c800000|  0%| F|  |TAMS 0x000000061c400000| PB 0x000000061c400000| Untracked 
| 109|0x000000061c800000, 0x000000061c800000, 0x000000061cc00000|  0%| F|  |TAMS 0x000000061c800000| PB 0x000000061c800000| Untracked 
| 110|0x000000061cc00000, 0x000000061cc00000, 0x000000061d000000|  0%| F|  |TAMS 0x000000061cc00000| PB 0x000000061cc00000| Untracked 
| 111|0x000000061d000000, 0x000000061d000000, 0x000000061d400000|  0%| F|  |TAMS 0x000000061d000000| PB 0x000000061d000000| Untracked 
| 112|0x000000061d400000, 0x000000061d400000, 0x000000061d800000|  0%| F|  |TAMS 0x000000061d400000| PB 0x000000061d400000| Untracked 
| 113|0x000000061d800000, 0x000000061d800000, 0x000000061dc00000|  0%| F|  |TAMS 0x000000061d800000| PB 0x000000061d800000| Untracked 
| 114|0x000000061dc00000, 0x000000061dc00000, 0x000000061e000000|  0%| F|  |TAMS 0x000000061dc00000| PB 0x000000061dc00000| Untracked 
| 115|0x000000061e000000, 0x000000061e000000, 0x000000061e400000|  0%| F|  |TAMS 0x000000061e000000| PB 0x000000061e000000| Untracked 
| 116|0x000000061e400000, 0x000000061e400000, 0x000000061e800000|  0%| F|  |TAMS 0x000000061e400000| PB 0x000000061e400000| Untracked 
| 117|0x000000061e800000, 0x000000061e800000, 0x000000061ec00000|  0%| F|  |TAMS 0x000000061e800000| PB 0x000000061e800000| Untracked 
| 118|0x000000061ec00000, 0x000000061ec00000, 0x000000061f000000|  0%| F|  |TAMS 0x000000061ec00000| PB 0x000000061ec00000| Untracked 
| 119|0x000000061f000000, 0x000000061f000000, 0x000000061f400000|  0%| F|  |TAMS 0x000000061f000000| PB 0x000000061f000000| Untracked 
| 120|0x000000061f400000, 0x000000061f400000, 0x000000061f800000|  0%| F|  |TAMS 0x000000061f400000| PB 0x000000061f400000| Untracked 
| 121|0x000000061f800000, 0x000000061f800000, 0x000000061fc00000|  0%| F|  |TAMS 0x000000061f800000| PB 0x000000061f800000| Untracked 
| 122|0x000000061fc00000, 0x000000061fc00000, 0x0000000620000000|  0%| F|  |TAMS 0x000000061fc00000| PB 0x000000061fc00000| Untracked 
| 123|0x0000000620000000, 0x0000000620000000, 0x0000000620400000|  0%| F|  |TAMS 0x0000000620000000| PB 0x0000000620000000| Untracked 
| 124|0x0000000620400000, 0x0000000620400000, 0x0000000620800000|  0%| F|  |TAMS 0x0000000620400000| PB 0x0000000620400000| Untracked 
| 125|0x0000000620800000, 0x000000062098c978, 0x0000000620c00000| 38%| E|  |TAMS 0x0000000620800000| PB 0x0000000620800000| Complete 
| 126|0x0000000620c00000, 0x0000000621000000, 0x0000000621000000|100%| E|CS|TAMS 0x0000000620c00000| PB 0x0000000620c00000| Complete 
| 127|0x0000000621000000, 0x0000000621400000, 0x0000000621400000|100%| E|CS|TAMS 0x0000000621000000| PB 0x0000000621000000| Complete 

Card table byte_map: [0x0000016c1b2b0000,0x0000016c1c2b0000] _byte_map_base: 0x0000016c182a6000

Marking Bits: (CMBitMap*) 0x0000016c01e89cb0
 Bits: [0x0000016c1c2b0000, 0x0000016c24260000)

Polling page: 0x0000016c015a0000

Metaspace:

Usage:
  Non-class:      2.41 MB used.
      Class:    234.68 KB used.
       Both:      2.64 MB used.

Virtual space:
  Non-class space:       64.00 MB reserved,       2.50 MB (  4%) committed,  1 nodes.
      Class space:        1.00 GB reserved,     320.00 KB ( <1%) committed,  1 nodes.
             Both:        1.06 GB reserved,       2.81 MB ( <1%) committed. 

Chunk freelists:
   Non-Class:  10.75 MB
       Class:  15.58 MB
        Both:  26.33 MB

MaxMetaspaceSize: unlimited
CompressedClassSpaceSize: 1.00 GB
Initial GC threshold: 21.00 MB
Current GC threshold: 21.00 MB
CDS: on
 - commit_granule_bytes: 65536.
 - commit_granule_words: 8192.
 - virtual_space_node_default_size: 8388608.
 - enlarge_chunks_in_place: 1.
 - use_allocation_guard: 0.


Internal statistics:

num_allocs_failed_limit: 0.
num_arena_births: 60.
num_arena_deaths: 0.
num_vsnodes_births: 2.
num_vsnodes_deaths: 0.
num_space_committed: 45.
num_space_uncommitted: 0.
num_chunks_returned_to_freelist: 0.
num_chunks_taken_from_freelist: 126.
num_chunk_merges: 0.
num_chunk_splits: 84.
num_chunks_enlarged: 62.
num_inconsistent_stats: 0.

CodeHeap 'non-profiled nmethods': size=119168Kb used=177Kb max_used=177Kb free=118991Kb
 bounds [0x0000016c12060000, 0x0000016c122d0000, 0x0000016c194c0000]
CodeHeap 'profiled nmethods': size=119104Kb used=905Kb max_used=905Kb free=118198Kb
 bounds [0x0000016c0a4c0000, 0x0000016c0a730000, 0x0000016c11910000]
CodeHeap 'non-nmethods': size=7488Kb used=1982Kb max_used=1997Kb free=5505Kb
 bounds [0x0000016c11910000, 0x0000016c11b80000, 0x0000016c12060000]
 total_blobs=1035 nmethods=574 adapters=365
 compilation: enabled
              stopped_count=0, restarted_count=0
 full_count=0

Compilation events (20 events):
Event: 0.306 Thread 0x0000016c279304a0  567       3       jdk.internal.misc.Unsafe::checkPrimitivePointer (19 bytes)
Event: 0.306 Thread 0x0000016c27938c10 nmethod 566 0x0000016c0a59fa90 code [0x0000016c0a59fc40, 0x0000016c0a59fdb8]
Event: 0.307 Thread 0x0000016c27935f60 nmethod 558 0x0000016c1208ab90 code [0x0000016c1208ad60, 0x0000016c1208b3e0]
Event: 0.307 Thread 0x0000016c27938c10  568       3       jdk.internal.misc.Unsafe::checkPointer (19 bytes)
Event: 0.307 Thread 0x0000016c27935f60  560       4       java.util.Objects::requireNonNull (15 bytes)
Event: 0.307 Thread 0x0000016c27938c10 nmethod 568 0x0000016c0a59fe90 code [0x0000016c0a5a0060, 0x0000016c0a5a0410]
Event: 0.307 Thread 0x0000016c279304a0 nmethod 567 0x0000016c0a5a0590 code [0x0000016c0a5a07a0, 0x0000016c0a5a0db0]
Event: 0.307 Thread 0x0000016c27938c10  569       3       java.nio.Buffer::limit (65 bytes)
Event: 0.307 Thread 0x0000016c279304a0  563       1       java.nio.HeapByteBuffer::isReadOnly (2 bytes)
Event: 0.307 Thread 0x0000016c27935f60 nmethod 560 0x0000016c1208b690 code [0x0000016c1208b820, 0x0000016c1208b8a8]
Event: 0.307 Thread 0x0000016c279304a0 nmethod 563 0x0000016c1208b990 code [0x0000016c1208bb20, 0x0000016c1208bbe8]
Event: 0.307 Thread 0x0000016c27938c10 nmethod 569 0x0000016c0a5a1090 code [0x0000016c0a5a1260, 0x0000016c0a5a1510]
Event: 0.307 Thread 0x0000016c27935f60  571       4       java.lang.StringLatin1::indexOf (121 bytes)
Event: 0.308 Thread 0x0000016c279304a0  572   !   3       java.util.zip.ZipFile$Source::readFullyAt (74 bytes)
Event: 0.309 Thread 0x0000016c279304a0 nmethod 572 0x0000016c0a5a1610 code [0x0000016c0a5a1800, 0x0000016c0a5a1c98]
Event: 0.309 Thread 0x0000016c27935f60 nmethod 571 0x0000016c1208bc90 code [0x0000016c1208be20, 0x0000016c1208c1b8]
Event: 0.310 Thread 0x0000016c279304a0  573       3       jdk.internal.jimage.ImageStringsReader::hashCode (33 bytes)
Event: 0.310 Thread 0x0000016c279304a0 nmethod 573 0x0000016c0a5a1f90 code [0x0000016c0a5a2140, 0x0000016c0a5a22c0]
Event: 0.310 Thread 0x0000016c27938c10  574       3       java.util.Optional::empty (6 bytes)
Event: 0.310 Thread 0x0000016c27938c10 nmethod 574 0x0000016c0a5a2390 code [0x0000016c0a5a2520, 0x0000016c0a5a2618]

GC Heap History (0 events):
No events

Dll operation events (7 events):
Event: 0.011 Loaded shared library C:\Users\mirek\.jdks\corretto-21.0.5\bin\java.dll
Event: 0.029 Loaded shared library C:\Users\mirek\.jdks\corretto-21.0.5\bin\jsvml.dll
Event: 0.174 Loaded shared library C:\Users\mirek\.jdks\corretto-21.0.5\bin\net.dll
Event: 0.175 Loaded shared library C:\Users\mirek\.jdks\corretto-21.0.5\bin\nio.dll
Event: 0.179 Loaded shared library C:\Users\mirek\.jdks\corretto-21.0.5\bin\zip.dll
Event: 0.267 Loaded shared library C:\Users\mirek\.jdks\corretto-21.0.5\bin\jimage.dll
Event: 0.284 Loaded shared library C:\Users\mirek\AppData\Local\Temp\lwjglmirek\3.3.1-build-7\lwjgl.dll

Deoptimization events (20 events):
Event: 0.244 Thread 0x0000016c01dd9d70 DEOPT PACKING pc=0x0000016c12069cf8 sp=0x0000003a756facc0
Event: 0.244 Thread 0x0000016c01dd9d70 DEOPT UNPACKING pc=0x0000016c119646a2 sp=0x0000003a756fabf8 mode 2
Event: 0.286 Thread 0x0000016c01dd9d70 DEOPT PACKING pc=0x0000016c0a50345c sp=0x0000003a756fb190
Event: 0.286 Thread 0x0000016c01dd9d70 DEOPT UNPACKING pc=0x0000016c11964e42 sp=0x0000003a756fa670 mode 1
Event: 0.286 Thread 0x0000016c01dd9d70 DEOPT PACKING pc=0x0000016c0a50443c sp=0x0000003a756fb4e0
Event: 0.286 Thread 0x0000016c01dd9d70 DEOPT UNPACKING pc=0x0000016c11964e42 sp=0x0000003a756faa28 mode 1
Event: 0.286 Thread 0x0000016c01dd9d70 DEOPT PACKING pc=0x0000016c0a50345c sp=0x0000003a756fb210
Event: 0.286 Thread 0x0000016c01dd9d70 DEOPT UNPACKING pc=0x0000016c11964e42 sp=0x0000003a756fa6f0 mode 1
Event: 0.286 Thread 0x0000016c01dd9d70 DEOPT PACKING pc=0x0000016c0a50345c sp=0x0000003a756fb210
Event: 0.286 Thread 0x0000016c01dd9d70 DEOPT UNPACKING pc=0x0000016c11964e42 sp=0x0000003a756fa6f0 mode 1
Event: 0.291 Thread 0x0000016c01dd9d70 DEOPT PACKING pc=0x0000016c0a4ff351 sp=0x0000003a756fa3f0
Event: 0.291 Thread 0x0000016c01dd9d70 DEOPT UNPACKING pc=0x0000016c11964e42 sp=0x0000003a756f9850 mode 0
Event: 0.299 Thread 0x0000016c01dd9d70 DEOPT PACKING pc=0x0000016c0a586df9 sp=0x0000003a756fc930
Event: 0.299 Thread 0x0000016c01dd9d70 DEOPT UNPACKING pc=0x0000016c11964e42 sp=0x0000003a756fbd88 mode 1
Event: 0.299 Thread 0x0000016c01dd9d70 DEOPT PACKING pc=0x0000016c0a586364 sp=0x0000003a756fc9c0
Event: 0.299 Thread 0x0000016c01dd9d70 DEOPT UNPACKING pc=0x0000016c11964e42 sp=0x0000003a756fbe68 mode 1
Event: 0.304 Thread 0x0000016c01dd9d70 Uncommon trap: trap_request=0xffffff6e fr.pc=0x0000016c1208906c relative=0x000000000000042c
Event: 0.304 Thread 0x0000016c01dd9d70 Uncommon trap: reason=loop_limit_check action=maybe_recompile pc=0x0000016c1208906c method=java.lang.StringLatin1.indexOf([BI[BII)I @ 37 c2
Event: 0.304 Thread 0x0000016c01dd9d70 DEOPT PACKING pc=0x0000016c1208906c sp=0x0000003a756fde70
Event: 0.304 Thread 0x0000016c01dd9d70 DEOPT UNPACKING pc=0x0000016c119646a2 sp=0x0000003a756fddd0 mode 2

Classes loaded (20 events):
Event: 0.288 Loading class java/nio/DirectFloatBufferU
Event: 0.288 Loading class java/nio/DirectFloatBufferU done
Event: 0.288 Loading class java/nio/DirectDoubleBufferU
Event: 0.288 Loading class java/nio/DirectDoubleBufferU done
Event: 0.288 Loading class sun/misc/Unsafe
Event: 0.288 Loading class sun/misc/Unsafe done
Event: 0.288 Loading class java/lang/invoke/DirectMethodHandle$StaticAccessor
Event: 0.288 Loading class java/lang/invoke/DirectMethodHandle$StaticAccessor done
Event: 0.290 Loading class java/util/function/LongPredicate
Event: 0.290 Loading class java/util/function/LongPredicate done
Event: 0.291 Loading class java/lang/foreign/MemorySegment
Event: 0.291 Loading class java/lang/foreign/MemorySegment done
Event: 0.294 Loading class java/nio/InvalidMarkException
Event: 0.294 Loading class java/nio/InvalidMarkException done
Event: 0.294 Loading class java/nio/BufferUnderflowException
Event: 0.294 Loading class java/nio/BufferUnderflowException done
Event: 0.307 Loading class java/lang/NoSuchFieldError
Event: 0.307 Loading class java/lang/NoSuchFieldError done
Event: 0.310 Loading class jdk/internal/reflect/MethodHandleIntegerFieldAccessorImpl
Event: 0.310 Loading class jdk/internal/reflect/MethodHandleIntegerFieldAccessorImpl done

Classes unloaded (0 events):
No events

Classes redefined (0 events):
No events

Internal exceptions (17 events):
Event: 0.257 Thread 0x0000016c01dd9d70 Exception <a 'java/lang/NoSuchMethodError'{0x0000000620faa8a0}: 'void java.lang.invoke.DirectMethodHandle$Holder.invokeStatic(java.lang.Object, java.lang.Object)'> (0x0000000620faa8a0) 
thrown [s\src\hotspot\share\interpreter\linkResolver.cpp, line 773]
Event: 0.257 Thread 0x0000016c01dd9d70 Exception <a 'java/lang/NoSuchMethodError'{0x0000000620fb0040}: 'void java.lang.System.load(java.lang.String, java.lang.Class)'> (0x0000000620fb0040) 
thrown [s\src\hotspot\share\interpreter\linkResolver.cpp, line 773]
Event: 0.257 Thread 0x0000016c01dd9d70 Exception <a 'java/lang/NoSuchMethodError'{0x0000000620fb0d10}: 'void java.lang.invoke.DirectMethodHandle$Holder.invokeSpecial(java.lang.Object, java.lang.Object, java.lang.Object)'> (0x0000000620fb0d10) 
thrown [s\src\hotspot\share\interpreter\linkResolver.cpp, line 773]
Event: 0.260 Thread 0x0000016c01dd9d70 Exception <a 'java/lang/NoSuchMethodError'{0x0000000620fc34a8}: 'java.lang.Object java.lang.invoke.DirectMethodHandle$Holder.invokeStatic(java.lang.Object, java.lang.Object, int)'> (0x0000000620fc34a8) 
thrown [s\src\hotspot\share\interpreter\linkResolver.cpp, line 773]
Event: 0.261 Thread 0x0000016c01dd9d70 Exception <a 'java/lang/NoSuchMethodError'{0x0000000620fced38}: 'void java.lang.invoke.DelegatingMethodHandle$Holder.delegate(java.lang.Object, java.lang.Object, int, java.lang.Object)'> (0x0000000620fced38) 
thrown [s\src\hotspot\share\interpreter\linkResolver.cpp, line 773]
Event: 0.261 Thread 0x0000016c01dd9d70 Exception <a 'java/lang/NoSuchMethodError'{0x0000000620fd2d60}: 'int java.lang.invoke.DirectMethodHandle$Holder.invokeSpecial(java.lang.Object, java.lang.Object, java.lang.Object)'> (0x0000000620fd2d60) 
thrown [s\src\hotspot\share\interpreter\linkResolver.cpp, line 773]
Event: 0.263 Thread 0x0000016c01dd9d70 Exception <a 'java/lang/NoSuchMethodError'{0x0000000620fed990}: 'void java.lang.System.loadLibrary(java.lang.String, java.lang.Class)'> (0x0000000620fed990) 
thrown [s\src\hotspot\share\interpreter\linkResolver.cpp, line 773]
Event: 0.282 Thread 0x0000016c01dd9d70 Exception <a 'sun/nio/fs/WindowsException'{0x0000000620837480}> (0x0000000620837480) 
thrown [s\src\hotspot\share\prims\jni.cpp, line 520]
Event: 0.283 Thread 0x0000016c01dd9d70 Exception <a 'sun/nio/fs/WindowsException'{0x00000006208379d0}> (0x00000006208379d0) 
thrown [s\src\hotspot\share\prims\jni.cpp, line 520]
Event: 0.290 Thread 0x0000016c01dd9d70 Exception <a 'java/lang/NoSuchMethodError'{0x000000062086feb8}: 'int java.lang.invoke.DirectMethodHandle$Holder.invokeStaticInit(java.lang.Object, java.lang.Object, int, long)'> (0x000000062086feb8) 
thrown [s\src\hotspot\share\interpreter\linkResolver.cpp, line 773]
Event: 0.291 Thread 0x0000016c01dd9d70 Exception <a 'java/lang/NoSuchMethodError'{0x0000000620874fe0}: 'java.lang.Object java.lang.invoke.DirectMethodHandle$Holder.newInvokeSpecial(java.lang.Object, java.lang.Object, int)'> (0x0000000620874fe0) 
thrown [s\src\hotspot\share\interpreter\linkResolver.cpp, line 773]
Event: 0.292 Thread 0x0000016c01dd9d70 Exception <a 'java/lang/NoSuchMethodError'{0x0000000620883eb8}: 'int java.lang.invoke.DirectMethodHandle$Holder.invokeStaticInit(java.lang.Object, java.lang.Object, long, long)'> (0x0000000620883eb8) 
thrown [s\src\hotspot\share\interpreter\linkResolver.cpp, line 773]
Event: 0.293 Thread 0x0000016c01dd9d70 Exception <a 'java/lang/NoSuchMethodError'{0x0000000620889960}: 'java.lang.Object java.lang.invoke.DirectMethodHandle$Holder.newInvokeSpecial(java.lang.Object, java.lang.Object, long)'> (0x0000000620889960) 
thrown [s\src\hotspot\share\interpreter\linkResolver.cpp, line 773]
Event: 0.293 Thread 0x0000016c01dd9d70 Exception <a 'java/lang/NoSuchMethodError'{0x000000062088d818}: 'java.lang.Object java.lang.invoke.Invokers$Holder.linkToTargetMethod(java.lang.Object, long, java.lang.Object)'> (0x000000062088d818) 
thrown [s\src\hotspot\share\interpreter\linkResolver.cpp, line 773]
Event: 0.293 Thread 0x0000016c01dd9d70 Exception <a 'java/lang/NoSuchMethodError'{0x0000000620894a98}: 'int java.lang.invoke.DirectMethodHandle$Holder.invokeStaticInit(java.lang.Object, java.lang.Object, java.lang.Object, long)'> (0x0000000620894a98) 
thrown [s\src\hotspot\share\interpreter\linkResolver.cpp, line 773]
Event: 0.307 Thread 0x0000016c01dd9d70 Exception <a 'sun/nio/fs/WindowsException'{0x00000006209350d0}> (0x00000006209350d0) 
thrown [s\src\hotspot\share\prims\jni.cpp, line 520]
Event: 0.307 Thread 0x0000016c01dd9d70 Exception <a 'sun/nio/fs/WindowsException'{0x0000000620935430}> (0x0000000620935430) 
thrown [s\src\hotspot\share\prims\jni.cpp, line 520]

ZGC Phase Switch (0 events):
No events

VM Operations (8 events):
Event: 0.169 Executing VM operation: ChangeBreakpoints
Event: 0.169 Executing VM operation: ChangeBreakpoints done
Event: 0.179 Executing VM operation: HandshakeAllThreads (Deoptimize)
Event: 0.179 Executing VM operation: HandshakeAllThreads (Deoptimize) done
Event: 0.259 Executing VM operation: HandshakeAllThreads (Deoptimize)
Event: 0.259 Executing VM operation: HandshakeAllThreads (Deoptimize) done
Event: 0.278 Executing VM operation: HandshakeAllThreads (Deoptimize)
Event: 0.278 Executing VM operation: HandshakeAllThreads (Deoptimize) done

Memory protections (0 events):
No events

Nmethod flushes (0 events):
No events

Events (15 events):
Event: 0.019 Thread 0x0000016c01dd9d70 Thread added: 0x0000016c01dd9d70
Event: 0.028 Thread 0x0000016c01dd9d70 Thread added: 0x0000016c2455dd50
Event: 0.028 Thread 0x0000016c01dd9d70 Thread added: 0x0000016c2455f4c0
Event: 0.028 Thread 0x0000016c01dd9d70 Thread added: 0x0000016c24565780
Event: 0.028 Thread 0x0000016c01dd9d70 Thread added: 0x0000016c24568690
Event: 0.028 Thread 0x0000016c01dd9d70 Thread added: 0x0000016c24569e00
Event: 0.028 Thread 0x0000016c01dd9d70 Thread added: 0x0000016c2456de00
Event: 0.028 Thread 0x0000016c01dd9d70 Thread added: 0x0000016c27935f60
Event: 0.028 Thread 0x0000016c01dd9d70 Thread added: 0x0000016c27938c10
Event: 0.047 Thread 0x0000016c27938c10 Thread added: 0x0000016c279304a0
Event: 0.062 Thread 0x0000016c01dd9d70 Thread added: 0x0000016c27b1b600
Event: 0.062 Thread 0x0000016c01dd9d70 Thread added: 0x0000016c27b2fb70
Event: 0.062 Thread 0x0000016c27b1b600 Thread added: 0x0000016c27b31200
Event: 0.155 Thread 0x0000016c01dd9d70 Thread added: 0x0000016c27b36500
Event: 0.158 Thread 0x0000016c01dd9d70 Thread added: 0x0000016c27b36b60


Dynamic libraries:
0x00007ff710ea0000 - 0x00007ff710eae000 	C:\Users\mirek\.jdks\corretto-21.0.5\bin\java.exe
0x00007ffd58c80000 - 0x00007ffd58ee8000 	C:\WINDOWS\SYSTEM32\ntdll.dll
0x00007ffd58710000 - 0x00007ffd587d9000 	C:\WINDOWS\System32\KERNEL32.DLL
0x00007ffd55dd0000 - 0x00007ffd561bd000 	C:\WINDOWS\System32\KERNELBASE.dll
0x00007ffd56790000 - 0x00007ffd568db000 	C:\WINDOWS\System32\ucrtbase.dll
0x00007ffd3e690000 - 0x00007ffd3e6ab000 	C:\Users\mirek\.jdks\corretto-21.0.5\bin\VCRUNTIME140.dll
0x00007ffd403a0000 - 0x00007ffd403b8000 	C:\Users\mirek\.jdks\corretto-21.0.5\bin\jli.dll
0x00007ffd56a20000 - 0x00007ffd56bec000 	C:\WINDOWS\System32\USER32.dll
0x00007ffd565e0000 - 0x00007ffd56607000 	C:\WINDOWS\System32\win32u.dll
0x00007ffd576d0000 - 0x00007ffd576fb000 	C:\WINDOWS\System32\GDI32.dll
0x00007ffd43350000 - 0x00007ffd435ea000 	C:\WINDOWS\WinSxS\amd64_microsoft.windows.common-controls_6595b64144ccf1df_6.0.26100.4484_none_3e0e6d4ce32ef3b3\COMCTL32.dll
0x00007ffd568e0000 - 0x00007ffd56a17000 	C:\WINDOWS\System32\gdi32full.dll
0x00007ffd57dd0000 - 0x00007ffd57e79000 	C:\WINDOWS\System32\msvcrt.dll
0x00007ffd562f0000 - 0x00007ffd56393000 	C:\WINDOWS\System32\msvcp_win.dll
0x00007ffd58c00000 - 0x00007ffd58c2f000 	C:\WINDOWS\System32\IMM32.DLL
0x00007ffd43d60000 - 0x00007ffd43d6c000 	C:\Users\mirek\.jdks\corretto-21.0.5\bin\vcruntime140_1.dll
0x00007ffd2c9c0000 - 0x00007ffd2ca4d000 	C:\Users\mirek\.jdks\corretto-21.0.5\bin\msvcp140.dll
0x00007ffc6f9d0000 - 0x00007ffc7076d000 	C:\Users\mirek\.jdks\corretto-21.0.5\bin\server\jvm.dll
0x00007ffd57f00000 - 0x00007ffd57fb4000 	C:\WINDOWS\System32\ADVAPI32.dll
0x00007ffd58940000 - 0x00007ffd589e6000 	C:\WINDOWS\System32\sechost.dll
0x00007ffd57700000 - 0x00007ffd57818000 	C:\WINDOWS\System32\RPCRT4.dll
0x00007ffd57e80000 - 0x00007ffd57ef4000 	C:\WINDOWS\System32\WS2_32.dll
0x00007ffd55b70000 - 0x00007ffd55bce000 	C:\WINDOWS\SYSTEM32\POWRPROF.dll
0x00007ffd4af50000 - 0x00007ffd4af85000 	C:\WINDOWS\SYSTEM32\WINMM.dll
0x00007ffd4d850000 - 0x00007ffd4d85b000 	C:\WINDOWS\SYSTEM32\VERSION.dll
0x00007ffd55a60000 - 0x00007ffd55a74000 	C:\WINDOWS\SYSTEM32\UMPDC.dll
0x00007ffd54b70000 - 0x00007ffd54b8b000 	C:\WINDOWS\SYSTEM32\kernel.appcore.dll
0x00007ffd40df0000 - 0x00007ffd40dfa000 	C:\Users\mirek\.jdks\corretto-21.0.5\bin\jimage.dll
0x00007ffd48850000 - 0x00007ffd48a91000 	C:\WINDOWS\SYSTEM32\DBGHELP.DLL
0x00007ffd57a30000 - 0x00007ffd57db6000 	C:\WINDOWS\System32\combase.dll
0x00007ffd58b10000 - 0x00007ffd58bf0000 	C:\WINDOWS\System32\OLEAUT32.dll
0x00007ffd31830000 - 0x00007ffd31873000 	C:\WINDOWS\SYSTEM32\dbgcore.DLL
0x00007ffd56250000 - 0x00007ffd562e9000 	C:\WINDOWS\System32\bcryptPrimitives.dll
0x00007ffd309a0000 - 0x00007ffd309dc000 	C:\Users\mirek\.jdks\corretto-21.0.5\bin\jdwp.dll
0x00007ffd30330000 - 0x00007ffd3034f000 	C:\Users\mirek\.jdks\corretto-21.0.5\bin\java.dll
0x00007ffd57fc0000 - 0x00007ffd5870a000 	C:\WINDOWS\System32\SHELL32.dll
0x00007ffd56610000 - 0x00007ffd56784000 	C:\WINDOWS\System32\wintypes.dll
0x00007ffd53a50000 - 0x00007ffd542ab000 	C:\WINDOWS\SYSTEM32\windows.storage.dll
0x00007ffd57390000 - 0x00007ffd57485000 	C:\WINDOWS\System32\SHCORE.dll
0x00007ffd58aa0000 - 0x00007ffd58b0a000 	C:\WINDOWS\System32\shlwapi.dll
0x00007ffd55ce0000 - 0x00007ffd55d0f000 	C:\WINDOWS\SYSTEM32\profapi.dll
0x00007ffce6620000 - 0x00007ffce66f7000 	C:\Users\mirek\.jdks\corretto-21.0.5\bin\jsvml.dll
0x00007ffd46f30000 - 0x00007ffd46f3b000 	C:\Users\mirek\.jdks\corretto-21.0.5\bin\dt_socket.dll
0x00007ffd545a0000 - 0x00007ffd545d3000 	C:\WINDOWS\SYSTEM32\IPHLPAPI.DLL
0x00007ffd55100000 - 0x00007ffd5516a000 	C:\WINDOWS\system32\mswsock.dll
0x00007ffd54630000 - 0x00007ffd54756000 	C:\WINDOWS\SYSTEM32\DNSAPI.dll
0x00007ffd57490000 - 0x00007ffd5749a000 	C:\WINDOWS\System32\NSI.dll
0x00007ffd4fc50000 - 0x00007ffd4fc5b000 	C:\Windows\System32\rasadhlp.dll
0x00007ffd4e800000 - 0x00007ffd4e886000 	C:\WINDOWS\System32\fwpuclnt.dll
0x00007ffd40300000 - 0x00007ffd40310000 	C:\Users\mirek\.jdks\corretto-21.0.5\bin\net.dll
0x00007ffd4f790000 - 0x00007ffd4f8ae000 	C:\WINDOWS\SYSTEM32\WINHTTP.dll
0x00007ffd2f360000 - 0x00007ffd2f376000 	C:\Users\mirek\.jdks\corretto-21.0.5\bin\nio.dll
0x00007ffd30310000 - 0x00007ffd30328000 	C:\Users\mirek\.jdks\corretto-21.0.5\bin\zip.dll
0x00007ffd2ec60000 - 0x00007ffd2ecd5000 	C:\Users\mirek\AppData\Local\Temp\lwjglmirek\3.3.1-build-7\lwjgl.dll
0x00007ffd2d910000 - 0x00007ffd2d971000 	C:\Users\mirek\AppData\Local\Temp\lwjglmirek\3.3.1-build-7\glfw.dll

dbghelp: loaded successfully - version: 4.0.5 - missing functions: none
symbol engine: initialized successfully - sym options: 0x614 - pdb path: .;C:\Users\mirek\.jdks\corretto-21.0.5\bin;C:\WINDOWS\SYSTEM32;C:\WINDOWS\WinSxS\amd64_microsoft.windows.common-controls_6595b64144ccf1df_6.0.26100.4484_none_3e0e6d4ce32ef3b3;C:\Users\mirek\.jdks\corretto-21.0.5\bin\server;C:\Users\mirek\AppData\Local\Temp\lwjglmirek\3.3.1-build-7

VM Arguments:
jvm_args: -agentlib:jdwp=transport=dt_socket,server=n,suspend=y,address=localhost:54554 -XX:+ShowCodeDetailsInExceptionMessages 
java_command: engine.Main
java_class_path (initial): \Mian-engine-v1\build\resources\main;C:\Users\mirek\Desktop\Programming Stuff\OpenGL\Mian Engine\Mian-engine-v1\build\classes\java\main;C:\Users\mirek\.gradle\caches\modules-2\files-2.1\org.lwjgl\lwjgl-opengl\3.3.1\831a5533a21a5f4f81bbc51bb13e9899319b5411\lwjgl-opengl-3.3.1.jar;C:\Users\mirek\.gradle\caches\modules-2\files-2.1\org.lwjgl\lwjgl-stb\3.3.1\b119297cf8ed01f247abe8685857f8e7fcf5980f\lwjgl-stb-3.3.1.jar;C:\Users\mirek\.gradle\caches\modules-2\files-2.1\com.github.stephengold\stack-alloc\1.0.2\13cbb10c01ec09d0f5879f988946a97998175dfc\stack-alloc-1.0.2.jar;C:\Users\mirek\.gradle\caches\modules-2\files-2.1\javax.vecmath\vecmath\1.5.2\fd17bc3e67f909573dfc039d8e2abecf407c4e27\vecmath-1.5.2.jar;C:\Users\mirek\.gradle\caches\modules-2\files-2.1\org.lwjgl\lwjgl\3.3.1\36c37f16ab611b3aa11f3bcf80b1d509b4ce6b\lwjgl-3.3.1-natives-windows.jar;C:\Users\mirek\.gradle\caches\modules-2\files-2.1\org.joml\joml\1.10.5\22566d58af70ad3d72308bab63b8339906deb649\joml-1.10.5.jar;C:\Users\mirek\.gradle\caches\modules-2\files-2.1\org.lwjgl\lwjgl-opengl\3.3.1\c1807e9bd571402787d7e37e3029776ae2513bb8\lwjgl-opengl-3.3.1-natives-windows.jar;C:\Users\mirek\.gradle\caches\modules-2\files-2.1\org.lwjgl\lwjgl\3.3.1\ae58664f88e18a9bb2c77b063833ca7aaec484cb\lwjgl-3.3.1.jar;C:\Users\mirek\.gradle\caches\modules-2\files-2.1\org.lwjgl\lwjgl-glfw\3.3.1\cbac1b8d30cb4795149c1ef540f912671a8616d0\lwjgl-glfw-3.3.1.jar;C:\Users\mirek\.gradle\caches\modules-2\files-2.1\com.github.stephengold\jbullet\1.0.3\362f53e8aa981037c2523ac24eb4d9b190a49036\jbullet-1.0.3.jar;C:\Users\mirek\.gradle\caches\modules-2\files-2.1\org.lwjgl\lwjgl-glfw\3.3.1\ed892f945cf7e79c8756796f32d00fa4ceaf573b\lwjgl-glfw-3.3.1-natives-windows.jar;C:\Users\mirek\.gradle\caches\modules-2\files-2.1\org.lwjgl\lwjgl-stb\3.3.1\86315914ac119efdb02dc9e8e978ade84f1702af\lwjgl-stb-3.3.1-natives-windows.jar
Launcher Type: SUN_STANDARD

[Global flags]
     intx CICompilerCount                          = 12                                        {product} {ergonomic}
     uint ConcGCThreads                            = 5                                         {product} {ergonomic}
     uint G1ConcRefinementThreads                  = 18                                        {product} {ergonomic}
   size_t G1HeapRegionSize                         = 4194304                                   {product} {ergonomic}
    uintx GCDrainStackTargetSize                   = 64                                        {product} {ergonomic}
   size_t InitialHeapSize                          = 536870912                                 {product} {ergonomic}
   size_t MarkStackSize                            = 4194304                                   {product} {ergonomic}
   size_t MaxHeapSize                              = 8568963072                                {product} {ergonomic}
   size_t MaxNewSize                               = 5138022400                                {product} {ergonomic}
   size_t MinHeapDeltaBytes                        = 4194304                                   {product} {ergonomic}
   size_t MinHeapSize                              = 8388608                                   {product} {ergonomic}
    uintx NonNMethodCodeHeapSize                   = 7602480                                {pd product} {ergonomic}
    uintx NonProfiledCodeHeapSize                  = 122027880                              {pd product} {ergonomic}
    uintx ProfiledCodeHeapSize                     = 122027880                              {pd product} {ergonomic}
    uintx ReservedCodeCacheSize                    = 251658240                              {pd product} {ergonomic}
     bool SegmentedCodeCache                       = true                                      {product} {ergonomic}
     bool ShowCodeDetailsInExceptionMessages       = true                                   {manageable} {command line}
   size_t SoftMaxHeapSize                          = 8568963072                             {manageable} {ergonomic}
     bool UseCompressedOops                        = true                           {product lp64_product} {ergonomic}
     bool UseG1GC                                  = true                                      {product} {ergonomic}
     bool UseLargePagesIndividualAllocation        = false                                  {pd product} {ergonomic}

Logging:
Log output configuration:
 #0: stdout all=warning uptime,level,tags foldmultilines=false
 #1: stderr all=off uptime,level,tags foldmultilines=false

Environment Variables:
JAVA_HOME=C:\Users\mirek\.jdks\corretto-1.8.0_442
PATH=;C:\Program Files\Common Files\Oracle\Java\javapath;C:\Program Files (x86)\Common Files\Oracle\Java\java8path;C:\Program Files (x86)\Common Files\Oracle\Java\javapath;C:\Program Files\Microsoft MPI\Bin\;C:\Program Files\Eclipse Adoptium\jdk-21.0.3.9-hotspot\bin;C:\Python312\Scripts\;C:\Python312\;C:\Program Files (x86)\Razer Chroma SDK\bin;C:\Program Files\Razer Chroma SDK\bin;C:\Program Files (x86)\Razer\ChromaBroadcast\bin;C:\Program Files\Razer\ChromaBroadcast\bin;C:\Program Files\Eclipse Adoptium\jdk-17.0.10.7-hotspot\bin;C:\Windows\system32;C:\Windows;C:\Windows\System32\Wbem;C:\Windows\System32\WindowsPowerShell\v1.0\;C:\Windows\System32\OpenSSH\;C:\Program Files\dotnet\;C:\Windows\system32\config\systemprofile\AppData\Local\Microsoft\WindowsApps;C:\Users\mirek\AppData\Local\Microsoft\WindowsApps;D:\Microsoft VS Code\bin;D:\IntelliJ IDEA Community Edition 2023.3.6\bin;C:\Users\mirek\.dotnet\tools;C:\Program Files\nodejs\;C:\ProgramData\chocolatey\bin;C:\Program Files\Git\cmd;C:\Program Files\Microsoft SQL Server\150\Tools\Binn\;C:\Program Files\Microsoft SQL Server\Client SDK\ODBC\170\Tools\Binn\;C:\msys64\mingw64\bin;;C:\WINDOWS\system32;C:\WINDOWS;C:\WINDOWS\System32\Wbem;C:\WINDOWS\System32\WindowsPowerShell\v1.0\;C:\WINDOWS\System32\OpenSSH\;C:\Program Files\NVIDIA Corporation\NVIDIA App\NvDLISR;C:\Program Files (x86)\NVIDIA Corporation\PhysX\Common;C:\Users\mirek\.cargo\bin;C:\Users\mirek\AppData\Local\Programs\Python\Python311\Scripts\;C:\Users\mirek\AppData\Local\Programs\Python\Python311\;C:\Users\mirek\AppData\Local\Microsoft\WindowsApps;D:\Microsoft VS Code\bin;D:\IntelliJ IDEA Community Edition 2023.3.6\bin;;C:\Users\mirek\.dotnet\tools;C:\Users\mirek\AppData\Roaming\npm;C:\Users\mirek\AppData\Local\Muse Hub\lib;C:\msys64\mingw64\bin;C:\ffmpeg\bin;C:\Gradle\gradle-8.12-all\gradle-8.12\bin;C:\Program Files (x86)\Atmel\Flip 3.4.7\bin;C:\Program Files (x86)\Nmap;C:\maven\bin;C:\Users\mirek\AppData\Local\Microsoft\WinGet\Packages\Microsoft.devtunnel_Microsoft.Winget.Source_8wekyb3d8bbwe;C:\Program Files\NVIDIA GPU Computing Toolkit\CUDA\v11.8\bin;C:\Program Files\NVIDIA GPU Computing Toolkit\CUDA\v11.8\lib\x64;
USERNAME=mirek
LANG=en_US.UTF-8
OS=Windows_NT
PROCESSOR_IDENTIFIER=AMD64 Family 25 Model 33 Stepping 2, AuthenticAMD
TMP=C:\Users\mirek\AppData\Local\Temp
TEMP=C:\Users\mirek\AppData\Local\Temp




Periodic native trim disabled

---------------  S Y S T E M  ---------------

OS:
 Windows 11 , 64 bit Build 26100 (10.0.26100.4484)
OS uptime: 0 days 5:27 hours

CPU: total 24 (initial active 24) (24 cores per cpu, 2 threads per core) family 25 model 33 stepping 2 microcode 0xa201213, cx8, cmov, fxsr, ht, mmx, 3dnowpref, sse, sse2, sse3, ssse3, sse4a, sse4.1, sse4.2, popcnt, lzcnt, tsc, tscinvbit, avx, avx2, aes, erms, clmul, bmi1, bmi2, adx, sha, fma, vzeroupper, clflush, clflushopt, rdtscp, rdpid, fsrm, f16c, pku, cet_ss
Processor Information for all 24 processors :
  Max Mhz: 3701, Current Mhz: 3701, Mhz Limit: 3701

Memory: 4k page, system-wide physical 32681M (19356M free)
TotalPageFile size 43945M (AvailPageFile size 21932M)
current process WorkingSet (physical memory assigned to process): 54M, peak: 54M
current process commit charge ("private bytes"): 629M, peak: 629M

vm_info: OpenJDK 64-Bit Server VM (21.0.5+11-LTS) for windows-amd64 JRE (21.0.5+11-LTS), built on 2024-10-11T20:58:34Z by "Administrator" with MS VC++ 16.10 / 16.11 (VS2019)

END.
