#
# A fatal error has been detected by the Java Runtime Environment:
#
#  EXCEPTION_ACCESS_VIOLATION (0xc0000005) at pc=0x00007ff8b4377b74, pid=6296, tid=3324
#
# JRE version: OpenJDK Runtime Environment Temurin-21.0.8+9 (21.0.8+9) (build 21.0.8+9-LTS)
# Java VM: OpenJDK 64-Bit Server VM Temurin-21.0.8+9 (21.0.8+9-LTS, mixed mode, sharing, tiered, compressed oops, compressed class ptrs, g1 gc, windows-amd64)
# Problematic frame:
# C  [lwjgl_stb.dll+0x27b74]
#
# No core dump will be written. Minidumps are not enabled by default on client versions of Windows
#
# If you would like to submit a bug report, please visit:
#   https://github.com/adoptium/adoptium-support/issues
# The crash happened outside the Java Virtual Machine in native code.
# See problematic frame for where to report the bug.
#

---------------  S U M M A R Y ------------

Command Line: -Dfile.encoding=UTF-8 -Duser.country=DE -Duser.language=de -Duser.variant engine.Main

Host: AMD Ryzen 9 5900X 12-Core Processor            , 24 cores, 31G,  Windows 11 , 64 bit Build 26100 (10.0.26100.4484)
Time: Mon Aug 18 12:50:57 2025 Mitteleuropäische Sommerzeit elapsed time: 0.679204 seconds (0d 0h 0m 0s)

---------------  T H R E A D  ---------------

Current thread (0x000001cffa218c40):  JavaThread "main"             [_thread_in_native, id=3324, stack(0x0000007012900000,0x0000007012a00000) (1024K)]

Stack: [0x0000007012900000,0x0000007012a00000],  sp=0x00000070129ff328,  free space=1020k
Native frames: (J=compiled Java code, j=interpreted, Vv=VM code, C=native code)
C  [lwjgl_stb.dll+0x27b74]

Java frames: (J=compiled Java code, j=interpreted, Vv=VM code)
j  org.lwjgl.stb.STBTruetype.nstbtt_InitFont(JJI)I+0
j  org.lwjgl.stb.STBTruetype.stbtt_InitFont(Lorg/lwjgl/stb/STBTTFontinfo;Ljava/nio/ByteBuffer;)Z+9
j  text.Font.<init>(Ljava/lang/String;)V+31
j  text.Text.<init>(Ljava/lang/String;)V+16
j  engine.Renderer.init()V+37
j  engine.Main.main([Ljava/lang/String;)V+45
v  ~StubRoutines::call_stub 0x000001cf8745100d

siginfo: EXCEPTION_ACCESS_VIOLATION (0xc0000005), reading address 0x0000000000000014


Registers:
RAX=0x0000000000000000, RBX=0x0000000000000000, RCX=0x0000000000000010, RDX=0x0000000000000000
RSP=0x00000070129ff328, RBP=0x00000070129ff3a8, RSI=0x0000000000000010, RDI=0x000000000000000c
R8 =0x00007ff8b43ba184, R9 =0x0000000000000010, R10=0x000001cf8745ce1c, R11=0x0000000000000010
R12=0x0000000000000000, R13=0x0000000000000000, R14=0x00000070129ff4c0, R15=0x0000000000000010
RIP=0x00007ff8b4377b74, EFLAGS=0x0000000000010246

XMM[0]=0x0000000000000000 0x0000000000000000
XMM[1]=0x0000000000000000 0x0000000000000000
XMM[2]=0x2525252525252525 0x2525252525252525
XMM[3]=0x60ec83485808246c 0x8d4ce58b499d08c4
XMM[4]=0x4c89282474893024 0x7c8938244c894c48
XMM[5]=0x5f65707974657572 0x544254535f627473
XMM[6]=0x0000000000000000 0x0000000000000074
XMM[7]=0x0000000000000000 0x000000000000006f
XMM[8]=0x0000000000000000 0x0000000000000000
XMM[9]=0x0000000000000000 0x000000000000006f
XMM[10]=0x0000000000000000 0x0000000000000000
XMM[11]=0x0000000000000000 0x0000000000000061
XMM[12]=0x0000000000000000 0x0000000000000000
XMM[13]=0x0000000000000000 0x0000000000000000
XMM[14]=0x0000000000000000 0x0000000000000000
XMM[15]=0x0000000000000000 0x0000000000000000
  MXCSR=0x00001fa0


Register to memory mapping:

RAX=0x0 is null
RBX=0x0 is null
RCX=0x0000000000000010 is an unknown value
RDX=0x0 is null
RSP=0x00000070129ff328 is pointing into the stack for thread: 0x000001cffa218c40
RBP=0x00000070129ff3a8 is pointing into the stack for thread: 0x000001cffa218c40
RSI=0x0000000000000010 is an unknown value
RDI=0x000000000000000c is an unknown value
R8 =0x00007ff8b43ba184 lwjgl_stb.dll
R9 =0x0000000000000010 is an unknown value
R10=0x000001cf8745ce1c is at code_begin+1020 in an Interpreter codelet
native method entry point (kind = native)  [0x000001cf8745ca20, 0x000001cf8745d548]  2856 bytes
R11=0x0000000000000010 is an unknown value
R12=0x0 is null
R13=0x0 is null
R14=0x00000070129ff4c0 is pointing into the stack for thread: 0x000001cffa218c40
R15=0x0000000000000010 is an unknown value

Top of Stack: (sp=0x00000070129ff328)
0x00000070129ff328:   00007ff8b4377dbd 0000000000000000
0x00000070129ff338:   000001cfe92be560 000001cffa218c40
0x00000070129ff348:   000001cfdf625528 0000000000000000
0x00000070129ff358:   0000000000000010 0000000000000010
0x00000070129ff368:   000001cffa218c40 0000000000000000
0x00000070129ff378:   0000000000000000 00000070129ff3a0
0x00000070129ff388:   000001cffa218c40 0000000000015775
0x00000070129ff398:   000001cffa218c40 000001cfdf625528
0x00000070129ff3a8:   000001cffa218c40 00000070129ff4c0
0x00000070129ff3b8:   000001cfdf625528 0000000000000000
0x00000070129ff3c8:   0000000000000010 0000000000000010
0x00000070129ff3d8:   000001cfdf625528 00000070129ff480
0x00000070129ff3e8:   000001cf8745ce4b 000001cfdf625528
0x00000070129ff3f8:   00000070129ff4c0 0000000000000000
0x00000070129ff408:   000001cf8745cb37 000001cf00000000
0x00000070129ff418:   0000000000000010 000001cf87458860
0x00000070129ff428:   00007ff84218f4bf 000001cf8745cadf
0x00000070129ff438:   00000070129ff438 000001cfdf625528
0x00000070129ff448:   0000000000000008 000001cfdf633c90
0x00000070129ff458:   0000000000000000 00000006210cce30
0x00000070129ff468:   000001cfdf625528 0000000000000000
0x00000070129ff478:   00000070129ff4a0 00000070129ff510
0x00000070129ff488:   000001cf87458988 00000006210cce30
0x00000070129ff498:   000001cf8745a3d5 0000000000000000
0x00000070129ff4a8:   0000000000000010 0000000000000000
0x00000070129ff4b8:   000001cfe92be560 0000000000000000
0x00000070129ff4c8:   00000070129ff4c8 000001cfdf6256f9
0x00000070129ff4d8:   0000000000000003 000001cfdf633c90
0x00000070129ff4e8:   0000000000000000 00000006210cce30
0x00000070129ff4f8:   000001cfdf625738 00000070129ff4a0
0x00000070129ff508:   00000070129ff520 00000070129ff578
0x00000070129ff518:   000001cf87458988 00000006210586f0 

Instructions: (pc=0x00007ff8b4377b74)
0x00007ff8b4377a74:   db eb 03 45 33 c0 8d 46 01 48 c7 04 24 00 00 00
0x00007ff8b4377a84:   00 0f af c7 41 8d 4a 02 45 2b c2 48 c7 44 24 08
0x00007ff8b4377a94:   00 00 00 00 03 c8 78 21 45 85 c0 78 1c 41 3b c9
0x00007ff8b4377aa4:   7f 17 44 2b c9 45 3b c1 7f 0f 48 63 c1 49 03 03
0x00007ff8b4377ab4:   48 89 04 24 44 89 44 24 0c 0f 10 04 24 48 8b 5c
0x00007ff8b4377ac4:   24 20 48 8b c5 48 8b 74 24 30 0f 11 45 00 48 8b
0x00007ff8b4377ad4:   6c 24 28 48 83 c4 10 5f c3 cc cc cc 0f b6 01 3c
0x00007ff8b4377ae4:   31 75 12 80 79 01 00 75 67 80 79 02 00 75 61 80
0x00007ff8b4377af4:   79 03 00 eb 53 3c 74 75 12 80 79 01 79 75 0c 80
0x00007ff8b4377b04:   79 02 70 75 06 80 79 03 31 74 3f 3c 4f 75 11 80
0x00007ff8b4377b14:   79 01 54 75 3b 80 79 02 54 75 35 38 41 03 eb 28
0x00007ff8b4377b24:   84 c0 75 10 80 79 01 01 75 26 38 41 02 75 21 38
0x00007ff8b4377b34:   41 03 eb 14 3c 74 75 18 80 79 01 72 75 12 80 79
0x00007ff8b4377b44:   02 75 75 0c 80 79 03 65 75 06 b8 01 00 00 00 c3
0x00007ff8b4377b54:   33 c0 c3 cc cc cc cc cc cc cc cc cc 48 89 5c 24
0x00007ff8b4377b64:   08 48 89 7c 24 10 8b c2 8d 7a 0c 33 d2 4c 8b d9
0x00007ff8b4377b74:   44 0f b6 54 08 04 0f b6 44 08 05 41 c1 e2 08 44
0x00007ff8b4377b84:   03 d0 74 4f 41 0f be 18 0f 1f 40 00 8b c2 c1 e0
0x00007ff8b4377b94:   04 03 c7 44 8b c8 42 0f b6 04 18 3b c3 75 2d 43
0x00007ff8b4377ba4:   0f b6 4c 19 01 41 0f be 40 01 3b c8 75 1e 43 0f
0x00007ff8b4377bb4:   b6 4c 19 02 41 0f be 40 02 3b c8 75 0f 43 0f b6
0x00007ff8b4377bc4:   4c 19 03 41 0f be 40 03 3b c8 74 14 ff c2 41 3b
0x00007ff8b4377bd4:   d2 7c b9 33 c0 48 8b 5c 24 08 48 8b 7c 24 10 c3
0x00007ff8b4377be4:   43 0f b6 4c 19 09 43 0f b6 44 19 08 48 8b 5c 24
0x00007ff8b4377bf4:   08 48 8b 7c 24 10 c1 e0 08 03 c1 43 0f b6 4c 19
0x00007ff8b4377c04:   0a c1 e0 08 03 c1 43 0f b6 4c 19 0b c1 e0 08 03
0x00007ff8b4377c14:   c1 c3 cc cc cc cc cc cc cc cc cc cc 48 89 5c 24
0x00007ff8b4377c24:   10 48 89 6c 24 18 56 57 41 56 48 83 ec 40 45 33
0x00007ff8b4377c34:   f6 49 8b c0 48 8b ea 44 89 74 24 60 48 8b f9 4c
0x00007ff8b4377c44:   89 74 24 78 48 8b d0 48 8d 4c 24 20 45 8d 46 12
0x00007ff8b4377c54:   e8 97 fb ff ff 41 8b de 0f 10 00 0f 11 44 24 20
0x00007ff8b4377c64:   8b 44 24 2c 39 44 24 28 7d 17 48 8d 4c 24 20 e8 


Stack slot to memory mapping:

stack at sp + 0 slots: 0x00007ff8b4377dbd lwjgl_stb.dll
stack at sp + 1 slots: 0x0 is null
stack at sp + 2 slots: 0x000001cfe92be560 points into unknown readable memory: 0x0000000000000000 | 00 00 00 00 00 00 00 00
stack at sp + 3 slots: 0x000001cffa218c40 is a thread
stack at sp + 4 slots: {method} {0x000001cfdf625530} 'nstbtt_InitFont' '(JJI)I' in 'org/lwjgl/stb/STBTruetype'
stack at sp + 5 slots: 0x0 is null
stack at sp + 6 slots: 0x0000000000000010 is an unknown value
stack at sp + 7 slots: 0x0000000000000010 is an unknown value


---------------  P R O C E S S  ---------------

Threads class SMR info:
_java_thread_list=0x000001cfdebc5580, length=21, elements={
0x000001cffa218c40, 0x000001cf99a09640, 0x000001cf99a09ea0, 0x000001cf99a0eb10,
0x000001cf99a11570, 0x000001cf99a0f2a0, 0x000001cf99a0fa30, 0x000001cf99a103c0,
0x000001cf99a10a60, 0x000001cfde14d8c0, 0x000001cfde226ce0, 0x000001cfde22a770,
0x000001cfde451200, 0x000001cfe91f0800, 0x000001cfdebf2490, 0x000001cfe9363c30,
0x000001cfe93db200, 0x000001cfe93dcd40, 0x000001cfe93db8d0, 0x000001cfe93dc670,
0x000001cfe93ddae0
}

Java Threads: ( => current thread )
=>0x000001cffa218c40 JavaThread "main"                              [_thread_in_native, id=3324, stack(0x0000007012900000,0x0000007012a00000) (1024K)]
  0x000001cf99a09640 JavaThread "Reference Handler"          daemon [_thread_blocked, id=33988, stack(0x0000007013100000,0x0000007013200000) (1024K)]
  0x000001cf99a09ea0 JavaThread "Finalizer"                  daemon [_thread_blocked, id=25900, stack(0x0000007013200000,0x0000007013300000) (1024K)]
  0x000001cf99a0eb10 JavaThread "Signal Dispatcher"          daemon [_thread_blocked, id=35124, stack(0x0000007013300000,0x0000007013400000) (1024K)]
  0x000001cf99a11570 JavaThread "Attach Listener"            daemon [_thread_blocked, id=29908, stack(0x0000007013400000,0x0000007013500000) (1024K)]
  0x000001cf99a0f2a0 JavaThread "Service Thread"             daemon [_thread_blocked, id=2016, stack(0x0000007013500000,0x0000007013600000) (1024K)]
  0x000001cf99a0fa30 JavaThread "Monitor Deflation Thread"   daemon [_thread_blocked, id=29500, stack(0x0000007013600000,0x0000007013700000) (1024K)]
  0x000001cf99a103c0 JavaThread "C2 CompilerThread0"         daemon [_thread_blocked, id=32984, stack(0x0000007013700000,0x0000007013800000) (1024K)]
  0x000001cf99a10a60 JavaThread "C1 CompilerThread0"         daemon [_thread_blocked, id=20956, stack(0x0000007013800000,0x0000007013900000) (1024K)]
  0x000001cfde14d8c0 JavaThread "C1 CompilerThread1"         daemon [_thread_blocked, id=15396, stack(0x0000007013900000,0x0000007013a00000) (1024K)]
  0x000001cfde226ce0 JavaThread "Notification Thread"        daemon [_thread_blocked, id=27052, stack(0x0000007013a00000,0x0000007013b00000) (1024K)]
  0x000001cfde22a770 JavaThread "Common-Cleaner"             daemon [_thread_blocked, id=14476, stack(0x0000007013b00000,0x0000007013c00000) (1024K)]
  0x000001cfde451200 JavaThread "C2 CompilerThread1"         daemon [_thread_in_native, id=19696, stack(0x0000007014300000,0x0000007014400000) (1024K)]
  0x000001cfe91f0800 JavaThread "C1 CompilerThread2"         daemon [_thread_blocked, id=7580, stack(0x0000007014400000,0x0000007014500000) (1024K)]
  0x000001cfdebf2490 JavaThread "C1 CompilerThread3"         daemon [_thread_blocked, id=30412, stack(0x0000007014500000,0x0000007014600000) (1024K)]
  0x000001cfe9363c30 JavaThread "C2 CompilerThread2"         daemon [_thread_in_native, id=5084, stack(0x0000007014600000,0x0000007014700000) (1024K)]
  0x000001cfe93db200 JavaThread "C2 CompilerThread3"         daemon [_thread_blocked, id=22784, stack(0x0000007014700000,0x0000007014800000) (1024K)]
  0x000001cfe93dcd40 JavaThread "C2 CompilerThread4"         daemon [_thread_blocked, id=8624, stack(0x0000007014800000,0x0000007014900000) (1024K)]
  0x000001cfe93db8d0 JavaThread "C2 CompilerThread5"         daemon [_thread_blocked, id=13524, stack(0x0000007014900000,0x0000007014a00000) (1024K)]
  0x000001cfe93dc670 JavaThread "C2 CompilerThread6"         daemon [_thread_blocked, id=10280, stack(0x0000007014a00000,0x0000007014b00000) (1024K)]
  0x000001cfe93ddae0 JavaThread "C2 CompilerThread7"         daemon [_thread_blocked, id=11020, stack(0x0000007014b00000,0x0000007014c00000) (1024K)]
Total: 21

Other Threads:
  0x000001cf999ed3a0 VMThread "VM Thread"                           [id=20344, stack(0x0000007013000000,0x0000007013100000) (1024K)]
  0x000001cfde081b00 WatcherThread "VM Periodic Task Thread"        [id=20544, stack(0x0000007012f00000,0x0000007013000000) (1024K)]
  0x000001cffc83d480 WorkerThread "GC Thread#0"                     [id=16620, stack(0x0000007012a00000,0x0000007012b00000) (1024K)]
  0x000001cfe93d5e90 WorkerThread "GC Thread#1"                     [id=33412, stack(0x0000007014c00000,0x0000007014d00000) (1024K)]
  0x000001cfe97d2120 WorkerThread "GC Thread#2"                     [id=19792, stack(0x0000007014d00000,0x0000007014e00000) (1024K)]
  0x000001cfe97d24c0 WorkerThread "GC Thread#3"                     [id=9804, stack(0x0000007014e00000,0x0000007014f00000) (1024K)]
  0x000001cfe9851090 WorkerThread "GC Thread#4"                     [id=24140, stack(0x0000007014f00000,0x0000007015000000) (1024K)]
  0x000001cfe9851430 WorkerThread "GC Thread#5"                     [id=19108, stack(0x0000007015000000,0x0000007015100000) (1024K)]
  0x000001cfe9cfaec0 WorkerThread "GC Thread#6"                     [id=520, stack(0x0000007015100000,0x0000007015200000) (1024K)]
  0x000001cfe99ecb50 WorkerThread "GC Thread#7"                     [id=13584, stack(0x0000007015200000,0x0000007015300000) (1024K)]
  0x000001cfe9753150 WorkerThread "GC Thread#8"                     [id=32500, stack(0x0000007015300000,0x0000007015400000) (1024K)]
  0x000001cfe97534f0 WorkerThread "GC Thread#9"                     [id=2816, stack(0x0000007015400000,0x0000007015500000) (1024K)]
  0x000001cfe9753c30 WorkerThread "GC Thread#10"                    [id=9380, stack(0x0000007015500000,0x0000007015600000) (1024K)]
  0x000001cfe9753890 WorkerThread "GC Thread#11"                    [id=604, stack(0x0000007015600000,0x0000007015700000) (1024K)]
  0x000001cffc84e360 ConcurrentGCThread "G1 Main Marker"            [id=7540, stack(0x0000007012b00000,0x0000007012c00000) (1024K)]
  0x000001cf998423a0 WorkerThread "G1 Conc#0"                       [id=25480, stack(0x0000007012c00000,0x0000007012d00000) (1024K)]
  0x000001cf99913220 ConcurrentGCThread "G1 Refine#0"               [id=19132, stack(0x0000007012d00000,0x0000007012e00000) (1024K)]
  0x000001cf99913750 ConcurrentGCThread "G1 Service"                [id=8604, stack(0x0000007012e00000,0x0000007012f00000) (1024K)]
Total: 18

Threads with active compile tasks:
C2 CompilerThread1  738  815       4       java.lang.String::split (148 bytes)
C2 CompilerThread2  738  814       4       java.lang.String::split (8 bytes)
Total: 2

VM state: not at safepoint (normal execution)

VM Mutex/Monitor currently owned by a thread: None

Heap address: 0x0000000601400000, size: 8172 MB, Compressed Oops mode: Zero based, Oop shift amount: 3

CDS archive(s) mapped at: [0x000001cf9d000000-0x000001cf9dba0000-0x000001cf9dba0000), size 12189696, SharedBaseAddress: 0x000001cf9d000000, ArchiveRelocationMode: 1.
Compressed class space mapped at: 0x000001cf9e000000-0x000001cfde000000, reserved size: 1073741824
Narrow klass base: 0x000001cf9d000000, Narrow klass shift: 0, Narrow klass range: 0x100000000

GC Precious Log:
 CardTable entry size: 512
 Card Set container configuration: InlinePtr #cards 4 size 8 Array Of Cards #cards 32 size 80 Howl #buckets 8 coarsen threshold 7372 Howl Bitmap #cards 1024 size 144 coarsen threshold 921 Card regions per heap region 1 cards per card region 8192
 CPUs: 24 total, 24 available
 Memory: 32681M
 Large Page Support: Disabled
 NUMA Support: Disabled
 Compressed Oops: Enabled (Zero based)
 Heap Region Size: 4M
 Heap Min Capacity: 8M
 Heap Initial Capacity: 512M
 Heap Max Capacity: 8172M
 Pre-touch: Disabled
 Parallel Workers: 18
 Concurrent Workers: 5
 Concurrent Refinement Workers: 18
 Periodic GC: Disabled

Heap:
 garbage-first heap   total 524288K, used 2922K [0x0000000601400000, 0x0000000800000000)
  region size 4096K, 2 young (8192K), 1 survivors (4096K)
 Metaspace       used 3842K, committed 3968K, reserved 1114112K
  class space    used 208K, committed 256K, reserved 1048576K

Heap Regions: E=young(eden), S=young(survivor), O=old, HS=humongous(starts), HC=humongous(continues), CS=collection set, F=free, TAMS=top-at-mark-start, PB=parsable bottom
|   0|0x0000000601400000, 0x0000000601400000, 0x0000000601800000|  0%| F|  |TAMS 0x0000000601400000| PB 0x0000000601400000| Untracked 
|   1|0x0000000601800000, 0x0000000601800000, 0x0000000601c00000|  0%| F|  |TAMS 0x0000000601800000| PB 0x0000000601800000| Untracked 
|   2|0x0000000601c00000, 0x0000000601c00000, 0x0000000602000000|  0%| F|  |TAMS 0x0000000601c00000| PB 0x0000000601c00000| Untracked 
|   3|0x0000000602000000, 0x0000000602000000, 0x0000000602400000|  0%| F|  |TAMS 0x0000000602000000| PB 0x0000000602000000| Untracked 
|   4|0x0000000602400000, 0x0000000602400000, 0x0000000602800000|  0%| F|  |TAMS 0x0000000602400000| PB 0x0000000602400000| Untracked 
|   5|0x0000000602800000, 0x0000000602800000, 0x0000000602c00000|  0%| F|  |TAMS 0x0000000602800000| PB 0x0000000602800000| Untracked 
|   6|0x0000000602c00000, 0x0000000602c00000, 0x0000000603000000|  0%| F|  |TAMS 0x0000000602c00000| PB 0x0000000602c00000| Untracked 
|   7|0x0000000603000000, 0x0000000603000000, 0x0000000603400000|  0%| F|  |TAMS 0x0000000603000000| PB 0x0000000603000000| Untracked 
|   8|0x0000000603400000, 0x0000000603400000, 0x0000000603800000|  0%| F|  |TAMS 0x0000000603400000| PB 0x0000000603400000| Untracked 
|   9|0x0000000603800000, 0x0000000603800000, 0x0000000603c00000|  0%| F|  |TAMS 0x0000000603800000| PB 0x0000000603800000| Untracked 
|  10|0x0000000603c00000, 0x0000000603c00000, 0x0000000604000000|  0%| F|  |TAMS 0x0000000603c00000| PB 0x0000000603c00000| Untracked 
|  11|0x0000000604000000, 0x0000000604000000, 0x0000000604400000|  0%| F|  |TAMS 0x0000000604000000| PB 0x0000000604000000| Untracked 
|  12|0x0000000604400000, 0x0000000604400000, 0x0000000604800000|  0%| F|  |TAMS 0x0000000604400000| PB 0x0000000604400000| Untracked 
|  13|0x0000000604800000, 0x0000000604800000, 0x0000000604c00000|  0%| F|  |TAMS 0x0000000604800000| PB 0x0000000604800000| Untracked 
|  14|0x0000000604c00000, 0x0000000604c00000, 0x0000000605000000|  0%| F|  |TAMS 0x0000000604c00000| PB 0x0000000604c00000| Untracked 
|  15|0x0000000605000000, 0x0000000605000000, 0x0000000605400000|  0%| F|  |TAMS 0x0000000605000000| PB 0x0000000605000000| Untracked 
|  16|0x0000000605400000, 0x0000000605400000, 0x0000000605800000|  0%| F|  |TAMS 0x0000000605400000| PB 0x0000000605400000| Untracked 
|  17|0x0000000605800000, 0x0000000605800000, 0x0000000605c00000|  0%| F|  |TAMS 0x0000000605800000| PB 0x0000000605800000| Untracked 
|  18|0x0000000605c00000, 0x0000000605c00000, 0x0000000606000000|  0%| F|  |TAMS 0x0000000605c00000| PB 0x0000000605c00000| Untracked 
|  19|0x0000000606000000, 0x0000000606000000, 0x0000000606400000|  0%| F|  |TAMS 0x0000000606000000| PB 0x0000000606000000| Untracked 
|  20|0x0000000606400000, 0x0000000606400000, 0x0000000606800000|  0%| F|  |TAMS 0x0000000606400000| PB 0x0000000606400000| Untracked 
|  21|0x0000000606800000, 0x0000000606800000, 0x0000000606c00000|  0%| F|  |TAMS 0x0000000606800000| PB 0x0000000606800000| Untracked 
|  22|0x0000000606c00000, 0x0000000606c00000, 0x0000000607000000|  0%| F|  |TAMS 0x0000000606c00000| PB 0x0000000606c00000| Untracked 
|  23|0x0000000607000000, 0x0000000607000000, 0x0000000607400000|  0%| F|  |TAMS 0x0000000607000000| PB 0x0000000607000000| Untracked 
|  24|0x0000000607400000, 0x0000000607400000, 0x0000000607800000|  0%| F|  |TAMS 0x0000000607400000| PB 0x0000000607400000| Untracked 
|  25|0x0000000607800000, 0x0000000607800000, 0x0000000607c00000|  0%| F|  |TAMS 0x0000000607800000| PB 0x0000000607800000| Untracked 
|  26|0x0000000607c00000, 0x0000000607c00000, 0x0000000608000000|  0%| F|  |TAMS 0x0000000607c00000| PB 0x0000000607c00000| Untracked 
|  27|0x0000000608000000, 0x0000000608000000, 0x0000000608400000|  0%| F|  |TAMS 0x0000000608000000| PB 0x0000000608000000| Untracked 
|  28|0x0000000608400000, 0x0000000608400000, 0x0000000608800000|  0%| F|  |TAMS 0x0000000608400000| PB 0x0000000608400000| Untracked 
|  29|0x0000000608800000, 0x0000000608800000, 0x0000000608c00000|  0%| F|  |TAMS 0x0000000608800000| PB 0x0000000608800000| Untracked 
|  30|0x0000000608c00000, 0x0000000608c00000, 0x0000000609000000|  0%| F|  |TAMS 0x0000000608c00000| PB 0x0000000608c00000| Untracked 
|  31|0x0000000609000000, 0x0000000609000000, 0x0000000609400000|  0%| F|  |TAMS 0x0000000609000000| PB 0x0000000609000000| Untracked 
|  32|0x0000000609400000, 0x0000000609400000, 0x0000000609800000|  0%| F|  |TAMS 0x0000000609400000| PB 0x0000000609400000| Untracked 
|  33|0x0000000609800000, 0x0000000609800000, 0x0000000609c00000|  0%| F|  |TAMS 0x0000000609800000| PB 0x0000000609800000| Untracked 
|  34|0x0000000609c00000, 0x0000000609c00000, 0x000000060a000000|  0%| F|  |TAMS 0x0000000609c00000| PB 0x0000000609c00000| Untracked 
|  35|0x000000060a000000, 0x000000060a000000, 0x000000060a400000|  0%| F|  |TAMS 0x000000060a000000| PB 0x000000060a000000| Untracked 
|  36|0x000000060a400000, 0x000000060a400000, 0x000000060a800000|  0%| F|  |TAMS 0x000000060a400000| PB 0x000000060a400000| Untracked 
|  37|0x000000060a800000, 0x000000060a800000, 0x000000060ac00000|  0%| F|  |TAMS 0x000000060a800000| PB 0x000000060a800000| Untracked 
|  38|0x000000060ac00000, 0x000000060ac00000, 0x000000060b000000|  0%| F|  |TAMS 0x000000060ac00000| PB 0x000000060ac00000| Untracked 
|  39|0x000000060b000000, 0x000000060b000000, 0x000000060b400000|  0%| F|  |TAMS 0x000000060b000000| PB 0x000000060b000000| Untracked 
|  40|0x000000060b400000, 0x000000060b400000, 0x000000060b800000|  0%| F|  |TAMS 0x000000060b400000| PB 0x000000060b400000| Untracked 
|  41|0x000000060b800000, 0x000000060b800000, 0x000000060bc00000|  0%| F|  |TAMS 0x000000060b800000| PB 0x000000060b800000| Untracked 
|  42|0x000000060bc00000, 0x000000060bc00000, 0x000000060c000000|  0%| F|  |TAMS 0x000000060bc00000| PB 0x000000060bc00000| Untracked 
|  43|0x000000060c000000, 0x000000060c000000, 0x000000060c400000|  0%| F|  |TAMS 0x000000060c000000| PB 0x000000060c000000| Untracked 
|  44|0x000000060c400000, 0x000000060c400000, 0x000000060c800000|  0%| F|  |TAMS 0x000000060c400000| PB 0x000000060c400000| Untracked 
|  45|0x000000060c800000, 0x000000060c800000, 0x000000060cc00000|  0%| F|  |TAMS 0x000000060c800000| PB 0x000000060c800000| Untracked 
|  46|0x000000060cc00000, 0x000000060cc00000, 0x000000060d000000|  0%| F|  |TAMS 0x000000060cc00000| PB 0x000000060cc00000| Untracked 
|  47|0x000000060d000000, 0x000000060d000000, 0x000000060d400000|  0%| F|  |TAMS 0x000000060d000000| PB 0x000000060d000000| Untracked 
|  48|0x000000060d400000, 0x000000060d400000, 0x000000060d800000|  0%| F|  |TAMS 0x000000060d400000| PB 0x000000060d400000| Untracked 
|  49|0x000000060d800000, 0x000000060d800000, 0x000000060dc00000|  0%| F|  |TAMS 0x000000060d800000| PB 0x000000060d800000| Untracked 
|  50|0x000000060dc00000, 0x000000060dc00000, 0x000000060e000000|  0%| F|  |TAMS 0x000000060dc00000| PB 0x000000060dc00000| Untracked 
|  51|0x000000060e000000, 0x000000060e000000, 0x000000060e400000|  0%| F|  |TAMS 0x000000060e000000| PB 0x000000060e000000| Untracked 
|  52|0x000000060e400000, 0x000000060e400000, 0x000000060e800000|  0%| F|  |TAMS 0x000000060e400000| PB 0x000000060e400000| Untracked 
|  53|0x000000060e800000, 0x000000060e800000, 0x000000060ec00000|  0%| F|  |TAMS 0x000000060e800000| PB 0x000000060e800000| Untracked 
|  54|0x000000060ec00000, 0x000000060ec00000, 0x000000060f000000|  0%| F|  |TAMS 0x000000060ec00000| PB 0x000000060ec00000| Untracked 
|  55|0x000000060f000000, 0x000000060f000000, 0x000000060f400000|  0%| F|  |TAMS 0x000000060f000000| PB 0x000000060f000000| Untracked 
|  56|0x000000060f400000, 0x000000060f400000, 0x000000060f800000|  0%| F|  |TAMS 0x000000060f400000| PB 0x000000060f400000| Untracked 
|  57|0x000000060f800000, 0x000000060f800000, 0x000000060fc00000|  0%| F|  |TAMS 0x000000060f800000| PB 0x000000060f800000| Untracked 
|  58|0x000000060fc00000, 0x000000060fc00000, 0x0000000610000000|  0%| F|  |TAMS 0x000000060fc00000| PB 0x000000060fc00000| Untracked 
|  59|0x0000000610000000, 0x0000000610000000, 0x0000000610400000|  0%| F|  |TAMS 0x0000000610000000| PB 0x0000000610000000| Untracked 
|  60|0x0000000610400000, 0x0000000610400000, 0x0000000610800000|  0%| F|  |TAMS 0x0000000610400000| PB 0x0000000610400000| Untracked 
|  61|0x0000000610800000, 0x0000000610800000, 0x0000000610c00000|  0%| F|  |TAMS 0x0000000610800000| PB 0x0000000610800000| Untracked 
|  62|0x0000000610c00000, 0x0000000610c00000, 0x0000000611000000|  0%| F|  |TAMS 0x0000000610c00000| PB 0x0000000610c00000| Untracked 
|  63|0x0000000611000000, 0x0000000611000000, 0x0000000611400000|  0%| F|  |TAMS 0x0000000611000000| PB 0x0000000611000000| Untracked 
|  64|0x0000000611400000, 0x0000000611400000, 0x0000000611800000|  0%| F|  |TAMS 0x0000000611400000| PB 0x0000000611400000| Untracked 
|  65|0x0000000611800000, 0x0000000611800000, 0x0000000611c00000|  0%| F|  |TAMS 0x0000000611800000| PB 0x0000000611800000| Untracked 
|  66|0x0000000611c00000, 0x0000000611c00000, 0x0000000612000000|  0%| F|  |TAMS 0x0000000611c00000| PB 0x0000000611c00000| Untracked 
|  67|0x0000000612000000, 0x0000000612000000, 0x0000000612400000|  0%| F|  |TAMS 0x0000000612000000| PB 0x0000000612000000| Untracked 
|  68|0x0000000612400000, 0x0000000612400000, 0x0000000612800000|  0%| F|  |TAMS 0x0000000612400000| PB 0x0000000612400000| Untracked 
|  69|0x0000000612800000, 0x0000000612800000, 0x0000000612c00000|  0%| F|  |TAMS 0x0000000612800000| PB 0x0000000612800000| Untracked 
|  70|0x0000000612c00000, 0x0000000612c00000, 0x0000000613000000|  0%| F|  |TAMS 0x0000000612c00000| PB 0x0000000612c00000| Untracked 
|  71|0x0000000613000000, 0x0000000613000000, 0x0000000613400000|  0%| F|  |TAMS 0x0000000613000000| PB 0x0000000613000000| Untracked 
|  72|0x0000000613400000, 0x0000000613400000, 0x0000000613800000|  0%| F|  |TAMS 0x0000000613400000| PB 0x0000000613400000| Untracked 
|  73|0x0000000613800000, 0x0000000613800000, 0x0000000613c00000|  0%| F|  |TAMS 0x0000000613800000| PB 0x0000000613800000| Untracked 
|  74|0x0000000613c00000, 0x0000000613c00000, 0x0000000614000000|  0%| F|  |TAMS 0x0000000613c00000| PB 0x0000000613c00000| Untracked 
|  75|0x0000000614000000, 0x0000000614000000, 0x0000000614400000|  0%| F|  |TAMS 0x0000000614000000| PB 0x0000000614000000| Untracked 
|  76|0x0000000614400000, 0x0000000614400000, 0x0000000614800000|  0%| F|  |TAMS 0x0000000614400000| PB 0x0000000614400000| Untracked 
|  77|0x0000000614800000, 0x0000000614800000, 0x0000000614c00000|  0%| F|  |TAMS 0x0000000614800000| PB 0x0000000614800000| Untracked 
|  78|0x0000000614c00000, 0x0000000614c00000, 0x0000000615000000|  0%| F|  |TAMS 0x0000000614c00000| PB 0x0000000614c00000| Untracked 
|  79|0x0000000615000000, 0x0000000615000000, 0x0000000615400000|  0%| F|  |TAMS 0x0000000615000000| PB 0x0000000615000000| Untracked 
|  80|0x0000000615400000, 0x0000000615400000, 0x0000000615800000|  0%| F|  |TAMS 0x0000000615400000| PB 0x0000000615400000| Untracked 
|  81|0x0000000615800000, 0x0000000615800000, 0x0000000615c00000|  0%| F|  |TAMS 0x0000000615800000| PB 0x0000000615800000| Untracked 
|  82|0x0000000615c00000, 0x0000000615c00000, 0x0000000616000000|  0%| F|  |TAMS 0x0000000615c00000| PB 0x0000000615c00000| Untracked 
|  83|0x0000000616000000, 0x0000000616000000, 0x0000000616400000|  0%| F|  |TAMS 0x0000000616000000| PB 0x0000000616000000| Untracked 
|  84|0x0000000616400000, 0x0000000616400000, 0x0000000616800000|  0%| F|  |TAMS 0x0000000616400000| PB 0x0000000616400000| Untracked 
|  85|0x0000000616800000, 0x0000000616800000, 0x0000000616c00000|  0%| F|  |TAMS 0x0000000616800000| PB 0x0000000616800000| Untracked 
|  86|0x0000000616c00000, 0x0000000616c00000, 0x0000000617000000|  0%| F|  |TAMS 0x0000000616c00000| PB 0x0000000616c00000| Untracked 
|  87|0x0000000617000000, 0x0000000617000000, 0x0000000617400000|  0%| F|  |TAMS 0x0000000617000000| PB 0x0000000617000000| Untracked 
|  88|0x0000000617400000, 0x0000000617400000, 0x0000000617800000|  0%| F|  |TAMS 0x0000000617400000| PB 0x0000000617400000| Untracked 
|  89|0x0000000617800000, 0x0000000617800000, 0x0000000617c00000|  0%| F|  |TAMS 0x0000000617800000| PB 0x0000000617800000| Untracked 
|  90|0x0000000617c00000, 0x0000000617c00000, 0x0000000618000000|  0%| F|  |TAMS 0x0000000617c00000| PB 0x0000000617c00000| Untracked 
|  91|0x0000000618000000, 0x0000000618000000, 0x0000000618400000|  0%| F|  |TAMS 0x0000000618000000| PB 0x0000000618000000| Untracked 
|  92|0x0000000618400000, 0x0000000618400000, 0x0000000618800000|  0%| F|  |TAMS 0x0000000618400000| PB 0x0000000618400000| Untracked 
|  93|0x0000000618800000, 0x0000000618800000, 0x0000000618c00000|  0%| F|  |TAMS 0x0000000618800000| PB 0x0000000618800000| Untracked 
|  94|0x0000000618c00000, 0x0000000618c00000, 0x0000000619000000|  0%| F|  |TAMS 0x0000000618c00000| PB 0x0000000618c00000| Untracked 
|  95|0x0000000619000000, 0x0000000619000000, 0x0000000619400000|  0%| F|  |TAMS 0x0000000619000000| PB 0x0000000619000000| Untracked 
|  96|0x0000000619400000, 0x0000000619400000, 0x0000000619800000|  0%| F|  |TAMS 0x0000000619400000| PB 0x0000000619400000| Untracked 
|  97|0x0000000619800000, 0x0000000619800000, 0x0000000619c00000|  0%| F|  |TAMS 0x0000000619800000| PB 0x0000000619800000| Untracked 
|  98|0x0000000619c00000, 0x0000000619c00000, 0x000000061a000000|  0%| F|  |TAMS 0x0000000619c00000| PB 0x0000000619c00000| Untracked 
|  99|0x000000061a000000, 0x000000061a000000, 0x000000061a400000|  0%| F|  |TAMS 0x000000061a000000| PB 0x000000061a000000| Untracked 
| 100|0x000000061a400000, 0x000000061a400000, 0x000000061a800000|  0%| F|  |TAMS 0x000000061a400000| PB 0x000000061a400000| Untracked 
| 101|0x000000061a800000, 0x000000061a800000, 0x000000061ac00000|  0%| F|  |TAMS 0x000000061a800000| PB 0x000000061a800000| Untracked 
| 102|0x000000061ac00000, 0x000000061ac00000, 0x000000061b000000|  0%| F|  |TAMS 0x000000061ac00000| PB 0x000000061ac00000| Untracked 
| 103|0x000000061b000000, 0x000000061b000000, 0x000000061b400000|  0%| F|  |TAMS 0x000000061b000000| PB 0x000000061b000000| Untracked 
| 104|0x000000061b400000, 0x000000061b400000, 0x000000061b800000|  0%| F|  |TAMS 0x000000061b400000| PB 0x000000061b400000| Untracked 
| 105|0x000000061b800000, 0x000000061b800000, 0x000000061bc00000|  0%| F|  |TAMS 0x000000061b800000| PB 0x000000061b800000| Untracked 
| 106|0x000000061bc00000, 0x000000061bc00000, 0x000000061c000000|  0%| F|  |TAMS 0x000000061bc00000| PB 0x000000061bc00000| Untracked 
| 107|0x000000061c000000, 0x000000061c000000, 0x000000061c400000|  0%| F|  |TAMS 0x000000061c000000| PB 0x000000061c000000| Untracked 
| 108|0x000000061c400000, 0x000000061c400000, 0x000000061c800000|  0%| F|  |TAMS 0x000000061c400000| PB 0x000000061c400000| Untracked 
| 109|0x000000061c800000, 0x000000061c800000, 0x000000061cc00000|  0%| F|  |TAMS 0x000000061c800000| PB 0x000000061c800000| Untracked 
| 110|0x000000061cc00000, 0x000000061cc00000, 0x000000061d000000|  0%| F|  |TAMS 0x000000061cc00000| PB 0x000000061cc00000| Untracked 
| 111|0x000000061d000000, 0x000000061d000000, 0x000000061d400000|  0%| F|  |TAMS 0x000000061d000000| PB 0x000000061d000000| Untracked 
| 112|0x000000061d400000, 0x000000061d400000, 0x000000061d800000|  0%| F|  |TAMS 0x000000061d400000| PB 0x000000061d400000| Untracked 
| 113|0x000000061d800000, 0x000000061d800000, 0x000000061dc00000|  0%| F|  |TAMS 0x000000061d800000| PB 0x000000061d800000| Untracked 
| 114|0x000000061dc00000, 0x000000061dc00000, 0x000000061e000000|  0%| F|  |TAMS 0x000000061dc00000| PB 0x000000061dc00000| Untracked 
| 115|0x000000061e000000, 0x000000061e000000, 0x000000061e400000|  0%| F|  |TAMS 0x000000061e000000| PB 0x000000061e000000| Untracked 
| 116|0x000000061e400000, 0x000000061e400000, 0x000000061e800000|  0%| F|  |TAMS 0x000000061e400000| PB 0x000000061e400000| Untracked 
| 117|0x000000061e800000, 0x000000061e800000, 0x000000061ec00000|  0%| F|  |TAMS 0x000000061e800000| PB 0x000000061e800000| Untracked 
| 118|0x000000061ec00000, 0x000000061ec00000, 0x000000061f000000|  0%| F|  |TAMS 0x000000061ec00000| PB 0x000000061ec00000| Untracked 
| 119|0x000000061f000000, 0x000000061f000000, 0x000000061f400000|  0%| F|  |TAMS 0x000000061f000000| PB 0x000000061f000000| Untracked 
| 120|0x000000061f400000, 0x000000061f400000, 0x000000061f800000|  0%| F|  |TAMS 0x000000061f400000| PB 0x000000061f400000| Untracked 
| 121|0x000000061f800000, 0x000000061fada970, 0x000000061fc00000| 71%| S|CS|TAMS 0x000000061f800000| PB 0x000000061f800000| Complete 
| 122|0x000000061fc00000, 0x000000061fc00000, 0x0000000620000000|  0%| F|  |TAMS 0x000000061fc00000| PB 0x000000061fc00000| Untracked 
| 123|0x0000000620000000, 0x0000000620000000, 0x0000000620400000|  0%| F|  |TAMS 0x0000000620000000| PB 0x0000000620000000| Untracked 
| 124|0x0000000620400000, 0x0000000620400000, 0x0000000620800000|  0%| F|  |TAMS 0x0000000620400000| PB 0x0000000620400000| Untracked 
| 125|0x0000000620800000, 0x0000000620800000, 0x0000000620c00000|  0%| F|  |TAMS 0x0000000620800000| PB 0x0000000620800000| Untracked 
| 126|0x0000000620c00000, 0x0000000620c00000, 0x0000000621000000|  0%| F|  |TAMS 0x0000000620c00000| PB 0x0000000620c00000| Untracked 
| 127|0x0000000621000000, 0x00000006210fa7a8, 0x0000000621400000| 24%| E|  |TAMS 0x0000000621000000| PB 0x0000000621000000| Complete 

Card table byte_map: [0x000001cf90780000,0x000001cf91780000] _byte_map_base: 0x000001cf8d776000

Marking Bits: (CMBitMap*) 0x000001cffc83da90
 Bits: [0x000001cf91780000, 0x000001cf99730000)

Polling page: 0x000001cffa5e0000

Metaspace:

Usage:
  Non-class:      3.55 MB used.
      Class:    208.05 KB used.
       Both:      3.75 MB used.

Virtual space:
  Non-class space:       64.00 MB reserved,       3.62 MB (  6%) committed,  1 nodes.
      Class space:        1.00 GB reserved,     256.00 KB ( <1%) committed,  1 nodes.
             Both:        1.06 GB reserved,       3.88 MB ( <1%) committed. 

Chunk freelists:
   Non-Class:  9.78 MB
       Class:  15.63 MB
        Both:  25.41 MB

MaxMetaspaceSize: unlimited
CompressedClassSpaceSize: 1.00 GB
Initial GC threshold: 21.00 MB
Current GC threshold: 21.00 MB
CDS: on
 - commit_granule_bytes: 65536.
 - commit_granule_words: 8192.
 - virtual_space_node_default_size: 8388608.
 - enlarge_chunks_in_place: 1.
 - use_allocation_guard: 0.


Internal statistics:

num_allocs_failed_limit: 0.
num_arena_births: 68.
num_arena_deaths: 0.
num_vsnodes_births: 2.
num_vsnodes_deaths: 0.
num_space_committed: 60.
num_space_uncommitted: 0.
num_chunks_returned_to_freelist: 0.
num_chunks_taken_from_freelist: 170.
num_chunk_merges: 0.
num_chunk_splits: 112.
num_chunks_enlarged: 79.
num_inconsistent_stats: 0.

CodeHeap 'non-profiled nmethods': size=119168Kb used=323Kb max_used=323Kb free=118844Kb
 bounds [0x000001cf87ba0000, 0x000001cf87e10000, 0x000001cf8f000000]
CodeHeap 'profiled nmethods': size=119104Kb used=1331Kb max_used=1331Kb free=117773Kb
 bounds [0x000001cf80000000, 0x000001cf80270000, 0x000001cf87450000]
CodeHeap 'non-nmethods': size=7488Kb used=3741Kb max_used=3763Kb free=3746Kb
 bounds [0x000001cf87450000, 0x000001cf87800000, 0x000001cf87ba0000]
CodeCache: size=245760Kb, used=5395Kb, max_used=5417Kb, free=240363Kb
 total_blobs=1880, nmethods=848, adapters=934, full_count=0
Compilation: enabled, stopped_count=0, restarted_count=0

Compilation events (20 events):
Event: 0.660 Thread 0x000001cfdebf2490 nmethod 841 0x000001cf80149e10 code [0x000001cf80149fc0, 0x000001cf8014a180]
Event: 0.661 Thread 0x000001cf99a10a60 nmethod 842 0x000001cf8014a210 code [0x000001cf8014a3c0, 0x000001cf8014a628]
Event: 0.661 Thread 0x000001cfe91f0800  843       3       java.lang.invoke.MethodHandle::asType (32 bytes)
Event: 0.661 Thread 0x000001cfe91f0800 nmethod 843 0x000001cf8014a710 code [0x000001cf8014a940, 0x000001cf8014b060]
Event: 0.661 Thread 0x000001cf99a10a60  844       3       jdk.internal.jimage.BasicImageReader::verifyLocation (39 bytes)
Event: 0.661 Thread 0x000001cfe93ddae0  845   !   4       java.nio.DirectByteBuffer::get (34 bytes)
Event: 0.661 Thread 0x000001cf99a10a60 nmethod 844 0x000001cf8014b290 code [0x000001cf8014b460, 0x000001cf8014b748]
Event: 0.662 Thread 0x000001cfe93dc670 nmethod 786 0x000001cf87bea510 code [0x000001cf87bea740, 0x000001cf87beb088]
Event: 0.662 Thread 0x000001cfe93db200  846       4       java.lang.StringBuilder::append (8 bytes)
Event: 0.662 Thread 0x000001cf99a10a60  847       3       sun.nio.fs.WindowsPathParser::nextNonSlash (24 bytes)
Event: 0.662 Thread 0x000001cfe93db8d0 nmethod 822 0x000001cf87beb810 code [0x000001cf87beb9e0, 0x000001cf87bebd08]
Event: 0.662 Thread 0x000001cf99a10a60 nmethod 847 0x000001cf8014b890 code [0x000001cf8014baa0, 0x000001cf8014c1b0]
Event: 0.662 Thread 0x000001cfe93ddae0 nmethod 845 0x000001cf87bec190 code [0x000001cf87bec320, 0x000001cf87bec420]
Event: 0.664 Thread 0x000001cfe93db200 nmethod 846 0x000001cf87bec510 code [0x000001cf87bec6e0, 0x000001cf87becc70]
Event: 0.665 Thread 0x000001cfdebf2490  848       3       java.nio.Buffer::flip (20 bytes)
Event: 0.665 Thread 0x000001cfde14d8c0  849       3       java.nio.ByteBuffer::flip (7 bytes)
Event: 0.665 Thread 0x000001cfdebf2490 nmethod 848 0x000001cf8014c490 code [0x000001cf8014c620, 0x000001cf8014c740]
Event: 0.665 Thread 0x000001cfde14d8c0 nmethod 849 0x000001cf8014c810 code [0x000001cf8014c9c0, 0x000001cf8014cb40]
Event: 0.669 Thread 0x000001cfe91f0800  850       1       java.net.URLStreamHandler::getDefaultPort (2 bytes)
Event: 0.669 Thread 0x000001cfe91f0800 nmethod 850 0x000001cf87becf10 code [0x000001cf87bed0a0, 0x000001cf87bed168]

GC Heap History (2 events):
Event: 0.646 GC heap before
{Heap before GC invocations=0 (full 0):
 garbage-first heap   total 524288K, used 24576K [0x0000000601400000, 0x0000000800000000)
  region size 4096K, 6 young (24576K), 0 survivors (0K)
 Metaspace       used 3630K, committed 3776K, reserved 1114112K
  class space    used 195K, committed 256K, reserved 1048576K
}
Event: 0.649 GC heap after
{Heap after GC invocations=1 (full 0):
 garbage-first heap   total 524288K, used 2922K [0x0000000601400000, 0x0000000800000000)
  region size 4096K, 1 young (4096K), 1 survivors (4096K)
 Metaspace       used 3630K, committed 3776K, reserved 1114112K
  class space    used 195K, committed 256K, reserved 1048576K
}

Dll operation events (10 events):
Event: 0.006 Loaded shared library C:\Users\mirek\.vscode\extensions\redhat.java-1.44.0-win32-x64\jre\21.0.8-win32-x86_64\bin\java.dll
Event: 0.042 Loaded shared library C:\Users\mirek\.vscode\extensions\redhat.java-1.44.0-win32-x64\jre\21.0.8-win32-x86_64\bin\zip.dll
Event: 0.049 Loaded shared library C:\Users\mirek\.vscode\extensions\redhat.java-1.44.0-win32-x64\jre\21.0.8-win32-x86_64\bin\net.dll
Event: 0.051 Loaded shared library C:\Users\mirek\.vscode\extensions\redhat.java-1.44.0-win32-x64\jre\21.0.8-win32-x86_64\bin\nio.dll
Event: 0.054 Loaded shared library C:\Users\mirek\.vscode\extensions\redhat.java-1.44.0-win32-x64\jre\21.0.8-win32-x86_64\bin\zip.dll
Event: 0.093 Loaded shared library C:\Users\mirek\.vscode\extensions\redhat.java-1.44.0-win32-x64\jre\21.0.8-win32-x86_64\bin\jimage.dll
Event: 0.112 Loaded shared library C:\Users\mirek\AppData\Local\Temp\lwjglmirek\3.3.1-build-7\lwjgl.dll
Event: 0.395 Loaded shared library C:\Users\mirek\AppData\Local\Temp\lwjglmirek\3.3.1-build-7\lwjgl_opengl.dll
Event: 0.590 Loaded shared library C:\Users\mirek\.vscode\extensions\redhat.java-1.44.0-win32-x64\jre\21.0.8-win32-x86_64\bin\verify.dll
Event: 0.667 Loaded shared library C:\Users\mirek\AppData\Local\Temp\lwjglmirek\3.3.1-build-7\lwjgl_stb.dll

Deoptimization events (20 events):
Event: 0.626 Thread 0x000001cffa218c40 DEOPT PACKING pc=0x000001cf8006a9c3 sp=0x00000070129fec90
Event: 0.626 Thread 0x000001cffa218c40 DEOPT UNPACKING pc=0x000001cf874a4e42 sp=0x00000070129fe130 mode 0
Event: 0.627 Thread 0x000001cffa218c40 DEOPT PACKING pc=0x000001cf8006a9c3 sp=0x00000070129fec90
Event: 0.627 Thread 0x000001cffa218c40 DEOPT UNPACKING pc=0x000001cf874a4e42 sp=0x00000070129fe130 mode 0
Event: 0.627 Thread 0x000001cffa218c40 DEOPT PACKING pc=0x000001cf8006a9c3 sp=0x00000070129fec90
Event: 0.627 Thread 0x000001cffa218c40 DEOPT UNPACKING pc=0x000001cf874a4e42 sp=0x00000070129fe130 mode 0
Event: 0.628 Thread 0x000001cffa218c40 DEOPT PACKING pc=0x000001cf8006a9c3 sp=0x00000070129fec90
Event: 0.628 Thread 0x000001cffa218c40 DEOPT UNPACKING pc=0x000001cf874a4e42 sp=0x00000070129fe130 mode 0
Event: 0.636 Thread 0x000001cffa218c40 Uncommon trap: trap_request=0xffffff45 fr.pc=0x000001cf87ba664c relative=0x000000000000012c
Event: 0.636 Thread 0x000001cffa218c40 Uncommon trap: reason=unstable_if action=reinterpret pc=0x000001cf87ba664c method=java.lang.StringCoding.countPositives([BII)I @ 17 c2
Event: 0.636 Thread 0x000001cffa218c40 DEOPT PACKING pc=0x000001cf87ba664c sp=0x00000070129ff240
Event: 0.636 Thread 0x000001cffa218c40 DEOPT UNPACKING pc=0x000001cf874a46a2 sp=0x00000070129ff1e0 mode 2
Event: 0.665 Thread 0x000001cffa218c40 Uncommon trap: trap_request=0xffffffde fr.pc=0x000001cf87beac60 relative=0x0000000000000520
Event: 0.665 Thread 0x000001cffa218c40 Uncommon trap: reason=class_check action=maybe_recompile pc=0x000001cf87beac60 method=java.util.regex.Pattern$Start.match(Ljava/util/regex/Matcher;ILjava/lang/CharSequence;)Z @ 44 c2
Event: 0.665 Thread 0x000001cffa218c40 DEOPT PACKING pc=0x000001cf87beac60 sp=0x00000070129fd840
Event: 0.665 Thread 0x000001cffa218c40 DEOPT UNPACKING pc=0x000001cf874a46a2 sp=0x00000070129fd740 mode 2
Event: 0.665 Thread 0x000001cffa218c40 Uncommon trap: trap_request=0xffffffde fr.pc=0x000001cf87beac60 relative=0x0000000000000520
Event: 0.665 Thread 0x000001cffa218c40 Uncommon trap: reason=class_check action=maybe_recompile pc=0x000001cf87beac60 method=java.util.regex.Pattern$Start.match(Ljava/util/regex/Matcher;ILjava/lang/CharSequence;)Z @ 44 c2
Event: 0.665 Thread 0x000001cffa218c40 DEOPT PACKING pc=0x000001cf87beac60 sp=0x00000070129fd840
Event: 0.665 Thread 0x000001cffa218c40 DEOPT UNPACKING pc=0x000001cf874a46a2 sp=0x00000070129fd740 mode 2

Classes loaded (20 events):
Event: 0.593 Loading class sun/nio/cs/StreamDecoder
Event: 0.593 Loading class sun/nio/cs/StreamDecoder done
Event: 0.594 Loading class jdk/internal/math/FloatingDecimal
Event: 0.594 Loading class jdk/internal/math/FloatingDecimal done
Event: 0.594 Loading class jdk/internal/math/FloatingDecimal$ExceptionalBinaryToASCIIBuffer
Event: 0.594 Loading class jdk/internal/math/FloatingDecimal$BinaryToASCIIConverter
Event: 0.594 Loading class jdk/internal/math/FloatingDecimal$BinaryToASCIIConverter done
Event: 0.594 Loading class jdk/internal/math/FloatingDecimal$ExceptionalBinaryToASCIIBuffer done
Event: 0.594 Loading class jdk/internal/math/FloatingDecimal$BinaryToASCIIBuffer
Event: 0.594 Loading class jdk/internal/math/FloatingDecimal$BinaryToASCIIBuffer done
Event: 0.594 Loading class jdk/internal/math/FloatingDecimal$1
Event: 0.594 Loading class jdk/internal/math/FloatingDecimal$1 done
Event: 0.594 Loading class jdk/internal/math/FloatingDecimal$PreparedASCIIToBinaryBuffer
Event: 0.594 Loading class jdk/internal/math/FloatingDecimal$ASCIIToBinaryConverter
Event: 0.594 Loading class jdk/internal/math/FloatingDecimal$ASCIIToBinaryConverter done
Event: 0.594 Loading class jdk/internal/math/FloatingDecimal$PreparedASCIIToBinaryBuffer done
Event: 0.594 Loading class jdk/internal/math/FloatingDecimal$ASCIIToBinaryBuffer
Event: 0.594 Loading class jdk/internal/math/FloatingDecimal$ASCIIToBinaryBuffer done
Event: 0.606 Loading class java/lang/NumberFormatException
Event: 0.606 Loading class java/lang/NumberFormatException done

Classes unloaded (0 events):
No events

Classes redefined (0 events):
No events

Internal exceptions (20 events):
Event: 0.110 Thread 0x000001cffa218c40 Exception <a 'sun/nio/fs/WindowsException'{0x0000000620cae678}> (0x0000000620cae678) 
thrown [s\src\hotspot\share\prims\jni.cpp, line 520]
Event: 0.118 Thread 0x000001cffa218c40 Exception <a 'java/lang/NoSuchMethodError'{0x0000000620cdf300}: 'int java.lang.invoke.DirectMethodHandle$Holder.invokeStaticInit(java.lang.Object, java.lang.Object, int, long)'> (0x0000000620cdf300) 
thrown [s\src\hotspot\share\interpreter\linkResolver.cpp, line 773]
Event: 0.119 Thread 0x000001cffa218c40 Exception <a 'java/lang/NoSuchMethodError'{0x0000000620ce4428}: 'java.lang.Object java.lang.invoke.DirectMethodHandle$Holder.newInvokeSpecial(java.lang.Object, java.lang.Object, int)'> (0x0000000620ce4428) 
thrown [s\src\hotspot\share\interpreter\linkResolver.cpp, line 773]
Event: 0.120 Thread 0x000001cffa218c40 Exception <a 'java/lang/NoSuchMethodError'{0x0000000620cf3300}: 'int java.lang.invoke.DirectMethodHandle$Holder.invokeStaticInit(java.lang.Object, java.lang.Object, long, long)'> (0x0000000620cf3300) 
thrown [s\src\hotspot\share\interpreter\linkResolver.cpp, line 773]
Event: 0.120 Thread 0x000001cffa218c40 Exception <a 'java/lang/NoSuchMethodError'{0x0000000620cf8fe8}: 'java.lang.Object java.lang.invoke.DirectMethodHandle$Holder.newInvokeSpecial(java.lang.Object, java.lang.Object, long)'> (0x0000000620cf8fe8) 
thrown [s\src\hotspot\share\interpreter\linkResolver.cpp, line 773]
Event: 0.121 Thread 0x000001cffa218c40 Exception <a 'java/lang/NoSuchMethodError'{0x0000000620cfcea0}: 'java.lang.Object java.lang.invoke.Invokers$Holder.linkToTargetMethod(java.lang.Object, long, java.lang.Object)'> (0x0000000620cfcea0) 
thrown [s\src\hotspot\share\interpreter\linkResolver.cpp, line 773]
Event: 0.121 Thread 0x000001cffa218c40 Exception <a 'java/lang/NoSuchMethodError'{0x0000000620d04120}: 'int java.lang.invoke.DirectMethodHandle$Holder.invokeStaticInit(java.lang.Object, java.lang.Object, java.lang.Object, long)'> (0x0000000620d04120) 
thrown [s\src\hotspot\share\interpreter\linkResolver.cpp, line 773]
Event: 0.135 Thread 0x000001cffa218c40 Exception <a 'sun/nio/fs/WindowsException'{0x0000000620da6188}> (0x0000000620da6188) 
thrown [s\src\hotspot\share\prims\jni.cpp, line 520]
Event: 0.135 Thread 0x000001cffa218c40 Exception <a 'sun/nio/fs/WindowsException'{0x0000000620da64e8}> (0x0000000620da64e8) 
thrown [s\src\hotspot\share\prims\jni.cpp, line 520]
Event: 0.139 Thread 0x000001cffa218c40 Exception <a 'java/lang/NoSuchMethodError'{0x0000000620dbaf80}: 'int java.lang.invoke.Invokers$Holder.invokeExact_MT(java.lang.Object, java.lang.Object)'> (0x0000000620dbaf80) 
thrown [s\src\hotspot\share\interpreter\linkResolver.cpp, line 773]
Event: 0.389 Thread 0x000001cffa218c40 Exception <a 'java/lang/NoSuchMethodError'{0x0000000620e21318}: 'void java.lang.System.load(java.lang.String, java.lang.Class)'> (0x0000000620e21318) 
thrown [s\src\hotspot\share\interpreter\linkResolver.cpp, line 773]
Event: 0.390 Thread 0x000001cffa218c40 Exception <a 'java/lang/NoSuchMethodError'{0x0000000620e23d88}: 'void java.lang.System.loadLibrary(java.lang.String, java.lang.Class)'> (0x0000000620e23d88) 
thrown [s\src\hotspot\share\interpreter\linkResolver.cpp, line 773]
Event: 0.393 Thread 0x000001cffa218c40 Exception <a 'sun/nio/fs/WindowsException'{0x0000000620e32c00}> (0x0000000620e32c00) 
thrown [s\src\hotspot\share\prims\jni.cpp, line 520]
Event: 0.393 Thread 0x000001cffa218c40 Exception <a 'sun/nio/fs/WindowsException'{0x0000000620e32fa8}> (0x0000000620e32fa8) 
thrown [s\src\hotspot\share\prims\jni.cpp, line 520]
Event: 0.396 Thread 0x000001cffa218c40 Exception <a 'sun/nio/fs/WindowsException'{0x0000000620e38100}> (0x0000000620e38100) 
thrown [s\src\hotspot\share\prims\jni.cpp, line 520]
Event: 0.397 Thread 0x000001cffa218c40 Exception <a 'sun/nio/fs/WindowsException'{0x0000000620e383e0}> (0x0000000620e383e0) 
thrown [s\src\hotspot\share\prims\jni.cpp, line 520]
Event: 0.660 Thread 0x000001cffa218c40 Exception <a 'java/lang/NoSuchMethodError'{0x0000000621062fd0}: 'void java.lang.System.load(java.lang.String, java.lang.Class)'> (0x0000000621062fd0) 
thrown [s\src\hotspot\share\interpreter\linkResolver.cpp, line 773]
Event: 0.661 Thread 0x000001cffa218c40 Exception <a 'java/lang/NoSuchMethodError'{0x0000000621065ab8}: 'void java.lang.System.loadLibrary(java.lang.String, java.lang.Class)'> (0x0000000621065ab8) 
thrown [s\src\hotspot\share\interpreter\linkResolver.cpp, line 773]
Event: 0.665 Thread 0x000001cffa218c40 Exception <a 'sun/nio/fs/WindowsException'{0x00000006210a8000}> (0x00000006210a8000) 
thrown [s\src\hotspot\share\prims\jni.cpp, line 520]
Event: 0.665 Thread 0x000001cffa218c40 Exception <a 'sun/nio/fs/WindowsException'{0x00000006210a8380}> (0x00000006210a8380) 
thrown [s\src\hotspot\share\prims\jni.cpp, line 520]

ZGC Phase Switch (0 events):
No events

VM Operations (6 events):
Event: 0.054 Executing VM operation: HandshakeAllThreads (Deoptimize)
Event: 0.054 Executing VM operation: HandshakeAllThreads (Deoptimize) done
Event: 0.605 Executing VM operation: HandshakeAllThreads (Deoptimize)
Event: 0.605 Executing VM operation: HandshakeAllThreads (Deoptimize) done
Event: 0.646 Executing VM operation: G1CollectForAllocation (G1 Evacuation Pause)
Event: 0.649 Executing VM operation: G1CollectForAllocation (G1 Evacuation Pause) done

Memory protections (0 events):
No events

Nmethod flushes (0 events):
No events

Events (20 events):
Event: 0.023 Thread 0x000001cffa218c40 Thread added: 0x000001cf99a09640
Event: 0.023 Thread 0x000001cffa218c40 Thread added: 0x000001cf99a09ea0
Event: 0.023 Thread 0x000001cffa218c40 Thread added: 0x000001cf99a0eb10
Event: 0.023 Thread 0x000001cffa218c40 Thread added: 0x000001cf99a11570
Event: 0.023 Thread 0x000001cffa218c40 Thread added: 0x000001cf99a0f2a0
Event: 0.023 Thread 0x000001cffa218c40 Thread added: 0x000001cf99a0fa30
Event: 0.023 Thread 0x000001cffa218c40 Thread added: 0x000001cf99a103c0
Event: 0.023 Thread 0x000001cffa218c40 Thread added: 0x000001cf99a10a60
Event: 0.026 Thread 0x000001cf99a10a60 Thread added: 0x000001cfde14d8c0
Event: 0.041 Thread 0x000001cffa218c40 Thread added: 0x000001cfde226ce0
Event: 0.044 Thread 0x000001cffa218c40 Thread added: 0x000001cfde22a770
Event: 0.409 Thread 0x000001cf99a10a60 Thread added: 0x000001cfde451200
Event: 0.601 Thread 0x000001cf99a10a60 Thread added: 0x000001cfe91f0800
Event: 0.601 Thread 0x000001cf99a10a60 Thread added: 0x000001cfdebf2490
Event: 0.608 Thread 0x000001cfdebf2490 Thread added: 0x000001cfe9363c30
Event: 0.609 Thread 0x000001cfde14d8c0 Thread added: 0x000001cfe93db200
Event: 0.612 Thread 0x000001cfde451200 Thread added: 0x000001cfe93dcd40
Event: 0.614 Thread 0x000001cfe93db200 Thread added: 0x000001cfe93db8d0
Event: 0.615 Thread 0x000001cfe93db200 Thread added: 0x000001cfe93dc670
Event: 0.617 Thread 0x000001cfe93dcd40 Thread added: 0x000001cfe93ddae0


Dynamic libraries:
0x00007ff763240000 - 0x00007ff76324e000 	C:\Users\mirek\.vscode\extensions\redhat.java-1.44.0-win32-x64\jre\21.0.8-win32-x86_64\bin\java.exe
0x00007ff8d3720000 - 0x00007ff8d3988000 	C:\WINDOWS\SYSTEM32\ntdll.dll
0x00007ff8d2720000 - 0x00007ff8d27e9000 	C:\WINDOWS\System32\KERNEL32.DLL
0x00007ff8d1010000 - 0x00007ff8d13fd000 	C:\WINDOWS\System32\KERNELBASE.dll
0x00007ff8d0a50000 - 0x00007ff8d0b9b000 	C:\WINDOWS\System32\ucrtbase.dll
0x00007ff8b5750000 - 0x00007ff8b576e000 	C:\Users\mirek\.vscode\extensions\redhat.java-1.44.0-win32-x64\jre\21.0.8-win32-x86_64\bin\VCRUNTIME140.dll
0x00007ff8bb1e0000 - 0x00007ff8bb1f8000 	C:\Users\mirek\.vscode\extensions\redhat.java-1.44.0-win32-x64\jre\21.0.8-win32-x86_64\bin\jli.dll
0x00007ff8d19a0000 - 0x00007ff8d1b6c000 	C:\WINDOWS\System32\USER32.dll
0x00007ff8d0d20000 - 0x00007ff8d0d47000 	C:\WINDOWS\System32\win32u.dll
0x00007ff8d32a0000 - 0x00007ff8d32cb000 	C:\WINDOWS\System32\GDI32.dll
0x00007ff8b7550000 - 0x00007ff8b77ea000 	C:\WINDOWS\WinSxS\amd64_microsoft.windows.common-controls_6595b64144ccf1df_6.0.26100.4484_none_3e0e6d4ce32ef3b3\COMCTL32.dll
0x00007ff8d0ed0000 - 0x00007ff8d1007000 	C:\WINDOWS\System32\gdi32full.dll
0x00007ff8d3450000 - 0x00007ff8d34f9000 	C:\WINDOWS\System32\msvcrt.dll
0x00007ff8d0910000 - 0x00007ff8d09b3000 	C:\WINDOWS\System32\msvcp_win.dll
0x00007ff8d2230000 - 0x00007ff8d225f000 	C:\WINDOWS\System32\IMM32.DLL
0x00007ff8cc1b0000 - 0x00007ff8cc1bc000 	C:\Users\mirek\.vscode\extensions\redhat.java-1.44.0-win32-x64\jre\21.0.8-win32-x86_64\bin\vcruntime140_1.dll
0x00007ff893330000 - 0x00007ff8933bd000 	C:\Users\mirek\.vscode\extensions\redhat.java-1.44.0-win32-x64\jre\21.0.8-win32-x86_64\bin\msvcp140.dll
0x00007ff841b10000 - 0x00007ff8428a7000 	C:\Users\mirek\.vscode\extensions\redhat.java-1.44.0-win32-x64\jre\21.0.8-win32-x86_64\bin\server\jvm.dll
0x00007ff8d2550000 - 0x00007ff8d2604000 	C:\WINDOWS\System32\ADVAPI32.dll
0x00007ff8d1fd0000 - 0x00007ff8d2076000 	C:\WINDOWS\System32\sechost.dll
0x00007ff8d2080000 - 0x00007ff8d2198000 	C:\WINDOWS\System32\RPCRT4.dll
0x00007ff8d26a0000 - 0x00007ff8d2714000 	C:\WINDOWS\System32\WS2_32.dll
0x00007ff8d06c0000 - 0x00007ff8d071e000 	C:\WINDOWS\SYSTEM32\POWRPROF.dll
0x00007ff8c8990000 - 0x00007ff8c899b000 	C:\WINDOWS\SYSTEM32\VERSION.dll
0x00007ff8c1f60000 - 0x00007ff8c1f95000 	C:\WINDOWS\SYSTEM32\WINMM.dll
0x00007ff8d06a0000 - 0x00007ff8d06b4000 	C:\WINDOWS\SYSTEM32\UMPDC.dll
0x00007ff8cf610000 - 0x00007ff8cf62b000 	C:\WINDOWS\SYSTEM32\kernel.appcore.dll
0x00007ff8cc110000 - 0x00007ff8cc11a000 	C:\Users\mirek\.vscode\extensions\redhat.java-1.44.0-win32-x64\jre\21.0.8-win32-x86_64\bin\jimage.dll
0x00007ff8b8b30000 - 0x00007ff8b8d71000 	C:\WINDOWS\SYSTEM32\DBGHELP.DLL
0x00007ff8d1b90000 - 0x00007ff8d1f16000 	C:\WINDOWS\System32\combase.dll
0x00007ff8d2280000 - 0x00007ff8d2360000 	C:\WINDOWS\System32\OLEAUT32.dll
0x00007ff8ae3d0000 - 0x00007ff8ae413000 	C:\WINDOWS\SYSTEM32\dbgcore.DLL
0x00007ff8d0870000 - 0x00007ff8d0909000 	C:\WINDOWS\System32\bcryptPrimitives.dll
0x00007ff8ae8b0000 - 0x00007ff8ae8cf000 	C:\Users\mirek\.vscode\extensions\redhat.java-1.44.0-win32-x64\jre\21.0.8-win32-x86_64\bin\java.dll
0x00007ff8d2a50000 - 0x00007ff8d319a000 	C:\WINDOWS\System32\SHELL32.dll
0x00007ff8d0ba0000 - 0x00007ff8d0d14000 	C:\WINDOWS\System32\wintypes.dll
0x00007ff8ce4f0000 - 0x00007ff8ced4b000 	C:\WINDOWS\SYSTEM32\windows.storage.dll
0x00007ff8d3350000 - 0x00007ff8d3445000 	C:\WINDOWS\System32\SHCORE.dll
0x00007ff8d21c0000 - 0x00007ff8d222a000 	C:\WINDOWS\System32\shlwapi.dll
0x00007ff8d0780000 - 0x00007ff8d07af000 	C:\WINDOWS\SYSTEM32\profapi.dll
0x00007ff8a0b30000 - 0x00007ff8a0b48000 	C:\Users\mirek\.vscode\extensions\redhat.java-1.44.0-win32-x64\jre\21.0.8-win32-x86_64\bin\zip.dll
0x00007ff8cc100000 - 0x00007ff8cc110000 	C:\Users\mirek\.vscode\extensions\redhat.java-1.44.0-win32-x64\jre\21.0.8-win32-x86_64\bin\net.dll
0x00007ff8c9320000 - 0x00007ff8c943e000 	C:\WINDOWS\SYSTEM32\WINHTTP.dll
0x00007ff8cfba0000 - 0x00007ff8cfc0a000 	C:\WINDOWS\system32\mswsock.dll
0x00007ff8a09d0000 - 0x00007ff8a09e6000 	C:\Users\mirek\.vscode\extensions\redhat.java-1.44.0-win32-x64\jre\21.0.8-win32-x86_64\bin\nio.dll
0x00007ff8b44a0000 - 0x00007ff8b4515000 	C:\Users\mirek\AppData\Local\Temp\lwjglmirek\3.3.1-build-7\lwjgl.dll
0x00007ff8b5ee0000 - 0x00007ff8b5f41000 	C:\Users\mirek\AppData\Local\Temp\lwjglmirek\3.3.1-build-7\glfw.dll
0x00007ff8abe50000 - 0x00007ff8abe9b000 	C:\WINDOWS\SYSTEM32\dinput8.dll
0x00007ff89ca00000 - 0x00007ff89ca12000 	C:\WINDOWS\SYSTEM32\xinput1_4.dll
0x00007ff8d03e0000 - 0x00007ff8d0437000 	C:\WINDOWS\SYSTEM32\cfgmgr32.dll
0x00007ff8d03b0000 - 0x00007ff8d03dd000 	C:\WINDOWS\SYSTEM32\DEVOBJ.dll
0x00007ff8cde40000 - 0x00007ff8cde76000 	C:\WINDOWS\SYSTEM32\dwmapi.dll
0x00007ff8ac620000 - 0x00007ff8ac803000 	C:\WINDOWS\SYSTEM32\inputhost.dll
0x00007ff8cd5e0000 - 0x00007ff8cd705000 	C:\WINDOWS\SYSTEM32\CoreMessaging.dll
0x00007ff8cdb20000 - 0x00007ff8cdbcf000 	C:\WINDOWS\system32\uxtheme.dll
0x00007ff8cfe70000 - 0x00007ff8cfe7c000 	C:\WINDOWS\SYSTEM32\CRYPTBASE.DLL
0x00007ff8d28e0000 - 0x00007ff8d2a40000 	C:\WINDOWS\System32\MSCTF.dll
0x00007ff8603d0000 - 0x00007ff8604e8000 	C:\WINDOWS\SYSTEM32\opengl32.dll
0x00007ff86a4a0000 - 0x00007ff86a4cd000 	C:\WINDOWS\SYSTEM32\GLU32.dll
0x00007ff8cdc20000 - 0x00007ff8cdc6d000 	C:\WINDOWS\SYSTEM32\dxcore.dll
0x00007ff8b7030000 - 0x00007ff8b704a000 	C:\WINDOWS\SYSTEM32\windows.staterepositorycore.dll
0x00007ff856cf0000 - 0x00007ff859634000 	C:\WINDOWS\System32\DriverStore\FileRepository\nv_dispi.inf_amd64_fe5f369669db2f36\nvoglv64.dll
0x00007ff8d1510000 - 0x00007ff8d1996000 	C:\WINDOWS\System32\SETUPAPI.dll
0x00007ff8d2370000 - 0x00007ff8d250e000 	C:\WINDOWS\System32\ole32.dll
0x00007ff8cd9f0000 - 0x00007ff8cda06000 	C:\WINDOWS\SYSTEM32\WTSAPI32.dll
0x00007ff8cff80000 - 0x00007ff8cff93000 	C:\WINDOWS\SYSTEM32\msasn1.dll
0x00007ff8c8540000 - 0x00007ff8c857b000 	C:\WINDOWS\SYSTEM32\cryptnet.dll
0x00007ff8d0d50000 - 0x00007ff8d0ec7000 	C:\WINDOWS\System32\CRYPT32.dll
0x00007ff8cff10000 - 0x00007ff8cff7b000 	C:\WINDOWS\SYSTEM32\wldp.dll
0x00007ff8c8200000 - 0x00007ff8c837c000 	C:\WINDOWS\SYSTEM32\drvstore.dll
0x00007ff8d09c0000 - 0x00007ff8d0a44000 	C:\WINDOWS\System32\WINTRUST.dll
0x00007ff8cf740000 - 0x00007ff8cf776000 	C:\WINDOWS\SYSTEM32\ntmarta.dll
0x00007ff8d2520000 - 0x00007ff8d2540000 	C:\WINDOWS\System32\imagehlp.dll
0x00007ff8cfe50000 - 0x00007ff8cfe6b000 	C:\WINDOWS\SYSTEM32\CRYPTSP.dll
0x00007ff8cf570000 - 0x00007ff8cf5ab000 	C:\WINDOWS\system32\rsaenh.dll
0x00007ff8d0750000 - 0x00007ff8d0776000 	C:\WINDOWS\SYSTEM32\bcrypt.dll
0x00007ff8c3720000 - 0x00007ff8c74b2000 	C:\WINDOWS\System32\DriverStore\FileRepository\nv_dispi.inf_amd64_fe5f369669db2f36\nvgpucomp64.dll
0x00007ff8a2d70000 - 0x00007ff8a3084000 	C:\WINDOWS\system32\nvspcap64.dll
0x00007ff8d0470000 - 0x00007ff8d04d7000 	C:\WINDOWS\SYSTEM32\WINSTA.dll
0x00007ff8c7860000 - 0x00007ff8c79b0000 	C:\WINDOWS\SYSTEM32\textinputframework.dll
0x00007ff8c9980000 - 0x00007ff8c9c63000 	C:\WINDOWS\SYSTEM32\CoreUIComponents.dll
0x00007ff8b4440000 - 0x00007ff8b449d000 	C:\Users\mirek\AppData\Local\Temp\lwjglmirek\3.3.1-build-7\lwjgl_opengl.dll
0x00007ff8a8cb0000 - 0x00007ff8a8cc0000 	C:\Users\mirek\.vscode\extensions\redhat.java-1.44.0-win32-x64\jre\21.0.8-win32-x86_64\bin\verify.dll
0x00007ff8b4350000 - 0x00007ff8b43d1000 	C:\Users\mirek\AppData\Local\Temp\lwjglmirek\3.3.1-build-7\lwjgl_stb.dll

JVMTI agents: none

dbghelp: loaded successfully - version: 4.0.5 - missing functions: none
symbol engine: initialized successfully - sym options: 0x614 - pdb path: .;C:\Users\mirek\.vscode\extensions\redhat.java-1.44.0-win32-x64\jre\21.0.8-win32-x86_64\bin;C:\WINDOWS\SYSTEM32;C:\WINDOWS\WinSxS\amd64_microsoft.windows.common-controls_6595b64144ccf1df_6.0.26100.4484_none_3e0e6d4ce32ef3b3;C:\Users\mirek\.vscode\extensions\redhat.java-1.44.0-win32-x64\jre\21.0.8-win32-x86_64\bin\server;C:\Users\mirek\AppData\Local\Temp\lwjglmirek\3.3.1-build-7;C:\WINDOWS\System32\DriverStore\FileRepository\nv_dispi.inf_amd64_fe5f369669db2f36

VM Arguments:
jvm_args: -Dfile.encoding=UTF-8 -Duser.country=DE -Duser.language=de -Duser.variant 
java_command: engine.Main
java_class_path (initial): C:\Users\mirek\Desktop\Programming Stuff\OpenGL\Mian Engine\Mian-engine-v1\build\classes\java\main;C:\Users\mirek\Desktop\Programming Stuff\OpenGL\Mian Engine\Mian-engine-v1\build\resources\main;C:\Users\mirek\.gradle\caches\modules-2\files-2.1\org.lwjgl\lwjgl-glfw\3.3.1\cbac1b8d30cb4795149c1ef540f912671a8616d0\lwjgl-glfw-3.3.1.jar;C:\Users\mirek\.gradle\caches\modules-2\files-2.1\org.lwjgl\lwjgl-glfw\3.3.1\ed892f945cf7e79c8756796f32d00fa4ceaf573b\lwjgl-glfw-3.3.1-natives-windows.jar;C:\Users\mirek\.gradle\caches\modules-2\files-2.1\org.lwjgl\lwjgl-opengl\3.3.1\831a5533a21a5f4f81bbc51bb13e9899319b5411\lwjgl-opengl-3.3.1.jar;C:\Users\mirek\.gradle\caches\modules-2\files-2.1\org.lwjgl\lwjgl-opengl\3.3.1\c1807e9bd571402787d7e37e3029776ae2513bb8\lwjgl-opengl-3.3.1-natives-windows.jar;C:\Users\mirek\.gradle\caches\modules-2\files-2.1\org.lwjgl\lwjgl-stb\3.3.1\b119297cf8ed01f247abe8685857f8e7fcf5980f\lwjgl-stb-3.3.1.jar;C:\Users\mirek\.gradle\caches\modules-2\files-2.1\org.lwjgl\lwjgl-stb\3.3.1\86315914ac119efdb02dc9e8e978ade84f1702af\lwjgl-stb-3.3.1-natives-windows.jar;C:\Users\mirek\.gradle\caches\modules-2\files-2.1\org.lwjgl\lwjgl\3.3.1\ae58664f88e18a9bb2c77b063833ca7aaec484cb\lwjgl-3.3.1.jar;C:\Users\mirek\.gradle\caches\modules-2\files-2.1\org.lwjgl\lwjgl\3.3.1\36c37f16ab611b3aa11f3bcf80b1d509b4ce6b\lwjgl-3.3.1-natives-windows.jar;C:\Users\mirek\.gradle\caches\modules-2\files-2.1\org.joml\joml\1.10.5\22566d58af70ad3d72308bab63b8339906deb649\joml-1.10.5.jar
Launcher Type: SUN_STANDARD

[Global flags]
     intx CICompilerCount                          = 12                                        {product} {ergonomic}
     uint ConcGCThreads                            = 5                                         {product} {ergonomic}
     uint G1ConcRefinementThreads                  = 18                                        {product} {ergonomic}
   size_t G1HeapRegionSize                         = 4194304                                   {product} {ergonomic}
    uintx GCDrainStackTargetSize                   = 64                                        {product} {ergonomic}
   size_t InitialHeapSize                          = 536870912                                 {product} {ergonomic}
   size_t MarkStackSize                            = 4194304                                   {product} {ergonomic}
   size_t MaxHeapSize                              = 8568963072                                {product} {ergonomic}
   size_t MaxNewSize                               = 5138022400                                {product} {ergonomic}
   size_t MinHeapDeltaBytes                        = 4194304                                   {product} {ergonomic}
   size_t MinHeapSize                              = 8388608                                   {product} {ergonomic}
    uintx NonNMethodCodeHeapSize                   = 7602480                                {pd product} {ergonomic}
    uintx NonProfiledCodeHeapSize                  = 122027880                              {pd product} {ergonomic}
    uintx ProfiledCodeHeapSize                     = 122027880                              {pd product} {ergonomic}
    uintx ReservedCodeCacheSize                    = 251658240                              {pd product} {ergonomic}
     bool SegmentedCodeCache                       = true                                      {product} {ergonomic}
   size_t SoftMaxHeapSize                          = 8568963072                             {manageable} {ergonomic}
     bool UseCompressedOops                        = true                           {product lp64_product} {ergonomic}
     bool UseG1GC                                  = true                                      {product} {ergonomic}
     bool UseLargePagesIndividualAllocation        = false                                  {pd product} {ergonomic}

Logging:
Log output configuration:
 #0: stdout all=warning uptime,level,tags foldmultilines=false
 #1: stderr all=off uptime,level,tags foldmultilines=false

Environment Variables:
JAVA_HOME=C:\Users\mirek\.jdks\corretto-1.8.0_442
CLASSPATH=c:\Users\mirek\.vscode\extensions\vscjava.vscode-gradle-3.16.4\lib\gradle-server.jar
PATH=;C:\Program Files\Common Files\Oracle\Java\javapath;C:\Program Files (x86)\Common Files\Oracle\Java\java8path;C:\Program Files (x86)\Common Files\Oracle\Java\javapath;C:\Program Files\Microsoft MPI\Bin\;C:\Program Files\Eclipse Adoptium\jdk-21.0.3.9-hotspot\bin;C:\Python312\Scripts\;C:\Python312\;C:\Program Files (x86)\Razer Chroma SDK\bin;C:\Program Files\Razer Chroma SDK\bin;C:\Program Files (x86)\Razer\ChromaBroadcast\bin;C:\Program Files\Razer\ChromaBroadcast\bin;C:\Program Files\Eclipse Adoptium\jdk-17.0.10.7-hotspot\bin;C:\Windows\system32;C:\Windows;C:\Windows\System32\Wbem;C:\Windows\System32\WindowsPowerShell\v1.0\;C:\Windows\System32\OpenSSH\;C:\Program Files\dotnet\;C:\Windows\system32\config\systemprofile\AppData\Local\Microsoft\WindowsApps;C:\Users\mirek\AppData\Local\Microsoft\WindowsApps;D:\Microsoft VS Code\bin;D:\IntelliJ IDEA Community Edition 2023.3.6\bin;C:\Users\mirek\.dotnet\tools;C:\Program Files\nodejs\;C:\ProgramData\chocolatey\bin;C:\Program Files\Git\cmd;C:\Program Files\Microsoft SQL Server\150\Tools\Binn\;C:\Program Files\Microsoft SQL Server\Client SDK\ODBC\170\Tools\Binn\;C:\msys64\mingw64\bin;;C:\WINDOWS\system32;C:\WINDOWS;C:\WINDOWS\System32\Wbem;C:\WINDOWS\System32\WindowsPowerShell\v1.0\;C:\WINDOWS\System32\OpenSSH\;C:\Program Files\NVIDIA Corporation\NVIDIA App\NvDLISR;C:\Program Files (x86)\NVIDIA Corporation\PhysX\Common;C:\Users\mirek\.cargo\bin;C:\Users\mirek\AppData\Local\Programs\Python\Python311\Scripts\;C:\Users\mirek\AppData\Local\Programs\Python\Python311\;C:\Users\mirek\AppData\Local\Microsoft\WindowsApps;D:\Microsoft VS Code\bin;D:\IntelliJ IDEA Community Edition 2023.3.6\bin;;C:\Users\mirek\.dotnet\tools;C:\Users\mirek\AppData\Roaming\npm;C:\Users\mirek\AppData\Local\Muse Hub\lib;C:\msys64\mingw64\bin;C:\ffmpeg\bin;C:\Gradle\gradle-8.12-all\gradle-8.12\bin;C:\Program Files (x86)\Atmel\Flip 3.4.7\bin;C:\Program Files (x86)\Nmap;C:\maven\bin;C:\Users\mirek\AppData\Local\Microsoft\WinGet\Packages\Microsoft.devtunnel_Microsoft.Winget.Source_8wekyb3d8bbwe;C:\Program Files\NVIDIA GPU Computing Toolkit\CUDA\v11.8\bin;C:\Program Files\NVIDIA GPU Computing Toolkit\CUDA\v11.8\lib\x64;
USERNAME=mirek
OS=Windows_NT
PROCESSOR_IDENTIFIER=AMD64 Family 25 Model 33 Stepping 2, AuthenticAMD
TMP=C:\Users\mirek\AppData\Local\Temp
TEMP=C:\Users\mirek\AppData\Local\Temp




Periodic native trim disabled

---------------  S Y S T E M  ---------------

OS:
 Windows 11 , 64 bit Build 26100 (10.0.26100.4484)
OS uptime: 2 days 14:47 hours

CPU: total 24 (initial active 24) (24 cores per cpu, 2 threads per core) family 25 model 33 stepping 2 microcode 0xa201213, cx8, cmov, fxsr, ht, mmx, 3dnowpref, sse, sse2, sse3, ssse3, sse4a, sse4.1, sse4.2, popcnt, lzcnt, tsc, tscinvbit, avx, avx2, aes, erms, clmul, bmi1, bmi2, adx, sha, fma, vzeroupper, clflush, clflushopt, rdtscp, rdpid, fsrm, f16c, pku, cet_ss
Processor Information for the first 24 processors :
  Max Mhz: 3701, Current Mhz: 3701, Mhz Limit: 3701

Memory: 4k page, system-wide physical 32681M (15449M free)
TotalPageFile size 43945M (AvailPageFile size 18708M)
current process WorkingSet (physical memory assigned to process): 139M, peak: 152M
current process commit charge ("private bytes"): 729M, peak: 742M

vm_info: OpenJDK 64-Bit Server VM (21.0.8+9-LTS) for windows-amd64 JRE (21.0.8+9-LTS), built on 2025-07-15T00:00:00Z by "admin" with MS VC++ 17.7 (VS2022)

END.
