#
# A fatal error has been detected by the Java Runtime Environment:
#
#  EXCEPTION_ACCESS_VIOLATION (0xc0000005) at pc=0x0000024ac1d6cb5d, pid=30820, tid=32568
#
# JRE version: OpenJDK Runtime Environment Temurin-21.0.3+9 (21.0.3+9) (build 21.0.3+9-LTS)
# Java VM: OpenJDK 64-Bit Server VM Temurin-21.0.3+9 (21.0.3+9-LTS, mixed mode, sharing, tiered, compressed oops, compressed class ptrs, g1 gc, windows-amd64)
# Problematic frame:
# J 659 c2 sun.misc.Unsafe.putLong(Ljava/lang/Object;JJ)V jdk.unsupported@21.0.3 (11 bytes) @ 0x0000024ac1d6cb5d [0x0000024ac1d6cb20+0x000000000000003d]
#
# No core dump will be written. Minidumps are not enabled by default on client versions of Windows
#
# If you would like to submit a bug report, please visit:
#   https://github.com/adoptium/adoptium-support/issues
#

---------------  S U M M A R Y ------------

Command Line: -XX:+ShowCodeDetailsInExceptionMessages engine.Main

Host: AMD Ryzen 9 5900X 12-Core Processor            , 24 cores, 31G,  Windows 11 , 64 bit Build 26100 (10.0.26100.4484)
Time: Mon Aug 25 11:09:05 2025 Mitteleuropäische Sommerzeit elapsed time: 1.783456 seconds (0d 0h 0m 1s)

---------------  T H R E A D  ---------------

Current thread (0x0000024aaf695c60):  JavaThread "main"             [_thread_in_Java, id=32568, stack(0x000000ab51400000,0x000000ab51500000) (1024K)]

Stack: [0x000000ab51400000,0x000000ab51500000],  sp=0x000000ab514ff530,  free space=1021k
Native frames: (J=compiled Java code, j=interpreted, Vv=VM code, C=native code)
C  0x0000024ac1d6cb5d

The last pc belongs to nmethod (printed below).

siginfo: EXCEPTION_ACCESS_VIOLATION (0xc0000005), writing address 0x0000000000000010


Registers:
RAX=0x0000024b191395e0, RBX=0x0000024b191395e0, RCX=0x000000060ed0f7c0, RDX=0x000000060ed0f7c0
RSP=0x000000ab514ff530, RBP=0x000000ab514ff5c8, RSI=0x0000024b23959f38, RDI=0x0000000041200000
R8 =0x0000000000000000, R9 =0x0000000000000010, R10=0x0000000000000000, R11=0x0000024ac1d6cb40
R12=0x0000000000000000, R13=0x000000ab514ff550, R14=0x000000ab514ff5f0, R15=0x0000024aaf695c60
RIP=0x0000024ac1d6cb5d, EFLAGS=0x0000000000010246


Register to memory mapping:

RAX={method} {0x0000024b191395e8} 'putLong' '(Ljava/lang/Object;JJ)V' in 'sun/misc/Unsafe'
RBX={method} {0x0000024b191395e8} 'putLong' '(Ljava/lang/Object;JJ)V' in 'sun/misc/Unsafe'
RCX=0x000000060ed0f7c0 is an oop: sun.misc.Unsafe 
{0x000000060ed0f7c0} - klass: 'sun/misc/Unsafe'
 - ---- fields (total size 2 words):
RDX=0x000000060ed0f7c0 is an oop: sun.misc.Unsafe 
{0x000000060ed0f7c0} - klass: 'sun/misc/Unsafe'
 - ---- fields (total size 2 words):
RSP=0x000000ab514ff530 is pointing into the stack for thread: 0x0000024aaf695c60
RBP=0x000000ab514ff5c8 is pointing into the stack for thread: 0x0000024aaf695c60
RSI=0x0000024b23959f38 points into unknown readable memory: 0x88003300ad876818 | 18 68 87 ad 00 33 00 88
RDI=0x0000000041200000 is an unknown value
R8 =0x0 is null
R9 =0x0000000000000010 is an unknown value
R10=0x0 is null
R11=0x0000024ac1d6cb40 is at entry_point+32 in (nmethod*)0x0000024ac1d6c990
Compiled method (c2)    1802  659       4       sun.misc.Unsafe::putLong (11 bytes)
 total in heap  [0x0000024ac1d6c990,0x0000024ac1d6cbe0] = 592
 relocation     [0x0000024ac1d6caf0,0x0000024ac1d6cb08] = 24
 main code      [0x0000024ac1d6cb20,0x0000024ac1d6cb98] = 120
 stub code      [0x0000024ac1d6cb98,0x0000024ac1d6cbb0] = 24
 scopes data    [0x0000024ac1d6cbb0,0x0000024ac1d6cbb8] = 8
 scopes pcs     [0x0000024ac1d6cbb8,0x0000024ac1d6cbd8] = 32
 dependencies   [0x0000024ac1d6cbd8,0x0000024ac1d6cbe0] = 8
R12=0x0 is null
R13=0x000000ab514ff550 is pointing into the stack for thread: 0x0000024aaf695c60
R14=0x000000ab514ff5f0 is pointing into the stack for thread: 0x0000024aaf695c60
R15=0x0000024aaf695c60 is a thread

Top of Stack: (sp=0x000000ab514ff530)
0x000000ab514ff530:   000000ab514ff5c8 0000024ac15f893e
0x000000ab514ff540:   000000ab514ff5c8 0000024ac15f8860
0x000000ab514ff550:   0000000041200000 0000000000000000
0x000000ab514ff560:   0000000000000010 0000000000000000
0x000000ab514ff570:   0000000000000000 000000060ed0f7c0
0x000000ab514ff580:   000000ab514ff580 0000024b197e8c79
0x000000ab514ff590:   0000000000000005 0000024b197fba00
0x000000ab514ff5a0:   0000000000000000 000000061177b480
0x000000ab514ff5b0:   0000024b197e8cb8 000000ab514ff550
0x000000ab514ff5c0:   000000ab514ff5e0 000000ab514ff640
0x000000ab514ff5d0:   0000024ac15f8860 0000000000000000
0x000000ab514ff5e0:   0000000000000010 0000000000000000
0x000000ab514ff5f0:   0000000611127ba8 000000ab514ff5f8
0x000000ab514ff600:   0000024b197ef274 0000000000000005
0x000000ab514ff610:   0000024b197fba00 0000000000000000
0x000000ab514ff620:   000000061177b480 0000024b197ef2b8
0x000000ab514ff630:   000000ab514ff5e0 000000ab514ff650
0x000000ab514ff640:   000000ab514ff6b8 0000024ac15f8860
0x000000ab514ff650:   0000000611127ca0 0000000000000000
0x000000ab514ff660:   0000000611127ba8 00000006111254a0
0x000000ab514ff670:   000000ab514ff670 0000024b19772239
0x000000ab514ff680:   0000000000000003 0000024b197a2bf8
0x000000ab514ff690:   0000000000000000 00000006116e2118
0x000000ab514ff6a0:   0000024b19772260 000000ab514ff650
0x000000ab514ff6b0:   000000ab514ff6c8 000000ab514ff720
0x000000ab514ff6c0:   0000024ac15f89d2 0000000611127ca0
0x000000ab514ff6d0:   0000000611127ba8 000000ab514ff6d8
0x000000ab514ff6e0:   0000024b195a1330 0000000000000003
0x000000ab514ff6f0:   0000024b195a8000 0000000000000000
0x000000ab514ff700:   000000060ee57c68 0000024b195a1360
0x000000ab514ff710:   000000ab514ff6c8 000000ab514ff738
0x000000ab514ff720:   000000ab514ff798 0000024ac15f89d2 

Instructions: (pc=0x0000024ac1d6cb5d)
0x0000024ac1d6ca5d:   00 00 00 00 00 00 00 00 00 00 00 00 00 00 00 00
0x0000024ac1d6ca6d:   00 00 00 20 cb d6 c1 4a 02 00 00 40 cb d6 c1 4a
0x0000024ac1d6ca7d:   02 00 00 20 cb d6 c1 4a 02 00 00 00 00 00 00 00
0x0000024ac1d6ca8d:   00 00 00 ff ff ff ff 08 02 00 00 ff ff ff ff 90
0x0000024ac1d6ca9d:   01 00 00 08 02 00 00 20 02 00 00 20 02 00 00 00
0x0000024ac1d6caad:   00 00 00 28 02 00 00 48 02 00 00 50 02 00 00 50
0x0000024ac1d6cabd:   02 00 00 50 02 00 00 50 02 00 00 50 02 00 00 00
0x0000024ac1d6cacd:   00 00 00 93 02 00 00 02 00 00 00 ff ff ff ff ff
0x0000024ac1d6cadd:   ff ff ff 04 02 00 00 00 00 00 00 00 00 00 00 00
0x0000024ac1d6caed:   00 00 00 14 30 32 58 0e 78 0e 40 11 31 05 31 0e
0x0000024ac1d6cafd:   00 00 31 0f 31 00 00 00 00 00 00 00 00 00 00 00
0x0000024ac1d6cb0d:   00 00 00 00 00 00 00 00 00 00 00 00 00 00 00 00
0x0000024ac1d6cb1d:   00 00 00 44 8b 52 08 49 bb 00 00 00 d8 4a 02 00
0x0000024ac1d6cb2d:   00 4d 03 d3 49 3b c2 0f 85 46 1c 8d ff 66 90 0f
0x0000024ac1d6cb3d:   1f 40 00 48 81 ec 18 00 00 00 48 89 6c 24 10 41
0x0000024ac1d6cb4d:   81 7f 20 01 00 00 00 0f 85 30 00 00 00 4d 8b d0
0x0000024ac1d6cb5d:   4b 89 3c 0a 48 83 c4 10 5d 49 3b a7 50 04 00 00
0x0000024ac1d6cb6d:   0f 87 01 00 00 00 c3 49 ba 66 cb d6 c1 4a 02 00
0x0000024ac1d6cb7d:   00 4d 89 97 68 04 00 00 e9 76 8b 8d ff e8 d1 81
0x0000024ac1d6cb8d:   8b ff e9 c6 ff ff ff f4 f4 f4 f4 e9 e3 fb 99 ff
0x0000024ac1d6cb9d:   e8 00 00 00 00 48 83 2c 24 05 e9 f4 7d 8d ff f4
0x0000024ac1d6cbad:   f4 f4 f4 ff 00 00 00 00 00 00 00 ff ff ff ff 00
0x0000024ac1d6cbbd:   00 00 00 00 00 00 00 00 00 00 00 91 00 00 00 00
0x0000024ac1d6cbcd:   00 00 00 00 00 00 00 00 00 00 00 00 00 00 00 00
0x0000024ac1d6cbdd:   00 00 00 00 00 00 00 00 00 00 00 00 00 00 00 00
0x0000024ac1d6cbed:   00 00 00 00 00 00 00 00 00 00 00 00 00 00 00 00
0x0000024ac1d6cbfd:   00 00 00 00 00 00 00 00 00 00 00 00 00 00 00 00
0x0000024ac1d6cc0d:   00 00 00 00 00 00 00 00 00 00 00 00 00 00 00 00
0x0000024ac1d6cc1d:   00 00 00 00 00 00 00 00 00 00 00 00 00 00 00 00
0x0000024ac1d6cc2d:   00 00 00 00 00 00 00 00 00 00 00 00 00 00 00 00
0x0000024ac1d6cc3d:   00 00 00 00 00 00 00 00 00 00 00 00 00 00 00 00
0x0000024ac1d6cc4d:   00 00 00 00 00 00 00 00 00 00 00 00 00 00 00 00 


Stack slot to memory mapping:

stack at sp + 0 slots: 0x000000ab514ff5c8 is pointing into the stack for thread: 0x0000024aaf695c60
stack at sp + 1 slots: 0x0000024ac15f893e is at code_begin+1406 in an Interpreter codelet
return entry points  [0x0000024ac15f83c0, 0x0000024ac15f8f60]  2976 bytes
stack at sp + 2 slots: 0x000000ab514ff5c8 is pointing into the stack for thread: 0x0000024aaf695c60
stack at sp + 3 slots: 0x0000024ac15f8860 is at code_begin+1184 in an Interpreter codelet
return entry points  [0x0000024ac15f83c0, 0x0000024ac15f8f60]  2976 bytes
stack at sp + 4 slots: 0x0000000041200000 is an unknown value
stack at sp + 5 slots: 0x0 is null
stack at sp + 6 slots: 0x0000000000000010 is an unknown value
stack at sp + 7 slots: 0x0 is null


Compiled method (c2)    1818  659       4       sun.misc.Unsafe::putLong (11 bytes)
 total in heap  [0x0000024ac1d6c990,0x0000024ac1d6cbe0] = 592
 relocation     [0x0000024ac1d6caf0,0x0000024ac1d6cb08] = 24
 main code      [0x0000024ac1d6cb20,0x0000024ac1d6cb98] = 120
 stub code      [0x0000024ac1d6cb98,0x0000024ac1d6cbb0] = 24
 scopes data    [0x0000024ac1d6cbb0,0x0000024ac1d6cbb8] = 8
 scopes pcs     [0x0000024ac1d6cbb8,0x0000024ac1d6cbd8] = 32
 dependencies   [0x0000024ac1d6cbd8,0x0000024ac1d6cbe0] = 8

[Constant Pool (empty)]

[MachCode]
[Entry Point]
  # {method} {0x0000024b191395e8} 'putLong' '(Ljava/lang/Object;JJ)V' in 'sun/misc/Unsafe'
  # this:     rdx:rdx   = 'sun/misc/Unsafe'
  # parm0:    r8:r8     = 'java/lang/Object'
  # parm1:    r9:r9     = long
  # parm2:    rdi:rdi   = long
  #           [sp+0x20]  (sp of caller)
  0x0000024ac1d6cb20: 448b 5208 | 49bb 0000 | 00d8 4a02 | 0000 4d03 | d349 3bc2 

  0x0000024ac1d6cb34: ;   {runtime_call ic_miss_stub}
  0x0000024ac1d6cb34: 0f85 461c | 8dff 6690 | 0f1f 4000 
[Verified Entry Point]
  0x0000024ac1d6cb40: 4881 ec18 | 0000 0048 | 896c 2410 | 4181 7f20 | 0100 0000 | 0f85 3000 | 0000 4d8b | d04b 893c 
  0x0000024ac1d6cb60: 0a48 83c4 

  0x0000024ac1d6cb64: ;   {poll_return}
  0x0000024ac1d6cb64: 105d 493b | a750 0400 | 000f 8701 | 0000 00c3 

  0x0000024ac1d6cb74: ;   {internal_word}
  0x0000024ac1d6cb74: 49ba 66cb | d6c1 4a02 | 0000 4d89 | 9768 0400 

  0x0000024ac1d6cb84: ;   {runtime_call SafepointBlob}
  0x0000024ac1d6cb84: 00e9 768b 

  0x0000024ac1d6cb88: ;   {runtime_call StubRoutines (final stubs)}
  0x0000024ac1d6cb88: 8dff e8d1 | 818b ffe9 | c6ff ffff | f4f4 f4f4 
[Exception Handler]
  0x0000024ac1d6cb98: ;   {no_reloc}
  0x0000024ac1d6cb98: e9e3 fb99 | ffe8 0000 | 0000 4883 

  0x0000024ac1d6cba4: ;   {runtime_call DeoptimizationBlob}
  0x0000024ac1d6cba4: 2c24 05e9 | f47d 8dff | f4f4 f4f4 
[/MachCode]


---------------  P R O C E S S  ---------------

Threads class SMR info:
_java_thread_list=0x0000024ad78208d0, length=15, elements={
0x0000024aaf695c60, 0x0000024ad4226b20, 0x0000024ad42281f0, 0x0000024ad422afc0,
0x0000024ad75d1fb0, 0x0000024ad75d3580, 0x0000024ad75d4c80, 0x0000024ad75d73f0,
0x0000024ad75ede50, 0x0000024ad75ee520, 0x0000024ad7783590, 0x0000024ad778bdd0,
0x0000024ad75eebf0, 0x0000024ad75ed780, 0x0000024ad75ef2c0
}

Java Threads: ( => current thread )
=>0x0000024aaf695c60 JavaThread "main"                              [_thread_in_Java, id=32568, stack(0x000000ab51400000,0x000000ab51500000) (1024K)]
  0x0000024ad4226b20 JavaThread "Reference Handler"          daemon [_thread_blocked, id=26644, stack(0x000000ab51c00000,0x000000ab51d00000) (1024K)]
  0x0000024ad42281f0 JavaThread "Finalizer"                  daemon [_thread_blocked, id=31092, stack(0x000000ab51d00000,0x000000ab51e00000) (1024K)]
  0x0000024ad422afc0 JavaThread "Signal Dispatcher"          daemon [_thread_blocked, id=29544, stack(0x000000ab51e00000,0x000000ab51f00000) (1024K)]
  0x0000024ad75d1fb0 JavaThread "Attach Listener"            daemon [_thread_blocked, id=29316, stack(0x000000ab51f00000,0x000000ab52000000) (1024K)]
  0x0000024ad75d3580 JavaThread "Service Thread"             daemon [_thread_blocked, id=10652, stack(0x000000ab52000000,0x000000ab52100000) (1024K)]
  0x0000024ad75d4c80 JavaThread "Monitor Deflation Thread"   daemon [_thread_blocked, id=20944, stack(0x000000ab52100000,0x000000ab52200000) (1024K)]
  0x0000024ad75d73f0 JavaThread "C2 CompilerThread0"         daemon [_thread_blocked, id=20560, stack(0x000000ab52200000,0x000000ab52300000) (1024K)]
  0x0000024ad75ede50 JavaThread "C1 CompilerThread0"         daemon [_thread_blocked, id=29556, stack(0x000000ab52300000,0x000000ab52400000) (1024K)]
  0x0000024ad75ee520 JavaThread "C1 CompilerThread1"         daemon [_thread_blocked, id=33704, stack(0x000000ab52400000,0x000000ab52500000) (1024K)]
  0x0000024ad7783590 JavaThread "Notification Thread"        daemon [_thread_blocked, id=11528, stack(0x000000ab52500000,0x000000ab52600000) (1024K)]
  0x0000024ad778bdd0 JavaThread "Common-Cleaner"             daemon [_thread_blocked, id=22916, stack(0x000000ab52600000,0x000000ab52700000) (1024K)]
  0x0000024ad75eebf0 JavaThread "C1 CompilerThread2"         daemon [_thread_blocked, id=27540, stack(0x000000ab52700000,0x000000ab52800000) (1024K)]
  0x0000024ad75ed780 JavaThread "C1 CompilerThread3"         daemon [_thread_blocked, id=20704, stack(0x000000ab52f00000,0x000000ab53000000) (1024K)]
  0x0000024ad75ef2c0 JavaThread "C2 CompilerThread1"         daemon [_thread_blocked, id=33000, stack(0x000000ab53000000,0x000000ab53100000) (1024K)]
Total: 15

Other Threads:
  0x0000024aaf670f90 VMThread "VM Thread"                           [id=7956, stack(0x000000ab51b00000,0x000000ab51c00000) (1024K)]
  0x0000024ad75d1180 WatcherThread "VM Periodic Task Thread"        [id=18928, stack(0x000000ab51a00000,0x000000ab51b00000) (1024K)]
  0x0000024aaf670850 WorkerThread "GC Thread#0"                     [id=5896, stack(0x000000ab51500000,0x000000ab51600000) (1024K)]
  0x0000024aaf6716d0 WorkerThread "GC Thread#1"                     [id=29320, stack(0x000000ab53700000,0x000000ab53800000) (1024K)]
  0x0000024b23cd9c20 WorkerThread "GC Thread#2"                     [id=30940, stack(0x000000ab53800000,0x000000ab53900000) (1024K)]
  0x0000024b23cdc7a0 WorkerThread "GC Thread#3"                     [id=14736, stack(0x000000ab53900000,0x000000ab53a00000) (1024K)]
  0x0000024b23cd9880 WorkerThread "GC Thread#4"                     [id=25900, stack(0x000000ab53a00000,0x000000ab53b00000) (1024K)]
  0x0000024b23cdc060 WorkerThread "GC Thread#5"                     [id=9904, stack(0x000000ab53b00000,0x000000ab53c00000) (1024K)]
  0x0000024b23cdcb40 WorkerThread "GC Thread#6"                     [id=22384, stack(0x000000ab53c00000,0x000000ab53d00000) (1024K)]
  0x0000024b23cd9fc0 WorkerThread "GC Thread#7"                     [id=20064, stack(0x000000ab53d00000,0x000000ab53e00000) (1024K)]
  0x0000024b23cdc400 WorkerThread "GC Thread#8"                     [id=32924, stack(0x000000ab53e00000,0x000000ab53f00000) (1024K)]
  0x0000024b23cdb1e0 WorkerThread "GC Thread#9"                     [id=9972, stack(0x000000ab53f00000,0x000000ab54000000) (1024K)]
  0x0000024b23cdbcc0 WorkerThread "GC Thread#10"                    [id=22136, stack(0x000000ab54000000,0x000000ab54100000) (1024K)]
  0x0000024b23cdb580 WorkerThread "GC Thread#11"                    [id=25412, stack(0x000000ab54100000,0x000000ab54200000) (1024K)]
  0x0000024ad40734a0 ConcurrentGCThread "G1 Main Marker"            [id=4216, stack(0x000000ab51600000,0x000000ab51700000) (1024K)]
  0x0000024aaf671a70 WorkerThread "G1 Conc#0"                       [id=10740, stack(0x000000ab51700000,0x000000ab51800000) (1024K)]
  0x0000024ad4127c10 ConcurrentGCThread "G1 Refine#0"               [id=33588, stack(0x000000ab51800000,0x000000ab51900000) (1024K)]
  0x0000024ad412a2e0 ConcurrentGCThread "G1 Service"                [id=14104, stack(0x000000ab51900000,0x000000ab51a00000) (1024K)]
Total: 18

Threads with active compile tasks:
Total: 0

VM state: not at safepoint (normal execution)

VM Mutex/Monitor currently owned by a thread: None

Heap address: 0x0000000601400000, size: 8172 MB, Compressed Oops mode: Zero based, Oop shift amount: 3

CDS archive(s) mapped at: [0x0000024ad8000000-0x0000024ad8c90000-0x0000024ad8c90000), size 13172736, SharedBaseAddress: 0x0000024ad8000000, ArchiveRelocationMode: 1.
Compressed class space mapped at: 0x0000024ad9000000-0x0000024b19000000, reserved size: 1073741824
Narrow klass base: 0x0000024ad8000000, Narrow klass shift: 0, Narrow klass range: 0x100000000

GC Precious Log:
 CardTable entry size: 512
 Card Set container configuration: InlinePtr #cards 4 size 8 Array Of Cards #cards 32 size 80 Howl #buckets 8 coarsen threshold 7372 Howl Bitmap #cards 1024 size 144 coarsen threshold 921 Card regions per heap region 1 cards per card region 8192
 CPUs: 24 total, 24 available
 Memory: 32681M
 Large Page Support: Disabled
 NUMA Support: Disabled
 Compressed Oops: Enabled (Zero based)
 Heap Region Size: 4M
 Heap Min Capacity: 8M
 Heap Initial Capacity: 512M
 Heap Max Capacity: 8172M
 Pre-touch: Disabled
 Parallel Workers: 18
 Concurrent Workers: 5
 Concurrent Refinement Workers: 18
 Periodic GC: Disabled

Heap:
 garbage-first heap   total 524288K, used 443106K [0x0000000601400000, 0x0000000800000000)
  region size 4096K, 73 young (299008K), 8 survivors (32768K)
 Metaspace       used 7586K, committed 7744K, reserved 1114112K
  class space    used 411K, committed 512K, reserved 1048576K

Heap Regions: E=young(eden), S=young(survivor), O=old, HS=humongous(starts), HC=humongous(continues), CS=collection set, F=free, TAMS=top-at-mark-start, PB=parsable bottom
|   0|0x0000000601400000, 0x0000000601800000, 0x0000000601800000|100%|HS|  |TAMS 0x0000000601400000| PB 0x0000000601400000| Complete 
|   1|0x0000000601800000, 0x0000000601c00000, 0x0000000601c00000|100%|HC|  |TAMS 0x0000000601800000| PB 0x0000000601800000| Complete 
|   2|0x0000000601c00000, 0x0000000602000000, 0x0000000602000000|100%|HS|  |TAMS 0x0000000601c00000| PB 0x0000000601c00000| Complete 
|   3|0x0000000602000000, 0x0000000602400000, 0x0000000602400000|100%|HC|  |TAMS 0x0000000602000000| PB 0x0000000602000000| Complete 
|   4|0x0000000602400000, 0x0000000602800000, 0x0000000602800000|100%|HS|  |TAMS 0x0000000602400000| PB 0x0000000602400000| Complete 
|   5|0x0000000602800000, 0x0000000602c00000, 0x0000000602c00000|100%|HC|  |TAMS 0x0000000602800000| PB 0x0000000602800000| Complete 
|   6|0x0000000602c00000, 0x0000000603000000, 0x0000000603000000|100%|HS|  |TAMS 0x0000000602c00000| PB 0x0000000602c00000| Complete 
|   7|0x0000000603000000, 0x0000000603400000, 0x0000000603400000|100%|HC|  |TAMS 0x0000000603000000| PB 0x0000000603000000| Complete 
|   8|0x0000000603400000, 0x0000000603800000, 0x0000000603800000|100%|HS|  |TAMS 0x0000000603400000| PB 0x0000000603400000| Complete 
|   9|0x0000000603800000, 0x0000000603c00000, 0x0000000603c00000|100%|HS|  |TAMS 0x0000000603800000| PB 0x0000000603800000| Complete 
|  10|0x0000000603c00000, 0x0000000604000000, 0x0000000604000000|100%|HS|  |TAMS 0x0000000603c00000| PB 0x0000000603c00000| Complete 
|  11|0x0000000604000000, 0x0000000604400000, 0x0000000604400000|100%|HC|  |TAMS 0x0000000604000000| PB 0x0000000604000000| Complete 
|  12|0x0000000604400000, 0x0000000604800000, 0x0000000604800000|100%|HS|  |TAMS 0x0000000604400000| PB 0x0000000604400000| Complete 
|  13|0x0000000604800000, 0x0000000604c00000, 0x0000000604c00000|100%|HC|  |TAMS 0x0000000604800000| PB 0x0000000604800000| Complete 
|  14|0x0000000604c00000, 0x0000000605000000, 0x0000000605000000|100%|HS|  |TAMS 0x0000000604c00000| PB 0x0000000604c00000| Complete 
|  15|0x0000000605000000, 0x0000000605400000, 0x0000000605400000|100%|HC|  |TAMS 0x0000000605000000| PB 0x0000000605000000| Complete 
|  16|0x0000000605400000, 0x0000000605800000, 0x0000000605800000|100%|HS|  |TAMS 0x0000000605400000| PB 0x0000000605400000| Complete 
|  17|0x0000000605800000, 0x0000000605c00000, 0x0000000605c00000|100%|HC|  |TAMS 0x0000000605800000| PB 0x0000000605800000| Complete 
|  18|0x0000000605c00000, 0x0000000606000000, 0x0000000606000000|100%|HS|  |TAMS 0x0000000605c00000| PB 0x0000000605c00000| Complete 
|  19|0x0000000606000000, 0x0000000606400000, 0x0000000606400000|100%|HC|  |TAMS 0x0000000606000000| PB 0x0000000606000000| Complete 
|  20|0x0000000606400000, 0x0000000606800000, 0x0000000606800000|100%|HS|  |TAMS 0x0000000606400000| PB 0x0000000606400000| Complete 
|  21|0x0000000606800000, 0x0000000606c00000, 0x0000000606c00000|100%|HS|  |TAMS 0x0000000606800000| PB 0x0000000606800000| Complete 
|  22|0x0000000606c00000, 0x0000000607000000, 0x0000000607000000|100%|HS|  |TAMS 0x0000000606c00000| PB 0x0000000606c00000| Complete 
|  23|0x0000000607000000, 0x0000000607400000, 0x0000000607400000|100%|HC|  |TAMS 0x0000000607000000| PB 0x0000000607000000| Complete 
|  24|0x0000000607400000, 0x0000000607800000, 0x0000000607800000|100%|HS|  |TAMS 0x0000000607400000| PB 0x0000000607400000| Complete 
|  25|0x0000000607800000, 0x0000000607c00000, 0x0000000607c00000|100%|HC|  |TAMS 0x0000000607800000| PB 0x0000000607800000| Complete 
|  26|0x0000000607c00000, 0x0000000608000000, 0x0000000608000000|100%|HS|  |TAMS 0x0000000607c00000| PB 0x0000000607c00000| Complete 
|  27|0x0000000608000000, 0x0000000608400000, 0x0000000608400000|100%|HC|  |TAMS 0x0000000608000000| PB 0x0000000608000000| Complete 
|  28|0x0000000608400000, 0x0000000608800000, 0x0000000608800000|100%|HS|  |TAMS 0x0000000608400000| PB 0x0000000608400000| Complete 
|  29|0x0000000608800000, 0x0000000608c00000, 0x0000000608c00000|100%|HS|  |TAMS 0x0000000608800000| PB 0x0000000608800000| Complete 
|  30|0x0000000608c00000, 0x0000000609000000, 0x0000000609000000|100%|HS|  |TAMS 0x0000000608c00000| PB 0x0000000608c00000| Complete 
|  31|0x0000000609000000, 0x0000000609400000, 0x0000000609400000|100%|HC|  |TAMS 0x0000000609000000| PB 0x0000000609000000| Complete 
|  32|0x0000000609400000, 0x0000000609800000, 0x0000000609800000|100%|HS|  |TAMS 0x0000000609400000| PB 0x0000000609400000| Complete 
|  33|0x0000000609800000, 0x0000000609c00000, 0x0000000609c00000|100%|HC|  |TAMS 0x0000000609800000| PB 0x0000000609800000| Complete 
|  34|0x0000000609c00000, 0x000000060a000000, 0x000000060a000000|100%|HS|  |TAMS 0x0000000609c00000| PB 0x0000000609c00000| Complete 
|  35|0x000000060a000000, 0x000000060a400000, 0x000000060a400000|100%|HC|  |TAMS 0x000000060a000000| PB 0x000000060a000000| Complete 
|  36|0x000000060a400000, 0x000000060a800000, 0x000000060a800000|100%|HS|  |TAMS 0x000000060a400000| PB 0x000000060a400000| Complete 
|  37|0x000000060a800000, 0x000000060ac00000, 0x000000060ac00000|100%|HC|  |TAMS 0x000000060a800000| PB 0x000000060a800000| Complete 
|  38|0x000000060ac00000, 0x000000060ac00000, 0x000000060b000000|  0%| F|  |TAMS 0x000000060ac00000| PB 0x000000060ac00000| Untracked 
|  39|0x000000060b000000, 0x000000060b000000, 0x000000060b400000|  0%| F|  |TAMS 0x000000060b000000| PB 0x000000060b000000| Untracked 
|  40|0x000000060b400000, 0x000000060b400000, 0x000000060b800000|  0%| F|  |TAMS 0x000000060b400000| PB 0x000000060b400000| Untracked 
|  41|0x000000060b800000, 0x000000060b800000, 0x000000060bc00000|  0%| F|  |TAMS 0x000000060b800000| PB 0x000000060b800000| Untracked 
|  42|0x000000060bc00000, 0x000000060bc00000, 0x000000060c000000|  0%| F|  |TAMS 0x000000060bc00000| PB 0x000000060bc00000| Untracked 
|  43|0x000000060c000000, 0x000000060c000000, 0x000000060c400000|  0%| F|  |TAMS 0x000000060c000000| PB 0x000000060c000000| Untracked 
|  44|0x000000060c400000, 0x000000060c4b8980, 0x000000060c800000| 18%| S|CS|TAMS 0x000000060c400000| PB 0x000000060c400000| Complete 
|  45|0x000000060c800000, 0x000000060cc00000, 0x000000060cc00000|100%| S|CS|TAMS 0x000000060c800000| PB 0x000000060c800000| Complete 
|  46|0x000000060cc00000, 0x000000060d000000, 0x000000060d000000|100%| S|CS|TAMS 0x000000060cc00000| PB 0x000000060cc00000| Complete 
|  47|0x000000060d000000, 0x000000060d400000, 0x000000060d400000|100%| S|CS|TAMS 0x000000060d000000| PB 0x000000060d000000| Complete 
|  48|0x000000060d400000, 0x000000060d800000, 0x000000060d800000|100%| S|CS|TAMS 0x000000060d400000| PB 0x000000060d400000| Complete 
|  49|0x000000060d800000, 0x000000060d800000, 0x000000060dc00000|  0%| F|  |TAMS 0x000000060d800000| PB 0x000000060d800000| Untracked 
|  50|0x000000060dc00000, 0x000000060dc00000, 0x000000060e000000|  0%| F|  |TAMS 0x000000060dc00000| PB 0x000000060dc00000| Untracked 
|  51|0x000000060e000000, 0x000000060e000000, 0x000000060e400000|  0%| F|  |TAMS 0x000000060e000000| PB 0x000000060e000000| Untracked 
|  52|0x000000060e400000, 0x000000060e800000, 0x000000060e800000|100%| S|CS|TAMS 0x000000060e400000| PB 0x000000060e400000| Complete 
|  53|0x000000060e800000, 0x000000060ec00000, 0x000000060ec00000|100%| S|CS|TAMS 0x000000060e800000| PB 0x000000060e800000| Complete 
|  54|0x000000060ec00000, 0x000000060f000000, 0x000000060f000000|100%| S|CS|TAMS 0x000000060ec00000| PB 0x000000060ec00000| Complete 
|  55|0x000000060f000000, 0x000000060f000000, 0x000000060f400000|  0%| F|  |TAMS 0x000000060f000000| PB 0x000000060f000000| Untracked 
|  56|0x000000060f400000, 0x000000060f400000, 0x000000060f800000|  0%| F|  |TAMS 0x000000060f400000| PB 0x000000060f400000| Untracked 
|  57|0x000000060f800000, 0x000000060f800000, 0x000000060fc00000|  0%| F|  |TAMS 0x000000060f800000| PB 0x000000060f800000| Untracked 
|  58|0x000000060fc00000, 0x000000060fc00000, 0x0000000610000000|  0%| F|  |TAMS 0x000000060fc00000| PB 0x000000060fc00000| Untracked 
|  59|0x0000000610000000, 0x0000000610000000, 0x0000000610400000|  0%| F|  |TAMS 0x0000000610000000| PB 0x0000000610000000| Untracked 
|  60|0x0000000610400000, 0x0000000610400000, 0x0000000610800000|  0%| F|  |TAMS 0x0000000610400000| PB 0x0000000610400000| Untracked 
|  61|0x0000000610800000, 0x0000000610800000, 0x0000000610c00000|  0%| F|  |TAMS 0x0000000610800000| PB 0x0000000610800000| Untracked 
|  62|0x0000000610c00000, 0x0000000610c00000, 0x0000000611000000|  0%| F|  |TAMS 0x0000000610c00000| PB 0x0000000610c00000| Untracked 
|  63|0x0000000611000000, 0x0000000611200800, 0x0000000611400000| 50%| E|  |TAMS 0x0000000611000000| PB 0x0000000611000000| Complete 
|  64|0x0000000611400000, 0x0000000611800000, 0x0000000611800000|100%| E|CS|TAMS 0x0000000611400000| PB 0x0000000611400000| Complete 
|  65|0x0000000611800000, 0x0000000611c00000, 0x0000000611c00000|100%| E|CS|TAMS 0x0000000611800000| PB 0x0000000611800000| Complete 
|  66|0x0000000611c00000, 0x0000000612000000, 0x0000000612000000|100%| E|CS|TAMS 0x0000000611c00000| PB 0x0000000611c00000| Complete 
|  67|0x0000000612000000, 0x0000000612400000, 0x0000000612400000|100%| E|CS|TAMS 0x0000000612000000| PB 0x0000000612000000| Complete 
|  68|0x0000000612400000, 0x0000000612800000, 0x0000000612800000|100%| E|CS|TAMS 0x0000000612400000| PB 0x0000000612400000| Complete 
|  69|0x0000000612800000, 0x0000000612c00000, 0x0000000612c00000|100%| E|CS|TAMS 0x0000000612800000| PB 0x0000000612800000| Complete 
|  70|0x0000000612c00000, 0x0000000613000000, 0x0000000613000000|100%| E|CS|TAMS 0x0000000612c00000| PB 0x0000000612c00000| Complete 
|  71|0x0000000613000000, 0x0000000613400000, 0x0000000613400000|100%| E|CS|TAMS 0x0000000613000000| PB 0x0000000613000000| Complete 
|  72|0x0000000613400000, 0x0000000613800000, 0x0000000613800000|100%| E|CS|TAMS 0x0000000613400000| PB 0x0000000613400000| Complete 
|  73|0x0000000613800000, 0x0000000613c00000, 0x0000000613c00000|100%| E|CS|TAMS 0x0000000613800000| PB 0x0000000613800000| Complete 
|  74|0x0000000613c00000, 0x0000000614000000, 0x0000000614000000|100%| E|CS|TAMS 0x0000000613c00000| PB 0x0000000613c00000| Complete 
|  75|0x0000000614000000, 0x0000000614400000, 0x0000000614400000|100%| E|CS|TAMS 0x0000000614000000| PB 0x0000000614000000| Complete 
|  76|0x0000000614400000, 0x0000000614800000, 0x0000000614800000|100%| E|CS|TAMS 0x0000000614400000| PB 0x0000000614400000| Complete 
|  77|0x0000000614800000, 0x0000000614c00000, 0x0000000614c00000|100%| E|  |TAMS 0x0000000614800000| PB 0x0000000614800000| Complete 
|  78|0x0000000614c00000, 0x0000000615000000, 0x0000000615000000|100%| E|CS|TAMS 0x0000000614c00000| PB 0x0000000614c00000| Complete 
|  79|0x0000000615000000, 0x0000000615400000, 0x0000000615400000|100%| E|CS|TAMS 0x0000000615000000| PB 0x0000000615000000| Complete 
|  80|0x0000000615400000, 0x0000000615800000, 0x0000000615800000|100%| E|CS|TAMS 0x0000000615400000| PB 0x0000000615400000| Complete 
|  81|0x0000000615800000, 0x0000000615c00000, 0x0000000615c00000|100%| E|CS|TAMS 0x0000000615800000| PB 0x0000000615800000| Complete 
|  82|0x0000000615c00000, 0x0000000616000000, 0x0000000616000000|100%| E|CS|TAMS 0x0000000615c00000| PB 0x0000000615c00000| Complete 
|  83|0x0000000616000000, 0x0000000616400000, 0x0000000616400000|100%| E|CS|TAMS 0x0000000616000000| PB 0x0000000616000000| Complete 
|  84|0x0000000616400000, 0x0000000616800000, 0x0000000616800000|100%| E|CS|TAMS 0x0000000616400000| PB 0x0000000616400000| Complete 
|  85|0x0000000616800000, 0x0000000616c00000, 0x0000000616c00000|100%| E|CS|TAMS 0x0000000616800000| PB 0x0000000616800000| Complete 
|  86|0x0000000616c00000, 0x0000000617000000, 0x0000000617000000|100%| E|CS|TAMS 0x0000000616c00000| PB 0x0000000616c00000| Complete 
|  87|0x0000000617000000, 0x0000000617400000, 0x0000000617400000|100%| E|CS|TAMS 0x0000000617000000| PB 0x0000000617000000| Complete 
|  88|0x0000000617400000, 0x0000000617800000, 0x0000000617800000|100%| E|CS|TAMS 0x0000000617400000| PB 0x0000000617400000| Complete 
|  89|0x0000000617800000, 0x0000000617c00000, 0x0000000617c00000|100%| E|CS|TAMS 0x0000000617800000| PB 0x0000000617800000| Complete 
|  90|0x0000000617c00000, 0x0000000618000000, 0x0000000618000000|100%| E|CS|TAMS 0x0000000617c00000| PB 0x0000000617c00000| Complete 
|  91|0x0000000618000000, 0x0000000618400000, 0x0000000618400000|100%| E|CS|TAMS 0x0000000618000000| PB 0x0000000618000000| Complete 
|  92|0x0000000618400000, 0x0000000618800000, 0x0000000618800000|100%| E|CS|TAMS 0x0000000618400000| PB 0x0000000618400000| Complete 
|  93|0x0000000618800000, 0x0000000618c00000, 0x0000000618c00000|100%| E|CS|TAMS 0x0000000618800000| PB 0x0000000618800000| Complete 
|  94|0x0000000618c00000, 0x0000000619000000, 0x0000000619000000|100%| E|CS|TAMS 0x0000000618c00000| PB 0x0000000618c00000| Complete 
|  95|0x0000000619000000, 0x0000000619400000, 0x0000000619400000|100%| E|CS|TAMS 0x0000000619000000| PB 0x0000000619000000| Complete 
|  96|0x0000000619400000, 0x0000000619800000, 0x0000000619800000|100%| E|CS|TAMS 0x0000000619400000| PB 0x0000000619400000| Complete 
|  97|0x0000000619800000, 0x0000000619c00000, 0x0000000619c00000|100%| E|CS|TAMS 0x0000000619800000| PB 0x0000000619800000| Complete 
|  98|0x0000000619c00000, 0x000000061a000000, 0x000000061a000000|100%| E|CS|TAMS 0x0000000619c00000| PB 0x0000000619c00000| Complete 
|  99|0x000000061a000000, 0x000000061a400000, 0x000000061a400000|100%| E|CS|TAMS 0x000000061a000000| PB 0x000000061a000000| Complete 
| 100|0x000000061a400000, 0x000000061a800000, 0x000000061a800000|100%| E|CS|TAMS 0x000000061a400000| PB 0x000000061a400000| Complete 
| 101|0x000000061a800000, 0x000000061ac00000, 0x000000061ac00000|100%| E|CS|TAMS 0x000000061a800000| PB 0x000000061a800000| Complete 
| 102|0x000000061ac00000, 0x000000061b000000, 0x000000061b000000|100%| E|CS|TAMS 0x000000061ac00000| PB 0x000000061ac00000| Complete 
| 103|0x000000061b000000, 0x000000061b400000, 0x000000061b400000|100%| E|CS|TAMS 0x000000061b000000| PB 0x000000061b000000| Complete 
| 104|0x000000061b400000, 0x000000061b800000, 0x000000061b800000|100%| E|CS|TAMS 0x000000061b400000| PB 0x000000061b400000| Complete 
| 105|0x000000061b800000, 0x000000061bc00000, 0x000000061bc00000|100%| E|CS|TAMS 0x000000061b800000| PB 0x000000061b800000| Complete 
| 106|0x000000061bc00000, 0x000000061c000000, 0x000000061c000000|100%| E|CS|TAMS 0x000000061bc00000| PB 0x000000061bc00000| Complete 
| 107|0x000000061c000000, 0x000000061c400000, 0x000000061c400000|100%| E|CS|TAMS 0x000000061c000000| PB 0x000000061c000000| Complete 
| 108|0x000000061c400000, 0x000000061c800000, 0x000000061c800000|100%| E|CS|TAMS 0x000000061c400000| PB 0x000000061c400000| Complete 
| 109|0x000000061c800000, 0x000000061cc00000, 0x000000061cc00000|100%| E|CS|TAMS 0x000000061c800000| PB 0x000000061c800000| Complete 
| 110|0x000000061cc00000, 0x000000061d000000, 0x000000061d000000|100%| E|CS|TAMS 0x000000061cc00000| PB 0x000000061cc00000| Complete 
| 111|0x000000061d000000, 0x000000061d400000, 0x000000061d400000|100%| E|CS|TAMS 0x000000061d000000| PB 0x000000061d000000| Complete 
| 112|0x000000061d400000, 0x000000061d800000, 0x000000061d800000|100%| E|CS|TAMS 0x000000061d400000| PB 0x000000061d400000| Complete 
| 113|0x000000061d800000, 0x000000061dc00000, 0x000000061dc00000|100%| E|CS|TAMS 0x000000061d800000| PB 0x000000061d800000| Complete 
| 114|0x000000061dc00000, 0x000000061e000000, 0x000000061e000000|100%| E|CS|TAMS 0x000000061dc00000| PB 0x000000061dc00000| Complete 
| 115|0x000000061e000000, 0x000000061e400000, 0x000000061e400000|100%| E|CS|TAMS 0x000000061e000000| PB 0x000000061e000000| Complete 
| 116|0x000000061e400000, 0x000000061e800000, 0x000000061e800000|100%| E|CS|TAMS 0x000000061e400000| PB 0x000000061e400000| Complete 
| 117|0x000000061e800000, 0x000000061ec00000, 0x000000061ec00000|100%| E|CS|TAMS 0x000000061e800000| PB 0x000000061e800000| Complete 
| 118|0x000000061ec00000, 0x000000061f000000, 0x000000061f000000|100%| E|CS|TAMS 0x000000061ec00000| PB 0x000000061ec00000| Complete 
| 119|0x000000061f000000, 0x000000061f400000, 0x000000061f400000|100%| E|CS|TAMS 0x000000061f000000| PB 0x000000061f000000| Complete 
| 120|0x000000061f400000, 0x000000061f800000, 0x000000061f800000|100%| E|CS|TAMS 0x000000061f400000| PB 0x000000061f400000| Complete 
| 121|0x000000061f800000, 0x000000061fc00000, 0x000000061fc00000|100%| E|CS|TAMS 0x000000061f800000| PB 0x000000061f800000| Complete 
| 122|0x000000061fc00000, 0x0000000620000000, 0x0000000620000000|100%| E|CS|TAMS 0x000000061fc00000| PB 0x000000061fc00000| Complete 
| 123|0x0000000620000000, 0x0000000620400000, 0x0000000620400000|100%| E|CS|TAMS 0x0000000620000000| PB 0x0000000620000000| Complete 
| 124|0x0000000620400000, 0x0000000620800000, 0x0000000620800000|100%| E|CS|TAMS 0x0000000620400000| PB 0x0000000620400000| Complete 
| 125|0x0000000620800000, 0x0000000620c00000, 0x0000000620c00000|100%| E|CS|TAMS 0x0000000620800000| PB 0x0000000620800000| Complete 
| 126|0x0000000620c00000, 0x0000000621000000, 0x0000000621000000|100%| E|CS|TAMS 0x0000000620c00000| PB 0x0000000620c00000| Complete 
| 127|0x0000000621000000, 0x0000000621400000, 0x0000000621400000|100%| E|CS|TAMS 0x0000000621000000| PB 0x0000000621000000| Complete 

Card table byte_map: [0x0000024acaf70000,0x0000024acbf70000] _byte_map_base: 0x0000024ac7f66000

Marking Bits: (CMBitMap*) 0x0000024ab1b79750
 Bits: [0x0000024acbf70000, 0x0000024ad3f20000)

Polling page: 0x0000024aafa50000

Metaspace:

Usage:
  Non-class:      7.01 MB used.
      Class:    411.41 KB used.
       Both:      7.41 MB used.

Virtual space:
  Non-class space:       64.00 MB reserved,       7.06 MB ( 11%) committed,  1 nodes.
      Class space:        1.00 GB reserved,     512.00 KB ( <1%) committed,  1 nodes.
             Both:        1.06 GB reserved,       7.56 MB ( <1%) committed. 

Chunk freelists:
   Non-Class:  6.94 MB
       Class:  15.47 MB
        Both:  22.41 MB

MaxMetaspaceSize: unlimited
CompressedClassSpaceSize: 1.00 GB
Initial GC threshold: 21.00 MB
Current GC threshold: 21.00 MB
CDS: on
 - commit_granule_bytes: 65536.
 - commit_granule_words: 8192.
 - virtual_space_node_default_size: 8388608.
 - enlarge_chunks_in_place: 1.
 - use_allocation_guard: 0.


Internal statistics:

num_allocs_failed_limit: 0.
num_arena_births: 70.
num_arena_deaths: 0.
num_vsnodes_births: 2.
num_vsnodes_deaths: 0.
num_space_committed: 119.
num_space_uncommitted: 0.
num_chunks_returned_to_freelist: 0.
num_chunks_taken_from_freelist: 282.
num_chunk_merges: 0.
num_chunk_splits: 206.
num_chunks_enlarged: 163.
num_inconsistent_stats: 0.

CodeHeap 'non-profiled nmethods': size=119168Kb used=1179Kb max_used=1179Kb free=117989Kb
 bounds [0x0000024ac1d40000, 0x0000024ac1fb0000, 0x0000024ac91a0000]
CodeHeap 'profiled nmethods': size=119104Kb used=2900Kb max_used=2900Kb free=116204Kb
 bounds [0x0000024aba1a0000, 0x0000024aba480000, 0x0000024ac15f0000]
CodeHeap 'non-nmethods': size=7488Kb used=3939Kb max_used=3952Kb free=3548Kb
 bounds [0x0000024ac15f0000, 0x0000024ac19e0000, 0x0000024ac1d40000]
 total_blobs=2677 nmethods=1483 adapters=1096
 compilation: enabled
              stopped_count=0, restarted_count=0
 full_count=0

Compilation events (20 events):
Event: 1.725 Thread 0x0000024ad75ee520 1473       3       jdk.internal.loader.NativeLibraries$NativeLibraryImpl::find (9 bytes)
Event: 1.725 Thread 0x0000024ad75ee520 nmethod 1473 0x0000024aba46ef90 code [0x0000024aba46f140, 0x0000024aba46f280]
Event: 1.728 Thread 0x0000024ad75ed780 1475       3       org.lwjgl.system.MemoryUtil::memAddressSafe (21 bytes)
Event: 1.728 Thread 0x0000024ad75ed780 nmethod 1475 0x0000024aba46f310 code [0x0000024aba46f4e0, 0x0000024aba46f798]
Event: 1.749 Thread 0x0000024ad75ed780 1476   !   3       java.util.zip.ZipFile$Source::readFullyAt (74 bytes)
Event: 1.749 Thread 0x0000024ad75ed780 nmethod 1476 0x0000024aba46f910 code [0x0000024aba46fae0, 0x0000024aba46ff30]
Event: 1.766 Thread 0x0000024ad75ed780 1477       3       java.lang.ref.Reference::<init> (7 bytes)
Event: 1.766 Thread 0x0000024ad75ed780 nmethod 1477 0x0000024aba470210 code [0x0000024aba4703c0, 0x0000024aba470680]
Event: 1.766 Thread 0x0000024ad75ed780 1478       3       java.util.zip.ZipFile::getZipEntry (322 bytes)
Event: 1.768 Thread 0x0000024ad75ed780 nmethod 1478 0x0000024aba470790 code [0x0000024aba470d00, 0x0000024aba473dc0]
Event: 1.770 Thread 0x0000024ad75d73f0 1479       4       java.util.zip.ZipFile::ensureOpen (40 bytes)
Event: 1.770 Thread 0x0000024ad75d73f0 nmethod 1479 0x0000024ac1e65190 code [0x0000024ac1e65320, 0x0000024ac1e65400]
Event: 1.777 Thread 0x0000024ad75ef2c0 1481       4       java.lang.String::<init> (99 bytes)
Event: 1.780 Thread 0x0000024ad75ef2c0 nmethod 1481 0x0000024ac1e65910 code [0x0000024ac1e65ac0, 0x0000024ac1e66070]
Event: 1.781 Thread 0x0000024ad75ede50 1482       1       org.lwjgl.system.MemoryStack::getPointer (5 bytes)
Event: 1.781 Thread 0x0000024ad75ede50 nmethod 1482 0x0000024ac1e66310 code [0x0000024ac1e664a0, 0x0000024ac1e66568]
Event: 1.781 Thread 0x0000024ad75ef2c0 1483       4       sun.misc.Unsafe::getLong (9 bytes)
Event: 1.781 Thread 0x0000024ad75d73f0 1484       4       sun.misc.Unsafe::putInt (11 bytes)
Event: 1.781 Thread 0x0000024ad75ef2c0 nmethod 1483 0x0000024ac1e66610 code [0x0000024ac1e667a0, 0x0000024ac1e66850]
Event: 1.781 Thread 0x0000024ad75d73f0 nmethod 1484 0x0000024ac1e66910 code [0x0000024ac1e66aa0, 0x0000024ac1e66b48]

GC Heap History (8 events):
Event: 0.653 GC heap before
{Heap before GC invocations=0 (full 0):
 garbage-first heap   total 524288K, used 24576K [0x0000000601400000, 0x0000000800000000)
  region size 4096K, 6 young (24576K), 0 survivors (0K)
 Metaspace       used 4747K, committed 4992K, reserved 1114112K
  class space    used 307K, committed 448K, reserved 1048576K
}
Event: 0.655 GC heap after
{Heap after GC invocations=1 (full 0):
 garbage-first heap   total 524288K, used 2761K [0x0000000601400000, 0x0000000800000000)
  region size 4096K, 1 young (4096K), 1 survivors (4096K)
 Metaspace       used 4747K, committed 4992K, reserved 1114112K
  class space    used 307K, committed 448K, reserved 1048576K
}
Event: 0.705 GC heap before
{Heap before GC invocations=1 (full 0):
 garbage-first heap   total 524288K, used 39625K [0x0000000601400000, 0x0000000800000000)
  region size 4096K, 10 young (40960K), 1 survivors (4096K)
 Metaspace       used 4767K, committed 4992K, reserved 1114112K
  class space    used 307K, committed 448K, reserved 1048576K
}
Event: 0.707 GC heap after
{Heap after GC invocations=2 (full 0):
 garbage-first heap   total 524288K, used 3525K [0x0000000601400000, 0x0000000800000000)
  region size 4096K, 1 young (4096K), 1 survivors (4096K)
 Metaspace       used 4767K, committed 4992K, reserved 1114112K
  class space    used 307K, committed 448K, reserved 1048576K
}
Event: 0.884 GC heap before
{Heap before GC invocations=2 (full 0):
 garbage-first heap   total 524288K, used 310725K [0x0000000601400000, 0x0000000800000000)
  region size 4096K, 76 young (311296K), 1 survivors (4096K)
 Metaspace       used 4844K, committed 5056K, reserved 1114112K
  class space    used 310K, committed 448K, reserved 1048576K
}
Event: 0.889 GC heap after
{Heap after GC invocations=3 (full 0):
 garbage-first heap   total 524288K, used 11057K [0x0000000601400000, 0x0000000800000000)
  region size 4096K, 3 young (12288K), 3 survivors (12288K)
 Metaspace       used 4844K, committed 5056K, reserved 1114112K
  class space    used 310K, committed 448K, reserved 1048576K
}
Event: 1.264 GC heap before
{Heap before GC invocations=3 (full 0):
 garbage-first heap   total 524288K, used 367409K [0x0000000601400000, 0x0000000800000000)
  region size 4096K, 76 young (311296K), 3 survivors (12288K)
 Metaspace       used 5183K, committed 5376K, reserved 1114112K
  class space    used 336K, committed 448K, reserved 1048576K
}
Event: 1.272 GC heap after
{Heap after GC invocations=4 (full 0):
 garbage-first heap   total 524288K, used 70370K [0x0000000601400000, 0x0000000800000000)
  region size 4096K, 8 young (32768K), 8 survivors (32768K)
 Metaspace       used 5183K, committed 5376K, reserved 1114112K
  class space    used 336K, committed 448K, reserved 1048576K
}

Dll operation events (10 events):
Event: 0.006 Loaded shared library C:\Program Files\Eclipse Adoptium\jdk-21.0.3.9-hotspot\bin\java.dll
Event: 0.024 Loaded shared library C:\Program Files\Eclipse Adoptium\jdk-21.0.3.9-hotspot\bin\jsvml.dll
Event: 0.051 Loaded shared library C:\Program Files\Eclipse Adoptium\jdk-21.0.3.9-hotspot\bin\net.dll
Event: 0.053 Loaded shared library C:\Program Files\Eclipse Adoptium\jdk-21.0.3.9-hotspot\bin\nio.dll
Event: 0.056 Loaded shared library C:\Program Files\Eclipse Adoptium\jdk-21.0.3.9-hotspot\bin\zip.dll
Event: 0.094 Loaded shared library C:\Program Files\Eclipse Adoptium\jdk-21.0.3.9-hotspot\bin\jimage.dll
Event: 0.109 Loaded shared library C:\Users\mirek\AppData\Local\Temp\lwjgl_mirek\3.3.6+1\x64\lwjgl.dll
Event: 0.377 Loaded shared library C:\Users\mirek\AppData\Local\Temp\lwjgl_mirek\3.3.6+1\x64\lwjgl_opengl.dll
Event: 0.565 Loaded shared library C:\Program Files\Eclipse Adoptium\jdk-21.0.3.9-hotspot\bin\verify.dll
Event: 0.613 Loaded shared library C:\Users\mirek\AppData\Local\Temp\lwjgl_mirek\3.3.6+1\x64\lwjgl_stb.dll

Deoptimization events (20 events):
Event: 1.702 Thread 0x0000024aaf695c60 DEOPT PACKING pc=0x0000024aba467fb2 sp=0x000000ab514ff420
Event: 1.702 Thread 0x0000024aaf695c60 DEOPT UNPACKING pc=0x0000024ac1644e42 sp=0x000000ab514fe988 mode 0
Event: 1.703 Thread 0x0000024aaf695c60 Uncommon trap: trap_request=0xffffff45 fr.pc=0x0000024ac1e64980 relative=0x00000000000001c0
Event: 1.703 Thread 0x0000024aaf695c60 Uncommon trap: reason=unstable_if action=reinterpret pc=0x0000024ac1e64980 method=engine.render.NormalBuffer.build(Lobj/Entity;)V @ 128 c2
Event: 1.703 Thread 0x0000024aaf695c60 DEOPT PACKING pc=0x0000024ac1e64980 sp=0x000000ab514ff4d0
Event: 1.703 Thread 0x0000024aaf695c60 DEOPT UNPACKING pc=0x0000024ac16446a2 sp=0x000000ab514ff488 mode 2
Event: 1.713 Thread 0x0000024aaf695c60 Uncommon trap: trap_request=0xffffff45 fr.pc=0x0000024ac1dff7c0 relative=0x0000000000000280
Event: 1.713 Thread 0x0000024aaf695c60 Uncommon trap: reason=unstable_if action=reinterpret pc=0x0000024ac1dff7c0 method=obj.Entity.getFlattenedUVs()[F @ 30 c2
Event: 1.713 Thread 0x0000024aaf695c60 DEOPT PACKING pc=0x0000024ac1dff7c0 sp=0x000000ab514ff4b0
Event: 1.713 Thread 0x0000024aaf695c60 DEOPT UNPACKING pc=0x0000024ac16446a2 sp=0x000000ab514ff418 mode 2
Event: 1.720 Thread 0x0000024aaf695c60 DEOPT PACKING pc=0x0000024aba46d41b sp=0x000000ab514ff290
Event: 1.720 Thread 0x0000024aaf695c60 DEOPT UNPACKING pc=0x0000024ac1644e42 sp=0x000000ab514fe798 mode 0
Event: 1.724 Thread 0x0000024aaf695c60 Uncommon trap: trap_request=0xffffff45 fr.pc=0x0000024ac1d456cc relative=0x000000000000012c
Event: 1.724 Thread 0x0000024aaf695c60 Uncommon trap: reason=unstable_if action=reinterpret pc=0x0000024ac1d456cc method=java.lang.StringCoding.countPositives([BII)I @ 17 c2
Event: 1.724 Thread 0x0000024aaf695c60 DEOPT PACKING pc=0x0000024ac1d456cc sp=0x000000ab514ff3d0
Event: 1.724 Thread 0x0000024aaf695c60 DEOPT UNPACKING pc=0x0000024ac16446a2 sp=0x000000ab514ff370 mode 2
Event: 1.782 Thread 0x0000024aaf695c60 Uncommon trap: trap_request=0xffffff54 fr.pc=0x0000024ac1e6680c relative=0x000000000000006c
Event: 1.782 Thread 0x0000024aaf695c60 Uncommon trap: reason=speculate_null_assert action=make_not_entrant pc=0x0000024ac1e6680c method=sun.misc.Unsafe.getLong(Ljava/lang/Object;J)J @ 5 c2
Event: 1.782 Thread 0x0000024aaf695c60 DEOPT PACKING pc=0x0000024ac1e6680c sp=0x000000ab514ff5a0
Event: 1.782 Thread 0x0000024aaf695c60 DEOPT UNPACKING pc=0x0000024ac16446a2 sp=0x000000ab514ff528 mode 2

Classes loaded (20 events):
Event: 0.637 Loading class jdk/internal/math/FDBigInteger
Event: 0.637 Loading class jdk/internal/math/FDBigInteger done
Event: 0.906 Loading class jdk/internal/module/ModulePatcher$PatchedModuleReader
Event: 0.906 Loading class jdk/internal/module/ModulePatcher$PatchedModuleReader done
Event: 0.906 Loading class sun/net/www/protocol/jrt/Handler
Event: 0.906 Loading class sun/net/www/protocol/jrt/Handler done
Event: 0.909 Loading class sun/util/resources/LocaleData$CommonResourceBundleProvider
Event: 0.909 Loading class sun/util/resources/LocaleData$LocaleDataResourceBundleProvider
Event: 0.909 Loading class java/util/spi/ResourceBundleProvider
Event: 0.909 Loading class java/util/spi/ResourceBundleProvider done
Event: 0.909 Loading class sun/util/resources/LocaleData$LocaleDataResourceBundleProvider done
Event: 0.909 Loading class sun/util/resources/LocaleData$CommonResourceBundleProvider done
Event: 0.909 Loading class sun/util/resources/Bundles$2
Event: 0.909 Loading class sun/util/resources/Bundles$2 done
Event: 0.915 Loading class java/lang/NumberFormatException
Event: 0.915 Loading class java/lang/NumberFormatException done
Event: 1.748 Loading class java/lang/SecurityException
Event: 1.748 Loading class java/lang/SecurityException done
Event: 1.781 Loading class java/nio/HeapFloatBuffer
Event: 1.781 Loading class java/nio/HeapFloatBuffer done

Classes unloaded (0 events):
No events

Classes redefined (0 events):
No events

Internal exceptions (20 events):
Event: 0.151 Thread 0x0000024aaf695c60 Exception <a 'java/lang/NoSuchMethodError'{0x0000000620d5d718}: 'int java.lang.invoke.DirectMethodHandle$Holder.invokeStaticInit(java.lang.Object, java.lang.Object, int, long)'> (0x0000000620d5d718) 
thrown [s\src\hotspot\share\interpreter\linkResolver.cpp, line 773]
Event: 0.152 Thread 0x0000024aaf695c60 Exception <a 'java/lang/NoSuchMethodError'{0x0000000620d62740}: 'java.lang.Object java.lang.invoke.DirectMethodHandle$Holder.newInvokeSpecial(java.lang.Object, java.lang.Object, int)'> (0x0000000620d62740) 
thrown [s\src\hotspot\share\interpreter\linkResolver.cpp, line 773]
Event: 0.153 Thread 0x0000024aaf695c60 Exception <a 'java/lang/NoSuchMethodError'{0x0000000620d70f48}: 'int java.lang.invoke.DirectMethodHandle$Holder.invokeStaticInit(java.lang.Object, java.lang.Object, long, long)'> (0x0000000620d70f48) 
thrown [s\src\hotspot\share\interpreter\linkResolver.cpp, line 773]
Event: 0.154 Thread 0x0000024aaf695c60 Exception <a 'java/lang/NoSuchMethodError'{0x0000000620d767b0}: 'java.lang.Object java.lang.invoke.DirectMethodHandle$Holder.newInvokeSpecial(java.lang.Object, java.lang.Object, long)'> (0x0000000620d767b0) 
thrown [s\src\hotspot\share\interpreter\linkResolver.cpp, line 773]
Event: 0.154 Thread 0x0000024aaf695c60 Exception <a 'java/lang/NoSuchMethodError'{0x0000000620d7a850}: 'java.lang.Object java.lang.invoke.Invokers$Holder.linkToTargetMethod(java.lang.Object, long, java.lang.Object)'> (0x0000000620d7a850) 
thrown [s\src\hotspot\share\interpreter\linkResolver.cpp, line 773]
Event: 0.154 Thread 0x0000024aaf695c60 Exception <a 'java/lang/NoSuchMethodError'{0x0000000620d818d8}: 'int java.lang.invoke.DirectMethodHandle$Holder.invokeStaticInit(java.lang.Object, java.lang.Object, java.lang.Object, long)'> (0x0000000620d818d8) 
thrown [s\src\hotspot\share\interpreter\linkResolver.cpp, line 773]
Event: 0.168 Thread 0x0000024aaf695c60 Exception <a 'sun/nio/fs/WindowsException'{0x0000000620e2d850}> (0x0000000620e2d850) 
thrown [s\src\hotspot\share\prims\jni.cpp, line 520]
Event: 0.168 Thread 0x0000024aaf695c60 Exception <a 'sun/nio/fs/WindowsException'{0x0000000620e2dbb0}> (0x0000000620e2dbb0) 
thrown [s\src\hotspot\share\prims\jni.cpp, line 520]
Event: 0.173 Thread 0x0000024aaf695c60 Exception <a 'java/lang/NoSuchMethodError'{0x0000000620e444e0}: 'int java.lang.invoke.Invokers$Holder.invokeExact_MT(java.lang.Object, java.lang.Object)'> (0x0000000620e444e0) 
thrown [s\src\hotspot\share\interpreter\linkResolver.cpp, line 773]
Event: 0.372 Thread 0x0000024aaf695c60 Exception <a 'java/lang/NoSuchMethodError'{0x0000000620ead108}: 'void java.lang.System.load(java.lang.String, java.lang.Class)'> (0x0000000620ead108) 
thrown [s\src\hotspot\share\interpreter\linkResolver.cpp, line 773]
Event: 0.373 Thread 0x0000024aaf695c60 Exception <a 'java/lang/NoSuchMethodError'{0x0000000620eafaa8}: 'void java.lang.System.loadLibrary(java.lang.String, java.lang.Class)'> (0x0000000620eafaa8) 
thrown [s\src\hotspot\share\interpreter\linkResolver.cpp, line 773]
Event: 0.375 Thread 0x0000024aaf695c60 Exception <a 'sun/nio/fs/WindowsException'{0x0000000620ebec58}> (0x0000000620ebec58) 
thrown [s\src\hotspot\share\prims\jni.cpp, line 520]
Event: 0.375 Thread 0x0000024aaf695c60 Exception <a 'sun/nio/fs/WindowsException'{0x0000000620ebeff8}> (0x0000000620ebeff8) 
thrown [s\src\hotspot\share\prims\jni.cpp, line 520]
Event: 0.380 Thread 0x0000024aaf695c60 Exception <a 'sun/nio/fs/WindowsException'{0x0000000620ec94e0}> (0x0000000620ec94e0) 
thrown [s\src\hotspot\share\prims\jni.cpp, line 520]
Event: 0.380 Thread 0x0000024aaf695c60 Exception <a 'sun/nio/fs/WindowsException'{0x0000000620ec97b0}> (0x0000000620ec97b0) 
thrown [s\src\hotspot\share\prims\jni.cpp, line 520]
Event: 0.607 Thread 0x0000024aaf695c60 Exception <a 'java/lang/NoSuchMethodError'{0x0000000620410018}: 'void java.lang.System.load(java.lang.String, java.lang.Class)'> (0x0000000620410018) 
thrown [s\src\hotspot\share\interpreter\linkResolver.cpp, line 773]
Event: 0.607 Thread 0x0000024aaf695c60 Exception <a 'java/lang/NoSuchMethodError'{0x00000006204129b8}: 'void java.lang.System.loadLibrary(java.lang.String, java.lang.Class)'> (0x00000006204129b8) 
thrown [s\src\hotspot\share\interpreter\linkResolver.cpp, line 773]
Event: 0.611 Thread 0x0000024aaf695c60 Exception <a 'sun/nio/fs/WindowsException'{0x0000000620421718}> (0x0000000620421718) 
thrown [s\src\hotspot\share\prims\jni.cpp, line 520]
Event: 0.611 Thread 0x0000024aaf695c60 Exception <a 'sun/nio/fs/WindowsException'{0x0000000620421a98}> (0x0000000620421a98) 
thrown [s\src\hotspot\share\prims\jni.cpp, line 520]
Event: 1.782 Thread 0x0000024aaf695c60 Implicit null exception at 0x0000024ac1d6cb5d to 0x0000000000000000

ZGC Phase Switch (0 events):
No events

VM Operations (16 events):
Event: 0.056 Executing VM operation: HandshakeAllThreads (Deoptimize)
Event: 0.056 Executing VM operation: HandshakeAllThreads (Deoptimize) done
Event: 0.653 Executing VM operation: G1CollectForAllocation (G1 Evacuation Pause)
Event: 0.655 Executing VM operation: G1CollectForAllocation (G1 Evacuation Pause) done
Event: 0.705 Executing VM operation: G1CollectForAllocation (G1 Evacuation Pause)
Event: 0.707 Executing VM operation: G1CollectForAllocation (G1 Evacuation Pause) done
Event: 0.884 Executing VM operation: G1CollectForAllocation (G1 Evacuation Pause)
Event: 0.889 Executing VM operation: G1CollectForAllocation (G1 Evacuation Pause) done
Event: 0.904 Executing VM operation: HandshakeAllThreads (Deoptimize)
Event: 0.904 Executing VM operation: HandshakeAllThreads (Deoptimize) done
Event: 1.123 Executing VM operation: HandshakeAllThreads (Deoptimize)
Event: 1.123 Executing VM operation: HandshakeAllThreads (Deoptimize) done
Event: 1.264 Executing VM operation: G1CollectForAllocation (G1 Evacuation Pause)
Event: 1.272 Executing VM operation: G1CollectForAllocation (G1 Evacuation Pause) done
Event: 1.781 Executing VM operation: HandshakeAllThreads (Deoptimize)
Event: 1.781 Executing VM operation: HandshakeAllThreads (Deoptimize) done

Events (20 events):
Event: 0.046 Thread 0x0000024ad778bdd0 Thread added: 0x0000024ad778bdd0
Event: 0.147 Thread 0x0000024ad75f0060 Thread added: 0x0000024ad75f0060
Event: 0.371 Thread 0x0000024ad75f0060 Thread exited: 0x0000024ad75f0060
Event: 0.378 Thread 0x0000024ad75eebf0 Thread added: 0x0000024ad75eebf0
Event: 0.378 Thread 0x0000024ad75ed780 Thread added: 0x0000024ad75ed780
Event: 0.627 Thread 0x0000024ad75ef2c0 Thread added: 0x0000024ad75ef2c0
Event: 0.631 Thread 0x0000024ad75ef990 Thread added: 0x0000024ad75ef990
Event: 0.632 Thread 0x0000024ad75f0e00 Thread added: 0x0000024ad75f0e00
Event: 0.633 Thread 0x0000024ad75f0060 Thread added: 0x0000024ad75f0060
Event: 0.634 Thread 0x0000024ad75f0730 Thread added: 0x0000024ad75f0730
Event: 0.636 Thread 0x0000024b23ce23a0 Thread added: 0x0000024b23ce23a0
Event: 0.636 Thread 0x0000024b23cded20 Thread added: 0x0000024b23cded20
Event: 0.903 Thread 0x0000024b23cded20 Thread exited: 0x0000024b23cded20
Event: 0.903 Thread 0x0000024b23ce23a0 Thread exited: 0x0000024b23ce23a0
Event: 1.509 Thread 0x0000024ad75f0730 Thread exited: 0x0000024ad75f0730
Event: 1.509 Thread 0x0000024ad75f0e00 Thread exited: 0x0000024ad75f0e00
Event: 1.509 Thread 0x0000024ad75f0060 Thread exited: 0x0000024ad75f0060
Event: 1.509 Thread 0x0000024ad75ef990 Thread exited: 0x0000024ad75ef990
Event: 1.509 Thread 0x0000024ad75ef2c0 Thread exited: 0x0000024ad75ef2c0
Event: 1.513 Thread 0x0000024ad75ef2c0 Thread added: 0x0000024ad75ef2c0


Dynamic libraries:
0x00007ff7ffe80000 - 0x00007ff7ffe8e000 	C:\Program Files\Eclipse Adoptium\jdk-21.0.3.9-hotspot\bin\java.exe
0x00007ff853720000 - 0x00007ff853988000 	C:\WINDOWS\SYSTEM32\ntdll.dll
0x00007ff8526a0000 - 0x00007ff852769000 	C:\WINDOWS\System32\KERNEL32.DLL
0x00007ff850b80000 - 0x00007ff850f6d000 	C:\WINDOWS\System32\KERNELBASE.dll
0x00007ff851160000 - 0x00007ff8512ab000 	C:\WINDOWS\System32\ucrtbase.dll
0x00007fffe5b00000 - 0x00007fffe5b18000 	C:\Program Files\Eclipse Adoptium\jdk-21.0.3.9-hotspot\bin\jli.dll
0x00007fffe5ae0000 - 0x00007fffe5afb000 	C:\Program Files\Eclipse Adoptium\jdk-21.0.3.9-hotspot\bin\VCRUNTIME140.dll
0x00007ff853010000 - 0x00007ff8531dc000 	C:\WINDOWS\System32\USER32.dll
0x00007ff8509f0000 - 0x00007ff850a17000 	C:\WINDOWS\System32\win32u.dll
0x00007ff8531e0000 - 0x00007ff85320b000 	C:\WINDOWS\System32\GDI32.dll
0x00007ff837b00000 - 0x00007ff837d9a000 	C:\WINDOWS\WinSxS\amd64_microsoft.windows.common-controls_6595b64144ccf1df_6.0.26100.4484_none_3e0e6d4ce32ef3b3\COMCTL32.dll
0x00007ff850f70000 - 0x00007ff8510a7000 	C:\WINDOWS\System32\gdi32full.dll
0x00007ff8510b0000 - 0x00007ff851153000 	C:\WINDOWS\System32\msvcp_win.dll
0x00007ff852230000 - 0x00007ff8522d9000 	C:\WINDOWS\System32\msvcrt.dll
0x00007ff852fd0000 - 0x00007ff852fff000 	C:\WINDOWS\System32\IMM32.DLL
0x00007fffe5ad0000 - 0x00007fffe5adc000 	C:\Program Files\Eclipse Adoptium\jdk-21.0.3.9-hotspot\bin\vcruntime140_1.dll
0x00007fffe5980000 - 0x00007fffe5a0e000 	C:\Program Files\Eclipse Adoptium\jdk-21.0.3.9-hotspot\bin\msvcp140.dll
0x00007fff78700000 - 0x00007fff79482000 	C:\Program Files\Eclipse Adoptium\jdk-21.0.3.9-hotspot\bin\server\jvm.dll
0x00007ff852790000 - 0x00007ff852844000 	C:\WINDOWS\System32\ADVAPI32.dll
0x00007ff852560000 - 0x00007ff852606000 	C:\WINDOWS\System32\sechost.dll
0x00007ff853450000 - 0x00007ff853568000 	C:\WINDOWS\System32\RPCRT4.dll
0x00007ff852610000 - 0x00007ff852684000 	C:\WINDOWS\System32\WS2_32.dll
0x00007ff84f490000 - 0x00007ff84f4ee000 	C:\WINDOWS\SYSTEM32\POWRPROF.dll
0x00007ff849ca0000 - 0x00007ff849cab000 	C:\WINDOWS\SYSTEM32\VERSION.dll
0x00007ff843760000 - 0x00007ff843795000 	C:\WINDOWS\SYSTEM32\WINMM.dll
0x00007ff84f470000 - 0x00007ff84f484000 	C:\WINDOWS\SYSTEM32\UMPDC.dll
0x00007ff84f730000 - 0x00007ff84f74b000 	C:\WINDOWS\SYSTEM32\kernel.appcore.dll
0x00007fffe55a0000 - 0x00007fffe55aa000 	C:\Program Files\Eclipse Adoptium\jdk-21.0.3.9-hotspot\bin\jimage.dll
0x00007ff838e20000 - 0x00007ff839061000 	C:\WINDOWS\SYSTEM32\DBGHELP.DLL
0x00007ff8519f0000 - 0x00007ff851d76000 	C:\WINDOWS\System32\combase.dll
0x00007ff852360000 - 0x00007ff852440000 	C:\WINDOWS\System32\OLEAUT32.dll
0x00007ff82e060000 - 0x00007ff82e0a3000 	C:\WINDOWS\SYSTEM32\dbgcore.DLL
0x00007ff850a20000 - 0x00007ff850ab9000 	C:\WINDOWS\System32\bcryptPrimitives.dll
0x00007fffe5570000 - 0x00007fffe558f000 	C:\Program Files\Eclipse Adoptium\jdk-21.0.3.9-hotspot\bin\java.dll
0x00007ff852880000 - 0x00007ff852fca000 	C:\WINDOWS\System32\SHELL32.dll
0x00007ff851340000 - 0x00007ff8514b4000 	C:\WINDOWS\System32\wintypes.dll
0x00007ff84e4f0000 - 0x00007ff84ed4b000 	C:\WINDOWS\SYSTEM32\windows.storage.dll
0x00007ff851870000 - 0x00007ff851965000 	C:\WINDOWS\System32\SHCORE.dll
0x00007ff851700000 - 0x00007ff85176a000 	C:\WINDOWS\System32\shlwapi.dll
0x00007ff850780000 - 0x00007ff8507af000 	C:\WINDOWS\SYSTEM32\profapi.dll
0x00007fffe5490000 - 0x00007fffe5567000 	C:\Program Files\Eclipse Adoptium\jdk-21.0.3.9-hotspot\bin\jsvml.dll
0x00007fffe5460000 - 0x00007fffe5470000 	C:\Program Files\Eclipse Adoptium\jdk-21.0.3.9-hotspot\bin\net.dll
0x00007ff849760000 - 0x00007ff84987e000 	C:\WINDOWS\SYSTEM32\WINHTTP.dll
0x00007ff84fcc0000 - 0x00007ff84fd2a000 	C:\WINDOWS\system32\mswsock.dll
0x00007fffe4540000 - 0x00007fffe4556000 	C:\Program Files\Eclipse Adoptium\jdk-21.0.3.9-hotspot\bin\nio.dll
0x00007fffe5470000 - 0x00007fffe5488000 	C:\Program Files\Eclipse Adoptium\jdk-21.0.3.9-hotspot\bin\zip.dll
0x00007ff843fd0000 - 0x00007ff84404e000 	C:\Users\mirek\AppData\Local\Temp\lwjgl_mirek\3.3.6+1\x64\lwjgl.dll
0x00007ff843f40000 - 0x00007ff843fc9000 	C:\Users\mirek\AppData\Local\Temp\lwjgl_mirek\3.3.6+1\x64\glfw.dll
0x00007ff8081d0000 - 0x00007ff80821b000 	C:\WINDOWS\SYSTEM32\dinput8.dll
0x00007ff84bc30000 - 0x00007ff84bc42000 	C:\WINDOWS\SYSTEM32\xinput1_4.dll
0x00007ff850500000 - 0x00007ff850557000 	C:\WINDOWS\SYSTEM32\cfgmgr32.dll
0x00007ff8504d0000 - 0x00007ff8504fd000 	C:\WINDOWS\SYSTEM32\DEVOBJ.dll
0x00007ff84de40000 - 0x00007ff84de76000 	C:\WINDOWS\SYSTEM32\dwmapi.dll
0x00007ff82c240000 - 0x00007ff82c423000 	C:\WINDOWS\SYSTEM32\inputhost.dll
0x00007ff84d6b0000 - 0x00007ff84d7d5000 	C:\WINDOWS\SYSTEM32\CoreMessaging.dll
0x00007ff84db20000 - 0x00007ff84dbcf000 	C:\WINDOWS\system32\uxtheme.dll
0x00007ff84ff90000 - 0x00007ff84ff9c000 	C:\WINDOWS\SYSTEM32\CRYPTBASE.DLL
0x00007ff853570000 - 0x00007ff8536d0000 	C:\WINDOWS\System32\MSCTF.dll
0x00007fffb8160000 - 0x00007fffb8278000 	C:\WINDOWS\SYSTEM32\opengl32.dll
0x00007fffb8130000 - 0x00007fffb815d000 	C:\WINDOWS\SYSTEM32\GLU32.dll
0x00007ff84dc20000 - 0x00007ff84dc6d000 	C:\WINDOWS\SYSTEM32\dxcore.dll
0x00007ff83a930000 - 0x00007ff83a94a000 	C:\WINDOWS\SYSTEM32\windows.staterepositorycore.dll
0x00007fffb57e0000 - 0x00007fffb8124000 	C:\WINDOWS\System32\DriverStore\FileRepository\nv_dispi.inf_amd64_fe5f369669db2f36\nvoglv64.dll
0x00007ff851d90000 - 0x00007ff852216000 	C:\WINDOWS\System32\SETUPAPI.dll
0x00007ff851550000 - 0x00007ff8516ee000 	C:\WINDOWS\System32\ole32.dll
0x00007ff84da90000 - 0x00007ff84daa6000 	C:\WINDOWS\SYSTEM32\WTSAPI32.dll
0x00007ff8500a0000 - 0x00007ff8500b3000 	C:\WINDOWS\SYSTEM32\msasn1.dll
0x00007ff849a80000 - 0x00007ff849abb000 	C:\WINDOWS\SYSTEM32\cryptnet.dll
0x00007ff850870000 - 0x00007ff8509e7000 	C:\WINDOWS\System32\CRYPT32.dll
0x00007ff850030000 - 0x00007ff85009b000 	C:\WINDOWS\SYSTEM32\wldp.dll
0x00007ff8495e0000 - 0x00007ff84975c000 	C:\WINDOWS\SYSTEM32\drvstore.dll
0x00007ff8512b0000 - 0x00007ff851334000 	C:\WINDOWS\System32\WINTRUST.dll
0x00007ff84f860000 - 0x00007ff84f896000 	C:\WINDOWS\SYSTEM32\ntmarta.dll
0x00007ff852850000 - 0x00007ff852870000 	C:\WINDOWS\System32\imagehlp.dll
0x00007ff84ff70000 - 0x00007ff84ff8b000 	C:\WINDOWS\SYSTEM32\CRYPTSP.dll
0x00007ff84f690000 - 0x00007ff84f6cb000 	C:\WINDOWS\system32\rsaenh.dll
0x00007ff850750000 - 0x00007ff850776000 	C:\WINDOWS\SYSTEM32\bcrypt.dll
0x00007ff844b50000 - 0x00007ff8488e2000 	C:\WINDOWS\System32\DriverStore\FileRepository\nv_dispi.inf_amd64_fe5f369669db2f36\nvgpucomp64.dll
0x00007ff817740000 - 0x00007ff817a54000 	C:\WINDOWS\system32\nvspcap64.dll
0x00007ff84efe0000 - 0x00007ff84f047000 	C:\WINDOWS\SYSTEM32\WINSTA.dll
0x00007ff82c0e0000 - 0x00007ff82c230000 	C:\WINDOWS\SYSTEM32\textinputframework.dll
0x00007ff84a4d0000 - 0x00007ff84a7b3000 	C:\WINDOWS\SYSTEM32\CoreUIComponents.dll
0x00007ff83c100000 - 0x00007ff83c15d000 	C:\Users\mirek\AppData\Local\Temp\lwjgl_mirek\3.3.6+1\x64\lwjgl_opengl.dll
0x00007fffe4530000 - 0x00007fffe4540000 	C:\Program Files\Eclipse Adoptium\jdk-21.0.3.9-hotspot\bin\verify.dll
0x00007ff828040000 - 0x00007ff8280d9000 	C:\Users\mirek\AppData\Local\Temp\lwjgl_mirek\3.3.6+1\x64\lwjgl_stb.dll

dbghelp: loaded successfully - version: 4.0.5 - missing functions: none
symbol engine: initialized successfully - sym options: 0x614 - pdb path: .;C:\Program Files\Eclipse Adoptium\jdk-21.0.3.9-hotspot\bin;C:\WINDOWS\SYSTEM32;C:\WINDOWS\WinSxS\amd64_microsoft.windows.common-controls_6595b64144ccf1df_6.0.26100.4484_none_3e0e6d4ce32ef3b3;C:\Program Files\Eclipse Adoptium\jdk-21.0.3.9-hotspot\bin\server;C:\Users\mirek\AppData\Local\Temp\lwjgl_mirek\3.3.6+1\x64;C:\WINDOWS\System32\DriverStore\FileRepository\nv_dispi.inf_amd64_fe5f369669db2f36

VM Arguments:
jvm_args: -XX:+ShowCodeDetailsInExceptionMessages 
java_command: engine.Main
java_class_path (initial): \Mian-engine-v1\build\resources\main;C:\Users\mirek\Desktop\Programming Stuff\OpenGL\Mian Engine\Mian-engine-v1\build\classes\java\main;C:\Users\mirek\.gradle\caches\modules-2\files-2.1\org.lwjgl\lwjgl\3.3.6\ce7721d30cfaf47feaed10213e0c43eb55c49d68\lwjgl-3.3.6.jar;C:\Users\mirek\.gradle\caches\modules-2\files-2.1\com.github.stephengold\stack-alloc\1.0.2\13cbb10c01ec09d0f5879f988946a97998175dfc\stack-alloc-1.0.2.jar;C:\Users\mirek\.gradle\caches\modules-2\files-2.1\javax.vecmath\vecmath\1.5.2\fd17bc3e67f909573dfc039d8e2abecf407c4e27\vecmath-1.5.2.jar;C:\Users\mirek\.gradle\caches\modules-2\files-2.1\org.lwjgl\lwjgl\3.3.6\9a29b6a22fc5184604b8cb434ee5d5ecc4bfcbee\lwjgl-3.3.6-natives-windows.jar;C:\Users\mirek\.gradle\caches\modules-2\files-2.1\org.lwjgl\lwjgl-opengl\3.3.6\ac2532612a4df374e9a9282bcf8ce2573018ebbb\lwjgl-opengl-3.3.6.jar;C:\Users\mirek\.gradle\caches\modules-2\files-2.1\org.joml\joml\1.10.5\22566d58af70ad3d72308bab63b8339906deb649\joml-1.10.5.jar;C:\Users\mirek\.gradle\caches\modules-2\files-2.1\org.lwjgl\lwjgl-stb\3.3.6\334cf885b39e2db9070c39e70e65efb136435f10\lwjgl-stb-3.3.6-natives-windows.jar;C:\Users\mirek\.gradle\caches\modules-2\files-2.1\org.lwjgl\lwjgl-glfw\3.3.6\99ef08056feb9627f90425a4d2a22cd9fae8e39b\lwjgl-glfw-3.3.6-natives-windows.jar;C:\Users\mirek\.gradle\caches\modules-2\files-2.1\org.lwjgl\lwjgl-opengl\3.3.6\18dc639ebc94aa5202c2157f7490d28997b697c5\lwjgl-opengl-3.3.6-natives-windows.jar;C:\Users\mirek\.gradle\caches\modules-2\files-2.1\com.github.stephengold\jbullet\1.0.3\362f53e8aa981037c2523ac24eb4d9b190a49036\jbullet-1.0.3.jar;C:\Users\mirek\.gradle\caches\modules-2\files-2.1\org.lwjgl\lwjgl-glfw\3.3.6\7119f7d0eeb1e5502ff0ca71d2b4d47317da015\lwjgl-glfw-3.3.6.jar;C:\Users\mirek\.gradle\caches\modules-2\files-2.1\org.lwjgl\lwjgl-stb\3.3.6\e2d3739dcfe7b672b626ded66d94f6587083306e\lwjgl-stb-3.3.6.jar
Launcher Type: SUN_STANDARD

[Global flags]
     intx CICompilerCount                          = 12                                        {product} {ergonomic}
     uint ConcGCThreads                            = 5                                         {product} {ergonomic}
     uint G1ConcRefinementThreads                  = 18                                        {product} {ergonomic}
   size_t G1HeapRegionSize                         = 4194304                                   {product} {ergonomic}
    uintx GCDrainStackTargetSize                   = 64                                        {product} {ergonomic}
   size_t InitialHeapSize                          = 536870912                                 {product} {ergonomic}
   size_t MarkStackSize                            = 4194304                                   {product} {ergonomic}
   size_t MaxHeapSize                              = 8568963072                                {product} {ergonomic}
   size_t MaxNewSize                               = 5138022400                                {product} {ergonomic}
   size_t MinHeapDeltaBytes                        = 4194304                                   {product} {ergonomic}
   size_t MinHeapSize                              = 8388608                                   {product} {ergonomic}
    uintx NonNMethodCodeHeapSize                   = 7602480                                {pd product} {ergonomic}
    uintx NonProfiledCodeHeapSize                  = 122027880                              {pd product} {ergonomic}
    uintx ProfiledCodeHeapSize                     = 122027880                              {pd product} {ergonomic}
    uintx ReservedCodeCacheSize                    = 251658240                              {pd product} {ergonomic}
     bool SegmentedCodeCache                       = true                                      {product} {ergonomic}
     bool ShowCodeDetailsInExceptionMessages       = true                                   {manageable} {command line}
   size_t SoftMaxHeapSize                          = 8568963072                             {manageable} {ergonomic}
     bool UseCompressedOops                        = true                           {product lp64_product} {ergonomic}
     bool UseG1GC                                  = true                                      {product} {ergonomic}
     bool UseLargePagesIndividualAllocation        = false                                  {pd product} {ergonomic}

Logging:
Log output configuration:
 #0: stdout all=warning uptime,level,tags foldmultilines=false
 #1: stderr all=off uptime,level,tags foldmultilines=false

Environment Variables:
JAVA_HOME=C:\Program Files\Java\jdk-17
PATH=C:\Program Files\Java\jdk-17\bin;C:\Program Files\Common Files\Oracle\Java\javapath;C:\Program Files (x86)\Common Files\Oracle\Java\java8path;C:\Program Files (x86)\Common Files\Oracle\Java\javapath;C:\Program Files\Microsoft MPI\Bin\;C:\Program Files\Eclipse Adoptium\jdk-21.0.3.9-hotspot\bin;C:\Python312\Scripts\;C:\Python312\;C:\Program Files (x86)\Razer Chroma SDK\bin;C:\Program Files\Razer Chroma SDK\bin;C:\Program Files (x86)\Razer\ChromaBroadcast\bin;C:\Program Files\Razer\ChromaBroadcast\bin;C:\Program Files\Eclipse Adoptium\jdk-17.0.10.7-hotspot\bin;C:\Windows\system32;C:\Windows;C:\Windows\System32\Wbem;C:\Windows\System32\WindowsPowerShell\v1.0\;C:\Windows\System32\OpenSSH\;C:\Program Files\dotnet\;C:\Windows\system32\config\systemprofile\AppData\Local\Microsoft\WindowsApps;C:\Users\mirek\AppData\Local\Microsoft\WindowsApps;D:\Microsoft VS Code\bin;D:\IntelliJ IDEA Community Edition 2023.3.6\bin;C:\Users\mirek\.dotnet\tools;C:\Program Files\nodejs\;C:\ProgramData\chocolatey\bin;C:\Program Files\Git\cmd;C:\Program Files\Microsoft SQL Server\150\Tools\Binn\;C:\Program Files\Microsoft SQL Server\Client SDK\ODBC\170\Tools\Binn\;C:\msys64\mingw64\bin;C:\WINDOWS\system32;C:\WINDOWS;C:\WINDOWS\System32\Wbem;C:\WINDOWS\System32\WindowsPowerShell\v1.0\;C:\WINDOWS\System32\OpenSSH\;C:\Program Files\NVIDIA Corporation\NVIDIA App\NvDLISR;C:\Program Files (x86)\NVIDIA Corporation\PhysX\Common;C:\Program Files\Java\jdk-17\bin;C:\Users\mirek\.cargo\bin;C:\Users\mirek\AppData\Local\Programs\Python\Python311\Scripts\;C:\Users\mirek\AppData\Local\Programs\Python\Python311\;C:\Users\mirek\AppData\Local\Microsoft\WindowsApps;D:\Microsoft VS Code\bin;D:\IntelliJ IDEA Community Edition 2023.3.6\bin;;C:\Users\mirek\.dotnet\tools;C:\Users\mirek\AppData\Roaming\npm;C:\Users\mirek\AppData\Local\Muse Hub\lib;C:\msys64\mingw64\bin;C:\ffmpeg\bin;C:\Gradle\gradle-8.12-all\gradle-8.12\bin;C:\Program Files (x86)\Atmel\Flip 3.4.7\bin;C:\Program Files (x86)\Nmap;C:\maven\bin;C:\Users\mirek\AppData\Local\Microsoft\WinGet\Packages\Microsoft.devtunnel_Microsoft.Winget.Source_8wekyb3d8bbwe;C:\Program Files\NVIDIA GPU Computing Toolkit\CUDA\v11.8\bin;C:\Program Files\NVIDIA GPU Computing Toolkit\CUDA\v11.8\lib\x64;C:\Program Files\Java\jdk-17;
USERNAME=mirek
LANG=en_US.UTF-8
OS=Windows_NT
PROCESSOR_IDENTIFIER=AMD64 Family 25 Model 33 Stepping 2, AuthenticAMD
TMP=C:\Users\mirek\AppData\Local\Temp
TEMP=C:\Users\mirek\AppData\Local\Temp




Periodic native trim disabled

---------------  S Y S T E M  ---------------

OS:
 Windows 11 , 64 bit Build 26100 (10.0.26100.4484)
OS uptime: 0 days 0:10 hours

CPU: total 24 (initial active 24) (24 cores per cpu, 2 threads per core) family 25 model 33 stepping 2 microcode 0xa201213, cx8, cmov, fxsr, ht, mmx, 3dnowpref, sse, sse2, sse3, ssse3, sse4a, sse4.1, sse4.2, popcnt, lzcnt, tsc, tscinvbit, avx, avx2, aes, erms, clmul, bmi1, bmi2, adx, sha, fma, vzeroupper, clflush, clflushopt, rdtscp, rdpid, fsrm, f16c, pku, cet_ss
Processor Information for all 24 processors :
  Max Mhz: 3701, Current Mhz: 3701, Mhz Limit: 3701

Memory: 4k page, system-wide physical 32681M (13885M free)
TotalPageFile size 43945M (AvailPageFile size 23184M)
current process WorkingSet (physical memory assigned to process): 658M, peak: 662M
current process commit charge ("private bytes"): 887M, peak: 891M

vm_info: OpenJDK 64-Bit Server VM (21.0.3+9-LTS) for windows-amd64 JRE (21.0.3+9-LTS), built on 2024-04-16T00:00:00Z by "admin" with MS VC++ 17.7 (VS2022)

END.
