#
# A fatal error has been detected by the Java Runtime Environment:
#
#  EXCEPTION_ACCESS_VIOLATION (0xc0000005) at pc=0x00000222e4c1125d, pid=17560, tid=35196
#
# JRE version: OpenJDK Runtime Environment Corretto-21.0.5.11.1 (21.0.5+11) (build 21.0.5+11-LTS)
# Java VM: OpenJDK 64-Bit Server VM Corretto-21.0.5.11.1 (21.0.5+11-LTS, mixed mode, sharing, tiered, compressed oops, compressed class ptrs, g1 gc, windows-amd64)
# Problematic frame:
# J 664 c2 sun.misc.Unsafe.putLong(Ljava/lang/Object;JJ)V jdk.unsupported@21.0.5 (11 bytes) @ 0x00000222e4c1125d [0x00000222e4c11220+0x000000000000003d]
#
# No core dump will be written. Minidumps are not enabled by default on client versions of Windows
#
# If you would like to submit a bug report, please visit:
#   https://github.com/corretto/corretto-21/issues/
#

---------------  S U M M A R Y ------------

Command Line: -XX:+ShowCodeDetailsInExceptionMessages engine.Main

Host: AMD Ryzen 9 5900X 12-Core Processor            , 24 cores, 31G,  Windows 11 , 64 bit Build 26100 (10.0.26100.4484)
Time: Sun Aug 24 23:36:36 2025 Mitteleuropäische Sommerzeit elapsed time: 2.428280 seconds (0d 0h 0m 2s)

---------------  T H R E A D  ---------------

Current thread (0x00000222d25f49b0):  JavaThread "main"             [_thread_in_Java, id=35196, stack(0x000000e3b3800000,0x000000e3b3900000) (1024K)]

Stack: [0x000000e3b3800000,0x000000e3b3900000],  sp=0x000000e3b38ff230,  free space=1020k
Native frames: (J=compiled Java code, j=interpreted, Vv=VM code, C=native code)
C  0x00000222e4c1125d

The last pc belongs to nmethod (printed below).

siginfo: EXCEPTION_ACCESS_VIOLATION (0xc0000005), writing address 0x0000000000000010


Registers:
RAX=0x00000222fb1303d0, RBX=0x00000222fb1303d0, RCX=0x000000060ed33350, RDX=0x000000060ed33350
RSP=0x000000e3b38ff230, RBP=0x000000e3b38ff2c8, RSI=0x00000222c72d53c8, RDI=0x0000000041200000
R8 =0x0000000000000000, R9 =0x0000000000000010, R10=0x0000000000000000, R11=0x00000222e4c11240
R12=0x0000000000000000, R13=0x000000e3b38ff250, R14=0x000000e3b38ff2f0, R15=0x00000222d25f49b0
RIP=0x00000222e4c1125d, EFLAGS=0x0000000000010246


Register to memory mapping:

RAX={method} {0x00000222fb1303d8} 'putLong' '(Ljava/lang/Object;JJ)V' in 'sun/misc/Unsafe'
RBX={method} {0x00000222fb1303d8} 'putLong' '(Ljava/lang/Object;JJ)V' in 'sun/misc/Unsafe'
RCX=0x000000060ed33350 is an oop: sun.misc.Unsafe 
{0x000000060ed33350} - klass: 'sun/misc/Unsafe'
 - ---- fields (total size 2 words):
RDX=0x000000060ed33350 is an oop: sun.misc.Unsafe 
{0x000000060ed33350} - klass: 'sun/misc/Unsafe'
 - ---- fields (total size 2 words):
RSP=0x000000e3b38ff230 is pointing into the stack for thread: 0x00000222d25f49b0
RBP=0x000000e3b38ff2c8 is pointing into the stack for thread: 0x00000222d25f49b0
RSI=0x00000222c72d53c8 points into unknown readable memory: 0x80000a00c64e5df9 | f9 5d 4e c6 00 0a 00 80
RDI=0x0000000041200000 is an unknown value
R8 =0x0 is null
R9 =0x0000000000000010 is an unknown value
R10=0x0 is null
R11=0x00000222e4c11240 is at entry_point+32 in (nmethod*)0x00000222e4c11090
Compiled method (c2) 2446  664       4       sun.misc.Unsafe::putLong (11 bytes)
 total in heap  [0x00000222e4c11090,0x00000222e4c112e0] = 592
 relocation     [0x00000222e4c111f0,0x00000222e4c11208] = 24
 main code      [0x00000222e4c11220,0x00000222e4c11298] = 120
 stub code      [0x00000222e4c11298,0x00000222e4c112b0] = 24
 scopes data    [0x00000222e4c112b0,0x00000222e4c112b8] = 8
 scopes pcs     [0x00000222e4c112b8,0x00000222e4c112d8] = 32
 dependencies   [0x00000222e4c112d8,0x00000222e4c112e0] = 8
R12=0x0 is null
R13=0x000000e3b38ff250 is pointing into the stack for thread: 0x00000222d25f49b0
R14=0x000000e3b38ff2f0 is pointing into the stack for thread: 0x00000222d25f49b0
R15=0x00000222d25f49b0 is a thread

Top of Stack: (sp=0x000000e3b38ff230)
0x000000e3b38ff230:   000000e3b38ff2c8 00000222e449893e
0x000000e3b38ff240:   000000e3b38ff2c8 00000222e4498860
0x000000e3b38ff250:   0000000041200000 0000000000000000
0x000000e3b38ff260:   0000000000000010 0000000000000000
0x000000e3b38ff270:   0000000000000000 000000060ed33350
0x000000e3b38ff280:   000000e3b38ff280 00000222fb7fb981
0x000000e3b38ff290:   0000000000000005 00000222fb810000
0x000000e3b38ff2a0:   0000000000000000 0000000611130f80
0x000000e3b38ff2b0:   00000222fb7fb9c0 000000e3b38ff250
0x000000e3b38ff2c0:   000000e3b38ff2e0 000000e3b38ff340
0x000000e3b38ff2d0:   00000222e4498860 0000000000000000
0x000000e3b38ff2e0:   0000000000000010 0000000000000000
0x000000e3b38ff2f0:   00000006112e0658 000000e3b38ff2f8
0x000000e3b38ff300:   00000222fb801fb4 0000000000000005
0x000000e3b38ff310:   00000222fb810000 0000000000000000
0x000000e3b38ff320:   0000000611130f80 00000222fb801ff8
0x000000e3b38ff330:   000000e3b38ff2e0 000000e3b38ff350
0x000000e3b38ff340:   000000e3b38ff3b8 00000222e4498860
0x000000e3b38ff350:   00000006112e0760 0000000000000000
0x000000e3b38ff360:   00000006112e0658 00000006112ddec8
0x000000e3b38ff370:   000000e3b38ff370 00000222fb784ee1
0x000000e3b38ff380:   0000000000000003 00000222fb7b8000
0x000000e3b38ff390:   0000000000000000 0000000611097ba8
0x000000e3b38ff3a0:   00000222fb784f08 000000e3b38ff350
0x000000e3b38ff3b0:   000000e3b38ff3c8 000000e3b38ff420
0x000000e3b38ff3c0:   00000222e44989d2 00000006112e0760
0x000000e3b38ff3d0:   00000006112e0658 000000e3b38ff3d8
0x000000e3b38ff3e0:   00000222fb59ffa8 0000000000000003
0x000000e3b38ff3f0:   00000222fb5a8000 0000000000000000
0x000000e3b38ff400:   000000060ee54940 00000222fb5a12d0
0x000000e3b38ff410:   000000e3b38ff3c8 000000e3b38ff438
0x000000e3b38ff420:   000000e3b38ff498 00000222e44989d2 

Instructions: (pc=0x00000222e4c1125d)
0x00000222e4c1115d:   00 00 00 00 00 00 00 00 00 00 00 00 00 00 00 00
0x00000222e4c1116d:   00 00 00 20 12 c1 e4 22 02 00 00 40 12 c1 e4 22
0x00000222e4c1117d:   02 00 00 20 12 c1 e4 22 02 00 00 00 00 00 00 ff
0x00000222e4c1118d:   ff ff ff 08 02 00 00 ff ff ff ff 90 01 00 00 08
0x00000222e4c1119d:   02 00 00 20 02 00 00 20 02 00 00 00 00 00 00 28
0x00000222e4c111ad:   02 00 00 48 02 00 00 50 02 00 00 50 02 00 00 50
0x00000222e4c111bd:   02 00 00 50 02 00 00 50 02 00 00 00 00 00 00 98
0x00000222e4c111cd:   02 00 00 00 00 00 00 02 00 00 00 ff ff ff ff ff
0x00000222e4c111dd:   ff ff ff 04 02 00 00 00 00 00 00 00 00 00 00 00
0x00000222e4c111ed:   00 00 00 14 30 32 58 0e 78 0e 40 11 31 05 31 0e
0x00000222e4c111fd:   00 00 31 0f 31 00 00 00 00 00 00 00 00 00 00 00
0x00000222e4c1120d:   00 00 00 00 00 00 00 00 00 00 00 00 00 00 00 00
0x00000222e4c1121d:   00 00 00 44 8b 52 08 49 bb 00 00 00 80 22 02 00
0x00000222e4c1122d:   00 4d 03 d3 49 3b c2 0f 85 46 d5 8c ff 66 90 0f
0x00000222e4c1123d:   1f 40 00 48 81 ec 18 00 00 00 48 89 6c 24 10 41
0x00000222e4c1124d:   81 7f 20 01 00 00 00 0f 85 30 00 00 00 4d 8b d0
0x00000222e4c1125d:   4b 89 3c 0a 48 83 c4 10 5d 49 3b a7 48 04 00 00
0x00000222e4c1126d:   0f 87 01 00 00 00 c3 49 ba 66 12 c1 e4 22 02 00
0x00000222e4c1127d:   00 4d 89 97 60 04 00 00 e9 76 44 8d ff e8 d1 3a
0x00000222e4c1128d:   8b ff e9 c6 ff ff ff f4 f4 f4 f4 e9 63 a1 99 ff
0x00000222e4c1129d:   e8 00 00 00 00 48 83 2c 24 05 e9 f4 36 8d ff f4
0x00000222e4c112ad:   f4 f4 f4 ff 00 00 00 00 00 00 00 ff ff ff ff 00
0x00000222e4c112bd:   00 00 00 00 00 00 00 00 00 00 00 91 00 00 00 00
0x00000222e4c112cd:   00 00 00 00 00 00 00 00 00 00 00 00 00 00 00 00
0x00000222e4c112dd:   00 00 00 00 00 00 00 00 00 00 00 00 00 00 00 00
0x00000222e4c112ed:   00 00 00 00 00 00 00 00 00 00 00 00 00 00 00 00
0x00000222e4c112fd:   00 00 00 00 00 00 00 00 00 00 00 00 00 00 00 00
0x00000222e4c1130d:   00 00 00 00 00 00 00 00 00 00 00 00 00 00 00 00
0x00000222e4c1131d:   00 00 00 00 00 00 00 00 00 00 00 00 00 00 00 00
0x00000222e4c1132d:   00 00 00 00 00 00 00 00 00 00 00 00 00 00 00 00
0x00000222e4c1133d:   00 00 00 00 00 00 00 00 00 00 00 00 00 00 00 00
0x00000222e4c1134d:   00 00 00 00 00 00 00 00 00 00 00 00 00 00 00 00 


Stack slot to memory mapping:

stack at sp + 0 slots: 0x000000e3b38ff2c8 is pointing into the stack for thread: 0x00000222d25f49b0
stack at sp + 1 slots: 0x00000222e449893e is at code_begin+1406 in an Interpreter codelet
return entry points  [0x00000222e44983c0, 0x00000222e4498f60]  2976 bytes
stack at sp + 2 slots: 0x000000e3b38ff2c8 is pointing into the stack for thread: 0x00000222d25f49b0
stack at sp + 3 slots: 0x00000222e4498860 is at code_begin+1184 in an Interpreter codelet
return entry points  [0x00000222e44983c0, 0x00000222e4498f60]  2976 bytes
stack at sp + 4 slots: 0x0000000041200000 is an unknown value
stack at sp + 5 slots: 0x0 is null
stack at sp + 6 slots: 0x0000000000000010 is an unknown value
stack at sp + 7 slots: 0x0 is null


Compiled method (c2) 2463  664       4       sun.misc.Unsafe::putLong (11 bytes)
 total in heap  [0x00000222e4c11090,0x00000222e4c112e0] = 592
 relocation     [0x00000222e4c111f0,0x00000222e4c11208] = 24
 main code      [0x00000222e4c11220,0x00000222e4c11298] = 120
 stub code      [0x00000222e4c11298,0x00000222e4c112b0] = 24
 scopes data    [0x00000222e4c112b0,0x00000222e4c112b8] = 8
 scopes pcs     [0x00000222e4c112b8,0x00000222e4c112d8] = 32
 dependencies   [0x00000222e4c112d8,0x00000222e4c112e0] = 8

[Constant Pool (empty)]

[MachCode]
[Entry Point]
  # {method} {0x00000222fb1303d8} 'putLong' '(Ljava/lang/Object;JJ)V' in 'sun/misc/Unsafe'
  # this:     rdx:rdx   = 'sun/misc/Unsafe'
  # parm0:    r8:r8     = 'java/lang/Object'
  # parm1:    r9:r9     = long
  # parm2:    rdi:rdi   = long
  #           [sp+0x20]  (sp of caller)
  0x00000222e4c11220: 448b 5208 | 49bb 0000 | 0080 2202 | 0000 4d03 | d349 3bc2 

  0x00000222e4c11234: ;   {runtime_call ic_miss_stub}
  0x00000222e4c11234: 0f85 46d5 | 8cff 6690 | 0f1f 4000 
[Verified Entry Point]
  0x00000222e4c11240: 4881 ec18 | 0000 0048 | 896c 2410 | 4181 7f20 | 0100 0000 | 0f85 3000 | 0000 4d8b | d04b 893c 
  0x00000222e4c11260: 0a48 83c4 

  0x00000222e4c11264: ;   {poll_return}
  0x00000222e4c11264: 105d 493b | a748 0400 | 000f 8701 | 0000 00c3 

  0x00000222e4c11274: ;   {internal_word}
  0x00000222e4c11274: 49ba 6612 | c1e4 2202 | 0000 4d89 | 9760 0400 

  0x00000222e4c11284: ;   {runtime_call SafepointBlob}
  0x00000222e4c11284: 00e9 7644 

  0x00000222e4c11288: ;   {runtime_call StubRoutines (final stubs)}
  0x00000222e4c11288: 8dff e8d1 | 3a8b ffe9 | c6ff ffff | f4f4 f4f4 
[Exception Handler]
  0x00000222e4c11298: ;   {no_reloc}
  0x00000222e4c11298: e963 a199 | ffe8 0000 | 0000 4883 

  0x00000222e4c112a4: ;   {runtime_call DeoptimizationBlob}
  0x00000222e4c112a4: 2c24 05e9 | f436 8dff | f4f4 f4f4 
[/MachCode]


---------------  P R O C E S S  ---------------

Threads class SMR info:
_java_thread_list=0x00000222c7328720, length=15, elements={
0x00000222d25f49b0, 0x00000222f70d4f00, 0x00000222f70d5b50, 0x00000222f70db580,
0x00000222f70ddfe0, 0x00000222fa4a3fe0, 0x00000222fa4a4de0, 0x00000222fa4a8310,
0x00000222fa4b8ee0, 0x00000222fa576cd0, 0x00000222fa6630d0, 0x00000222fa667160,
0x00000222c6dcf980, 0x00000222c6eac190, 0x00000222c70036f0
}

Java Threads: ( => current thread )
=>0x00000222d25f49b0 JavaThread "main"                              [_thread_in_Java, id=35196, stack(0x000000e3b3800000,0x000000e3b3900000) (1024K)]
  0x00000222f70d4f00 JavaThread "Reference Handler"          daemon [_thread_blocked, id=27192, stack(0x000000e3b4000000,0x000000e3b4100000) (1024K)]
  0x00000222f70d5b50 JavaThread "Finalizer"                  daemon [_thread_blocked, id=23868, stack(0x000000e3b4100000,0x000000e3b4200000) (1024K)]
  0x00000222f70db580 JavaThread "Signal Dispatcher"          daemon [_thread_blocked, id=32384, stack(0x000000e3b4200000,0x000000e3b4300000) (1024K)]
  0x00000222f70ddfe0 JavaThread "Attach Listener"            daemon [_thread_blocked, id=38728, stack(0x000000e3b4300000,0x000000e3b4400000) (1024K)]
  0x00000222fa4a3fe0 JavaThread "Service Thread"             daemon [_thread_blocked, id=31004, stack(0x000000e3b4400000,0x000000e3b4500000) (1024K)]
  0x00000222fa4a4de0 JavaThread "Monitor Deflation Thread"   daemon [_thread_blocked, id=19512, stack(0x000000e3b4500000,0x000000e3b4600000) (1024K)]
  0x00000222fa4a8310 JavaThread "C2 CompilerThread0"         daemon [_thread_blocked, id=36012, stack(0x000000e3b4600000,0x000000e3b4700000) (1024K)]
  0x00000222fa4b8ee0 JavaThread "C1 CompilerThread0"         daemon [_thread_blocked, id=32980, stack(0x000000e3b4700000,0x000000e3b4800000) (1024K)]
  0x00000222fa576cd0 JavaThread "C1 CompilerThread1"         daemon [_thread_blocked, id=35584, stack(0x000000e3b4800000,0x000000e3b4900000) (1024K)]
  0x00000222fa6630d0 JavaThread "Notification Thread"        daemon [_thread_blocked, id=38420, stack(0x000000e3b4900000,0x000000e3b4a00000) (1024K)]
  0x00000222fa667160 JavaThread "Common-Cleaner"             daemon [_thread_blocked, id=26860, stack(0x000000e3b4a00000,0x000000e3b4b00000) (1024K)]
  0x00000222c6dcf980 JavaThread "C1 CompilerThread2"         daemon [_thread_blocked, id=32708, stack(0x000000e3b4b00000,0x000000e3b4c00000) (1024K)]
  0x00000222c6eac190 JavaThread "C1 CompilerThread3"         daemon [_thread_blocked, id=1856, stack(0x000000e3b5300000,0x000000e3b5400000) (1024K)]
  0x00000222c70036f0 JavaThread "C2 CompilerThread1"         daemon [_thread_blocked, id=10196, stack(0x000000e3b5400000,0x000000e3b5500000) (1024K)]
Total: 15

Other Threads:
  0x00000222d25d1930 VMThread "VM Thread"                           [id=8788, stack(0x000000e3b3f00000,0x000000e3b4000000) (1024K)]
  0x00000222fa4a1270 WatcherThread "VM Periodic Task Thread"        [id=11132, stack(0x000000e3b3e00000,0x000000e3b3f00000) (1024K)]
  0x00000222d25d11f0 WorkerThread "GC Thread#0"                     [id=36952, stack(0x000000e3b3900000,0x000000e3b3a00000) (1024K)]
  0x00000222d25d0e50 WorkerThread "GC Thread#1"                     [id=2228, stack(0x000000e3b5b00000,0x000000e3b5c00000) (1024K)]
  0x00000222c73779a0 WorkerThread "GC Thread#2"                     [id=17600, stack(0x000000e3b5c00000,0x000000e3b5d00000) (1024K)]
  0x00000222c7379300 WorkerThread "GC Thread#3"                     [id=3168, stack(0x000000e3b5d00000,0x000000e3b5e00000) (1024K)]
  0x00000222c7376ec0 WorkerThread "GC Thread#4"                     [id=24732, stack(0x000000e3b5e00000,0x000000e3b5f00000) (1024K)]
  0x00000222c7377d40 WorkerThread "GC Thread#5"                     [id=6560, stack(0x000000e3b5f00000,0x000000e3b6000000) (1024K)]
  0x00000222c7377260 WorkerThread "GC Thread#6"                     [id=6360, stack(0x000000e3b6000000,0x000000e3b6100000) (1024K)]
  0x00000222c7376780 WorkerThread "GC Thread#7"                     [id=25376, stack(0x000000e3b6100000,0x000000e3b6200000) (1024K)]
  0x00000222c7376b20 WorkerThread "GC Thread#8"                     [id=35004, stack(0x000000e3b6200000,0x000000e3b6300000) (1024K)]
  0x00000222c7377600 WorkerThread "GC Thread#9"                     [id=8004, stack(0x000000e3b6300000,0x000000e3b6400000) (1024K)]
  0x00000222c73763e0 WorkerThread "GC Thread#10"                    [id=6332, stack(0x000000e3b6400000,0x000000e3b6500000) (1024K)]
  0x00000222c73780e0 WorkerThread "GC Thread#11"                    [id=8092, stack(0x000000e3b6500000,0x000000e3b6600000) (1024K)]
  0x00000222d4a19c60 ConcurrentGCThread "G1 Main Marker"            [id=33760, stack(0x000000e3b3a00000,0x000000e3b3b00000) (1024K)]
  0x00000222d25d0710 WorkerThread "G1 Conc#0"                       [id=36976, stack(0x000000e3b3b00000,0x000000e3b3c00000) (1024K)]
  0x00000222f6fe6350 ConcurrentGCThread "G1 Refine#0"               [id=36476, stack(0x000000e3b3c00000,0x000000e3b3d00000) (1024K)]
  0x00000222f6fe7d70 ConcurrentGCThread "G1 Service"                [id=21920, stack(0x000000e3b3d00000,0x000000e3b3e00000) (1024K)]
Total: 18

Threads with active compile tasks:
Total: 0

VM state: not at safepoint (normal execution)

VM Mutex/Monitor currently owned by a thread: None

Heap address: 0x0000000601400000, size: 8172 MB, Compressed Oops mode: Zero based, Oop shift amount: 3

CDS archive(s) mapped at: [0x0000022280000000-0x0000022280c80000-0x0000022280c80000), size 13107200, SharedBaseAddress: 0x0000022280000000, ArchiveRelocationMode: 1.
Compressed class space mapped at: 0x0000022281000000-0x00000222c1000000, reserved size: 1073741824
Narrow klass base: 0x0000022280000000, Narrow klass shift: 0, Narrow klass range: 0x100000000

GC Precious Log:
 CardTable entry size: 512
 Card Set container configuration: InlinePtr #cards 4 size 8 Array Of Cards #cards 32 size 80 Howl #buckets 8 coarsen threshold 7372 Howl Bitmap #cards 1024 size 144 coarsen threshold 921 Card regions per heap region 1 cards per card region 8192
 CPUs: 24 total, 24 available
 Memory: 32681M
 Large Page Support: Disabled
 NUMA Support: Disabled
 Compressed Oops: Enabled (Zero based)
 Heap Region Size: 4M
 Heap Min Capacity: 8M
 Heap Initial Capacity: 512M
 Heap Max Capacity: 8172M
 Pre-touch: Disabled
 Parallel Workers: 18
 Concurrent Workers: 5
 Concurrent Refinement Workers: 18
 Periodic GC: Disabled

Heap:
 garbage-first heap   total 524288K, used 442613K [0x0000000601400000, 0x0000000800000000)
  region size 4096K, 73 young (299008K), 8 survivors (32768K)
 Metaspace       used 7623K, committed 7808K, reserved 1114112K
  class space    used 408K, committed 512K, reserved 1048576K

Heap Regions: E=young(eden), S=young(survivor), O=old, HS=humongous(starts), HC=humongous(continues), CS=collection set, F=free, TAMS=top-at-mark-start, PB=parsable bottom
|   0|0x0000000601400000, 0x0000000601800000, 0x0000000601800000|100%|HS|  |TAMS 0x0000000601400000| PB 0x0000000601400000| Complete 
|   1|0x0000000601800000, 0x0000000601c00000, 0x0000000601c00000|100%|HC|  |TAMS 0x0000000601800000| PB 0x0000000601800000| Complete 
|   2|0x0000000601c00000, 0x0000000602000000, 0x0000000602000000|100%|HS|  |TAMS 0x0000000601c00000| PB 0x0000000601c00000| Complete 
|   3|0x0000000602000000, 0x0000000602400000, 0x0000000602400000|100%|HC|  |TAMS 0x0000000602000000| PB 0x0000000602000000| Complete 
|   4|0x0000000602400000, 0x0000000602800000, 0x0000000602800000|100%|HS|  |TAMS 0x0000000602400000| PB 0x0000000602400000| Complete 
|   5|0x0000000602800000, 0x0000000602c00000, 0x0000000602c00000|100%|HC|  |TAMS 0x0000000602800000| PB 0x0000000602800000| Complete 
|   6|0x0000000602c00000, 0x0000000603000000, 0x0000000603000000|100%|HS|  |TAMS 0x0000000602c00000| PB 0x0000000602c00000| Complete 
|   7|0x0000000603000000, 0x0000000603400000, 0x0000000603400000|100%|HC|  |TAMS 0x0000000603000000| PB 0x0000000603000000| Complete 
|   8|0x0000000603400000, 0x0000000603800000, 0x0000000603800000|100%|HS|  |TAMS 0x0000000603400000| PB 0x0000000603400000| Complete 
|   9|0x0000000603800000, 0x0000000603c00000, 0x0000000603c00000|100%|HS|  |TAMS 0x0000000603800000| PB 0x0000000603800000| Complete 
|  10|0x0000000603c00000, 0x0000000604000000, 0x0000000604000000|100%|HS|  |TAMS 0x0000000603c00000| PB 0x0000000603c00000| Complete 
|  11|0x0000000604000000, 0x0000000604400000, 0x0000000604400000|100%|HC|  |TAMS 0x0000000604000000| PB 0x0000000604000000| Complete 
|  12|0x0000000604400000, 0x0000000604800000, 0x0000000604800000|100%|HS|  |TAMS 0x0000000604400000| PB 0x0000000604400000| Complete 
|  13|0x0000000604800000, 0x0000000604c00000, 0x0000000604c00000|100%|HC|  |TAMS 0x0000000604800000| PB 0x0000000604800000| Complete 
|  14|0x0000000604c00000, 0x0000000605000000, 0x0000000605000000|100%|HS|  |TAMS 0x0000000604c00000| PB 0x0000000604c00000| Complete 
|  15|0x0000000605000000, 0x0000000605400000, 0x0000000605400000|100%|HC|  |TAMS 0x0000000605000000| PB 0x0000000605000000| Complete 
|  16|0x0000000605400000, 0x0000000605800000, 0x0000000605800000|100%|HS|  |TAMS 0x0000000605400000| PB 0x0000000605400000| Complete 
|  17|0x0000000605800000, 0x0000000605c00000, 0x0000000605c00000|100%|HC|  |TAMS 0x0000000605800000| PB 0x0000000605800000| Complete 
|  18|0x0000000605c00000, 0x0000000606000000, 0x0000000606000000|100%|HS|  |TAMS 0x0000000605c00000| PB 0x0000000605c00000| Complete 
|  19|0x0000000606000000, 0x0000000606400000, 0x0000000606400000|100%|HC|  |TAMS 0x0000000606000000| PB 0x0000000606000000| Complete 
|  20|0x0000000606400000, 0x0000000606800000, 0x0000000606800000|100%|HS|  |TAMS 0x0000000606400000| PB 0x0000000606400000| Complete 
|  21|0x0000000606800000, 0x0000000606c00000, 0x0000000606c00000|100%|HS|  |TAMS 0x0000000606800000| PB 0x0000000606800000| Complete 
|  22|0x0000000606c00000, 0x0000000607000000, 0x0000000607000000|100%|HS|  |TAMS 0x0000000606c00000| PB 0x0000000606c00000| Complete 
|  23|0x0000000607000000, 0x0000000607400000, 0x0000000607400000|100%|HC|  |TAMS 0x0000000607000000| PB 0x0000000607000000| Complete 
|  24|0x0000000607400000, 0x0000000607800000, 0x0000000607800000|100%|HS|  |TAMS 0x0000000607400000| PB 0x0000000607400000| Complete 
|  25|0x0000000607800000, 0x0000000607c00000, 0x0000000607c00000|100%|HC|  |TAMS 0x0000000607800000| PB 0x0000000607800000| Complete 
|  26|0x0000000607c00000, 0x0000000608000000, 0x0000000608000000|100%|HS|  |TAMS 0x0000000607c00000| PB 0x0000000607c00000| Complete 
|  27|0x0000000608000000, 0x0000000608400000, 0x0000000608400000|100%|HC|  |TAMS 0x0000000608000000| PB 0x0000000608000000| Complete 
|  28|0x0000000608400000, 0x0000000608800000, 0x0000000608800000|100%|HS|  |TAMS 0x0000000608400000| PB 0x0000000608400000| Complete 
|  29|0x0000000608800000, 0x0000000608c00000, 0x0000000608c00000|100%|HS|  |TAMS 0x0000000608800000| PB 0x0000000608800000| Complete 
|  30|0x0000000608c00000, 0x0000000609000000, 0x0000000609000000|100%|HS|  |TAMS 0x0000000608c00000| PB 0x0000000608c00000| Complete 
|  31|0x0000000609000000, 0x0000000609400000, 0x0000000609400000|100%|HC|  |TAMS 0x0000000609000000| PB 0x0000000609000000| Complete 
|  32|0x0000000609400000, 0x0000000609800000, 0x0000000609800000|100%|HS|  |TAMS 0x0000000609400000| PB 0x0000000609400000| Complete 
|  33|0x0000000609800000, 0x0000000609c00000, 0x0000000609c00000|100%|HC|  |TAMS 0x0000000609800000| PB 0x0000000609800000| Complete 
|  34|0x0000000609c00000, 0x000000060a000000, 0x000000060a000000|100%|HS|  |TAMS 0x0000000609c00000| PB 0x0000000609c00000| Complete 
|  35|0x000000060a000000, 0x000000060a400000, 0x000000060a400000|100%|HC|  |TAMS 0x000000060a000000| PB 0x000000060a000000| Complete 
|  36|0x000000060a400000, 0x000000060a800000, 0x000000060a800000|100%|HS|  |TAMS 0x000000060a400000| PB 0x000000060a400000| Complete 
|  37|0x000000060a800000, 0x000000060ac00000, 0x000000060ac00000|100%|HC|  |TAMS 0x000000060a800000| PB 0x000000060a800000| Complete 
|  38|0x000000060ac00000, 0x000000060ac00000, 0x000000060b000000|  0%| F|  |TAMS 0x000000060ac00000| PB 0x000000060ac00000| Untracked 
|  39|0x000000060b000000, 0x000000060b000000, 0x000000060b400000|  0%| F|  |TAMS 0x000000060b000000| PB 0x000000060b000000| Untracked 
|  40|0x000000060b400000, 0x000000060b400000, 0x000000060b800000|  0%| F|  |TAMS 0x000000060b400000| PB 0x000000060b400000| Untracked 
|  41|0x000000060b800000, 0x000000060b800000, 0x000000060bc00000|  0%| F|  |TAMS 0x000000060b800000| PB 0x000000060b800000| Untracked 
|  42|0x000000060bc00000, 0x000000060bc00000, 0x000000060c000000|  0%| F|  |TAMS 0x000000060bc00000| PB 0x000000060bc00000| Untracked 
|  43|0x000000060c000000, 0x000000060c000000, 0x000000060c400000|  0%| F|  |TAMS 0x000000060c000000| PB 0x000000060c000000| Untracked 
|  44|0x000000060c400000, 0x000000060c43d710, 0x000000060c800000|  6%| S|CS|TAMS 0x000000060c400000| PB 0x000000060c400000| Complete 
|  45|0x000000060c800000, 0x000000060cc00000, 0x000000060cc00000|100%| S|CS|TAMS 0x000000060c800000| PB 0x000000060c800000| Complete 
|  46|0x000000060cc00000, 0x000000060d000000, 0x000000060d000000|100%| S|CS|TAMS 0x000000060cc00000| PB 0x000000060cc00000| Complete 
|  47|0x000000060d000000, 0x000000060d400000, 0x000000060d400000|100%| S|CS|TAMS 0x000000060d000000| PB 0x000000060d000000| Complete 
|  48|0x000000060d400000, 0x000000060d800000, 0x000000060d800000|100%| S|CS|TAMS 0x000000060d400000| PB 0x000000060d400000| Complete 
|  49|0x000000060d800000, 0x000000060d800000, 0x000000060dc00000|  0%| F|  |TAMS 0x000000060d800000| PB 0x000000060d800000| Untracked 
|  50|0x000000060dc00000, 0x000000060dc00000, 0x000000060e000000|  0%| F|  |TAMS 0x000000060dc00000| PB 0x000000060dc00000| Untracked 
|  51|0x000000060e000000, 0x000000060e000000, 0x000000060e400000|  0%| F|  |TAMS 0x000000060e000000| PB 0x000000060e000000| Untracked 
|  52|0x000000060e400000, 0x000000060e800000, 0x000000060e800000|100%| S|CS|TAMS 0x000000060e400000| PB 0x000000060e400000| Complete 
|  53|0x000000060e800000, 0x000000060ec00000, 0x000000060ec00000|100%| S|CS|TAMS 0x000000060e800000| PB 0x000000060e800000| Complete 
|  54|0x000000060ec00000, 0x000000060f000000, 0x000000060f000000|100%| S|CS|TAMS 0x000000060ec00000| PB 0x000000060ec00000| Complete 
|  55|0x000000060f000000, 0x000000060f000000, 0x000000060f400000|  0%| F|  |TAMS 0x000000060f000000| PB 0x000000060f000000| Untracked 
|  56|0x000000060f400000, 0x000000060f400000, 0x000000060f800000|  0%| F|  |TAMS 0x000000060f400000| PB 0x000000060f400000| Untracked 
|  57|0x000000060f800000, 0x000000060f800000, 0x000000060fc00000|  0%| F|  |TAMS 0x000000060f800000| PB 0x000000060f800000| Untracked 
|  58|0x000000060fc00000, 0x000000060fc00000, 0x0000000610000000|  0%| F|  |TAMS 0x000000060fc00000| PB 0x000000060fc00000| Untracked 
|  59|0x0000000610000000, 0x0000000610000000, 0x0000000610400000|  0%| F|  |TAMS 0x0000000610000000| PB 0x0000000610000000| Untracked 
|  60|0x0000000610400000, 0x0000000610400000, 0x0000000610800000|  0%| F|  |TAMS 0x0000000610400000| PB 0x0000000610400000| Untracked 
|  61|0x0000000610800000, 0x0000000610800000, 0x0000000610c00000|  0%| F|  |TAMS 0x0000000610800000| PB 0x0000000610800000| Untracked 
|  62|0x0000000610c00000, 0x0000000610c00000, 0x0000000611000000|  0%| F|  |TAMS 0x0000000610c00000| PB 0x0000000610c00000| Untracked 
|  63|0x0000000611000000, 0x0000000611400000, 0x0000000611400000|100%| E|  |TAMS 0x0000000611000000| PB 0x0000000611000000| Complete 
|  64|0x0000000611400000, 0x0000000611800000, 0x0000000611800000|100%| E|CS|TAMS 0x0000000611400000| PB 0x0000000611400000| Complete 
|  65|0x0000000611800000, 0x0000000611c00000, 0x0000000611c00000|100%| E|CS|TAMS 0x0000000611800000| PB 0x0000000611800000| Complete 
|  66|0x0000000611c00000, 0x0000000612000000, 0x0000000612000000|100%| E|CS|TAMS 0x0000000611c00000| PB 0x0000000611c00000| Complete 
|  67|0x0000000612000000, 0x0000000612400000, 0x0000000612400000|100%| E|CS|TAMS 0x0000000612000000| PB 0x0000000612000000| Complete 
|  68|0x0000000612400000, 0x0000000612800000, 0x0000000612800000|100%| E|CS|TAMS 0x0000000612400000| PB 0x0000000612400000| Complete 
|  69|0x0000000612800000, 0x0000000612c00000, 0x0000000612c00000|100%| E|CS|TAMS 0x0000000612800000| PB 0x0000000612800000| Complete 
|  70|0x0000000612c00000, 0x0000000613000000, 0x0000000613000000|100%| E|CS|TAMS 0x0000000612c00000| PB 0x0000000612c00000| Complete 
|  71|0x0000000613000000, 0x0000000613400000, 0x0000000613400000|100%| E|CS|TAMS 0x0000000613000000| PB 0x0000000613000000| Complete 
|  72|0x0000000613400000, 0x0000000613800000, 0x0000000613800000|100%| E|CS|TAMS 0x0000000613400000| PB 0x0000000613400000| Complete 
|  73|0x0000000613800000, 0x0000000613c00000, 0x0000000613c00000|100%| E|CS|TAMS 0x0000000613800000| PB 0x0000000613800000| Complete 
|  74|0x0000000613c00000, 0x0000000614000000, 0x0000000614000000|100%| E|CS|TAMS 0x0000000613c00000| PB 0x0000000613c00000| Complete 
|  75|0x0000000614000000, 0x0000000614400000, 0x0000000614400000|100%| E|CS|TAMS 0x0000000614000000| PB 0x0000000614000000| Complete 
|  76|0x0000000614400000, 0x0000000614800000, 0x0000000614800000|100%| E|CS|TAMS 0x0000000614400000| PB 0x0000000614400000| Complete 
|  77|0x0000000614800000, 0x0000000614c00000, 0x0000000614c00000|100%| E|CS|TAMS 0x0000000614800000| PB 0x0000000614800000| Complete 
|  78|0x0000000614c00000, 0x0000000615000000, 0x0000000615000000|100%| E|CS|TAMS 0x0000000614c00000| PB 0x0000000614c00000| Complete 
|  79|0x0000000615000000, 0x0000000615400000, 0x0000000615400000|100%| E|CS|TAMS 0x0000000615000000| PB 0x0000000615000000| Complete 
|  80|0x0000000615400000, 0x0000000615800000, 0x0000000615800000|100%| E|CS|TAMS 0x0000000615400000| PB 0x0000000615400000| Complete 
|  81|0x0000000615800000, 0x0000000615c00000, 0x0000000615c00000|100%| E|CS|TAMS 0x0000000615800000| PB 0x0000000615800000| Complete 
|  82|0x0000000615c00000, 0x0000000616000000, 0x0000000616000000|100%| E|CS|TAMS 0x0000000615c00000| PB 0x0000000615c00000| Complete 
|  83|0x0000000616000000, 0x0000000616400000, 0x0000000616400000|100%| E|CS|TAMS 0x0000000616000000| PB 0x0000000616000000| Complete 
|  84|0x0000000616400000, 0x0000000616800000, 0x0000000616800000|100%| E|CS|TAMS 0x0000000616400000| PB 0x0000000616400000| Complete 
|  85|0x0000000616800000, 0x0000000616c00000, 0x0000000616c00000|100%| E|CS|TAMS 0x0000000616800000| PB 0x0000000616800000| Complete 
|  86|0x0000000616c00000, 0x0000000617000000, 0x0000000617000000|100%| E|  |TAMS 0x0000000616c00000| PB 0x0000000616c00000| Complete 
|  87|0x0000000617000000, 0x0000000617400000, 0x0000000617400000|100%| E|CS|TAMS 0x0000000617000000| PB 0x0000000617000000| Complete 
|  88|0x0000000617400000, 0x0000000617800000, 0x0000000617800000|100%| E|CS|TAMS 0x0000000617400000| PB 0x0000000617400000| Complete 
|  89|0x0000000617800000, 0x0000000617c00000, 0x0000000617c00000|100%| E|CS|TAMS 0x0000000617800000| PB 0x0000000617800000| Complete 
|  90|0x0000000617c00000, 0x0000000618000000, 0x0000000618000000|100%| E|CS|TAMS 0x0000000617c00000| PB 0x0000000617c00000| Complete 
|  91|0x0000000618000000, 0x0000000618400000, 0x0000000618400000|100%| E|CS|TAMS 0x0000000618000000| PB 0x0000000618000000| Complete 
|  92|0x0000000618400000, 0x0000000618800000, 0x0000000618800000|100%| E|CS|TAMS 0x0000000618400000| PB 0x0000000618400000| Complete 
|  93|0x0000000618800000, 0x0000000618c00000, 0x0000000618c00000|100%| E|CS|TAMS 0x0000000618800000| PB 0x0000000618800000| Complete 
|  94|0x0000000618c00000, 0x0000000619000000, 0x0000000619000000|100%| E|CS|TAMS 0x0000000618c00000| PB 0x0000000618c00000| Complete 
|  95|0x0000000619000000, 0x0000000619400000, 0x0000000619400000|100%| E|CS|TAMS 0x0000000619000000| PB 0x0000000619000000| Complete 
|  96|0x0000000619400000, 0x0000000619800000, 0x0000000619800000|100%| E|CS|TAMS 0x0000000619400000| PB 0x0000000619400000| Complete 
|  97|0x0000000619800000, 0x0000000619c00000, 0x0000000619c00000|100%| E|CS|TAMS 0x0000000619800000| PB 0x0000000619800000| Complete 
|  98|0x0000000619c00000, 0x000000061a000000, 0x000000061a000000|100%| E|CS|TAMS 0x0000000619c00000| PB 0x0000000619c00000| Complete 
|  99|0x000000061a000000, 0x000000061a400000, 0x000000061a400000|100%| E|CS|TAMS 0x000000061a000000| PB 0x000000061a000000| Complete 
| 100|0x000000061a400000, 0x000000061a800000, 0x000000061a800000|100%| E|CS|TAMS 0x000000061a400000| PB 0x000000061a400000| Complete 
| 101|0x000000061a800000, 0x000000061ac00000, 0x000000061ac00000|100%| E|CS|TAMS 0x000000061a800000| PB 0x000000061a800000| Complete 
| 102|0x000000061ac00000, 0x000000061b000000, 0x000000061b000000|100%| E|CS|TAMS 0x000000061ac00000| PB 0x000000061ac00000| Complete 
| 103|0x000000061b000000, 0x000000061b400000, 0x000000061b400000|100%| E|CS|TAMS 0x000000061b000000| PB 0x000000061b000000| Complete 
| 104|0x000000061b400000, 0x000000061b800000, 0x000000061b800000|100%| E|CS|TAMS 0x000000061b400000| PB 0x000000061b400000| Complete 
| 105|0x000000061b800000, 0x000000061bc00000, 0x000000061bc00000|100%| E|CS|TAMS 0x000000061b800000| PB 0x000000061b800000| Complete 
| 106|0x000000061bc00000, 0x000000061c000000, 0x000000061c000000|100%| E|CS|TAMS 0x000000061bc00000| PB 0x000000061bc00000| Complete 
| 107|0x000000061c000000, 0x000000061c400000, 0x000000061c400000|100%| E|CS|TAMS 0x000000061c000000| PB 0x000000061c000000| Complete 
| 108|0x000000061c400000, 0x000000061c800000, 0x000000061c800000|100%| E|CS|TAMS 0x000000061c400000| PB 0x000000061c400000| Complete 
| 109|0x000000061c800000, 0x000000061cc00000, 0x000000061cc00000|100%| E|CS|TAMS 0x000000061c800000| PB 0x000000061c800000| Complete 
| 110|0x000000061cc00000, 0x000000061d000000, 0x000000061d000000|100%| E|CS|TAMS 0x000000061cc00000| PB 0x000000061cc00000| Complete 
| 111|0x000000061d000000, 0x000000061d400000, 0x000000061d400000|100%| E|CS|TAMS 0x000000061d000000| PB 0x000000061d000000| Complete 
| 112|0x000000061d400000, 0x000000061d800000, 0x000000061d800000|100%| E|CS|TAMS 0x000000061d400000| PB 0x000000061d400000| Complete 
| 113|0x000000061d800000, 0x000000061dc00000, 0x000000061dc00000|100%| E|CS|TAMS 0x000000061d800000| PB 0x000000061d800000| Complete 
| 114|0x000000061dc00000, 0x000000061e000000, 0x000000061e000000|100%| E|CS|TAMS 0x000000061dc00000| PB 0x000000061dc00000| Complete 
| 115|0x000000061e000000, 0x000000061e400000, 0x000000061e400000|100%| E|CS|TAMS 0x000000061e000000| PB 0x000000061e000000| Complete 
| 116|0x000000061e400000, 0x000000061e800000, 0x000000061e800000|100%| E|CS|TAMS 0x000000061e400000| PB 0x000000061e400000| Complete 
| 117|0x000000061e800000, 0x000000061ec00000, 0x000000061ec00000|100%| E|CS|TAMS 0x000000061e800000| PB 0x000000061e800000| Complete 
| 118|0x000000061ec00000, 0x000000061f000000, 0x000000061f000000|100%| E|CS|TAMS 0x000000061ec00000| PB 0x000000061ec00000| Complete 
| 119|0x000000061f000000, 0x000000061f400000, 0x000000061f400000|100%| E|CS|TAMS 0x000000061f000000| PB 0x000000061f000000| Complete 
| 120|0x000000061f400000, 0x000000061f800000, 0x000000061f800000|100%| E|CS|TAMS 0x000000061f400000| PB 0x000000061f400000| Complete 
| 121|0x000000061f800000, 0x000000061fc00000, 0x000000061fc00000|100%| E|CS|TAMS 0x000000061f800000| PB 0x000000061f800000| Complete 
| 122|0x000000061fc00000, 0x0000000620000000, 0x0000000620000000|100%| E|CS|TAMS 0x000000061fc00000| PB 0x000000061fc00000| Complete 
| 123|0x0000000620000000, 0x0000000620400000, 0x0000000620400000|100%| E|CS|TAMS 0x0000000620000000| PB 0x0000000620000000| Complete 
| 124|0x0000000620400000, 0x0000000620800000, 0x0000000620800000|100%| E|CS|TAMS 0x0000000620400000| PB 0x0000000620400000| Complete 
| 125|0x0000000620800000, 0x0000000620c00000, 0x0000000620c00000|100%| E|CS|TAMS 0x0000000620800000| PB 0x0000000620800000| Complete 
| 126|0x0000000620c00000, 0x0000000621000000, 0x0000000621000000|100%| E|CS|TAMS 0x0000000620c00000| PB 0x0000000620c00000| Complete 
| 127|0x0000000621000000, 0x0000000621400000, 0x0000000621400000|100%| E|CS|TAMS 0x0000000621000000| PB 0x0000000621000000| Complete 

Card table byte_map: [0x00000222ede20000,0x00000222eee20000] _byte_map_base: 0x00000222eae16000

Marking Bits: (CMBitMap*) 0x00000222d4a09080
 Bits: [0x00000222eee20000, 0x00000222f6dd0000)

Polling page: 0x00000222d2560000

Metaspace:

Usage:
  Non-class:      7.05 MB used.
      Class:    408.45 KB used.
       Both:      7.44 MB used.

Virtual space:
  Non-class space:       64.00 MB reserved,       7.12 MB ( 11%) committed,  1 nodes.
      Class space:        1.00 GB reserved,     512.00 KB ( <1%) committed,  1 nodes.
             Both:        1.06 GB reserved,       7.62 MB ( <1%) committed. 

Chunk freelists:
   Non-Class:  6.88 MB
       Class:  15.47 MB
        Both:  22.34 MB

MaxMetaspaceSize: unlimited
CompressedClassSpaceSize: 1.00 GB
Initial GC threshold: 21.00 MB
Current GC threshold: 21.00 MB
CDS: on
 - commit_granule_bytes: 65536.
 - commit_granule_words: 8192.
 - virtual_space_node_default_size: 8388608.
 - enlarge_chunks_in_place: 1.
 - use_allocation_guard: 0.


Internal statistics:

num_allocs_failed_limit: 0.
num_arena_births: 68.
num_arena_deaths: 0.
num_vsnodes_births: 2.
num_vsnodes_deaths: 0.
num_space_committed: 120.
num_space_uncommitted: 0.
num_chunks_returned_to_freelist: 0.
num_chunks_taken_from_freelist: 282.
num_chunk_merges: 0.
num_chunk_splits: 208.
num_chunks_enlarged: 166.
num_inconsistent_stats: 0.

CodeHeap 'non-profiled nmethods': size=119168Kb used=1198Kb max_used=1198Kb free=117969Kb
 bounds [0x00000222e4be0000, 0x00000222e4e50000, 0x00000222ec040000]
CodeHeap 'profiled nmethods': size=119104Kb used=2920Kb max_used=2920Kb free=116183Kb
 bounds [0x00000222dd040000, 0x00000222dd320000, 0x00000222e4490000]
CodeHeap 'non-nmethods': size=7488Kb used=3945Kb max_used=3959Kb free=3542Kb
 bounds [0x00000222e4490000, 0x00000222e4880000, 0x00000222e4be0000]
 total_blobs=2701 nmethods=1502 adapters=1101
 compilation: enabled
              stopped_count=0, restarted_count=0
 full_count=0

Compilation events (20 events):
Event: 2.379 Thread 0x00000222fa4b8ee0 nmethod 1492 0x00000222dd314310 code [0x00000222dd3144e0, 0x00000222dd314920]
Event: 2.390 Thread 0x00000222fa4b8ee0 1493       3       java.util.zip.ZipFile::getZipEntry (322 bytes)
Event: 2.391 Thread 0x00000222c6dcf980 1494       3       java.lang.StringCoding::countPositives (33 bytes)
Event: 2.391 Thread 0x00000222c6dcf980 nmethod 1494 0x00000222dd314c10 code [0x00000222dd314dc0, 0x00000222dd314fe0]
Event: 2.391 Thread 0x00000222fa4b8ee0 nmethod 1493 0x00000222dd315110 code [0x00000222dd315680, 0x00000222dd3186e0]
Event: 2.393 Thread 0x00000222fa4a8310 nmethod 1488 0x00000222e4d05e10 code [0x00000222e4d061c0, 0x00000222e4d083d0]
Event: 2.403 Thread 0x00000222fa4a8310 1495       4       java.util.zip.ZipFile::ensureOpen (40 bytes)
Event: 2.404 Thread 0x00000222fa4a8310 nmethod 1495 0x00000222e4d09910 code [0x00000222e4d09aa0, 0x00000222e4d09b80]
Event: 2.419 Thread 0x00000222fa4a8310 1496       4       java.lang.String::<init> (99 bytes)
Event: 2.422 Thread 0x00000222fa4a8310 nmethod 1496 0x00000222e4d09c90 code [0x00000222e4d09e40, 0x00000222e4d0a3f0]
Event: 2.425 Thread 0x00000222fa4b8ee0 1498       1       org.lwjgl.system.MemoryStack::getPointer (5 bytes)
Event: 2.425 Thread 0x00000222fa4b8ee0 nmethod 1498 0x00000222e4d0ac90 code [0x00000222e4d0ae20, 0x00000222e4d0aee8]
Event: 2.426 Thread 0x00000222fa4a8310 1499       4       sun.misc.Unsafe::getLong (9 bytes)
Event: 2.426 Thread 0x00000222c70036f0 1500       4       sun.misc.Unsafe::putInt (11 bytes)
Event: 2.426 Thread 0x00000222fa4b8ee0 1501       3       org.lwjgl.system.Checks::checkSafe (13 bytes)
Event: 2.426 Thread 0x00000222c6eac190 1502       3       org.lwjgl.system.Checks::checkBuffer (11 bytes)
Event: 2.426 Thread 0x00000222c6eac190 nmethod 1502 0x00000222dd319910 code [0x00000222dd319ac0, 0x00000222dd319c08]
Event: 2.426 Thread 0x00000222fa4a8310 nmethod 1499 0x00000222e4d0b390 code [0x00000222e4d0b520, 0x00000222e4d0b5d0]
Event: 2.426 Thread 0x00000222fa4b8ee0 nmethod 1501 0x00000222dd319c90 code [0x00000222dd319e60, 0x00000222dd31a0e8]
Event: 2.426 Thread 0x00000222c70036f0 nmethod 1500 0x00000222e4d0b690 code [0x00000222e4d0b820, 0x00000222e4d0b8c8]

GC Heap History (8 events):
Event: 1.286 GC heap before
{Heap before GC invocations=0 (full 0):
 garbage-first heap   total 524288K, used 24576K [0x0000000601400000, 0x0000000800000000)
  region size 4096K, 6 young (24576K), 0 survivors (0K)
 Metaspace       used 5276K, committed 5504K, reserved 1114112K
  class space    used 312K, committed 448K, reserved 1048576K
}
Event: 1.288 GC heap after
{Heap after GC invocations=1 (full 0):
 garbage-first heap   total 524288K, used 2788K [0x0000000601400000, 0x0000000800000000)
  region size 4096K, 1 young (4096K), 1 survivors (4096K)
 Metaspace       used 5276K, committed 5504K, reserved 1114112K
  class space    used 312K, committed 448K, reserved 1048576K
}
Event: 1.345 GC heap before
{Heap before GC invocations=1 (full 0):
 garbage-first heap   total 524288K, used 39652K [0x0000000601400000, 0x0000000800000000)
  region size 4096K, 10 young (40960K), 1 survivors (4096K)
 Metaspace       used 5303K, committed 5504K, reserved 1114112K
  class space    used 312K, committed 448K, reserved 1048576K
}
Event: 1.347 GC heap after
{Heap after GC invocations=2 (full 0):
 garbage-first heap   total 524288K, used 3405K [0x0000000601400000, 0x0000000800000000)
  region size 4096K, 1 young (4096K), 1 survivors (4096K)
 Metaspace       used 5303K, committed 5504K, reserved 1114112K
  class space    used 312K, committed 448K, reserved 1048576K
}
Event: 1.534 GC heap before
{Heap before GC invocations=2 (full 0):
 garbage-first heap   total 524288K, used 310605K [0x0000000601400000, 0x0000000800000000)
  region size 4096K, 76 young (311296K), 1 survivors (4096K)
 Metaspace       used 5379K, committed 5632K, reserved 1114112K
  class space    used 314K, committed 448K, reserved 1048576K
}
Event: 1.537 GC heap after
{Heap after GC invocations=3 (full 0):
 garbage-first heap   total 524288K, used 11131K [0x0000000601400000, 0x0000000800000000)
  region size 4096K, 3 young (12288K), 3 survivors (12288K)
 Metaspace       used 5379K, committed 5632K, reserved 1114112K
  class space    used 314K, committed 448K, reserved 1048576K
}
Event: 1.890 GC heap before
{Heap before GC invocations=3 (full 0):
 garbage-first heap   total 524288K, used 367483K [0x0000000601400000, 0x0000000800000000)
  region size 4096K, 76 young (311296K), 3 survivors (12288K)
 Metaspace       used 5705K, committed 5888K, reserved 1114112K
  class space    used 340K, committed 448K, reserved 1048576K
}
Event: 1.898 GC heap after
{Heap after GC invocations=4 (full 0):
 garbage-first heap   total 524288K, used 69877K [0x0000000601400000, 0x0000000800000000)
  region size 4096K, 8 young (32768K), 8 survivors (32768K)
 Metaspace       used 5705K, committed 5888K, reserved 1114112K
  class space    used 340K, committed 448K, reserved 1048576K
}

Dll operation events (10 events):
Event: 0.006 Loaded shared library C:\Users\mirek\.jdks\corretto-21.0.5\bin\java.dll
Event: 0.025 Loaded shared library C:\Users\mirek\.jdks\corretto-21.0.5\bin\jsvml.dll
Event: 0.053 Loaded shared library C:\Users\mirek\.jdks\corretto-21.0.5\bin\net.dll
Event: 0.055 Loaded shared library C:\Users\mirek\.jdks\corretto-21.0.5\bin\nio.dll
Event: 0.058 Loaded shared library C:\Users\mirek\.jdks\corretto-21.0.5\bin\zip.dll
Event: 0.097 Loaded shared library C:\Users\mirek\.jdks\corretto-21.0.5\bin\jimage.dll
Event: 0.159 Loaded shared library C:\Users\mirek\AppData\Local\Temp\lwjgl_mirek\3.3.6+1\x64\lwjgl.dll
Event: 0.504 Loaded shared library C:\Users\mirek\AppData\Local\Temp\lwjgl_mirek\3.3.6+1\x64\lwjgl_opengl.dll
Event: 0.713 Loaded shared library C:\Users\mirek\.jdks\corretto-21.0.5\bin\verify.dll
Event: 1.251 Loaded shared library C:\Users\mirek\AppData\Local\Temp\lwjgl_mirek\3.3.6+1\x64\lwjgl_stb.dll

Deoptimization events (20 events):
Event: 2.343 Thread 0x00000222d25f49b0 Uncommon trap: trap_request=0xffffff45 fr.pc=0x00000222e4d05680 relative=0x00000000000001c0
Event: 2.343 Thread 0x00000222d25f49b0 Uncommon trap: reason=unstable_if action=reinterpret pc=0x00000222e4d05680 method=engine.render.NormalBuffer.build(Lobj/Entity;)V @ 128 c2
Event: 2.343 Thread 0x00000222d25f49b0 DEOPT PACKING pc=0x00000222e4d05680 sp=0x000000e3b38ff1d0
Event: 2.343 Thread 0x00000222d25f49b0 DEOPT UNPACKING pc=0x00000222e44e46a2 sp=0x000000e3b38ff188 mode 2
Event: 2.353 Thread 0x00000222d25f49b0 Uncommon trap: trap_request=0xffffff45 fr.pc=0x00000222e4c9ff70 relative=0x00000000000002b0
Event: 2.353 Thread 0x00000222d25f49b0 Uncommon trap: reason=unstable_if action=reinterpret pc=0x00000222e4c9ff70 method=obj.Entity.getFlattenedUVs()[F @ 30 c2
Event: 2.353 Thread 0x00000222d25f49b0 DEOPT PACKING pc=0x00000222e4c9ff70 sp=0x000000e3b38ff1b0
Event: 2.353 Thread 0x00000222d25f49b0 DEOPT UNPACKING pc=0x00000222e44e46a2 sp=0x000000e3b38ff118 mode 2
Event: 2.360 Thread 0x00000222d25f49b0 DEOPT PACKING pc=0x00000222dd31242b sp=0x000000e3b38fef90
Event: 2.360 Thread 0x00000222d25f49b0 DEOPT UNPACKING pc=0x00000222e44e4e42 sp=0x000000e3b38fe498 mode 0
Event: 2.362 Thread 0x00000222d25f49b0 DEOPT PACKING pc=0x00000222dd2902eb sp=0x000000e3b38ff2f0
Event: 2.362 Thread 0x00000222d25f49b0 DEOPT UNPACKING pc=0x00000222e44e4e42 sp=0x000000e3b38fe868 mode 0
Event: 2.363 Thread 0x00000222d25f49b0 Uncommon trap: trap_request=0xffffff45 fr.pc=0x00000222e4be664c relative=0x000000000000012c
Event: 2.363 Thread 0x00000222d25f49b0 Uncommon trap: reason=unstable_if action=reinterpret pc=0x00000222e4be664c method=java.lang.StringCoding.countPositives([BII)I @ 17 c2
Event: 2.363 Thread 0x00000222d25f49b0 DEOPT PACKING pc=0x00000222e4be664c sp=0x000000e3b38ff0d0
Event: 2.363 Thread 0x00000222d25f49b0 DEOPT UNPACKING pc=0x00000222e44e46a2 sp=0x000000e3b38ff070 mode 2
Event: 2.426 Thread 0x00000222d25f49b0 Uncommon trap: trap_request=0xffffff54 fr.pc=0x00000222e4d0b58c relative=0x000000000000006c
Event: 2.426 Thread 0x00000222d25f49b0 Uncommon trap: reason=speculate_null_assert action=make_not_entrant pc=0x00000222e4d0b58c method=sun.misc.Unsafe.getLong(Ljava/lang/Object;J)J @ 5 c2
Event: 2.426 Thread 0x00000222d25f49b0 DEOPT PACKING pc=0x00000222e4d0b58c sp=0x000000e3b38ff2a0
Event: 2.426 Thread 0x00000222d25f49b0 DEOPT UNPACKING pc=0x00000222e44e46a2 sp=0x000000e3b38ff228 mode 2

Classes loaded (20 events):
Event: 1.273 Loading class jdk/internal/math/FDBigInteger
Event: 1.273 Loading class jdk/internal/math/FDBigInteger done
Event: 1.554 Loading class jdk/internal/module/ModulePatcher$PatchedModuleReader
Event: 1.554 Loading class jdk/internal/module/ModulePatcher$PatchedModuleReader done
Event: 1.554 Loading class sun/net/www/protocol/jrt/Handler
Event: 1.554 Loading class sun/net/www/protocol/jrt/Handler done
Event: 1.557 Loading class sun/util/resources/LocaleData$CommonResourceBundleProvider
Event: 1.557 Loading class sun/util/resources/LocaleData$LocaleDataResourceBundleProvider
Event: 1.557 Loading class java/util/spi/ResourceBundleProvider
Event: 1.557 Loading class java/util/spi/ResourceBundleProvider done
Event: 1.557 Loading class sun/util/resources/LocaleData$LocaleDataResourceBundleProvider done
Event: 1.558 Loading class sun/util/resources/LocaleData$CommonResourceBundleProvider done
Event: 1.558 Loading class sun/util/resources/Bundles$2
Event: 1.558 Loading class sun/util/resources/Bundles$2 done
Event: 1.562 Loading class java/lang/NumberFormatException
Event: 1.562 Loading class java/lang/NumberFormatException done
Event: 2.389 Loading class java/lang/SecurityException
Event: 2.389 Loading class java/lang/SecurityException done
Event: 2.426 Loading class java/nio/HeapFloatBuffer
Event: 2.426 Loading class java/nio/HeapFloatBuffer done

Classes unloaded (0 events):
No events

Classes redefined (0 events):
No events

Internal exceptions (20 events):
Event: 0.254 Thread 0x00000222d25f49b0 Exception <a 'sun/nio/fs/WindowsException'{0x0000000620e38fd0}> (0x0000000620e38fd0) 
thrown [s\src\hotspot\share\prims\jni.cpp, line 520]
Event: 0.254 Thread 0x00000222d25f49b0 Exception <a 'sun/nio/fs/WindowsException'{0x0000000620e39330}> (0x0000000620e39330) 
thrown [s\src\hotspot\share\prims\jni.cpp, line 520]
Event: 0.262 Thread 0x00000222d25f49b0 Exception <a 'java/lang/NoSuchMethodError'{0x0000000620e4fdc0}: 'int java.lang.invoke.Invokers$Holder.invokeExact_MT(java.lang.Object, java.lang.Object)'> (0x0000000620e4fdc0) 
thrown [s\src\hotspot\share\interpreter\linkResolver.cpp, line 773]
Event: 0.459 Thread 0x00000222d25f49b0 Exception <a 'java/lang/NoSuchMethodError'{0x0000000620ebbbf0}: 'void java.lang.System.load(java.lang.String, java.lang.Class)'> (0x0000000620ebbbf0) 
thrown [s\src\hotspot\share\interpreter\linkResolver.cpp, line 773]
Event: 0.460 Thread 0x00000222d25f49b0 Exception <a 'java/lang/NoSuchMethodError'{0x0000000620ebe660}: 'void java.lang.System.loadLibrary(java.lang.String, java.lang.Class)'> (0x0000000620ebe660) 
thrown [s\src\hotspot\share\interpreter\linkResolver.cpp, line 773]
Event: 0.461 Thread 0x00000222d25f49b0 Exception <a 'sun/nio/fs/WindowsException'{0x0000000620ec2310}> (0x0000000620ec2310) 
thrown [s\src\hotspot\share\prims\jni.cpp, line 520]
Event: 0.461 Thread 0x00000222d25f49b0 Exception <a 'sun/nio/fs/WindowsException'{0x0000000620ec2978}> (0x0000000620ec2978) 
thrown [s\src\hotspot\share\prims\jni.cpp, line 520]
Event: 0.461 Thread 0x00000222d25f49b0 Exception <a 'sun/nio/fs/WindowsException'{0x0000000620ec9608}> (0x0000000620ec9608) 
thrown [s\src\hotspot\share\prims\jni.cpp, line 520]
Event: 0.502 Thread 0x00000222d25f49b0 Exception <a 'sun/nio/fs/WindowsException'{0x0000000620ece780}> (0x0000000620ece780) 
thrown [s\src\hotspot\share\prims\jni.cpp, line 520]
Event: 0.502 Thread 0x00000222d25f49b0 Exception <a 'sun/nio/fs/WindowsException'{0x0000000620eceb20}> (0x0000000620eceb20) 
thrown [s\src\hotspot\share\prims\jni.cpp, line 520]
Event: 0.507 Thread 0x00000222d25f49b0 Exception <a 'sun/nio/fs/WindowsException'{0x0000000620ed9048}> (0x0000000620ed9048) 
thrown [s\src\hotspot\share\prims\jni.cpp, line 520]
Event: 0.507 Thread 0x00000222d25f49b0 Exception <a 'sun/nio/fs/WindowsException'{0x0000000620ed9318}> (0x0000000620ed9318) 
thrown [s\src\hotspot\share\prims\jni.cpp, line 520]
Event: 0.766 Thread 0x00000222d25f49b0 Exception <a 'java/lang/NoSuchMethodError'{0x00000006204b2568}: 'void java.lang.System.load(java.lang.String, java.lang.Class)'> (0x00000006204b2568) 
thrown [s\src\hotspot\share\interpreter\linkResolver.cpp, line 773]
Event: 0.767 Thread 0x00000222d25f49b0 Exception <a 'java/lang/NoSuchMethodError'{0x00000006204b4fd8}: 'void java.lang.System.loadLibrary(java.lang.String, java.lang.Class)'> (0x00000006204b4fd8) 
thrown [s\src\hotspot\share\interpreter\linkResolver.cpp, line 773]
Event: 0.767 Thread 0x00000222d25f49b0 Exception <a 'sun/nio/fs/WindowsException'{0x00000006204b8958}> (0x00000006204b8958) 
thrown [s\src\hotspot\share\prims\jni.cpp, line 520]
Event: 0.767 Thread 0x00000222d25f49b0 Exception <a 'sun/nio/fs/WindowsException'{0x00000006204b8fb0}> (0x00000006204b8fb0) 
thrown [s\src\hotspot\share\prims\jni.cpp, line 520]
Event: 0.768 Thread 0x00000222d25f49b0 Exception <a 'sun/nio/fs/WindowsException'{0x00000006204bfbc0}> (0x00000006204bfbc0) 
thrown [s\src\hotspot\share\prims\jni.cpp, line 520]
Event: 1.249 Thread 0x00000222d25f49b0 Exception <a 'sun/nio/fs/WindowsException'{0x00000006204c4930}> (0x00000006204c4930) 
thrown [s\src\hotspot\share\prims\jni.cpp, line 520]
Event: 1.249 Thread 0x00000222d25f49b0 Exception <a 'sun/nio/fs/WindowsException'{0x00000006204c4cb0}> (0x00000006204c4cb0) 
thrown [s\src\hotspot\share\prims\jni.cpp, line 520]
Event: 2.426 Thread 0x00000222d25f49b0 Implicit null exception at 0x00000222e4c1125d to 0x0000000000000000

ZGC Phase Switch (0 events):
No events

VM Operations (18 events):
Event: 0.058 Executing VM operation: HandshakeAllThreads (Deoptimize)
Event: 0.058 Executing VM operation: HandshakeAllThreads (Deoptimize) done
Event: 1.073 Executing VM operation: Cleanup
Event: 1.073 Executing VM operation: Cleanup done
Event: 1.286 Executing VM operation: G1CollectForAllocation (G1 Evacuation Pause)
Event: 1.289 Executing VM operation: G1CollectForAllocation (G1 Evacuation Pause) done
Event: 1.345 Executing VM operation: G1CollectForAllocation (G1 Evacuation Pause)
Event: 1.347 Executing VM operation: G1CollectForAllocation (G1 Evacuation Pause) done
Event: 1.534 Executing VM operation: G1CollectForAllocation (G1 Evacuation Pause)
Event: 1.537 Executing VM operation: G1CollectForAllocation (G1 Evacuation Pause) done
Event: 1.553 Executing VM operation: HandshakeAllThreads (Deoptimize)
Event: 1.553 Executing VM operation: HandshakeAllThreads (Deoptimize) done
Event: 1.759 Executing VM operation: HandshakeAllThreads (Deoptimize)
Event: 1.759 Executing VM operation: HandshakeAllThreads (Deoptimize) done
Event: 1.890 Executing VM operation: G1CollectForAllocation (G1 Evacuation Pause)
Event: 1.898 Executing VM operation: G1CollectForAllocation (G1 Evacuation Pause) done
Event: 2.426 Executing VM operation: HandshakeAllThreads (Deoptimize)
Event: 2.426 Executing VM operation: HandshakeAllThreads (Deoptimize) done

Memory protections (0 events):
No events

Nmethod flushes (0 events):
No events

Events (20 events):
Event: 0.027 Thread 0x00000222fa4b8ee0 Thread added: 0x00000222fa576cd0
Event: 0.045 Thread 0x00000222d25f49b0 Thread added: 0x00000222fa6630d0
Event: 0.048 Thread 0x00000222d25f49b0 Thread added: 0x00000222fa667160
Event: 0.193 Thread 0x00000222fa576cd0 Thread added: 0x00000222ff06ae60
Event: 0.458 Thread 0x00000222ff06ae60 Thread exited: 0x00000222ff06ae60
Event: 0.772 Thread 0x00000222fa4b8ee0 Thread added: 0x00000222c6dcf980
Event: 0.772 Thread 0x00000222fa4b8ee0 Thread added: 0x00000222c6eac190
Event: 1.262 Thread 0x00000222fa576cd0 Thread added: 0x00000222c70036f0
Event: 1.265 Thread 0x00000222c6dcf980 Thread added: 0x00000222c7002050
Event: 1.268 Thread 0x00000222c6eac190 Thread added: 0x00000222c7228fe0
Event: 1.269 Thread 0x00000222fa576cd0 Thread added: 0x00000222c7229680
Event: 1.270 Thread 0x00000222fa4b8ee0 Thread added: 0x00000222c7000d20
Event: 1.273 Thread 0x00000222fa4a8310 Thread added: 0x00000222c72ed680
Event: 1.273 Thread 0x00000222fa4a8310 Thread added: 0x00000222c723d850
Event: 1.556 Thread 0x00000222c723d850 Thread exited: 0x00000222c723d850
Event: 1.556 Thread 0x00000222c72ed680 Thread exited: 0x00000222c72ed680
Event: 2.138 Thread 0x00000222c7000d20 Thread exited: 0x00000222c7000d20
Event: 2.139 Thread 0x00000222c7229680 Thread exited: 0x00000222c7229680
Event: 2.139 Thread 0x00000222c7228fe0 Thread exited: 0x00000222c7228fe0
Event: 2.139 Thread 0x00000222c7002050 Thread exited: 0x00000222c7002050


Dynamic libraries:
0x00007ff710ea0000 - 0x00007ff710eae000 	C:\Users\mirek\.jdks\corretto-21.0.5\bin\java.exe
0x00007ffd58c80000 - 0x00007ffd58ee8000 	C:\WINDOWS\SYSTEM32\ntdll.dll
0x00007ffd58710000 - 0x00007ffd587d9000 	C:\WINDOWS\System32\KERNEL32.DLL
0x00007ffd55dd0000 - 0x00007ffd561bd000 	C:\WINDOWS\System32\KERNELBASE.dll
0x00007ffd56790000 - 0x00007ffd568db000 	C:\WINDOWS\System32\ucrtbase.dll
0x00007ffd4c980000 - 0x00007ffd4c998000 	C:\Users\mirek\.jdks\corretto-21.0.5\bin\jli.dll
0x00007ffd46f30000 - 0x00007ffd46f4b000 	C:\Users\mirek\.jdks\corretto-21.0.5\bin\VCRUNTIME140.dll
0x00007ffd56a20000 - 0x00007ffd56bec000 	C:\WINDOWS\System32\USER32.dll
0x00007ffd565e0000 - 0x00007ffd56607000 	C:\WINDOWS\System32\win32u.dll
0x00007ffd576d0000 - 0x00007ffd576fb000 	C:\WINDOWS\System32\GDI32.dll
0x00007ffd43350000 - 0x00007ffd435ea000 	C:\WINDOWS\WinSxS\amd64_microsoft.windows.common-controls_6595b64144ccf1df_6.0.26100.4484_none_3e0e6d4ce32ef3b3\COMCTL32.dll
0x00007ffd568e0000 - 0x00007ffd56a17000 	C:\WINDOWS\System32\gdi32full.dll
0x00007ffd57dd0000 - 0x00007ffd57e79000 	C:\WINDOWS\System32\msvcrt.dll
0x00007ffd562f0000 - 0x00007ffd56393000 	C:\WINDOWS\System32\msvcp_win.dll
0x00007ffd58c00000 - 0x00007ffd58c2f000 	C:\WINDOWS\System32\IMM32.DLL
0x00007ffd4ce40000 - 0x00007ffd4ce4c000 	C:\Users\mirek\.jdks\corretto-21.0.5\bin\vcruntime140_1.dll
0x00007ffd04bf0000 - 0x00007ffd04c7d000 	C:\Users\mirek\.jdks\corretto-21.0.5\bin\msvcp140.dll
0x00007ffc75e30000 - 0x00007ffc76bcd000 	C:\Users\mirek\.jdks\corretto-21.0.5\bin\server\jvm.dll
0x00007ffd57f00000 - 0x00007ffd57fb4000 	C:\WINDOWS\System32\ADVAPI32.dll
0x00007ffd58940000 - 0x00007ffd589e6000 	C:\WINDOWS\System32\sechost.dll
0x00007ffd57700000 - 0x00007ffd57818000 	C:\WINDOWS\System32\RPCRT4.dll
0x00007ffd57e80000 - 0x00007ffd57ef4000 	C:\WINDOWS\System32\WS2_32.dll
0x00007ffd55b70000 - 0x00007ffd55bce000 	C:\WINDOWS\SYSTEM32\POWRPROF.dll
0x00007ffd4d850000 - 0x00007ffd4d85b000 	C:\WINDOWS\SYSTEM32\VERSION.dll
0x00007ffd4af50000 - 0x00007ffd4af85000 	C:\WINDOWS\SYSTEM32\WINMM.dll
0x00007ffd55a60000 - 0x00007ffd55a74000 	C:\WINDOWS\SYSTEM32\UMPDC.dll
0x00007ffd54b70000 - 0x00007ffd54b8b000 	C:\WINDOWS\SYSTEM32\kernel.appcore.dll
0x00007ffd40870000 - 0x00007ffd4087a000 	C:\Users\mirek\.jdks\corretto-21.0.5\bin\jimage.dll
0x00007ffd48850000 - 0x00007ffd48a91000 	C:\WINDOWS\SYSTEM32\DBGHELP.DLL
0x00007ffd57a30000 - 0x00007ffd57db6000 	C:\WINDOWS\System32\combase.dll
0x00007ffd58b10000 - 0x00007ffd58bf0000 	C:\WINDOWS\System32\OLEAUT32.dll
0x00007ffd31830000 - 0x00007ffd31873000 	C:\WINDOWS\SYSTEM32\dbgcore.DLL
0x00007ffd56250000 - 0x00007ffd562e9000 	C:\WINDOWS\System32\bcryptPrimitives.dll
0x00007ffd2fab0000 - 0x00007ffd2facf000 	C:\Users\mirek\.jdks\corretto-21.0.5\bin\java.dll
0x00007ffd57fc0000 - 0x00007ffd5870a000 	C:\WINDOWS\System32\SHELL32.dll
0x00007ffd56610000 - 0x00007ffd56784000 	C:\WINDOWS\System32\wintypes.dll
0x00007ffd53a50000 - 0x00007ffd542ab000 	C:\WINDOWS\SYSTEM32\windows.storage.dll
0x00007ffd57390000 - 0x00007ffd57485000 	C:\WINDOWS\System32\SHCORE.dll
0x00007ffd58aa0000 - 0x00007ffd58b0a000 	C:\WINDOWS\System32\shlwapi.dll
0x00007ffd55ce0000 - 0x00007ffd55d0f000 	C:\WINDOWS\SYSTEM32\profapi.dll
0x00007ffcecbb0000 - 0x00007ffcecc87000 	C:\Users\mirek\.jdks\corretto-21.0.5\bin\jsvml.dll
0x00007ffd33240000 - 0x00007ffd33250000 	C:\Users\mirek\.jdks\corretto-21.0.5\bin\net.dll
0x00007ffd4f790000 - 0x00007ffd4f8ae000 	C:\WINDOWS\SYSTEM32\WINHTTP.dll
0x00007ffd55100000 - 0x00007ffd5516a000 	C:\WINDOWS\system32\mswsock.dll
0x00007ffd2fa70000 - 0x00007ffd2fa86000 	C:\Users\mirek\.jdks\corretto-21.0.5\bin\nio.dll
0x00007ffd2fa90000 - 0x00007ffd2faa8000 	C:\Users\mirek\.jdks\corretto-21.0.5\bin\zip.dll
0x00007ffceca20000 - 0x00007ffceca9e000 	C:\Users\mirek\AppData\Local\Temp\lwjgl_mirek\3.3.6+1\x64\lwjgl.dll
0x00007ffcead70000 - 0x00007ffceadf9000 	C:\Users\mirek\AppData\Local\Temp\lwjgl_mirek\3.3.6+1\x64\glfw.dll
0x00007ffd21c40000 - 0x00007ffd21c8b000 	C:\WINDOWS\SYSTEM32\dinput8.dll
0x00007ffd2f360000 - 0x00007ffd2f372000 	C:\WINDOWS\SYSTEM32\xinput1_4.dll
0x00007ffd55940000 - 0x00007ffd55997000 	C:\WINDOWS\SYSTEM32\cfgmgr32.dll
0x00007ffd55910000 - 0x00007ffd5593d000 	C:\WINDOWS\SYSTEM32\DEVOBJ.dll
0x00007ffd535b0000 - 0x00007ffd535e6000 	C:\WINDOWS\SYSTEM32\dwmapi.dll
0x00007ffd33fa0000 - 0x00007ffd34183000 	C:\WINDOWS\SYSTEM32\inputhost.dll
0x00007ffd51430000 - 0x00007ffd51555000 	C:\WINDOWS\SYSTEM32\CoreMessaging.dll
0x00007ffd52fd0000 - 0x00007ffd5307f000 	C:\WINDOWS\system32\uxtheme.dll
0x00007ffd553d0000 - 0x00007ffd553dc000 	C:\WINDOWS\SYSTEM32\CRYPTBASE.DLL
0x00007ffd57890000 - 0x00007ffd579f0000 	C:\WINDOWS\System32\MSCTF.dll
0x00007ffcbfe70000 - 0x00007ffcbff88000 	C:\WINDOWS\SYSTEM32\opengl32.dll
0x00007ffcbfe40000 - 0x00007ffcbfe6d000 	C:\WINDOWS\SYSTEM32\GLU32.dll
0x00007ffd53180000 - 0x00007ffd531cd000 	C:\WINDOWS\SYSTEM32\dxcore.dll
0x00007ffd46360000 - 0x00007ffd4637a000 	C:\WINDOWS\SYSTEM32\windows.staterepositorycore.dll
0x00007ffcbd4f0000 - 0x00007ffcbfe34000 	C:\WINDOWS\System32\DriverStore\FileRepository\nv_dispi.inf_amd64_fe5f369669db2f36\nvoglv64.dll
0x00007ffd56f00000 - 0x00007ffd57386000 	C:\WINDOWS\System32\SETUPAPI.dll
0x00007ffd57520000 - 0x00007ffd576be000 	C:\WINDOWS\System32\ole32.dll
0x00007ffd51e70000 - 0x00007ffd51e86000 	C:\WINDOWS\SYSTEM32\WTSAPI32.dll
0x00007ffd554e0000 - 0x00007ffd554f3000 	C:\WINDOWS\SYSTEM32\msasn1.dll
0x00007ffd4d810000 - 0x00007ffd4d84b000 	C:\WINDOWS\SYSTEM32\cryptnet.dll
0x00007ffd563a0000 - 0x00007ffd56517000 	C:\WINDOWS\System32\CRYPT32.dll
0x00007ffd55470000 - 0x00007ffd554db000 	C:\WINDOWS\SYSTEM32\wldp.dll
0x00007ffd4d4c0000 - 0x00007ffd4d63c000 	C:\WINDOWS\SYSTEM32\drvstore.dll
0x00007ffd561c0000 - 0x00007ffd56244000 	C:\WINDOWS\System32\WINTRUST.dll
0x00007ffd54ca0000 - 0x00007ffd54cd6000 	C:\WINDOWS\SYSTEM32\ntmarta.dll
0x00007ffd57a00000 - 0x00007ffd57a20000 	C:\WINDOWS\System32\imagehlp.dll
0x00007ffd553b0000 - 0x00007ffd553cb000 	C:\WINDOWS\SYSTEM32\CRYPTSP.dll
0x00007ffd54ad0000 - 0x00007ffd54b0b000 	C:\WINDOWS\system32\rsaenh.dll
0x00007ffd55cb0000 - 0x00007ffd55cd6000 	C:\WINDOWS\SYSTEM32\bcrypt.dll
0x00007ffd3a7a0000 - 0x00007ffd3e532000 	C:\WINDOWS\System32\DriverStore\FileRepository\nv_dispi.inf_amd64_fe5f369669db2f36\nvgpucomp64.dll
0x00007ffd237e0000 - 0x00007ffd23af4000 	C:\WINDOWS\system32\nvspcap64.dll
0x00007ffd559d0000 - 0x00007ffd55a37000 	C:\WINDOWS\SYSTEM32\WINSTA.dll
0x00007ffd33da0000 - 0x00007ffd33ef0000 	C:\WINDOWS\SYSTEM32\textinputframework.dll
0x00007ffd3fc90000 - 0x00007ffd3ff73000 	C:\WINDOWS\SYSTEM32\CoreUIComponents.dll
0x00007ffd2cf10000 - 0x00007ffd2cf6d000 	C:\Users\mirek\AppData\Local\Temp\lwjgl_mirek\3.3.6+1\x64\lwjgl_opengl.dll
0x00007ffd30790000 - 0x00007ffd307a0000 	C:\Users\mirek\.jdks\corretto-21.0.5\bin\verify.dll
0x00007ffce9710000 - 0x00007ffce97a9000 	C:\Users\mirek\AppData\Local\Temp\lwjgl_mirek\3.3.6+1\x64\lwjgl_stb.dll

dbghelp: loaded successfully - version: 4.0.5 - missing functions: none
symbol engine: initialized successfully - sym options: 0x614 - pdb path: .;C:\Users\mirek\.jdks\corretto-21.0.5\bin;C:\WINDOWS\SYSTEM32;C:\WINDOWS\WinSxS\amd64_microsoft.windows.common-controls_6595b64144ccf1df_6.0.26100.4484_none_3e0e6d4ce32ef3b3;C:\Users\mirek\.jdks\corretto-21.0.5\bin\server;C:\Users\mirek\AppData\Local\Temp\lwjgl_mirek\3.3.6+1\x64;C:\WINDOWS\System32\DriverStore\FileRepository\nv_dispi.inf_amd64_fe5f369669db2f36

VM Arguments:
jvm_args: -XX:+ShowCodeDetailsInExceptionMessages 
java_command: engine.Main
java_class_path (initial): \Mian-engine-v1\build\resources\main;C:\Users\mirek\Desktop\Programming Stuff\OpenGL\Mian Engine\Mian-engine-v1\build\classes\java\main;C:\Users\mirek\.gradle\caches\modules-2\files-2.1\org.lwjgl\lwjgl\3.3.6\ce7721d30cfaf47feaed10213e0c43eb55c49d68\lwjgl-3.3.6.jar;C:\Users\mirek\.gradle\caches\modules-2\files-2.1\com.github.stephengold\stack-alloc\1.0.2\13cbb10c01ec09d0f5879f988946a97998175dfc\stack-alloc-1.0.2.jar;C:\Users\mirek\.gradle\caches\modules-2\files-2.1\javax.vecmath\vecmath\1.5.2\fd17bc3e67f909573dfc039d8e2abecf407c4e27\vecmath-1.5.2.jar;C:\Users\mirek\.gradle\caches\modules-2\files-2.1\org.lwjgl\lwjgl\3.3.6\9a29b6a22fc5184604b8cb434ee5d5ecc4bfcbee\lwjgl-3.3.6-natives-windows.jar;C:\Users\mirek\.gradle\caches\modules-2\files-2.1\org.lwjgl\lwjgl-opengl\3.3.6\ac2532612a4df374e9a9282bcf8ce2573018ebbb\lwjgl-opengl-3.3.6.jar;C:\Users\mirek\.gradle\caches\modules-2\files-2.1\org.joml\joml\1.10.5\22566d58af70ad3d72308bab63b8339906deb649\joml-1.10.5.jar;C:\Users\mirek\.gradle\caches\modules-2\files-2.1\org.lwjgl\lwjgl-stb\3.3.6\334cf885b39e2db9070c39e70e65efb136435f10\lwjgl-stb-3.3.6-natives-windows.jar;C:\Users\mirek\.gradle\caches\modules-2\files-2.1\org.lwjgl\lwjgl-glfw\3.3.6\99ef08056feb9627f90425a4d2a22cd9fae8e39b\lwjgl-glfw-3.3.6-natives-windows.jar;C:\Users\mirek\.gradle\caches\modules-2\files-2.1\org.lwjgl\lwjgl-opengl\3.3.6\18dc639ebc94aa5202c2157f7490d28997b697c5\lwjgl-opengl-3.3.6-natives-windows.jar;C:\Users\mirek\.gradle\caches\modules-2\files-2.1\com.github.stephengold\jbullet\1.0.3\362f53e8aa981037c2523ac24eb4d9b190a49036\jbullet-1.0.3.jar;C:\Users\mirek\.gradle\caches\modules-2\files-2.1\org.lwjgl\lwjgl-glfw\3.3.6\7119f7d0eeb1e5502ff0ca71d2b4d47317da015\lwjgl-glfw-3.3.6.jar;C:\Users\mirek\.gradle\caches\modules-2\files-2.1\org.lwjgl\lwjgl-stb\3.3.6\e2d3739dcfe7b672b626ded66d94f6587083306e\lwjgl-stb-3.3.6.jar
Launcher Type: SUN_STANDARD

[Global flags]
     intx CICompilerCount                          = 12                                        {product} {ergonomic}
     uint ConcGCThreads                            = 5                                         {product} {ergonomic}
     uint G1ConcRefinementThreads                  = 18                                        {product} {ergonomic}
   size_t G1HeapRegionSize                         = 4194304                                   {product} {ergonomic}
    uintx GCDrainStackTargetSize                   = 64                                        {product} {ergonomic}
   size_t InitialHeapSize                          = 536870912                                 {product} {ergonomic}
   size_t MarkStackSize                            = 4194304                                   {product} {ergonomic}
   size_t MaxHeapSize                              = 8568963072                                {product} {ergonomic}
   size_t MaxNewSize                               = 5138022400                                {product} {ergonomic}
   size_t MinHeapDeltaBytes                        = 4194304                                   {product} {ergonomic}
   size_t MinHeapSize                              = 8388608                                   {product} {ergonomic}
    uintx NonNMethodCodeHeapSize                   = 7602480                                {pd product} {ergonomic}
    uintx NonProfiledCodeHeapSize                  = 122027880                              {pd product} {ergonomic}
    uintx ProfiledCodeHeapSize                     = 122027880                              {pd product} {ergonomic}
    uintx ReservedCodeCacheSize                    = 251658240                              {pd product} {ergonomic}
     bool SegmentedCodeCache                       = true                                      {product} {ergonomic}
     bool ShowCodeDetailsInExceptionMessages       = true                                   {manageable} {command line}
   size_t SoftMaxHeapSize                          = 8568963072                             {manageable} {ergonomic}
     bool UseCompressedOops                        = true                           {product lp64_product} {ergonomic}
     bool UseG1GC                                  = true                                      {product} {ergonomic}
     bool UseLargePagesIndividualAllocation        = false                                  {pd product} {ergonomic}

Logging:
Log output configuration:
 #0: stdout all=warning uptime,level,tags foldmultilines=false
 #1: stderr all=off uptime,level,tags foldmultilines=false

Environment Variables:
JAVA_HOME=C:\Users\mirek\.jdks\corretto-1.8.0_442
PATH=;C:\Program Files\Common Files\Oracle\Java\javapath;C:\Program Files (x86)\Common Files\Oracle\Java\java8path;C:\Program Files (x86)\Common Files\Oracle\Java\javapath;C:\Program Files\Microsoft MPI\Bin\;C:\Program Files\Eclipse Adoptium\jdk-21.0.3.9-hotspot\bin;C:\Python312\Scripts\;C:\Python312\;C:\Program Files (x86)\Razer Chroma SDK\bin;C:\Program Files\Razer Chroma SDK\bin;C:\Program Files (x86)\Razer\ChromaBroadcast\bin;C:\Program Files\Razer\ChromaBroadcast\bin;C:\Program Files\Eclipse Adoptium\jdk-17.0.10.7-hotspot\bin;C:\Windows\system32;C:\Windows;C:\Windows\System32\Wbem;C:\Windows\System32\WindowsPowerShell\v1.0\;C:\Windows\System32\OpenSSH\;C:\Program Files\dotnet\;C:\Windows\system32\config\systemprofile\AppData\Local\Microsoft\WindowsApps;C:\Users\mirek\AppData\Local\Microsoft\WindowsApps;D:\Microsoft VS Code\bin;D:\IntelliJ IDEA Community Edition 2023.3.6\bin;C:\Users\mirek\.dotnet\tools;C:\Program Files\nodejs\;C:\ProgramData\chocolatey\bin;C:\Program Files\Git\cmd;C:\Program Files\Microsoft SQL Server\150\Tools\Binn\;C:\Program Files\Microsoft SQL Server\Client SDK\ODBC\170\Tools\Binn\;C:\msys64\mingw64\bin;;C:\WINDOWS\system32;C:\WINDOWS;C:\WINDOWS\System32\Wbem;C:\WINDOWS\System32\WindowsPowerShell\v1.0\;C:\WINDOWS\System32\OpenSSH\;C:\Program Files\NVIDIA Corporation\NVIDIA App\NvDLISR;C:\Program Files (x86)\NVIDIA Corporation\PhysX\Common;C:\Users\mirek\.cargo\bin;C:\Users\mirek\AppData\Local\Programs\Python\Python311\Scripts\;C:\Users\mirek\AppData\Local\Programs\Python\Python311\;C:\Users\mirek\AppData\Local\Microsoft\WindowsApps;D:\Microsoft VS Code\bin;D:\IntelliJ IDEA Community Edition 2023.3.6\bin;;C:\Users\mirek\.dotnet\tools;C:\Users\mirek\AppData\Roaming\npm;C:\Users\mirek\AppData\Local\Muse Hub\lib;C:\msys64\mingw64\bin;C:\ffmpeg\bin;C:\Gradle\gradle-8.12-all\gradle-8.12\bin;C:\Program Files (x86)\Atmel\Flip 3.4.7\bin;C:\Program Files (x86)\Nmap;C:\maven\bin;C:\Users\mirek\AppData\Local\Microsoft\WinGet\Packages\Microsoft.devtunnel_Microsoft.Winget.Source_8wekyb3d8bbwe;C:\Program Files\NVIDIA GPU Computing Toolkit\CUDA\v11.8\bin;C:\Program Files\NVIDIA GPU Computing Toolkit\CUDA\v11.8\lib\x64;
USERNAME=mirek
LANG=en_US.UTF-8
OS=Windows_NT
PROCESSOR_IDENTIFIER=AMD64 Family 25 Model 33 Stepping 2, AuthenticAMD
TMP=C:\Users\mirek\AppData\Local\Temp
TEMP=C:\Users\mirek\AppData\Local\Temp




Periodic native trim disabled

---------------  S Y S T E M  ---------------

OS:
 Windows 11 , 64 bit Build 26100 (10.0.26100.4484)
OS uptime: 0 days 13:09 hours

CPU: total 24 (initial active 24) (24 cores per cpu, 2 threads per core) family 25 model 33 stepping 2 microcode 0xa201213, cx8, cmov, fxsr, ht, mmx, 3dnowpref, sse, sse2, sse3, ssse3, sse4a, sse4.1, sse4.2, popcnt, lzcnt, tsc, tscinvbit, avx, avx2, aes, erms, clmul, bmi1, bmi2, adx, sha, fma, vzeroupper, clflush, clflushopt, rdtscp, rdpid, fsrm, f16c, pku, cet_ss
Processor Information for all 24 processors :
  Max Mhz: 3701, Current Mhz: 3701, Mhz Limit: 3701

Memory: 4k page, system-wide physical 32681M (15286M free)
TotalPageFile size 43945M (AvailPageFile size 16976M)
current process WorkingSet (physical memory assigned to process): 663M, peak: 668M
current process commit charge ("private bytes"): 905M, peak: 909M

vm_info: OpenJDK 64-Bit Server VM (21.0.5+11-LTS) for windows-amd64 JRE (21.0.5+11-LTS), built on 2024-10-11T20:58:34Z by "Administrator" with MS VC++ 16.10 / 16.11 (VS2019)

END.
