#
# A fatal error has been detected by the Java Runtime Environment:
#
#  EXCEPTION_ACCESS_VIOLATION (0xc0000005) at pc=0x0000017b6ca9b65d, pid=28740, tid=26520
#
# JRE version: OpenJDK Runtime Environment Corretto-21.0.5.11.1 (21.0.5+11) (build 21.0.5+11-LTS)
# Java VM: OpenJDK 64-Bit Server VM Corretto-21.0.5.11.1 (21.0.5+11-LTS, mixed mode, sharing, tiered, compressed oops, compressed class ptrs, g1 gc, windows-amd64)
# Problematic frame:
# J 613 c2 sun.misc.Unsafe.putLong(Ljava/lang/Object;JJ)V jdk.unsupported@21.0.5 (11 bytes) @ 0x0000017b6ca9b65d [0x0000017b6ca9b620+0x000000000000003d]
#
# No core dump will be written. Minidumps are not enabled by default on client versions of Windows
#
# If you would like to submit a bug report, please visit:
#   https://github.com/corretto/corretto-21/issues/
#

---------------  S U M M A R Y ------------

Command Line: -XX:+ShowCodeDetailsInExceptionMessages engine.Main

Host: AMD Ryzen 9 5900X 12-Core Processor            , 24 cores, 31G,  Windows 11 , 64 bit Build 26100 (10.0.26100.4484)
Time: Sun Aug 24 23:30:47 2025 Mitteleuropäische Sommerzeit elapsed time: 1.835279 seconds (0d 0h 0m 1s)

---------------  T H R E A D  ---------------

Current thread (0x0000017b5a485e80):  JavaThread "main"             [_thread_in_Java, id=26520, stack(0x000000581ed00000,0x000000581ee00000) (1024K)]

Stack: [0x000000581ed00000,0x000000581ee00000],  sp=0x000000581edff250,  free space=1020k
Native frames: (J=compiled Java code, j=interpreted, Vv=VM code, C=native code)
C  0x0000017b6ca9b65d

The last pc belongs to nmethod (printed below).

siginfo: EXCEPTION_ACCESS_VIOLATION (0xc0000005), writing address 0x0000000000000010


Registers:
RAX=0x0000017b440ed698, RBX=0x0000017b440ed698, RCX=0x000000060ec7ba98, RDX=0x000000060ec7ba98
RSP=0x000000581edff250, RBP=0x000000581edff2e8, RSI=0x00000000000001c0, RDI=0x0000000041200000
R8 =0x0000000000000000, R9 =0x0000000000000010, R10=0x0000000000000000, R11=0x0000017b6ca9b640
R12=0x0000000000000000, R13=0x000000581edff270, R14=0x000000581edff310, R15=0x0000017b5a485e80
RIP=0x0000017b6ca9b65d, EFLAGS=0x0000000000010246


Register to memory mapping:

RAX={method} {0x0000017b440ed6a0} 'putLong' '(Ljava/lang/Object;JJ)V' in 'sun/misc/Unsafe'
RBX={method} {0x0000017b440ed6a0} 'putLong' '(Ljava/lang/Object;JJ)V' in 'sun/misc/Unsafe'
RCX=0x000000060ec7ba98 is an oop: sun.misc.Unsafe 
{0x000000060ec7ba98} - klass: 'sun/misc/Unsafe'
 - ---- fields (total size 2 words):
RDX=0x000000060ec7ba98 is an oop: sun.misc.Unsafe 
{0x000000060ec7ba98} - klass: 'sun/misc/Unsafe'
 - ---- fields (total size 2 words):
RSP=0x000000581edff250 is pointing into the stack for thread: 0x0000017b5a485e80
RBP=0x000000581edff2e8 is pointing into the stack for thread: 0x0000017b5a485e80
RSI=0x00000000000001c0 is an unknown value
RDI=0x0000000041200000 is an unknown value
R8 =0x0 is null
R9 =0x0000000000000010 is an unknown value
R10=0x0 is null
R11=0x0000017b6ca9b640 is at entry_point+32 in (nmethod*)0x0000017b6ca9b490
Compiled method (c2) 1854  613       4       sun.misc.Unsafe::putLong (11 bytes)
 total in heap  [0x0000017b6ca9b490,0x0000017b6ca9b6e0] = 592
 relocation     [0x0000017b6ca9b5f0,0x0000017b6ca9b608] = 24
 main code      [0x0000017b6ca9b620,0x0000017b6ca9b698] = 120
 stub code      [0x0000017b6ca9b698,0x0000017b6ca9b6b0] = 24
 scopes data    [0x0000017b6ca9b6b0,0x0000017b6ca9b6b8] = 8
 scopes pcs     [0x0000017b6ca9b6b8,0x0000017b6ca9b6d8] = 32
 dependencies   [0x0000017b6ca9b6d8,0x0000017b6ca9b6e0] = 8
R12=0x0 is null
R13=0x000000581edff270 is pointing into the stack for thread: 0x0000017b5a485e80
R14=0x000000581edff310 is pointing into the stack for thread: 0x0000017b5a485e80
R15=0x0000017b5a485e80 is a thread

Top of Stack: (sp=0x000000581edff250)
0x000000581edff250:   000000581edff2e8 0000017b6c32893e
0x000000581edff260:   000000581edff2e8 0000017b6c328860
0x000000581edff270:   0000000041200000 0000000000000000
0x000000581edff280:   0000000000000010 0000000000000000
0x000000581edff290:   0000000000000000 000000060ec7ba98
0x000000581edff2a0:   000000581edff2a0 0000017b447e9551
0x000000581edff2b0:   0000000000000005 0000017b447fc270
0x000000581edff2c0:   0000000000000000 00000006108975a0
0x000000581edff2d0:   0000017b447e9590 000000581edff270
0x000000581edff2e0:   000000581edff300 000000581edff360
0x000000581edff2f0:   0000017b6c328860 0000000000000000
0x000000581edff300:   0000000000000010 0000000000000000
0x000000581edff310:   0000000610a411c0 000000581edff318
0x000000581edff320:   0000017b447efb04 0000000000000005
0x000000581edff330:   0000017b447fc270 0000000000000000
0x000000581edff340:   00000006108975a0 0000017b447efb48
0x000000581edff350:   000000581edff300 000000581edff370
0x000000581edff360:   000000581edff3d8 0000017b6c328860
0x000000581edff370:   0000000610a412c8 0000000000000000
0x000000581edff380:   0000000610a411c0 0000000610a3ea30
0x000000581edff390:   000000581edff390 0000017b44772ab9
0x000000581edff3a0:   0000000000000003 0000017b447a3440
0x000000581edff3b0:   0000000000000000 0000000610ffbea8
0x000000581edff3c0:   0000017b44772ae0 000000581edff370
0x000000581edff3d0:   000000581edff3e8 000000581edff440
0x000000581edff3e0:   0000017b6c3289d2 0000000610a412c8
0x000000581edff3f0:   0000000610a411c0 000000581edff3f8
0x000000581edff400:   0000017b44599ea0 0000000000000003
0x000000581edff410:   0000017b445a0000 0000000000000000
0x000000581edff420:   000000060ec4c4c8 0000017b44599ed0
0x000000581edff430:   000000581edff3e8 000000581edff458
0x000000581edff440:   000000581edff4b8 0000017b6c3289d2 

Instructions: (pc=0x0000017b6ca9b65d)
0x0000017b6ca9b55d:   00 00 00 00 00 00 00 00 00 00 00 00 00 00 00 00
0x0000017b6ca9b56d:   00 00 00 20 b6 a9 6c 7b 01 00 00 40 b6 a9 6c 7b
0x0000017b6ca9b57d:   01 00 00 20 b6 a9 6c 7b 01 00 00 00 00 00 00 ff
0x0000017b6ca9b58d:   ff ff ff 08 02 00 00 ff ff ff ff 90 01 00 00 08
0x0000017b6ca9b59d:   02 00 00 20 02 00 00 20 02 00 00 00 00 00 00 28
0x0000017b6ca9b5ad:   02 00 00 48 02 00 00 50 02 00 00 50 02 00 00 50
0x0000017b6ca9b5bd:   02 00 00 50 02 00 00 50 02 00 00 00 00 00 00 65
0x0000017b6ca9b5cd:   02 00 00 00 00 00 00 02 00 00 00 ff ff ff ff ff
0x0000017b6ca9b5dd:   ff ff ff 04 02 00 00 00 00 00 00 00 00 00 00 00
0x0000017b6ca9b5ed:   00 00 00 14 30 32 58 0e 78 0e 40 11 31 05 31 0e
0x0000017b6ca9b5fd:   00 00 31 0f 31 00 00 00 00 00 00 00 00 00 00 00
0x0000017b6ca9b60d:   00 00 00 00 00 00 00 00 00 00 00 00 00 00 00 00
0x0000017b6ca9b61d:   00 00 00 44 8b 52 08 49 bb 00 00 00 03 7b 01 00
0x0000017b6ca9b62d:   00 4d 03 d3 49 3b c2 0f 85 46 31 8d ff 66 90 0f
0x0000017b6ca9b63d:   1f 40 00 48 81 ec 18 00 00 00 48 89 6c 24 10 41
0x0000017b6ca9b64d:   81 7f 20 01 00 00 00 0f 85 30 00 00 00 4d 8b d0
0x0000017b6ca9b65d:   4b 89 3c 0a 48 83 c4 10 5d 49 3b a7 48 04 00 00
0x0000017b6ca9b66d:   0f 87 01 00 00 00 c3 49 ba 66 b6 a9 6c 7b 01 00
0x0000017b6ca9b67d:   00 4d 89 97 60 04 00 00 e9 76 a0 8d ff e8 d1 96
0x0000017b6ca9b68d:   8b ff e9 c6 ff ff ff f4 f4 f4 f4 e9 e3 10 9a ff
0x0000017b6ca9b69d:   e8 00 00 00 00 48 83 2c 24 05 e9 f4 92 8d ff f4
0x0000017b6ca9b6ad:   f4 f4 f4 ff 00 00 00 00 00 00 00 ff ff ff ff 00
0x0000017b6ca9b6bd:   00 00 00 00 00 00 00 00 00 00 00 91 00 00 00 00
0x0000017b6ca9b6cd:   00 00 00 00 00 00 00 00 00 00 00 00 00 00 00 00
0x0000017b6ca9b6dd:   00 00 00 00 00 00 00 00 00 00 00 00 00 00 00 00
0x0000017b6ca9b6ed:   00 00 00 00 00 00 00 00 00 00 00 00 00 00 00 00
0x0000017b6ca9b6fd:   00 00 00 00 00 00 00 00 00 00 00 00 00 00 00 00
0x0000017b6ca9b70d:   00 00 00 00 00 00 00 00 00 00 00 00 00 00 00 00
0x0000017b6ca9b71d:   00 00 00 00 00 00 00 00 00 00 00 00 00 00 00 00
0x0000017b6ca9b72d:   00 00 00 00 00 00 00 00 00 00 00 00 00 00 00 00
0x0000017b6ca9b73d:   00 00 00 00 00 00 00 00 00 00 00 00 00 00 00 00
0x0000017b6ca9b74d:   00 00 00 00 00 00 00 00 00 00 00 00 00 00 00 00 


Stack slot to memory mapping:

stack at sp + 0 slots: 0x000000581edff2e8 is pointing into the stack for thread: 0x0000017b5a485e80
stack at sp + 1 slots: 0x0000017b6c32893e is at code_begin+1406 in an Interpreter codelet
return entry points  [0x0000017b6c3283c0, 0x0000017b6c328f60]  2976 bytes
stack at sp + 2 slots: 0x000000581edff2e8 is pointing into the stack for thread: 0x0000017b5a485e80
stack at sp + 3 slots: 0x0000017b6c328860 is at code_begin+1184 in an Interpreter codelet
return entry points  [0x0000017b6c3283c0, 0x0000017b6c328f60]  2976 bytes
stack at sp + 4 slots: 0x0000000041200000 is an unknown value
stack at sp + 5 slots: 0x0 is null
stack at sp + 6 slots: 0x0000000000000010 is an unknown value
stack at sp + 7 slots: 0x0 is null


Compiled method (c2) 1868  613       4       sun.misc.Unsafe::putLong (11 bytes)
 total in heap  [0x0000017b6ca9b490,0x0000017b6ca9b6e0] = 592
 relocation     [0x0000017b6ca9b5f0,0x0000017b6ca9b608] = 24
 main code      [0x0000017b6ca9b620,0x0000017b6ca9b698] = 120
 stub code      [0x0000017b6ca9b698,0x0000017b6ca9b6b0] = 24
 scopes data    [0x0000017b6ca9b6b0,0x0000017b6ca9b6b8] = 8
 scopes pcs     [0x0000017b6ca9b6b8,0x0000017b6ca9b6d8] = 32
 dependencies   [0x0000017b6ca9b6d8,0x0000017b6ca9b6e0] = 8

[Constant Pool (empty)]

[MachCode]
[Entry Point]
  # {method} {0x0000017b440ed6a0} 'putLong' '(Ljava/lang/Object;JJ)V' in 'sun/misc/Unsafe'
  # this:     rdx:rdx   = 'sun/misc/Unsafe'
  # parm0:    r8:r8     = 'java/lang/Object'
  # parm1:    r9:r9     = long
  # parm2:    rdi:rdi   = long
  #           [sp+0x20]  (sp of caller)
  0x0000017b6ca9b620: 448b 5208 | 49bb 0000 | 0003 7b01 | 0000 4d03 | d349 3bc2 

  0x0000017b6ca9b634: ;   {runtime_call ic_miss_stub}
  0x0000017b6ca9b634: 0f85 4631 | 8dff 6690 | 0f1f 4000 
[Verified Entry Point]
  0x0000017b6ca9b640: 4881 ec18 | 0000 0048 | 896c 2410 | 4181 7f20 | 0100 0000 | 0f85 3000 | 0000 4d8b | d04b 893c 
  0x0000017b6ca9b660: 0a48 83c4 

  0x0000017b6ca9b664: ;   {poll_return}
  0x0000017b6ca9b664: 105d 493b | a748 0400 | 000f 8701 | 0000 00c3 

  0x0000017b6ca9b674: ;   {internal_word}
  0x0000017b6ca9b674: 49ba 66b6 | a96c 7b01 | 0000 4d89 | 9760 0400 

  0x0000017b6ca9b684: ;   {runtime_call SafepointBlob}
  0x0000017b6ca9b684: 00e9 76a0 

  0x0000017b6ca9b688: ;   {runtime_call StubRoutines (final stubs)}
  0x0000017b6ca9b688: 8dff e8d1 | 968b ffe9 | c6ff ffff | f4f4 f4f4 
[Exception Handler]
  0x0000017b6ca9b698: ;   {no_reloc}
  0x0000017b6ca9b698: e9e3 109a | ffe8 0000 | 0000 4883 

  0x0000017b6ca9b6a4: ;   {runtime_call DeoptimizationBlob}
  0x0000017b6ca9b6a4: 2c24 05e9 | f492 8dff | f4f4 f4f4 
[/MachCode]


---------------  P R O C E S S  ---------------

Threads class SMR info:
_java_thread_list=0x0000017b51ca3e80, length=14, elements={
0x0000017b5a485e80, 0x0000017b7ef6bf20, 0x0000017b023b1f40, 0x0000017b023b4010,
0x0000017b023b7030, 0x0000017b023b9c40, 0x0000017b023ba840, 0x0000017b023bb8a0,
0x0000017b023c8980, 0x0000017b024b0c00, 0x0000017b0256fe80, 0x0000017b02578960,
0x0000017b0257c9f0, 0x0000017b4f3bb500
}

Java Threads: ( => current thread )
=>0x0000017b5a485e80 JavaThread "main"                              [_thread_in_Java, id=26520, stack(0x000000581ed00000,0x000000581ee00000) (1024K)]
  0x0000017b7ef6bf20 JavaThread "Reference Handler"          daemon [_thread_blocked, id=14908, stack(0x000000581f500000,0x000000581f600000) (1024K)]
  0x0000017b023b1f40 JavaThread "Finalizer"                  daemon [_thread_blocked, id=31592, stack(0x000000581f600000,0x000000581f700000) (1024K)]
  0x0000017b023b4010 JavaThread "Signal Dispatcher"          daemon [_thread_blocked, id=8128, stack(0x000000581f700000,0x000000581f800000) (1024K)]
  0x0000017b023b7030 JavaThread "Attach Listener"            daemon [_thread_blocked, id=31224, stack(0x000000581f800000,0x000000581f900000) (1024K)]
  0x0000017b023b9c40 JavaThread "Service Thread"             daemon [_thread_blocked, id=35804, stack(0x000000581f900000,0x000000581fa00000) (1024K)]
  0x0000017b023ba840 JavaThread "Monitor Deflation Thread"   daemon [_thread_blocked, id=32348, stack(0x000000581fa00000,0x000000581fb00000) (1024K)]
  0x0000017b023bb8a0 JavaThread "C2 CompilerThread0"         daemon [_thread_blocked, id=23096, stack(0x000000581fb00000,0x000000581fc00000) (1024K)]
  0x0000017b023c8980 JavaThread "C1 CompilerThread0"         daemon [_thread_blocked, id=35332, stack(0x000000581fc00000,0x000000581fd00000) (1024K)]
  0x0000017b024b0c00 JavaThread "C1 CompilerThread1"         daemon [_thread_blocked, id=34628, stack(0x000000581fd00000,0x000000581fe00000) (1024K)]
  0x0000017b0256fe80 JavaThread "C1 CompilerThread2"         daemon [_thread_blocked, id=35252, stack(0x000000581fe00000,0x000000581ff00000) (1024K)]
  0x0000017b02578960 JavaThread "Notification Thread"        daemon [_thread_blocked, id=7996, stack(0x000000581ff00000,0x0000005820000000) (1024K)]
  0x0000017b0257c9f0 JavaThread "Common-Cleaner"             daemon [_thread_blocked, id=10476, stack(0x0000005820000000,0x0000005820100000) (1024K)]
  0x0000017b4f3bb500 JavaThread "C1 CompilerThread3"         daemon [_thread_blocked, id=38008, stack(0x0000005820900000,0x0000005820a00000) (1024K)]
Total: 14

Other Threads:
  0x0000017b7ef4e860 VMThread "VM Thread"                           [id=34992, stack(0x000000581f400000,0x000000581f500000) (1024K)]
  0x0000017b023b0af0 WatcherThread "VM Periodic Task Thread"        [id=6648, stack(0x000000581f300000,0x000000581f400000) (1024K)]
  0x0000017b5c897f40 WorkerThread "GC Thread#0"                     [id=30976, stack(0x000000581ee00000,0x000000581ef00000) (1024K)]
  0x0000017b48058cd0 WorkerThread "GC Thread#1"                     [id=37852, stack(0x0000005821000000,0x0000005821100000) (1024K)]
  0x0000017b48059410 WorkerThread "GC Thread#2"                     [id=10740, stack(0x0000005821100000,0x0000005821200000) (1024K)]
  0x0000017b480597b0 WorkerThread "GC Thread#3"                     [id=36824, stack(0x0000005821200000,0x0000005821300000) (1024K)]
  0x0000017b48058590 WorkerThread "GC Thread#4"                     [id=31024, stack(0x0000005821300000,0x0000005821400000) (1024K)]
  0x0000017b48059b50 WorkerThread "GC Thread#5"                     [id=36344, stack(0x0000005821400000,0x0000005821500000) (1024K)]
  0x0000017b48059ef0 WorkerThread "GC Thread#6"                     [id=29800, stack(0x0000005821500000,0x0000005821600000) (1024K)]
  0x0000017b4fc94470 WorkerThread "GC Thread#7"                     [id=36796, stack(0x0000005821600000,0x0000005821700000) (1024K)]
  0x0000017b4fc94810 WorkerThread "GC Thread#8"                     [id=37256, stack(0x0000005821700000,0x0000005821800000) (1024K)]
  0x0000017b4fc96c50 WorkerThread "GC Thread#9"                     [id=7916, stack(0x0000005821800000,0x0000005821900000) (1024K)]
  0x0000017b4fc94f50 WorkerThread "GC Thread#10"                    [id=24908, stack(0x0000005821900000,0x0000005821a00000) (1024K)]
  0x0000017b4fc96510 WorkerThread "GC Thread#11"                    [id=29916, stack(0x0000005821a00000,0x0000005821b00000) (1024K)]
  0x0000017b5c8a8f10 ConcurrentGCThread "G1 Main Marker"            [id=37428, stack(0x000000581ef00000,0x000000581f000000) (1024K)]
  0x0000017b5c8abee0 WorkerThread "G1 Conc#0"                       [id=33780, stack(0x000000581f000000,0x000000581f100000) (1024K)]
  0x0000017b7ee72350 ConcurrentGCThread "G1 Refine#0"               [id=35552, stack(0x000000581f100000,0x000000581f200000) (1024K)]
  0x0000017b7ee72c70 ConcurrentGCThread "G1 Service"                [id=33716, stack(0x000000581f200000,0x000000581f300000) (1024K)]
Total: 18

Threads with active compile tasks:
Total: 0

VM state: not at safepoint (normal execution)

VM Mutex/Monitor currently owned by a thread: None

Heap address: 0x0000000601400000, size: 8172 MB, Compressed Oops mode: Zero based, Oop shift amount: 3

CDS archive(s) mapped at: [0x0000017b03000000-0x0000017b03c80000-0x0000017b03c80000), size 13107200, SharedBaseAddress: 0x0000017b03000000, ArchiveRelocationMode: 1.
Compressed class space mapped at: 0x0000017b04000000-0x0000017b44000000, reserved size: 1073741824
Narrow klass base: 0x0000017b03000000, Narrow klass shift: 0, Narrow klass range: 0x100000000

GC Precious Log:
 CardTable entry size: 512
 Card Set container configuration: InlinePtr #cards 4 size 8 Array Of Cards #cards 32 size 80 Howl #buckets 8 coarsen threshold 7372 Howl Bitmap #cards 1024 size 144 coarsen threshold 921 Card regions per heap region 1 cards per card region 8192
 CPUs: 24 total, 24 available
 Memory: 32681M
 Large Page Support: Disabled
 NUMA Support: Disabled
 Compressed Oops: Enabled (Zero based)
 Heap Region Size: 4M
 Heap Min Capacity: 8M
 Heap Initial Capacity: 512M
 Heap Max Capacity: 8172M
 Pre-touch: Disabled
 Parallel Workers: 18
 Concurrent Workers: 5
 Concurrent Refinement Workers: 18
 Periodic GC: Disabled

Heap:
 garbage-first heap   total 524288K, used 454902K [0x0000000601400000, 0x0000000800000000)
  region size 4096K, 75 young (307200K), 8 survivors (32768K)
 Metaspace       used 7262K, committed 7424K, reserved 1114112K
  class space    used 374K, committed 448K, reserved 1048576K

Heap Regions: E=young(eden), S=young(survivor), O=old, HS=humongous(starts), HC=humongous(continues), CS=collection set, F=free, TAMS=top-at-mark-start, PB=parsable bottom
|   0|0x0000000601400000, 0x0000000601800000, 0x0000000601800000|100%|HS|  |TAMS 0x0000000601400000| PB 0x0000000601400000| Complete 
|   1|0x0000000601800000, 0x0000000601c00000, 0x0000000601c00000|100%|HC|  |TAMS 0x0000000601800000| PB 0x0000000601800000| Complete 
|   2|0x0000000601c00000, 0x0000000602000000, 0x0000000602000000|100%|HS|  |TAMS 0x0000000601c00000| PB 0x0000000601c00000| Complete 
|   3|0x0000000602000000, 0x0000000602400000, 0x0000000602400000|100%|HC|  |TAMS 0x0000000602000000| PB 0x0000000602000000| Complete 
|   4|0x0000000602400000, 0x0000000602800000, 0x0000000602800000|100%|HS|  |TAMS 0x0000000602400000| PB 0x0000000602400000| Complete 
|   5|0x0000000602800000, 0x0000000602c00000, 0x0000000602c00000|100%|HC|  |TAMS 0x0000000602800000| PB 0x0000000602800000| Complete 
|   6|0x0000000602c00000, 0x0000000603000000, 0x0000000603000000|100%|HS|  |TAMS 0x0000000602c00000| PB 0x0000000602c00000| Complete 
|   7|0x0000000603000000, 0x0000000603400000, 0x0000000603400000|100%|HC|  |TAMS 0x0000000603000000| PB 0x0000000603000000| Complete 
|   8|0x0000000603400000, 0x0000000603800000, 0x0000000603800000|100%|HS|  |TAMS 0x0000000603400000| PB 0x0000000603400000| Complete 
|   9|0x0000000603800000, 0x0000000603c00000, 0x0000000603c00000|100%|HS|  |TAMS 0x0000000603800000| PB 0x0000000603800000| Complete 
|  10|0x0000000603c00000, 0x0000000604000000, 0x0000000604000000|100%|HS|  |TAMS 0x0000000603c00000| PB 0x0000000603c00000| Complete 
|  11|0x0000000604000000, 0x0000000604400000, 0x0000000604400000|100%|HC|  |TAMS 0x0000000604000000| PB 0x0000000604000000| Complete 
|  12|0x0000000604400000, 0x0000000604800000, 0x0000000604800000|100%|HS|  |TAMS 0x0000000604400000| PB 0x0000000604400000| Complete 
|  13|0x0000000604800000, 0x0000000604c00000, 0x0000000604c00000|100%|HC|  |TAMS 0x0000000604800000| PB 0x0000000604800000| Complete 
|  14|0x0000000604c00000, 0x0000000605000000, 0x0000000605000000|100%|HS|  |TAMS 0x0000000604c00000| PB 0x0000000604c00000| Complete 
|  15|0x0000000605000000, 0x0000000605400000, 0x0000000605400000|100%|HC|  |TAMS 0x0000000605000000| PB 0x0000000605000000| Complete 
|  16|0x0000000605400000, 0x0000000605800000, 0x0000000605800000|100%|HS|  |TAMS 0x0000000605400000| PB 0x0000000605400000| Complete 
|  17|0x0000000605800000, 0x0000000605c00000, 0x0000000605c00000|100%|HC|  |TAMS 0x0000000605800000| PB 0x0000000605800000| Complete 
|  18|0x0000000605c00000, 0x0000000606000000, 0x0000000606000000|100%|HS|  |TAMS 0x0000000605c00000| PB 0x0000000605c00000| Complete 
|  19|0x0000000606000000, 0x0000000606400000, 0x0000000606400000|100%|HC|  |TAMS 0x0000000606000000| PB 0x0000000606000000| Complete 
|  20|0x0000000606400000, 0x0000000606800000, 0x0000000606800000|100%|HS|  |TAMS 0x0000000606400000| PB 0x0000000606400000| Complete 
|  21|0x0000000606800000, 0x0000000606c00000, 0x0000000606c00000|100%|HS|  |TAMS 0x0000000606800000| PB 0x0000000606800000| Complete 
|  22|0x0000000606c00000, 0x0000000607000000, 0x0000000607000000|100%|HS|  |TAMS 0x0000000606c00000| PB 0x0000000606c00000| Complete 
|  23|0x0000000607000000, 0x0000000607400000, 0x0000000607400000|100%|HC|  |TAMS 0x0000000607000000| PB 0x0000000607000000| Complete 
|  24|0x0000000607400000, 0x0000000607800000, 0x0000000607800000|100%|HS|  |TAMS 0x0000000607400000| PB 0x0000000607400000| Complete 
|  25|0x0000000607800000, 0x0000000607c00000, 0x0000000607c00000|100%|HC|  |TAMS 0x0000000607800000| PB 0x0000000607800000| Complete 
|  26|0x0000000607c00000, 0x0000000608000000, 0x0000000608000000|100%|HS|  |TAMS 0x0000000607c00000| PB 0x0000000607c00000| Complete 
|  27|0x0000000608000000, 0x0000000608400000, 0x0000000608400000|100%|HC|  |TAMS 0x0000000608000000| PB 0x0000000608000000| Complete 
|  28|0x0000000608400000, 0x0000000608800000, 0x0000000608800000|100%|HS|  |TAMS 0x0000000608400000| PB 0x0000000608400000| Complete 
|  29|0x0000000608800000, 0x0000000608c00000, 0x0000000608c00000|100%|HS|  |TAMS 0x0000000608800000| PB 0x0000000608800000| Complete 
|  30|0x0000000608c00000, 0x0000000609000000, 0x0000000609000000|100%|HS|  |TAMS 0x0000000608c00000| PB 0x0000000608c00000| Complete 
|  31|0x0000000609000000, 0x0000000609400000, 0x0000000609400000|100%|HC|  |TAMS 0x0000000609000000| PB 0x0000000609000000| Complete 
|  32|0x0000000609400000, 0x0000000609800000, 0x0000000609800000|100%|HS|  |TAMS 0x0000000609400000| PB 0x0000000609400000| Complete 
|  33|0x0000000609800000, 0x0000000609c00000, 0x0000000609c00000|100%|HC|  |TAMS 0x0000000609800000| PB 0x0000000609800000| Complete 
|  34|0x0000000609c00000, 0x000000060a000000, 0x000000060a000000|100%|HS|  |TAMS 0x0000000609c00000| PB 0x0000000609c00000| Complete 
|  35|0x000000060a000000, 0x000000060a400000, 0x000000060a400000|100%|HC|  |TAMS 0x000000060a000000| PB 0x000000060a000000| Complete 
|  36|0x000000060a400000, 0x000000060a800000, 0x000000060a800000|100%|HS|  |TAMS 0x000000060a400000| PB 0x000000060a400000| Complete 
|  37|0x000000060a800000, 0x000000060ac00000, 0x000000060ac00000|100%|HC|  |TAMS 0x000000060a800000| PB 0x000000060a800000| Complete 
|  38|0x000000060ac00000, 0x000000060ac00000, 0x000000060b000000|  0%| F|  |TAMS 0x000000060ac00000| PB 0x000000060ac00000| Untracked 
|  39|0x000000060b000000, 0x000000060b000000, 0x000000060b400000|  0%| F|  |TAMS 0x000000060b000000| PB 0x000000060b000000| Untracked 
|  40|0x000000060b400000, 0x000000060b400000, 0x000000060b800000|  0%| F|  |TAMS 0x000000060b400000| PB 0x000000060b400000| Untracked 
|  41|0x000000060b800000, 0x000000060b800000, 0x000000060bc00000|  0%| F|  |TAMS 0x000000060b800000| PB 0x000000060b800000| Untracked 
|  42|0x000000060bc00000, 0x000000060bc00000, 0x000000060c000000|  0%| F|  |TAMS 0x000000060bc00000| PB 0x000000060bc00000| Untracked 
|  43|0x000000060c000000, 0x000000060c000000, 0x000000060c400000|  0%| F|  |TAMS 0x000000060c000000| PB 0x000000060c000000| Untracked 
|  44|0x000000060c400000, 0x000000060c43d9e0, 0x000000060c800000|  6%| S|CS|TAMS 0x000000060c400000| PB 0x000000060c400000| Complete 
|  45|0x000000060c800000, 0x000000060cc00000, 0x000000060cc00000|100%| S|CS|TAMS 0x000000060c800000| PB 0x000000060c800000| Complete 
|  46|0x000000060cc00000, 0x000000060d000000, 0x000000060d000000|100%| S|CS|TAMS 0x000000060cc00000| PB 0x000000060cc00000| Complete 
|  47|0x000000060d000000, 0x000000060d400000, 0x000000060d400000|100%| S|CS|TAMS 0x000000060d000000| PB 0x000000060d000000| Complete 
|  48|0x000000060d400000, 0x000000060d800000, 0x000000060d800000|100%| S|CS|TAMS 0x000000060d400000| PB 0x000000060d400000| Complete 
|  49|0x000000060d800000, 0x000000060d800000, 0x000000060dc00000|  0%| F|  |TAMS 0x000000060d800000| PB 0x000000060d800000| Untracked 
|  50|0x000000060dc00000, 0x000000060dc00000, 0x000000060e000000|  0%| F|  |TAMS 0x000000060dc00000| PB 0x000000060dc00000| Untracked 
|  51|0x000000060e000000, 0x000000060e000000, 0x000000060e400000|  0%| F|  |TAMS 0x000000060e000000| PB 0x000000060e000000| Untracked 
|  52|0x000000060e400000, 0x000000060e800000, 0x000000060e800000|100%| S|CS|TAMS 0x000000060e400000| PB 0x000000060e400000| Complete 
|  53|0x000000060e800000, 0x000000060ec00000, 0x000000060ec00000|100%| S|CS|TAMS 0x000000060e800000| PB 0x000000060e800000| Complete 
|  54|0x000000060ec00000, 0x000000060f000000, 0x000000060f000000|100%| S|CS|TAMS 0x000000060ec00000| PB 0x000000060ec00000| Complete 
|  55|0x000000060f000000, 0x000000060f000000, 0x000000060f400000|  0%| F|  |TAMS 0x000000060f000000| PB 0x000000060f000000| Untracked 
|  56|0x000000060f400000, 0x000000060f400000, 0x000000060f800000|  0%| F|  |TAMS 0x000000060f400000| PB 0x000000060f400000| Untracked 
|  57|0x000000060f800000, 0x000000060f800000, 0x000000060fc00000|  0%| F|  |TAMS 0x000000060f800000| PB 0x000000060f800000| Untracked 
|  58|0x000000060fc00000, 0x000000060fc00000, 0x0000000610000000|  0%| F|  |TAMS 0x000000060fc00000| PB 0x000000060fc00000| Untracked 
|  59|0x0000000610000000, 0x0000000610000000, 0x0000000610400000|  0%| F|  |TAMS 0x0000000610000000| PB 0x0000000610000000| Untracked 
|  60|0x0000000610400000, 0x0000000610400000, 0x0000000610800000|  0%| F|  |TAMS 0x0000000610400000| PB 0x0000000610400000| Untracked 
|  61|0x0000000610800000, 0x0000000610c00000, 0x0000000610c00000|100%| E|  |TAMS 0x0000000610800000| PB 0x0000000610800000| Complete 
|  62|0x0000000610c00000, 0x0000000611000000, 0x0000000611000000|100%| E|CS|TAMS 0x0000000610c00000| PB 0x0000000610c00000| Complete 
|  63|0x0000000611000000, 0x0000000611400000, 0x0000000611400000|100%| E|CS|TAMS 0x0000000611000000| PB 0x0000000611000000| Complete 
|  64|0x0000000611400000, 0x0000000611800000, 0x0000000611800000|100%| E|CS|TAMS 0x0000000611400000| PB 0x0000000611400000| Complete 
|  65|0x0000000611800000, 0x0000000611c00000, 0x0000000611c00000|100%| E|CS|TAMS 0x0000000611800000| PB 0x0000000611800000| Complete 
|  66|0x0000000611c00000, 0x0000000612000000, 0x0000000612000000|100%| E|CS|TAMS 0x0000000611c00000| PB 0x0000000611c00000| Complete 
|  67|0x0000000612000000, 0x0000000612400000, 0x0000000612400000|100%| E|CS|TAMS 0x0000000612000000| PB 0x0000000612000000| Complete 
|  68|0x0000000612400000, 0x0000000612800000, 0x0000000612800000|100%| E|CS|TAMS 0x0000000612400000| PB 0x0000000612400000| Complete 
|  69|0x0000000612800000, 0x0000000612c00000, 0x0000000612c00000|100%| E|CS|TAMS 0x0000000612800000| PB 0x0000000612800000| Complete 
|  70|0x0000000612c00000, 0x0000000613000000, 0x0000000613000000|100%| E|CS|TAMS 0x0000000612c00000| PB 0x0000000612c00000| Complete 
|  71|0x0000000613000000, 0x0000000613400000, 0x0000000613400000|100%| E|CS|TAMS 0x0000000613000000| PB 0x0000000613000000| Complete 
|  72|0x0000000613400000, 0x0000000613800000, 0x0000000613800000|100%| E|CS|TAMS 0x0000000613400000| PB 0x0000000613400000| Complete 
|  73|0x0000000613800000, 0x0000000613c00000, 0x0000000613c00000|100%| E|CS|TAMS 0x0000000613800000| PB 0x0000000613800000| Complete 
|  74|0x0000000613c00000, 0x0000000614000000, 0x0000000614000000|100%| E|CS|TAMS 0x0000000613c00000| PB 0x0000000613c00000| Complete 
|  75|0x0000000614000000, 0x0000000614400000, 0x0000000614400000|100%| E|CS|TAMS 0x0000000614000000| PB 0x0000000614000000| Complete 
|  76|0x0000000614400000, 0x0000000614800000, 0x0000000614800000|100%| E|CS|TAMS 0x0000000614400000| PB 0x0000000614400000| Complete 
|  77|0x0000000614800000, 0x0000000614c00000, 0x0000000614c00000|100%| E|CS|TAMS 0x0000000614800000| PB 0x0000000614800000| Complete 
|  78|0x0000000614c00000, 0x0000000615000000, 0x0000000615000000|100%| E|CS|TAMS 0x0000000614c00000| PB 0x0000000614c00000| Complete 
|  79|0x0000000615000000, 0x0000000615400000, 0x0000000615400000|100%| E|CS|TAMS 0x0000000615000000| PB 0x0000000615000000| Complete 
|  80|0x0000000615400000, 0x0000000615800000, 0x0000000615800000|100%| E|CS|TAMS 0x0000000615400000| PB 0x0000000615400000| Complete 
|  81|0x0000000615800000, 0x0000000615c00000, 0x0000000615c00000|100%| E|CS|TAMS 0x0000000615800000| PB 0x0000000615800000| Complete 
|  82|0x0000000615c00000, 0x0000000616000000, 0x0000000616000000|100%| E|CS|TAMS 0x0000000615c00000| PB 0x0000000615c00000| Complete 
|  83|0x0000000616000000, 0x0000000616400000, 0x0000000616400000|100%| E|CS|TAMS 0x0000000616000000| PB 0x0000000616000000| Complete 
|  84|0x0000000616400000, 0x0000000616800000, 0x0000000616800000|100%| E|CS|TAMS 0x0000000616400000| PB 0x0000000616400000| Complete 
|  85|0x0000000616800000, 0x0000000616c00000, 0x0000000616c00000|100%| E|CS|TAMS 0x0000000616800000| PB 0x0000000616800000| Complete 
|  86|0x0000000616c00000, 0x0000000617000000, 0x0000000617000000|100%| E|CS|TAMS 0x0000000616c00000| PB 0x0000000616c00000| Complete 
|  87|0x0000000617000000, 0x0000000617400000, 0x0000000617400000|100%| E|CS|TAMS 0x0000000617000000| PB 0x0000000617000000| Complete 
|  88|0x0000000617400000, 0x0000000617800000, 0x0000000617800000|100%| E|CS|TAMS 0x0000000617400000| PB 0x0000000617400000| Complete 
|  89|0x0000000617800000, 0x0000000617c00000, 0x0000000617c00000|100%| E|CS|TAMS 0x0000000617800000| PB 0x0000000617800000| Complete 
|  90|0x0000000617c00000, 0x0000000618000000, 0x0000000618000000|100%| E|CS|TAMS 0x0000000617c00000| PB 0x0000000617c00000| Complete 
|  91|0x0000000618000000, 0x0000000618400000, 0x0000000618400000|100%| E|CS|TAMS 0x0000000618000000| PB 0x0000000618000000| Complete 
|  92|0x0000000618400000, 0x0000000618800000, 0x0000000618800000|100%| E|CS|TAMS 0x0000000618400000| PB 0x0000000618400000| Complete 
|  93|0x0000000618800000, 0x0000000618c00000, 0x0000000618c00000|100%| E|CS|TAMS 0x0000000618800000| PB 0x0000000618800000| Complete 
|  94|0x0000000618c00000, 0x0000000619000000, 0x0000000619000000|100%| E|CS|TAMS 0x0000000618c00000| PB 0x0000000618c00000| Complete 
|  95|0x0000000619000000, 0x0000000619400000, 0x0000000619400000|100%| E|CS|TAMS 0x0000000619000000| PB 0x0000000619000000| Complete 
|  96|0x0000000619400000, 0x0000000619800000, 0x0000000619800000|100%| E|CS|TAMS 0x0000000619400000| PB 0x0000000619400000| Complete 
|  97|0x0000000619800000, 0x0000000619c00000, 0x0000000619c00000|100%| E|CS|TAMS 0x0000000619800000| PB 0x0000000619800000| Complete 
|  98|0x0000000619c00000, 0x000000061a000000, 0x000000061a000000|100%| E|CS|TAMS 0x0000000619c00000| PB 0x0000000619c00000| Complete 
|  99|0x000000061a000000, 0x000000061a400000, 0x000000061a400000|100%| E|CS|TAMS 0x000000061a000000| PB 0x000000061a000000| Complete 
| 100|0x000000061a400000, 0x000000061a800000, 0x000000061a800000|100%| E|CS|TAMS 0x000000061a400000| PB 0x000000061a400000| Complete 
| 101|0x000000061a800000, 0x000000061ac00000, 0x000000061ac00000|100%| E|CS|TAMS 0x000000061a800000| PB 0x000000061a800000| Complete 
| 102|0x000000061ac00000, 0x000000061b000000, 0x000000061b000000|100%| E|CS|TAMS 0x000000061ac00000| PB 0x000000061ac00000| Complete 
| 103|0x000000061b000000, 0x000000061b400000, 0x000000061b400000|100%| E|CS|TAMS 0x000000061b000000| PB 0x000000061b000000| Complete 
| 104|0x000000061b400000, 0x000000061b800000, 0x000000061b800000|100%| E|CS|TAMS 0x000000061b400000| PB 0x000000061b400000| Complete 
| 105|0x000000061b800000, 0x000000061bc00000, 0x000000061bc00000|100%| E|CS|TAMS 0x000000061b800000| PB 0x000000061b800000| Complete 
| 106|0x000000061bc00000, 0x000000061c000000, 0x000000061c000000|100%| E|CS|TAMS 0x000000061bc00000| PB 0x000000061bc00000| Complete 
| 107|0x000000061c000000, 0x000000061c400000, 0x000000061c400000|100%| E|CS|TAMS 0x000000061c000000| PB 0x000000061c000000| Complete 
| 108|0x000000061c400000, 0x000000061c800000, 0x000000061c800000|100%| E|CS|TAMS 0x000000061c400000| PB 0x000000061c400000| Complete 
| 109|0x000000061c800000, 0x000000061cc00000, 0x000000061cc00000|100%| E|CS|TAMS 0x000000061c800000| PB 0x000000061c800000| Complete 
| 110|0x000000061cc00000, 0x000000061d000000, 0x000000061d000000|100%| E|CS|TAMS 0x000000061cc00000| PB 0x000000061cc00000| Complete 
| 111|0x000000061d000000, 0x000000061d400000, 0x000000061d400000|100%| E|CS|TAMS 0x000000061d000000| PB 0x000000061d000000| Complete 
| 112|0x000000061d400000, 0x000000061d800000, 0x000000061d800000|100%| E|CS|TAMS 0x000000061d400000| PB 0x000000061d400000| Complete 
| 113|0x000000061d800000, 0x000000061dc00000, 0x000000061dc00000|100%| E|CS|TAMS 0x000000061d800000| PB 0x000000061d800000| Complete 
| 114|0x000000061dc00000, 0x000000061e000000, 0x000000061e000000|100%| E|CS|TAMS 0x000000061dc00000| PB 0x000000061dc00000| Complete 
| 115|0x000000061e000000, 0x000000061e400000, 0x000000061e400000|100%| E|CS|TAMS 0x000000061e000000| PB 0x000000061e000000| Complete 
| 116|0x000000061e400000, 0x000000061e800000, 0x000000061e800000|100%| E|CS|TAMS 0x000000061e400000| PB 0x000000061e400000| Complete 
| 117|0x000000061e800000, 0x000000061ec00000, 0x000000061ec00000|100%| E|CS|TAMS 0x000000061e800000| PB 0x000000061e800000| Complete 
| 118|0x000000061ec00000, 0x000000061f000000, 0x000000061f000000|100%| E|CS|TAMS 0x000000061ec00000| PB 0x000000061ec00000| Complete 
| 119|0x000000061f000000, 0x000000061f400000, 0x000000061f400000|100%| E|CS|TAMS 0x000000061f000000| PB 0x000000061f000000| Complete 
| 120|0x000000061f400000, 0x000000061f800000, 0x000000061f800000|100%| E|CS|TAMS 0x000000061f400000| PB 0x000000061f400000| Complete 
| 121|0x000000061f800000, 0x000000061fc00000, 0x000000061fc00000|100%| E|CS|TAMS 0x000000061f800000| PB 0x000000061f800000| Complete 
| 122|0x000000061fc00000, 0x0000000620000000, 0x0000000620000000|100%| E|CS|TAMS 0x000000061fc00000| PB 0x000000061fc00000| Complete 
| 123|0x0000000620000000, 0x0000000620400000, 0x0000000620400000|100%| E|CS|TAMS 0x0000000620000000| PB 0x0000000620000000| Complete 
| 124|0x0000000620400000, 0x0000000620800000, 0x0000000620800000|100%| E|CS|TAMS 0x0000000620400000| PB 0x0000000620400000| Complete 
| 125|0x0000000620800000, 0x0000000620c00000, 0x0000000620c00000|100%| E|CS|TAMS 0x0000000620800000| PB 0x0000000620800000| Complete 
| 126|0x0000000620c00000, 0x0000000621000000, 0x0000000621000000|100%| E|CS|TAMS 0x0000000620c00000| PB 0x0000000620c00000| Complete 
| 127|0x0000000621000000, 0x0000000621400000, 0x0000000621400000|100%| E|CS|TAMS 0x0000000621000000| PB 0x0000000621000000| Complete 

Card table byte_map: [0x0000017b75cb0000,0x0000017b76cb0000] _byte_map_base: 0x0000017b72ca6000

Marking Bits: (CMBitMap*) 0x0000017b5c898640
 Bits: [0x0000017b76cb0000, 0x0000017b7ec60000)

Polling page: 0x0000017b5a410000

Metaspace:

Usage:
  Non-class:      6.73 MB used.
      Class:    374.73 KB used.
       Both:      7.09 MB used.

Virtual space:
  Non-class space:       64.00 MB reserved,       6.81 MB ( 11%) committed,  1 nodes.
      Class space:        1.00 GB reserved,     448.00 KB ( <1%) committed,  1 nodes.
             Both:        1.06 GB reserved,       7.25 MB ( <1%) committed. 

Chunk freelists:
   Non-Class:  6.94 MB
       Class:  15.47 MB
        Both:  22.41 MB

MaxMetaspaceSize: unlimited
CompressedClassSpaceSize: 1.00 GB
Initial GC threshold: 21.00 MB
Current GC threshold: 21.00 MB
CDS: on
 - commit_granule_bytes: 65536.
 - commit_granule_words: 8192.
 - virtual_space_node_default_size: 8388608.
 - enlarge_chunks_in_place: 1.
 - use_allocation_guard: 0.


Internal statistics:

num_allocs_failed_limit: 0.
num_arena_births: 68.
num_arena_deaths: 0.
num_vsnodes_births: 2.
num_vsnodes_deaths: 0.
num_space_committed: 114.
num_space_uncommitted: 0.
num_chunks_returned_to_freelist: 0.
num_chunks_taken_from_freelist: 272.
num_chunk_merges: 0.
num_chunk_splits: 203.
num_chunks_enlarged: 171.
num_inconsistent_stats: 0.

CodeHeap 'non-profiled nmethods': size=119168Kb used=1113Kb max_used=1113Kb free=118054Kb
 bounds [0x0000017b6ca70000, 0x0000017b6cce0000, 0x0000017b73ed0000]
CodeHeap 'profiled nmethods': size=119104Kb used=2670Kb max_used=2670Kb free=116434Kb
 bounds [0x0000017b64ed0000, 0x0000017b65170000, 0x0000017b6c320000]
CodeHeap 'non-nmethods': size=7488Kb used=3837Kb max_used=3850Kb free=3650Kb
 bounds [0x0000017b6c320000, 0x0000017b6c6f0000, 0x0000017b6ca70000]
 total_blobs=2510 nmethods=1398 adapters=1014
 compilation: enabled
              stopped_count=0, restarted_count=0
 full_count=0

Compilation events (20 events):
Event: 1.766 Thread 0x0000017b024b0c00 1387       3       java.io.BufferedReader::implReadLine (301 bytes)
Event: 1.766 Thread 0x0000017b024b0c00 nmethod 1387 0x0000017b65167490 code [0x0000017b65167780, 0x0000017b65168770]
Event: 1.768 Thread 0x0000017b024b0c00 1388       3       java.lang.Math::abs (11 bytes)
Event: 1.768 Thread 0x0000017b024b0c00 nmethod 1388 0x0000017b65168e10 code [0x0000017b65168fa0, 0x0000017b651690c8]
Event: 1.769 Thread 0x0000017b4f3bb500 1390       3       com.bulletphysics.linearmath.VectorUtil::setCoord (61 bytes)
Event: 1.769 Thread 0x0000017b4f3bb500 nmethod 1390 0x0000017b65169190 code [0x0000017b65169360, 0x0000017b65169640]
Event: 1.770 Thread 0x0000017b4f3bb500 1391       3       jdk.internal.loader.NativeLibraries$NativeLibraryImpl::find (9 bytes)
Event: 1.770 Thread 0x0000017b4f3bb500 nmethod 1391 0x0000017b65169790 code [0x0000017b65169940, 0x0000017b65169a80]
Event: 1.771 Thread 0x0000017b0256fe80 1392       3       jdk.internal.org.objectweb.asm.ByteVector::<init> (13 bytes)
Event: 1.771 Thread 0x0000017b0256fe80 nmethod 1392 0x0000017b65169b10 code [0x0000017b65169cc0, 0x0000017b65169f28]
Event: 1.772 Thread 0x0000017b024b0c00 1393       3       java.lang.StringCoding::countPositives (33 bytes)
Event: 1.772 Thread 0x0000017b024b0c00 nmethod 1393 0x0000017b6516a010 code [0x0000017b6516a1c0, 0x0000017b6516a3e0]
Event: 1.826 Thread 0x0000017b4f3bb500 1394   !   3       jdk.internal.loader.URLClassPath$JarLoader::checkResource (73 bytes)
Event: 1.827 Thread 0x0000017b4f3bb500 nmethod 1394 0x0000017b6516a510 code [0x0000017b6516a760, 0x0000017b6516b088]
Event: 1.832 Thread 0x0000017b023bb8a0 1396       4       sun.misc.Unsafe::getLong (9 bytes)
Event: 1.832 Thread 0x0000017b023c8980 1397       1       org.lwjgl.system.MemoryStack::getPointer (5 bytes)
Event: 1.832 Thread 0x0000017b023c8980 nmethod 1397 0x0000017b6cb85b90 code [0x0000017b6cb85d20, 0x0000017b6cb85de8]
Event: 1.832 Thread 0x0000017b023bb8a0 nmethod 1396 0x0000017b6cb85e90 code [0x0000017b6cb86020, 0x0000017b6cb860b0]
Event: 1.832 Thread 0x0000017b023c8980 1399       3       org.lwjgl.system.MemoryUtil::address (11 bytes)
Event: 1.832 Thread 0x0000017b023c8980 nmethod 1399 0x0000017b6516b490 code [0x0000017b6516b620, 0x0000017b6516b728]

GC Heap History (8 events):
Event: 0.690 GC heap before
{Heap before GC invocations=0 (full 0):
 garbage-first heap   total 524288K, used 24576K [0x0000000601400000, 0x0000000800000000)
  region size 4096K, 6 young (24576K), 0 survivors (0K)
 Metaspace       used 4980K, committed 5120K, reserved 1114112K
  class space    used 288K, committed 384K, reserved 1048576K
}
Event: 0.692 GC heap after
{Heap after GC invocations=1 (full 0):
 garbage-first heap   total 524288K, used 2900K [0x0000000601400000, 0x0000000800000000)
  region size 4096K, 1 young (4096K), 1 survivors (4096K)
 Metaspace       used 4980K, committed 5120K, reserved 1114112K
  class space    used 288K, committed 384K, reserved 1048576K
}
Event: 0.751 GC heap before
{Heap before GC invocations=1 (full 0):
 garbage-first heap   total 524288K, used 43860K [0x0000000601400000, 0x0000000800000000)
  region size 4096K, 11 young (45056K), 1 survivors (4096K)
 Metaspace       used 5018K, committed 5184K, reserved 1114112K
  class space    used 288K, committed 384K, reserved 1048576K
}
Event: 0.753 GC heap after
{Heap after GC invocations=2 (full 0):
 garbage-first heap   total 524288K, used 3704K [0x0000000601400000, 0x0000000800000000)
  region size 4096K, 1 young (4096K), 1 survivors (4096K)
 Metaspace       used 5018K, committed 5184K, reserved 1114112K
  class space    used 288K, committed 384K, reserved 1048576K
}
Event: 0.939 GC heap before
{Heap before GC invocations=2 (full 0):
 garbage-first heap   total 524288K, used 310904K [0x0000000601400000, 0x0000000800000000)
  region size 4096K, 76 young (311296K), 1 survivors (4096K)
 Metaspace       used 5088K, committed 5248K, reserved 1114112K
  class space    used 290K, committed 384K, reserved 1048576K
}
Event: 0.942 GC heap after
{Heap after GC invocations=3 (full 0):
 garbage-first heap   total 524288K, used 11097K [0x0000000601400000, 0x0000000800000000)
  region size 4096K, 3 young (12288K), 3 survivors (12288K)
 Metaspace       used 5088K, committed 5248K, reserved 1114112K
  class space    used 290K, committed 384K, reserved 1048576K
}
Event: 1.265 GC heap before
{Heap before GC invocations=3 (full 0):
 garbage-first heap   total 524288K, used 363353K [0x0000000601400000, 0x0000000800000000)
  region size 4096K, 76 young (311296K), 3 survivors (12288K)
 Metaspace       used 5344K, committed 5504K, reserved 1114112K
  class space    used 306K, committed 384K, reserved 1048576K
}
Event: 1.272 GC heap after
{Heap after GC invocations=4 (full 0):
 garbage-first heap   total 524288K, used 69878K [0x0000000601400000, 0x0000000800000000)
  region size 4096K, 8 young (32768K), 8 survivors (32768K)
 Metaspace       used 5344K, committed 5504K, reserved 1114112K
  class space    used 306K, committed 384K, reserved 1048576K
}

Dll operation events (10 events):
Event: 0.007 Loaded shared library C:\Users\mirek\.jdks\corretto-21.0.5\bin\java.dll
Event: 0.026 Loaded shared library C:\Users\mirek\.jdks\corretto-21.0.5\bin\jsvml.dll
Event: 0.057 Loaded shared library C:\Users\mirek\.jdks\corretto-21.0.5\bin\net.dll
Event: 0.059 Loaded shared library C:\Users\mirek\.jdks\corretto-21.0.5\bin\nio.dll
Event: 0.063 Loaded shared library C:\Users\mirek\.jdks\corretto-21.0.5\bin\zip.dll
Event: 0.101 Loaded shared library C:\Users\mirek\.jdks\corretto-21.0.5\bin\jimage.dll
Event: 0.120 Loaded shared library C:\Users\mirek\AppData\Local\Temp\lwjglmirek\3.3.1-build-7\lwjgl.dll
Event: 0.395 Loaded shared library C:\Users\mirek\AppData\Local\Temp\lwjglmirek\3.3.1-build-7\lwjgl_opengl.dll
Event: 0.595 Loaded shared library C:\Users\mirek\.jdks\corretto-21.0.5\bin\verify.dll
Event: 0.656 Loaded shared library C:\Users\mirek\AppData\Local\Temp\lwjglmirek\3.3.1-build-7\lwjgl_stb.dll

Deoptimization events (20 events):
Event: 1.719 Thread 0x0000017b5a485e80 DEOPT PACKING pc=0x0000017b6cb82600 sp=0x000000581edff1f0
Event: 1.719 Thread 0x0000017b5a485e80 DEOPT UNPACKING pc=0x0000017b6c3746a2 sp=0x000000581edff188 mode 2
Event: 1.750 Thread 0x0000017b5a485e80 DEOPT PACKING pc=0x0000017b651610b4 sp=0x000000581edff150
Event: 1.750 Thread 0x0000017b5a485e80 DEOPT UNPACKING pc=0x0000017b6c374e42 sp=0x000000581edfe6a8 mode 0
Event: 1.751 Thread 0x0000017b5a485e80 Uncommon trap: trap_request=0xffffff45 fr.pc=0x0000017b6cb84e00 relative=0x00000000000001c0
Event: 1.751 Thread 0x0000017b5a485e80 Uncommon trap: reason=unstable_if action=reinterpret pc=0x0000017b6cb84e00 method=engine.render.NormalBuffer.build(Lobj/Entity;)V @ 128 c2
Event: 1.751 Thread 0x0000017b5a485e80 DEOPT PACKING pc=0x0000017b6cb84e00 sp=0x000000581edff1f0
Event: 1.751 Thread 0x0000017b5a485e80 DEOPT UNPACKING pc=0x0000017b6c3746a2 sp=0x000000581edff1a8 mode 2
Event: 1.761 Thread 0x0000017b5a485e80 Uncommon trap: trap_request=0xffffff45 fr.pc=0x0000017b6cb0ad70 relative=0x00000000000002b0
Event: 1.761 Thread 0x0000017b5a485e80 Uncommon trap: reason=unstable_if action=reinterpret pc=0x0000017b6cb0ad70 method=obj.Entity.getFlattenedUVs()[F @ 30 c2
Event: 1.761 Thread 0x0000017b5a485e80 DEOPT PACKING pc=0x0000017b6cb0ad70 sp=0x000000581edff1d0
Event: 1.761 Thread 0x0000017b5a485e80 DEOPT UNPACKING pc=0x0000017b6c3746a2 sp=0x000000581edff138 mode 2
Event: 1.770 Thread 0x0000017b5a485e80 Uncommon trap: trap_request=0xffffff45 fr.pc=0x0000017b6ca7704c relative=0x000000000000012c
Event: 1.770 Thread 0x0000017b5a485e80 Uncommon trap: reason=unstable_if action=reinterpret pc=0x0000017b6ca7704c method=java.lang.StringCoding.countPositives([BII)I @ 17 c2
Event: 1.770 Thread 0x0000017b5a485e80 DEOPT PACKING pc=0x0000017b6ca7704c sp=0x000000581edff0f0
Event: 1.770 Thread 0x0000017b5a485e80 DEOPT UNPACKING pc=0x0000017b6c3746a2 sp=0x000000581edff090 mode 2
Event: 1.831 Thread 0x0000017b5a485e80 Uncommon trap: trap_request=0xffffff54 fr.pc=0x0000017b6ca9ea8c relative=0x000000000000006c
Event: 1.831 Thread 0x0000017b5a485e80 Uncommon trap: reason=speculate_null_assert action=make_not_entrant pc=0x0000017b6ca9ea8c method=sun.misc.Unsafe.getLong(Ljava/lang/Object;J)J @ 5 c2
Event: 1.831 Thread 0x0000017b5a485e80 DEOPT PACKING pc=0x0000017b6ca9ea8c sp=0x000000581edff2f0
Event: 1.831 Thread 0x0000017b5a485e80 DEOPT UNPACKING pc=0x0000017b6c3746a2 sp=0x000000581edff278 mode 2

Classes loaded (20 events):
Event: 0.662 Loading class jdk/internal/math/FloatingDecimal$BinaryToASCIIConverter done
Event: 0.662 Loading class jdk/internal/math/FloatingDecimal$ExceptionalBinaryToASCIIBuffer done
Event: 0.662 Loading class jdk/internal/math/FloatingDecimal$BinaryToASCIIBuffer
Event: 0.662 Loading class jdk/internal/math/FloatingDecimal$BinaryToASCIIBuffer done
Event: 0.662 Loading class jdk/internal/math/FloatingDecimal$1
Event: 0.662 Loading class jdk/internal/math/FloatingDecimal$1 done
Event: 0.662 Loading class jdk/internal/math/FloatingDecimal$PreparedASCIIToBinaryBuffer
Event: 0.662 Loading class jdk/internal/math/FloatingDecimal$ASCIIToBinaryConverter
Event: 0.662 Loading class jdk/internal/math/FloatingDecimal$ASCIIToBinaryConverter done
Event: 0.662 Loading class jdk/internal/math/FloatingDecimal$PreparedASCIIToBinaryBuffer done
Event: 0.662 Loading class jdk/internal/math/FloatingDecimal$ASCIIToBinaryBuffer
Event: 0.662 Loading class jdk/internal/math/FloatingDecimal$ASCIIToBinaryBuffer done
Event: 0.676 Loading class jdk/internal/math/FDBigInteger
Event: 0.677 Loading class jdk/internal/math/FDBigInteger done
Event: 0.960 Loading class java/lang/NumberFormatException
Event: 0.960 Loading class java/lang/NumberFormatException done
Event: 1.795 Loading class java/lang/SecurityException
Event: 1.795 Loading class java/lang/SecurityException done
Event: 1.832 Loading class java/nio/HeapFloatBuffer
Event: 1.833 Loading class java/nio/HeapFloatBuffer done

Classes unloaded (0 events):
No events

Classes redefined (0 events):
No events

Internal exceptions (20 events):
Event: 0.127 Thread 0x0000017b5a485e80 Exception <a 'java/lang/NoSuchMethodError'{0x0000000620d7b370}: 'int java.lang.invoke.DirectMethodHandle$Holder.invokeStaticInit(java.lang.Object, java.lang.Object, int, long)'> (0x0000000620d7b370) 
thrown [s\src\hotspot\share\interpreter\linkResolver.cpp, line 773]
Event: 0.128 Thread 0x0000017b5a485e80 Exception <a 'java/lang/NoSuchMethodError'{0x0000000620d806f8}: 'java.lang.Object java.lang.invoke.DirectMethodHandle$Holder.newInvokeSpecial(java.lang.Object, java.lang.Object, int)'> (0x0000000620d806f8) 
thrown [s\src\hotspot\share\interpreter\linkResolver.cpp, line 773]
Event: 0.129 Thread 0x0000017b5a485e80 Exception <a 'java/lang/NoSuchMethodError'{0x0000000620d8f370}: 'int java.lang.invoke.DirectMethodHandle$Holder.invokeStaticInit(java.lang.Object, java.lang.Object, long, long)'> (0x0000000620d8f370) 
thrown [s\src\hotspot\share\interpreter\linkResolver.cpp, line 773]
Event: 0.129 Thread 0x0000017b5a485e80 Exception <a 'java/lang/NoSuchMethodError'{0x0000000620d94e18}: 'java.lang.Object java.lang.invoke.DirectMethodHandle$Holder.newInvokeSpecial(java.lang.Object, java.lang.Object, long)'> (0x0000000620d94e18) 
thrown [s\src\hotspot\share\interpreter\linkResolver.cpp, line 773]
Event: 0.130 Thread 0x0000017b5a485e80 Exception <a 'java/lang/NoSuchMethodError'{0x0000000620d98cd0}: 'java.lang.Object java.lang.invoke.Invokers$Holder.linkToTargetMethod(java.lang.Object, long, java.lang.Object)'> (0x0000000620d98cd0) 
thrown [s\src\hotspot\share\interpreter\linkResolver.cpp, line 773]
Event: 0.130 Thread 0x0000017b5a485e80 Exception <a 'java/lang/NoSuchMethodError'{0x0000000620d9ff50}: 'int java.lang.invoke.DirectMethodHandle$Holder.invokeStaticInit(java.lang.Object, java.lang.Object, java.lang.Object, long)'> (0x0000000620d9ff50) 
thrown [s\src\hotspot\share\interpreter\linkResolver.cpp, line 773]
Event: 0.144 Thread 0x0000017b5a485e80 Exception <a 'sun/nio/fs/WindowsException'{0x0000000620e41220}> (0x0000000620e41220) 
thrown [s\src\hotspot\share\prims\jni.cpp, line 520]
Event: 0.144 Thread 0x0000017b5a485e80 Exception <a 'sun/nio/fs/WindowsException'{0x0000000620e41580}> (0x0000000620e41580) 
thrown [s\src\hotspot\share\prims\jni.cpp, line 520]
Event: 0.148 Thread 0x0000017b5a485e80 Exception <a 'java/lang/NoSuchMethodError'{0x0000000620e55528}: 'int java.lang.invoke.Invokers$Holder.invokeExact_MT(java.lang.Object, java.lang.Object)'> (0x0000000620e55528) 
thrown [s\src\hotspot\share\interpreter\linkResolver.cpp, line 773]
Event: 0.390 Thread 0x0000017b5a485e80 Exception <a 'java/lang/NoSuchMethodError'{0x0000000620ebbcc0}: 'void java.lang.System.load(java.lang.String, java.lang.Class)'> (0x0000000620ebbcc0) 
thrown [s\src\hotspot\share\interpreter\linkResolver.cpp, line 773]
Event: 0.390 Thread 0x0000017b5a485e80 Exception <a 'java/lang/NoSuchMethodError'{0x0000000620ebe730}: 'void java.lang.System.loadLibrary(java.lang.String, java.lang.Class)'> (0x0000000620ebe730) 
thrown [s\src\hotspot\share\interpreter\linkResolver.cpp, line 773]
Event: 0.394 Thread 0x0000017b5a485e80 Exception <a 'sun/nio/fs/WindowsException'{0x0000000620ecd628}> (0x0000000620ecd628) 
thrown [s\src\hotspot\share\prims\jni.cpp, line 520]
Event: 0.394 Thread 0x0000017b5a485e80 Exception <a 'sun/nio/fs/WindowsException'{0x0000000620ecd9d0}> (0x0000000620ecd9d0) 
thrown [s\src\hotspot\share\prims\jni.cpp, line 520]
Event: 0.396 Thread 0x0000017b5a485e80 Exception <a 'sun/nio/fs/WindowsException'{0x0000000620ed28e8}> (0x0000000620ed28e8) 
thrown [s\src\hotspot\share\prims\jni.cpp, line 520]
Event: 0.396 Thread 0x0000017b5a485e80 Exception <a 'sun/nio/fs/WindowsException'{0x0000000620ed2bc8}> (0x0000000620ed2bc8) 
thrown [s\src\hotspot\share\prims\jni.cpp, line 520]
Event: 0.650 Thread 0x0000017b5a485e80 Exception <a 'java/lang/NoSuchMethodError'{0x00000006205148e0}: 'void java.lang.System.load(java.lang.String, java.lang.Class)'> (0x00000006205148e0) 
thrown [s\src\hotspot\share\interpreter\linkResolver.cpp, line 773]
Event: 0.651 Thread 0x0000017b5a485e80 Exception <a 'java/lang/NoSuchMethodError'{0x0000000620517350}: 'void java.lang.System.loadLibrary(java.lang.String, java.lang.Class)'> (0x0000000620517350) 
thrown [s\src\hotspot\share\interpreter\linkResolver.cpp, line 773]
Event: 0.655 Thread 0x0000017b5a485e80 Exception <a 'sun/nio/fs/WindowsException'{0x0000000620526b68}> (0x0000000620526b68) 
thrown [s\src\hotspot\share\prims\jni.cpp, line 520]
Event: 0.655 Thread 0x0000017b5a485e80 Exception <a 'sun/nio/fs/WindowsException'{0x0000000620526ee8}> (0x0000000620526ee8) 
thrown [s\src\hotspot\share\prims\jni.cpp, line 520]
Event: 1.833 Thread 0x0000017b5a485e80 Implicit null exception at 0x0000017b6ca9b65d to 0x0000000000000000

ZGC Phase Switch (0 events):
No events

VM Operations (18 events):
Event: 0.063 Executing VM operation: HandshakeAllThreads (Deoptimize)
Event: 0.063 Executing VM operation: HandshakeAllThreads (Deoptimize) done
Event: 0.113 Executing VM operation: HandshakeAllThreads (Deoptimize)
Event: 0.113 Executing VM operation: HandshakeAllThreads (Deoptimize) done
Event: 0.690 Executing VM operation: G1CollectForAllocation (G1 Evacuation Pause)
Event: 0.692 Executing VM operation: G1CollectForAllocation (G1 Evacuation Pause) done
Event: 0.751 Executing VM operation: G1CollectForAllocation (G1 Evacuation Pause)
Event: 0.753 Executing VM operation: G1CollectForAllocation (G1 Evacuation Pause) done
Event: 0.939 Executing VM operation: G1CollectForAllocation (G1 Evacuation Pause)
Event: 0.942 Executing VM operation: G1CollectForAllocation (G1 Evacuation Pause) done
Event: 0.959 Executing VM operation: HandshakeAllThreads (Deoptimize)
Event: 0.959 Executing VM operation: HandshakeAllThreads (Deoptimize) done
Event: 1.144 Executing VM operation: HandshakeAllThreads (Deoptimize)
Event: 1.144 Executing VM operation: HandshakeAllThreads (Deoptimize) done
Event: 1.265 Executing VM operation: G1CollectForAllocation (G1 Evacuation Pause)
Event: 1.272 Executing VM operation: G1CollectForAllocation (G1 Evacuation Pause) done
Event: 1.833 Executing VM operation: HandshakeAllThreads (Deoptimize)
Event: 1.833 Executing VM operation: HandshakeAllThreads (Deoptimize) done

Memory protections (0 events):
No events

Nmethod flushes (0 events):
No events

Events (20 events):
Event: 0.048 Thread 0x0000017b023c8980 Thread added: 0x0000017b0256fe80
Event: 0.049 Thread 0x0000017b5a485e80 Thread added: 0x0000017b02578960
Event: 0.052 Thread 0x0000017b5a485e80 Thread added: 0x0000017b0257c9f0
Event: 0.407 Thread 0x0000017b024b0c00 Thread added: 0x0000017b4f3ead10
Event: 0.669 Thread 0x0000017b023c8980 Thread added: 0x0000017b4f3bb500
Event: 0.671 Thread 0x0000017b0256fe80 Thread added: 0x0000017b4f517d70
Event: 0.672 Thread 0x0000017b023c8980 Thread added: 0x0000017b4f8bebe0
Event: 0.674 Thread 0x0000017b0256fe80 Thread added: 0x0000017b4f811780
Event: 0.677 Thread 0x0000017b024b0c00 Thread added: 0x0000017b4f9c8b60
Event: 0.677 Thread 0x0000017b024b0c00 Thread added: 0x0000017b4f9c9200
Event: 0.688 Thread 0x0000017b4f811780 Thread added: 0x0000017b4f9f6710
Event: 1.426 Thread 0x0000017b4f9f6710 Thread exited: 0x0000017b4f9f6710
Event: 1.535 Thread 0x0000017b4f9c9200 Thread exited: 0x0000017b4f9c9200
Event: 1.535 Thread 0x0000017b4f9c8b60 Thread exited: 0x0000017b4f9c8b60
Event: 1.535 Thread 0x0000017b4f8bebe0 Thread exited: 0x0000017b4f8bebe0
Event: 1.535 Thread 0x0000017b4f811780 Thread exited: 0x0000017b4f811780
Event: 1.535 Thread 0x0000017b4f517d70 Thread exited: 0x0000017b4f517d70
Event: 1.535 Thread 0x0000017b4f3ead10 Thread exited: 0x0000017b4f3ead10
Event: 1.540 Thread 0x0000017b023bb8a0 Thread added: 0x0000017b4f517d70
Event: 1.826 Thread 0x0000017b4f517d70 Thread exited: 0x0000017b4f517d70


Dynamic libraries:
0x00007ff710ea0000 - 0x00007ff710eae000 	C:\Users\mirek\.jdks\corretto-21.0.5\bin\java.exe
0x00007ffd58c80000 - 0x00007ffd58ee8000 	C:\WINDOWS\SYSTEM32\ntdll.dll
0x00007ffd58710000 - 0x00007ffd587d9000 	C:\WINDOWS\System32\KERNEL32.DLL
0x00007ffd55dd0000 - 0x00007ffd561bd000 	C:\WINDOWS\System32\KERNELBASE.dll
0x00007ffd56790000 - 0x00007ffd568db000 	C:\WINDOWS\System32\ucrtbase.dll
0x00007ffd403a0000 - 0x00007ffd403b8000 	C:\Users\mirek\.jdks\corretto-21.0.5\bin\jli.dll
0x00007ffd3e690000 - 0x00007ffd3e6ab000 	C:\Users\mirek\.jdks\corretto-21.0.5\bin\VCRUNTIME140.dll
0x00007ffd56a20000 - 0x00007ffd56bec000 	C:\WINDOWS\System32\USER32.dll
0x00007ffd565e0000 - 0x00007ffd56607000 	C:\WINDOWS\System32\win32u.dll
0x00007ffd576d0000 - 0x00007ffd576fb000 	C:\WINDOWS\System32\GDI32.dll
0x00007ffd43350000 - 0x00007ffd435ea000 	C:\WINDOWS\WinSxS\amd64_microsoft.windows.common-controls_6595b64144ccf1df_6.0.26100.4484_none_3e0e6d4ce32ef3b3\COMCTL32.dll
0x00007ffd568e0000 - 0x00007ffd56a17000 	C:\WINDOWS\System32\gdi32full.dll
0x00007ffd57dd0000 - 0x00007ffd57e79000 	C:\WINDOWS\System32\msvcrt.dll
0x00007ffd562f0000 - 0x00007ffd56393000 	C:\WINDOWS\System32\msvcp_win.dll
0x00007ffd58c00000 - 0x00007ffd58c2f000 	C:\WINDOWS\System32\IMM32.DLL
0x00007ffd43d60000 - 0x00007ffd43d6c000 	C:\Users\mirek\.jdks\corretto-21.0.5\bin\vcruntime140_1.dll
0x00007ffd2c9c0000 - 0x00007ffd2ca4d000 	C:\Users\mirek\.jdks\corretto-21.0.5\bin\msvcp140.dll
0x00007ffc6f9d0000 - 0x00007ffc7076d000 	C:\Users\mirek\.jdks\corretto-21.0.5\bin\server\jvm.dll
0x00007ffd57f00000 - 0x00007ffd57fb4000 	C:\WINDOWS\System32\ADVAPI32.dll
0x00007ffd58940000 - 0x00007ffd589e6000 	C:\WINDOWS\System32\sechost.dll
0x00007ffd57700000 - 0x00007ffd57818000 	C:\WINDOWS\System32\RPCRT4.dll
0x00007ffd57e80000 - 0x00007ffd57ef4000 	C:\WINDOWS\System32\WS2_32.dll
0x00007ffd55b70000 - 0x00007ffd55bce000 	C:\WINDOWS\SYSTEM32\POWRPROF.dll
0x00007ffd4af50000 - 0x00007ffd4af85000 	C:\WINDOWS\SYSTEM32\WINMM.dll
0x00007ffd4d850000 - 0x00007ffd4d85b000 	C:\WINDOWS\SYSTEM32\VERSION.dll
0x00007ffd55a60000 - 0x00007ffd55a74000 	C:\WINDOWS\SYSTEM32\UMPDC.dll
0x00007ffd54b70000 - 0x00007ffd54b8b000 	C:\WINDOWS\SYSTEM32\kernel.appcore.dll
0x00007ffd40df0000 - 0x00007ffd40dfa000 	C:\Users\mirek\.jdks\corretto-21.0.5\bin\jimage.dll
0x00007ffd48850000 - 0x00007ffd48a91000 	C:\WINDOWS\SYSTEM32\DBGHELP.DLL
0x00007ffd57a30000 - 0x00007ffd57db6000 	C:\WINDOWS\System32\combase.dll
0x00007ffd58b10000 - 0x00007ffd58bf0000 	C:\WINDOWS\System32\OLEAUT32.dll
0x00007ffd31830000 - 0x00007ffd31873000 	C:\WINDOWS\SYSTEM32\dbgcore.DLL
0x00007ffd56250000 - 0x00007ffd562e9000 	C:\WINDOWS\System32\bcryptPrimitives.dll
0x00007ffd30330000 - 0x00007ffd3034f000 	C:\Users\mirek\.jdks\corretto-21.0.5\bin\java.dll
0x00007ffd57fc0000 - 0x00007ffd5870a000 	C:\WINDOWS\System32\SHELL32.dll
0x00007ffd56610000 - 0x00007ffd56784000 	C:\WINDOWS\System32\wintypes.dll
0x00007ffd53a50000 - 0x00007ffd542ab000 	C:\WINDOWS\SYSTEM32\windows.storage.dll
0x00007ffd57390000 - 0x00007ffd57485000 	C:\WINDOWS\System32\SHCORE.dll
0x00007ffd58aa0000 - 0x00007ffd58b0a000 	C:\WINDOWS\System32\shlwapi.dll
0x00007ffd55ce0000 - 0x00007ffd55d0f000 	C:\WINDOWS\SYSTEM32\profapi.dll
0x00007ffce6620000 - 0x00007ffce66f7000 	C:\Users\mirek\.jdks\corretto-21.0.5\bin\jsvml.dll
0x00007ffd40300000 - 0x00007ffd40310000 	C:\Users\mirek\.jdks\corretto-21.0.5\bin\net.dll
0x00007ffd4f790000 - 0x00007ffd4f8ae000 	C:\WINDOWS\SYSTEM32\WINHTTP.dll
0x00007ffd55100000 - 0x00007ffd5516a000 	C:\WINDOWS\system32\mswsock.dll
0x00007ffd2f360000 - 0x00007ffd2f376000 	C:\Users\mirek\.jdks\corretto-21.0.5\bin\nio.dll
0x00007ffd30310000 - 0x00007ffd30328000 	C:\Users\mirek\.jdks\corretto-21.0.5\bin\zip.dll
0x00007ffd21b70000 - 0x00007ffd21be5000 	C:\Users\mirek\AppData\Local\Temp\lwjglmirek\3.3.1-build-7\lwjgl.dll
0x00007ffd04c10000 - 0x00007ffd04c71000 	C:\Users\mirek\AppData\Local\Temp\lwjglmirek\3.3.1-build-7\glfw.dll
0x00007ffd21c40000 - 0x00007ffd21c8b000 	C:\WINDOWS\SYSTEM32\dinput8.dll
0x00007ffd47300000 - 0x00007ffd47312000 	C:\WINDOWS\SYSTEM32\xinput1_4.dll
0x00007ffd55940000 - 0x00007ffd55997000 	C:\WINDOWS\SYSTEM32\cfgmgr32.dll
0x00007ffd55910000 - 0x00007ffd5593d000 	C:\WINDOWS\SYSTEM32\DEVOBJ.dll
0x00007ffd535b0000 - 0x00007ffd535e6000 	C:\WINDOWS\SYSTEM32\dwmapi.dll
0x00007ffd33fa0000 - 0x00007ffd34183000 	C:\WINDOWS\SYSTEM32\inputhost.dll
0x00007ffd51430000 - 0x00007ffd51555000 	C:\WINDOWS\SYSTEM32\CoreMessaging.dll
0x00007ffd52fd0000 - 0x00007ffd5307f000 	C:\WINDOWS\system32\uxtheme.dll
0x00007ffd553d0000 - 0x00007ffd553dc000 	C:\WINDOWS\SYSTEM32\CRYPTBASE.DLL
0x00007ffd57890000 - 0x00007ffd579f0000 	C:\WINDOWS\System32\MSCTF.dll
0x00007ffcbfe70000 - 0x00007ffcbff88000 	C:\WINDOWS\SYSTEM32\opengl32.dll
0x00007ffcbfe40000 - 0x00007ffcbfe6d000 	C:\WINDOWS\SYSTEM32\GLU32.dll
0x00007ffd53180000 - 0x00007ffd531cd000 	C:\WINDOWS\SYSTEM32\dxcore.dll
0x00007ffd46360000 - 0x00007ffd4637a000 	C:\WINDOWS\SYSTEM32\windows.staterepositorycore.dll
0x00007ffcbd4f0000 - 0x00007ffcbfe34000 	C:\WINDOWS\System32\DriverStore\FileRepository\nv_dispi.inf_amd64_fe5f369669db2f36\nvoglv64.dll
0x00007ffd56f00000 - 0x00007ffd57386000 	C:\WINDOWS\System32\SETUPAPI.dll
0x00007ffd57520000 - 0x00007ffd576be000 	C:\WINDOWS\System32\ole32.dll
0x00007ffd51e70000 - 0x00007ffd51e86000 	C:\WINDOWS\SYSTEM32\WTSAPI32.dll
0x00007ffd554e0000 - 0x00007ffd554f3000 	C:\WINDOWS\SYSTEM32\msasn1.dll
0x00007ffd4d810000 - 0x00007ffd4d84b000 	C:\WINDOWS\SYSTEM32\cryptnet.dll
0x00007ffd563a0000 - 0x00007ffd56517000 	C:\WINDOWS\System32\CRYPT32.dll
0x00007ffd55470000 - 0x00007ffd554db000 	C:\WINDOWS\SYSTEM32\wldp.dll
0x00007ffd4d4c0000 - 0x00007ffd4d63c000 	C:\WINDOWS\SYSTEM32\drvstore.dll
0x00007ffd561c0000 - 0x00007ffd56244000 	C:\WINDOWS\System32\WINTRUST.dll
0x00007ffd54ca0000 - 0x00007ffd54cd6000 	C:\WINDOWS\SYSTEM32\ntmarta.dll
0x00007ffd57a00000 - 0x00007ffd57a20000 	C:\WINDOWS\System32\imagehlp.dll
0x00007ffd553b0000 - 0x00007ffd553cb000 	C:\WINDOWS\SYSTEM32\CRYPTSP.dll
0x00007ffd54ad0000 - 0x00007ffd54b0b000 	C:\WINDOWS\system32\rsaenh.dll
0x00007ffd55cb0000 - 0x00007ffd55cd6000 	C:\WINDOWS\SYSTEM32\bcrypt.dll
0x00007ffd3a7a0000 - 0x00007ffd3e532000 	C:\WINDOWS\System32\DriverStore\FileRepository\nv_dispi.inf_amd64_fe5f369669db2f36\nvgpucomp64.dll
0x00007ffd237e0000 - 0x00007ffd23af4000 	C:\WINDOWS\system32\nvspcap64.dll
0x00007ffd559d0000 - 0x00007ffd55a37000 	C:\WINDOWS\SYSTEM32\WINSTA.dll
0x00007ffd33da0000 - 0x00007ffd33ef0000 	C:\WINDOWS\SYSTEM32\textinputframework.dll
0x00007ffd3fc90000 - 0x00007ffd3ff73000 	C:\WINDOWS\SYSTEM32\CoreUIComponents.dll
0x00007ffd40870000 - 0x00007ffd408cd000 	C:\Users\mirek\AppData\Local\Temp\lwjglmirek\3.3.1-build-7\lwjgl_opengl.dll
0x00007ffd33240000 - 0x00007ffd33250000 	C:\Users\mirek\.jdks\corretto-21.0.5\bin\verify.dll
0x00007ffd04990000 - 0x00007ffd04a11000 	C:\Users\mirek\AppData\Local\Temp\lwjglmirek\3.3.1-build-7\lwjgl_stb.dll

dbghelp: loaded successfully - version: 4.0.5 - missing functions: none
symbol engine: initialized successfully - sym options: 0x614 - pdb path: .;C:\Users\mirek\.jdks\corretto-21.0.5\bin;C:\WINDOWS\SYSTEM32;C:\WINDOWS\WinSxS\amd64_microsoft.windows.common-controls_6595b64144ccf1df_6.0.26100.4484_none_3e0e6d4ce32ef3b3;C:\Users\mirek\.jdks\corretto-21.0.5\bin\server;C:\Users\mirek\AppData\Local\Temp\lwjglmirek\3.3.1-build-7;C:\WINDOWS\System32\DriverStore\FileRepository\nv_dispi.inf_amd64_fe5f369669db2f36

VM Arguments:
jvm_args: -XX:+ShowCodeDetailsInExceptionMessages 
java_command: engine.Main
java_class_path (initial): \Mian-engine-v1\build\resources\main;C:\Users\mirek\Desktop\Programming Stuff\OpenGL\Mian Engine\Mian-engine-v1\build\classes\java\main;C:\Users\mirek\.gradle\caches\modules-2\files-2.1\org.lwjgl\lwjgl-opengl\3.3.1\831a5533a21a5f4f81bbc51bb13e9899319b5411\lwjgl-opengl-3.3.1.jar;C:\Users\mirek\.gradle\caches\modules-2\files-2.1\org.lwjgl\lwjgl-stb\3.3.1\b119297cf8ed01f247abe8685857f8e7fcf5980f\lwjgl-stb-3.3.1.jar;C:\Users\mirek\.gradle\caches\modules-2\files-2.1\com.github.stephengold\stack-alloc\1.0.2\13cbb10c01ec09d0f5879f988946a97998175dfc\stack-alloc-1.0.2.jar;C:\Users\mirek\.gradle\caches\modules-2\files-2.1\javax.vecmath\vecmath\1.5.2\fd17bc3e67f909573dfc039d8e2abecf407c4e27\vecmath-1.5.2.jar;C:\Users\mirek\.gradle\caches\modules-2\files-2.1\org.lwjgl\lwjgl\3.3.1\36c37f16ab611b3aa11f3bcf80b1d509b4ce6b\lwjgl-3.3.1-natives-windows.jar;C:\Users\mirek\.gradle\caches\modules-2\files-2.1\org.joml\joml\1.10.5\22566d58af70ad3d72308bab63b8339906deb649\joml-1.10.5.jar;C:\Users\mirek\.gradle\caches\modules-2\files-2.1\org.lwjgl\lwjgl-opengl\3.3.1\c1807e9bd571402787d7e37e3029776ae2513bb8\lwjgl-opengl-3.3.1-natives-windows.jar;C:\Users\mirek\.gradle\caches\modules-2\files-2.1\org.lwjgl\lwjgl\3.3.1\ae58664f88e18a9bb2c77b063833ca7aaec484cb\lwjgl-3.3.1.jar;C:\Users\mirek\.gradle\caches\modules-2\files-2.1\org.lwjgl\lwjgl-glfw\3.3.1\cbac1b8d30cb4795149c1ef540f912671a8616d0\lwjgl-glfw-3.3.1.jar;C:\Users\mirek\.gradle\caches\modules-2\files-2.1\com.github.stephengold\jbullet\1.0.3\362f53e8aa981037c2523ac24eb4d9b190a49036\jbullet-1.0.3.jar;C:\Users\mirek\.gradle\caches\modules-2\files-2.1\org.lwjgl\lwjgl-glfw\3.3.1\ed892f945cf7e79c8756796f32d00fa4ceaf573b\lwjgl-glfw-3.3.1-natives-windows.jar;C:\Users\mirek\.gradle\caches\modules-2\files-2.1\org.lwjgl\lwjgl-stb\3.3.1\86315914ac119efdb02dc9e8e978ade84f1702af\lwjgl-stb-3.3.1-natives-windows.jar
Launcher Type: SUN_STANDARD

[Global flags]
     intx CICompilerCount                          = 12                                        {product} {ergonomic}
     uint ConcGCThreads                            = 5                                         {product} {ergonomic}
     uint G1ConcRefinementThreads                  = 18                                        {product} {ergonomic}
   size_t G1HeapRegionSize                         = 4194304                                   {product} {ergonomic}
    uintx GCDrainStackTargetSize                   = 64                                        {product} {ergonomic}
   size_t InitialHeapSize                          = 536870912                                 {product} {ergonomic}
   size_t MarkStackSize                            = 4194304                                   {product} {ergonomic}
   size_t MaxHeapSize                              = 8568963072                                {product} {ergonomic}
   size_t MaxNewSize                               = 5138022400                                {product} {ergonomic}
   size_t MinHeapDeltaBytes                        = 4194304                                   {product} {ergonomic}
   size_t MinHeapSize                              = 8388608                                   {product} {ergonomic}
    uintx NonNMethodCodeHeapSize                   = 7602480                                {pd product} {ergonomic}
    uintx NonProfiledCodeHeapSize                  = 122027880                              {pd product} {ergonomic}
    uintx ProfiledCodeHeapSize                     = 122027880                              {pd product} {ergonomic}
    uintx ReservedCodeCacheSize                    = 251658240                              {pd product} {ergonomic}
     bool SegmentedCodeCache                       = true                                      {product} {ergonomic}
     bool ShowCodeDetailsInExceptionMessages       = true                                   {manageable} {command line}
   size_t SoftMaxHeapSize                          = 8568963072                             {manageable} {ergonomic}
     bool UseCompressedOops                        = true                           {product lp64_product} {ergonomic}
     bool UseG1GC                                  = true                                      {product} {ergonomic}
     bool UseLargePagesIndividualAllocation        = false                                  {pd product} {ergonomic}

Logging:
Log output configuration:
 #0: stdout all=warning uptime,level,tags foldmultilines=false
 #1: stderr all=off uptime,level,tags foldmultilines=false

Environment Variables:
JAVA_HOME=C:\Users\mirek\.jdks\corretto-1.8.0_442
PATH=;C:\Program Files\Common Files\Oracle\Java\javapath;C:\Program Files (x86)\Common Files\Oracle\Java\java8path;C:\Program Files (x86)\Common Files\Oracle\Java\javapath;C:\Program Files\Microsoft MPI\Bin\;C:\Program Files\Eclipse Adoptium\jdk-21.0.3.9-hotspot\bin;C:\Python312\Scripts\;C:\Python312\;C:\Program Files (x86)\Razer Chroma SDK\bin;C:\Program Files\Razer Chroma SDK\bin;C:\Program Files (x86)\Razer\ChromaBroadcast\bin;C:\Program Files\Razer\ChromaBroadcast\bin;C:\Program Files\Eclipse Adoptium\jdk-17.0.10.7-hotspot\bin;C:\Windows\system32;C:\Windows;C:\Windows\System32\Wbem;C:\Windows\System32\WindowsPowerShell\v1.0\;C:\Windows\System32\OpenSSH\;C:\Program Files\dotnet\;C:\Windows\system32\config\systemprofile\AppData\Local\Microsoft\WindowsApps;C:\Users\mirek\AppData\Local\Microsoft\WindowsApps;D:\Microsoft VS Code\bin;D:\IntelliJ IDEA Community Edition 2023.3.6\bin;C:\Users\mirek\.dotnet\tools;C:\Program Files\nodejs\;C:\ProgramData\chocolatey\bin;C:\Program Files\Git\cmd;C:\Program Files\Microsoft SQL Server\150\Tools\Binn\;C:\Program Files\Microsoft SQL Server\Client SDK\ODBC\170\Tools\Binn\;C:\msys64\mingw64\bin;;C:\WINDOWS\system32;C:\WINDOWS;C:\WINDOWS\System32\Wbem;C:\WINDOWS\System32\WindowsPowerShell\v1.0\;C:\WINDOWS\System32\OpenSSH\;C:\Program Files\NVIDIA Corporation\NVIDIA App\NvDLISR;C:\Program Files (x86)\NVIDIA Corporation\PhysX\Common;C:\Users\mirek\.cargo\bin;C:\Users\mirek\AppData\Local\Programs\Python\Python311\Scripts\;C:\Users\mirek\AppData\Local\Programs\Python\Python311\;C:\Users\mirek\AppData\Local\Microsoft\WindowsApps;D:\Microsoft VS Code\bin;D:\IntelliJ IDEA Community Edition 2023.3.6\bin;;C:\Users\mirek\.dotnet\tools;C:\Users\mirek\AppData\Roaming\npm;C:\Users\mirek\AppData\Local\Muse Hub\lib;C:\msys64\mingw64\bin;C:\ffmpeg\bin;C:\Gradle\gradle-8.12-all\gradle-8.12\bin;C:\Program Files (x86)\Atmel\Flip 3.4.7\bin;C:\Program Files (x86)\Nmap;C:\maven\bin;C:\Users\mirek\AppData\Local\Microsoft\WinGet\Packages\Microsoft.devtunnel_Microsoft.Winget.Source_8wekyb3d8bbwe;C:\Program Files\NVIDIA GPU Computing Toolkit\CUDA\v11.8\bin;C:\Program Files\NVIDIA GPU Computing Toolkit\CUDA\v11.8\lib\x64;
USERNAME=mirek
LANG=en_US.UTF-8
OS=Windows_NT
PROCESSOR_IDENTIFIER=AMD64 Family 25 Model 33 Stepping 2, AuthenticAMD
TMP=C:\Users\mirek\AppData\Local\Temp
TEMP=C:\Users\mirek\AppData\Local\Temp




Periodic native trim disabled

---------------  S Y S T E M  ---------------

OS:
 Windows 11 , 64 bit Build 26100 (10.0.26100.4484)
OS uptime: 0 days 13:03 hours

CPU: total 24 (initial active 24) (24 cores per cpu, 2 threads per core) family 25 model 33 stepping 2 microcode 0xa201213, cx8, cmov, fxsr, ht, mmx, 3dnowpref, sse, sse2, sse3, ssse3, sse4a, sse4.1, sse4.2, popcnt, lzcnt, tsc, tscinvbit, avx, avx2, aes, erms, clmul, bmi1, bmi2, adx, sha, fma, vzeroupper, clflush, clflushopt, rdtscp, rdpid, fsrm, f16c, pku, cet_ss
Processor Information for all 24 processors :
  Max Mhz: 3701, Current Mhz: 3701, Mhz Limit: 3701

Memory: 4k page, system-wide physical 32681M (15766M free)
TotalPageFile size 43945M (AvailPageFile size 15814M)
current process WorkingSet (physical memory assigned to process): 666M, peak: 672M
current process commit charge ("private bytes"): 908M, peak: 913M

vm_info: OpenJDK 64-Bit Server VM (21.0.5+11-LTS) for windows-amd64 JRE (21.0.5+11-LTS), built on 2024-10-11T20:58:34Z by "Administrator" with MS VC++ 16.10 / 16.11 (VS2019)

END.
