#
# A fatal error has been detected by the Java Runtime Environment:
#
#  EXCEPTION_ACCESS_VIOLATION (0xc0000005) at pc=0x000001e13643cd5d, pid=32912, tid=33416
#
# JRE version: OpenJDK Runtime Environment Temurin-21.0.3+9 (21.0.3+9) (build 21.0.3+9-LTS)
# Java VM: OpenJDK 64-Bit Server VM Temurin-21.0.3+9 (21.0.3+9-LTS, mixed mode, sharing, tiered, compressed oops, compressed class ptrs, g1 gc, windows-amd64)
# Problematic frame:
# J 673 c2 sun.misc.Unsafe.putLong(Ljava/lang/Object;JJ)V jdk.unsupported@21.0.3 (11 bytes) @ 0x000001e13643cd5d [0x000001e13643cd20+0x000000000000003d]
#
# No core dump will be written. Minidumps are not enabled by default on client versions of Windows
#
# If you would like to submit a bug report, please visit:
#   https://github.com/adoptium/adoptium-support/issues
#

---------------  S U M M A R Y ------------

Command Line: -XX:+ShowCodeDetailsInExceptionMessages engine.Main

Host: AMD Ryzen 9 5900X 12-Core Processor            , 24 cores, 31G,  Windows 11 , 64 bit Build 26100 (10.0.26100.4484)
Time: Mon Aug 25 11:11:52 2025 Mitteleuropäische Sommerzeit elapsed time: 1.809474 seconds (0d 0h 0m 1s)

---------------  T H R E A D  ---------------

Current thread (0x000001e123d71e40):  JavaThread "main"             [_thread_in_Java, id=33416, stack(0x0000002ca2c00000,0x0000002ca2d00000) (1024K)]

Stack: [0x0000002ca2c00000,0x0000002ca2d00000],  sp=0x0000002ca2cff200,  free space=1020k
Native frames: (J=compiled Java code, j=interpreted, Vv=VM code, C=native code)
C  0x000001e13643cd5d

The last pc belongs to nmethod (printed below).

siginfo: EXCEPTION_ACCESS_VIOLATION (0xc0000005), writing address 0x0000000000000010


Registers:
RAX=0x000001e18e138c80, RBX=0x000001e18e138c80, RCX=0x00000006094d07f8, RDX=0x00000006094d07f8
RSP=0x0000002ca2cff200, RBP=0x0000002ca2cff298, RSI=0x000001e18dae2768, RDI=0x0000000041200000
R8 =0x0000000000000000, R9 =0x0000000000000010, R10=0x0000000000000000, R11=0x000001e13643cd40
R12=0x0000000000000000, R13=0x0000002ca2cff220, R14=0x0000002ca2cff2c0, R15=0x000001e123d71e40
RIP=0x000001e13643cd5d, EFLAGS=0x0000000000010246


Register to memory mapping:

RAX={method} {0x000001e18e138c88} 'putLong' '(Ljava/lang/Object;JJ)V' in 'sun/misc/Unsafe'
RBX={method} {0x000001e18e138c88} 'putLong' '(Ljava/lang/Object;JJ)V' in 'sun/misc/Unsafe'
RCX=0x00000006094d07f8 is an oop: sun.misc.Unsafe 
{0x00000006094d07f8} - klass: 'sun/misc/Unsafe'
 - ---- fields (total size 2 words):
RDX=0x00000006094d07f8 is an oop: sun.misc.Unsafe 
{0x00000006094d07f8} - klass: 'sun/misc/Unsafe'
 - ---- fields (total size 2 words):
RSP=0x0000002ca2cff200 is pointing into the stack for thread: 0x000001e123d71e40
RBP=0x0000002ca2cff298 is pointing into the stack for thread: 0x000001e123d71e40
RSI=0x000001e18dae2768 points into unknown readable memory: 0x800004444a4fce7a | 7a ce 4f 4a 44 04 00 80
RDI=0x0000000041200000 is an unknown value
R8 =0x0 is null
R9 =0x0000000000000010 is an unknown value
R10=0x0 is null
R11=0x000001e13643cd40 is at entry_point+32 in (nmethod*)0x000001e13643cb90
Compiled method (c2)    1827  673       4       sun.misc.Unsafe::putLong (11 bytes)
 total in heap  [0x000001e13643cb90,0x000001e13643cde0] = 592
 relocation     [0x000001e13643ccf0,0x000001e13643cd08] = 24
 main code      [0x000001e13643cd20,0x000001e13643cd98] = 120
 stub code      [0x000001e13643cd98,0x000001e13643cdb0] = 24
 scopes data    [0x000001e13643cdb0,0x000001e13643cdb8] = 8
 scopes pcs     [0x000001e13643cdb8,0x000001e13643cdd8] = 32
 dependencies   [0x000001e13643cdd8,0x000001e13643cde0] = 8
R12=0x0 is null
R13=0x0000002ca2cff220 is pointing into the stack for thread: 0x000001e123d71e40
R14=0x0000002ca2cff2c0 is pointing into the stack for thread: 0x000001e123d71e40
R15=0x000001e123d71e40 is a thread

Top of Stack: (sp=0x0000002ca2cff200)
0x0000002ca2cff200:   0000002ca2cff298 000001e135cc893e
0x0000002ca2cff210:   0000002ca2cff298 000001e135cc8860
0x0000002ca2cff220:   0000000041200000 0000000000000000
0x0000002ca2cff230:   0000000000000010 0000000000000000
0x0000002ca2cff240:   0000000000000000 00000006094d07f8
0x0000002ca2cff250:   0000002ca2cff250 000001e18e7fc151
0x0000002ca2cff260:   0000000000000005 000001e18e810000
0x0000002ca2cff270:   0000000000000000 000000062e15bd88
0x0000002ca2cff280:   000001e18e7fc190 0000002ca2cff220
0x0000002ca2cff290:   0000002ca2cff2b0 0000002ca2cff310
0x0000002ca2cff2a0:   000001e135cc8860 0000000000000000
0x0000002ca2cff2b0:   0000000000000010 0000000000000000
0x0000002ca2cff2c0:   000000062e308e40 0000002ca2cff2c8
0x0000002ca2cff2d0:   000001e18e80276c 0000000000000005
0x0000002ca2cff2e0:   000001e18e810000 0000000000000000
0x0000002ca2cff2f0:   000000062e15bd88 000001e18e8027b0
0x0000002ca2cff300:   0000002ca2cff2b0 0000002ca2cff320
0x0000002ca2cff310:   0000002ca2cff388 000001e135cc8860
0x0000002ca2cff320:   000000062e308f38 0000000000000000
0x0000002ca2cff330:   000000062e308e40 000000062e3066b0
0x0000002ca2cff340:   0000002ca2cff340 000001e18e785719
0x0000002ca2cff350:   0000000000000003 000001e18e7b8000
0x0000002ca2cff360:   0000000000000000 000000062e08f000
0x0000002ca2cff370:   000001e18e785740 0000002ca2cff320
0x0000002ca2cff380:   0000002ca2cff398 0000002ca2cff3f0
0x0000002ca2cff390:   000001e135cc89d2 000000062e308f38
0x0000002ca2cff3a0:   000000062e308e40 0000002ca2cff3a8
0x0000002ca2cff3b0:   000001e18e5a1330 0000000000000003
0x0000002ca2cff3c0:   000001e18e5a8000 0000000000000000
0x0000002ca2cff3d0:   0000000609408e68 000001e18e59ff98
0x0000002ca2cff3e0:   0000002ca2cff398 0000002ca2cff408
0x0000002ca2cff3f0:   0000002ca2cff468 000001e135cc89d2 

Instructions: (pc=0x000001e13643cd5d)
0x000001e13643cc5d:   00 00 00 00 00 00 00 00 00 00 00 00 00 00 00 00
0x000001e13643cc6d:   00 00 00 20 cd 43 36 e1 01 00 00 40 cd 43 36 e1
0x000001e13643cc7d:   01 00 00 20 cd 43 36 e1 01 00 00 00 00 00 00 00
0x000001e13643cc8d:   00 00 00 ff ff ff ff 08 02 00 00 ff ff ff ff 90
0x000001e13643cc9d:   01 00 00 08 02 00 00 20 02 00 00 20 02 00 00 00
0x000001e13643ccad:   00 00 00 28 02 00 00 48 02 00 00 50 02 00 00 50
0x000001e13643ccbd:   02 00 00 50 02 00 00 50 02 00 00 50 02 00 00 00
0x000001e13643cccd:   00 00 00 a1 02 00 00 02 00 00 00 ff ff ff ff ff
0x000001e13643ccdd:   ff ff ff 04 02 00 00 00 00 00 00 00 00 00 00 00
0x000001e13643cced:   00 00 00 14 30 32 58 0e 78 0e 40 11 31 05 31 0e
0x000001e13643ccfd:   00 00 31 0f 31 00 00 00 00 00 00 00 00 00 00 00
0x000001e13643cd0d:   00 00 00 00 00 00 00 00 00 00 00 00 00 00 00 00
0x000001e13643cd1d:   00 00 00 44 8b 52 08 49 bb 00 00 00 4c e1 01 00
0x000001e13643cd2d:   00 4d 03 d3 49 3b c2 0f 85 46 1a 8d ff 66 90 0f
0x000001e13643cd3d:   1f 40 00 48 81 ec 18 00 00 00 48 89 6c 24 10 41
0x000001e13643cd4d:   81 7f 20 01 00 00 00 0f 85 30 00 00 00 4d 8b d0
0x000001e13643cd5d:   4b 89 3c 0a 48 83 c4 10 5d 49 3b a7 50 04 00 00
0x000001e13643cd6d:   0f 87 01 00 00 00 c3 49 ba 66 cd 43 36 e1 01 00
0x000001e13643cd7d:   00 4d 89 97 68 04 00 00 e9 76 89 8d ff e8 d1 7f
0x000001e13643cd8d:   8b ff e9 c6 ff ff ff f4 f4 f4 f4 e9 e3 f9 99 ff
0x000001e13643cd9d:   e8 00 00 00 00 48 83 2c 24 05 e9 f4 7b 8d ff f4
0x000001e13643cdad:   f4 f4 f4 ff 00 00 00 00 00 00 00 ff ff ff ff 00
0x000001e13643cdbd:   00 00 00 00 00 00 00 00 00 00 00 91 00 00 00 00
0x000001e13643cdcd:   00 00 00 00 00 00 00 00 00 00 00 00 00 00 00 00
0x000001e13643cddd:   00 00 00 00 00 00 00 00 00 00 00 00 00 00 00 00
0x000001e13643cded:   00 00 00 00 00 00 00 00 00 00 00 00 00 00 00 00
0x000001e13643cdfd:   00 00 00 00 00 00 00 00 00 00 00 00 00 00 00 00
0x000001e13643ce0d:   00 00 00 00 00 00 00 00 00 00 00 00 00 00 00 00
0x000001e13643ce1d:   00 00 00 00 00 00 00 00 00 00 00 00 00 00 00 00
0x000001e13643ce2d:   00 00 00 00 00 00 00 00 00 00 00 00 00 00 00 00
0x000001e13643ce3d:   00 00 00 00 00 00 00 00 00 00 00 00 00 00 00 00
0x000001e13643ce4d:   00 00 00 00 00 00 00 00 00 00 00 00 00 00 00 00 


Stack slot to memory mapping:

stack at sp + 0 slots: 0x0000002ca2cff298 is pointing into the stack for thread: 0x000001e123d71e40
stack at sp + 1 slots: 0x000001e135cc893e is at code_begin+1406 in an Interpreter codelet
return entry points  [0x000001e135cc83c0, 0x000001e135cc8f60]  2976 bytes
stack at sp + 2 slots: 0x0000002ca2cff298 is pointing into the stack for thread: 0x000001e123d71e40
stack at sp + 3 slots: 0x000001e135cc8860 is at code_begin+1184 in an Interpreter codelet
return entry points  [0x000001e135cc83c0, 0x000001e135cc8f60]  2976 bytes
stack at sp + 4 slots: 0x0000000041200000 is an unknown value
stack at sp + 5 slots: 0x0 is null
stack at sp + 6 slots: 0x0000000000000010 is an unknown value
stack at sp + 7 slots: 0x0 is null


Compiled method (c2)    1842  673       4       sun.misc.Unsafe::putLong (11 bytes)
 total in heap  [0x000001e13643cb90,0x000001e13643cde0] = 592
 relocation     [0x000001e13643ccf0,0x000001e13643cd08] = 24
 main code      [0x000001e13643cd20,0x000001e13643cd98] = 120
 stub code      [0x000001e13643cd98,0x000001e13643cdb0] = 24
 scopes data    [0x000001e13643cdb0,0x000001e13643cdb8] = 8
 scopes pcs     [0x000001e13643cdb8,0x000001e13643cdd8] = 32
 dependencies   [0x000001e13643cdd8,0x000001e13643cde0] = 8

[Constant Pool (empty)]

[MachCode]
[Entry Point]
  # {method} {0x000001e18e138c88} 'putLong' '(Ljava/lang/Object;JJ)V' in 'sun/misc/Unsafe'
  # this:     rdx:rdx   = 'sun/misc/Unsafe'
  # parm0:    r8:r8     = 'java/lang/Object'
  # parm1:    r9:r9     = long
  # parm2:    rdi:rdi   = long
  #           [sp+0x20]  (sp of caller)
  0x000001e13643cd20: 448b 5208 | 49bb 0000 | 004c e101 | 0000 4d03 | d349 3bc2 

  0x000001e13643cd34: ;   {runtime_call ic_miss_stub}
  0x000001e13643cd34: 0f85 461a | 8dff 6690 | 0f1f 4000 
[Verified Entry Point]
  0x000001e13643cd40: 4881 ec18 | 0000 0048 | 896c 2410 | 4181 7f20 | 0100 0000 | 0f85 3000 | 0000 4d8b | d04b 893c 
  0x000001e13643cd60: 0a48 83c4 

  0x000001e13643cd64: ;   {poll_return}
  0x000001e13643cd64: 105d 493b | a750 0400 | 000f 8701 | 0000 00c3 

  0x000001e13643cd74: ;   {internal_word}
  0x000001e13643cd74: 49ba 66cd | 4336 e101 | 0000 4d89 | 9768 0400 

  0x000001e13643cd84: ;   {runtime_call SafepointBlob}
  0x000001e13643cd84: 00e9 7689 

  0x000001e13643cd88: ;   {runtime_call StubRoutines (final stubs)}
  0x000001e13643cd88: 8dff e8d1 | 7f8b ffe9 | c6ff ffff | f4f4 f4f4 
[Exception Handler]
  0x000001e13643cd98: ;   {no_reloc}
  0x000001e13643cd98: e9e3 f999 | ffe8 0000 | 0000 4883 

  0x000001e13643cda4: ;   {runtime_call DeoptimizationBlob}
  0x000001e13643cda4: 2c24 05e9 | f47b 8dff | f4f4 f4f4 
[/MachCode]


---------------  P R O C E S S  ---------------

Threads class SMR info:
_java_thread_list=0x000001e19a638920, length=15, elements={
0x000001e123d71e40, 0x000001e14a915e40, 0x000001e14a917610, 0x000001e14a91e400,
0x000001e18d084290, 0x000001e18d08d870, 0x000001e18d08ee40, 0x000001e18d094c80,
0x000001e18d0abaa0, 0x000001e18d0ad5e0, 0x000001e18d0adcb0, 0x000001e18d27cca0,
0x000001e18d27f730, 0x000001e18d0ae380, 0x000001e18d0aea50
}

Java Threads: ( => current thread )
=>0x000001e123d71e40 JavaThread "main"                              [_thread_in_Java, id=33416, stack(0x0000002ca2c00000,0x0000002ca2d00000) (1024K)]
  0x000001e14a915e40 JavaThread "Reference Handler"          daemon [_thread_blocked, id=31232, stack(0x0000002ca3400000,0x0000002ca3500000) (1024K)]
  0x000001e14a917610 JavaThread "Finalizer"                  daemon [_thread_blocked, id=10784, stack(0x0000002ca3500000,0x0000002ca3600000) (1024K)]
  0x000001e14a91e400 JavaThread "Signal Dispatcher"          daemon [_thread_blocked, id=18324, stack(0x0000002ca3600000,0x0000002ca3700000) (1024K)]
  0x000001e18d084290 JavaThread "Attach Listener"            daemon [_thread_blocked, id=2648, stack(0x0000002ca3700000,0x0000002ca3800000) (1024K)]
  0x000001e18d08d870 JavaThread "Service Thread"             daemon [_thread_blocked, id=30056, stack(0x0000002ca3800000,0x0000002ca3900000) (1024K)]
  0x000001e18d08ee40 JavaThread "Monitor Deflation Thread"   daemon [_thread_blocked, id=22828, stack(0x0000002ca3900000,0x0000002ca3a00000) (1024K)]
  0x000001e18d094c80 JavaThread "C2 CompilerThread0"         daemon [_thread_blocked, id=3552, stack(0x0000002ca3a00000,0x0000002ca3b00000) (1024K)]
  0x000001e18d0abaa0 JavaThread "C1 CompilerThread0"         daemon [_thread_blocked, id=19172, stack(0x0000002ca3b00000,0x0000002ca3c00000) (1024K)]
  0x000001e18d0ad5e0 JavaThread "C1 CompilerThread1"         daemon [_thread_blocked, id=8052, stack(0x0000002ca3c00000,0x0000002ca3d00000) (1024K)]
  0x000001e18d0adcb0 JavaThread "C1 CompilerThread2"         daemon [_thread_blocked, id=33160, stack(0x0000002ca3d00000,0x0000002ca3e00000) (1024K)]
  0x000001e18d27cca0 JavaThread "Notification Thread"        daemon [_thread_blocked, id=3380, stack(0x0000002ca3e00000,0x0000002ca3f00000) (1024K)]
  0x000001e18d27f730 JavaThread "Common-Cleaner"             daemon [_thread_blocked, id=17344, stack(0x0000002ca3f00000,0x0000002ca4000000) (1024K)]
  0x000001e18d0ae380 JavaThread "C1 CompilerThread3"         daemon [_thread_blocked, id=17492, stack(0x0000002ca4800000,0x0000002ca4900000) (1024K)]
  0x000001e18d0aea50 JavaThread "C2 CompilerThread1"         daemon [_thread_blocked, id=28160, stack(0x0000002ca4000000,0x0000002ca4100000) (1024K)]
Total: 15

Other Threads:
  0x000001e14a8f4960 VMThread "VM Thread"                           [id=2156, stack(0x0000002ca3300000,0x0000002ca3400000) (1024K)]
  0x000001e14a8de1a0 WatcherThread "VM Periodic Task Thread"        [id=16488, stack(0x0000002ca3200000,0x0000002ca3300000) (1024K)]
  0x000001e126245d00 WorkerThread "GC Thread#0"                     [id=11100, stack(0x0000002ca2d00000,0x0000002ca2e00000) (1024K)]
  0x000001e1984f5340 WorkerThread "GC Thread#1"                     [id=10172, stack(0x0000002ca4f00000,0x0000002ca5000000) (1024K)]
  0x000001e1987295c0 WorkerThread "GC Thread#2"                     [id=21500, stack(0x0000002ca5000000,0x0000002ca5100000) (1024K)]
  0x000001e198729d70 WorkerThread "GC Thread#3"                     [id=11020, stack(0x0000002ca5100000,0x0000002ca5200000) (1024K)]
  0x000001e198525d00 WorkerThread "GC Thread#4"                     [id=24220, stack(0x0000002ca5200000,0x0000002ca5300000) (1024K)]
  0x000001e1984b8cb0 WorkerThread "GC Thread#5"                     [id=4192, stack(0x0000002ca5300000,0x0000002ca5400000) (1024K)]
  0x000001e1984b9460 WorkerThread "GC Thread#6"                     [id=4660, stack(0x0000002ca5400000,0x0000002ca5500000) (1024K)]
  0x000001e1984b9800 WorkerThread "GC Thread#7"                     [id=5520, stack(0x0000002ca5500000,0x0000002ca5600000) (1024K)]
  0x000001e198720760 WorkerThread "GC Thread#8"                     [id=13432, stack(0x0000002ca5600000,0x0000002ca5700000) (1024K)]
  0x000001e19854b3e0 WorkerThread "GC Thread#9"                     [id=24356, stack(0x0000002ca5700000,0x0000002ca5800000) (1024K)]
  0x000001e19854a1c0 WorkerThread "GC Thread#10"                    [id=17872, stack(0x0000002ca5800000,0x0000002ca5900000) (1024K)]
  0x000001e19854bb20 WorkerThread "GC Thread#11"                    [id=21312, stack(0x0000002ca5900000,0x0000002ca5a00000) (1024K)]
  0x000001e19854a900 WorkerThread "GC Thread#12"                    [id=9860, stack(0x0000002ca4a00000,0x0000002ca4b00000) (1024K)]
  0x000001e126258740 ConcurrentGCThread "G1 Main Marker"            [id=11080, stack(0x0000002ca2e00000,0x0000002ca2f00000) (1024K)]
  0x000001e126259240 WorkerThread "G1 Conc#0"                       [id=33252, stack(0x0000002ca2f00000,0x0000002ca3000000) (1024K)]
  0x000001e14a81b4b0 ConcurrentGCThread "G1 Refine#0"               [id=9428, stack(0x0000002ca3000000,0x0000002ca3100000) (1024K)]
  0x000001e14a81f3b0 ConcurrentGCThread "G1 Service"                [id=11444, stack(0x0000002ca3100000,0x0000002ca3200000) (1024K)]
Total: 19

Threads with active compile tasks:
Total: 0

VM state: not at safepoint (normal execution)

VM Mutex/Monitor currently owned by a thread: None

Heap address: 0x0000000601400000, size: 8172 MB, Compressed Oops mode: Zero based, Oop shift amount: 3

CDS archive(s) mapped at: [0x000001e14c000000-0x000001e14cc90000-0x000001e14cc90000), size 13172736, SharedBaseAddress: 0x000001e14c000000, ArchiveRelocationMode: 1.
Compressed class space mapped at: 0x000001e14d000000-0x000001e18d000000, reserved size: 1073741824
Narrow klass base: 0x000001e14c000000, Narrow klass shift: 0, Narrow klass range: 0x100000000

GC Precious Log:
 CardTable entry size: 512
 Card Set container configuration: InlinePtr #cards 4 size 8 Array Of Cards #cards 32 size 80 Howl #buckets 8 coarsen threshold 7372 Howl Bitmap #cards 1024 size 144 coarsen threshold 921 Card regions per heap region 1 cards per card region 8192
 CPUs: 24 total, 24 available
 Memory: 32681M
 Large Page Support: Disabled
 NUMA Support: Disabled
 Compressed Oops: Enabled (Zero based)
 Heap Region Size: 4M
 Heap Min Capacity: 8M
 Heap Initial Capacity: 512M
 Heap Max Capacity: 8172M
 Pre-touch: Disabled
 Parallel Workers: 18
 Concurrent Workers: 5
 Concurrent Refinement Workers: 18
 Periodic GC: Disabled

Heap:
 garbage-first heap   total 778240K, used 252800K [0x0000000601400000, 0x0000000800000000)
  region size 4096K, 4 young (16384K), 2 survivors (8192K)
 Metaspace       used 7677K, committed 7808K, reserved 1114112K
  class space    used 413K, committed 512K, reserved 1048576K

Heap Regions: E=young(eden), S=young(survivor), O=old, HS=humongous(starts), HC=humongous(continues), CS=collection set, F=free, TAMS=top-at-mark-start, PB=parsable bottom
|   0|0x0000000601400000, 0x0000000601800000, 0x0000000601800000|100%|HS|  |TAMS 0x0000000601400000| PB 0x0000000601400000| Complete 
|   1|0x0000000601800000, 0x0000000601c00000, 0x0000000601c00000|100%|HC|  |TAMS 0x0000000601800000| PB 0x0000000601800000| Complete 
|   2|0x0000000601c00000, 0x0000000602000000, 0x0000000602000000|100%|HS|  |TAMS 0x0000000601c00000| PB 0x0000000601c00000| Complete 
|   3|0x0000000602000000, 0x0000000602400000, 0x0000000602400000|100%|HC|  |TAMS 0x0000000602000000| PB 0x0000000602000000| Complete 
|   4|0x0000000602400000, 0x0000000602800000, 0x0000000602800000|100%|HS|  |TAMS 0x0000000602400000| PB 0x0000000602400000| Complete 
|   5|0x0000000602800000, 0x0000000602c00000, 0x0000000602c00000|100%|HC|  |TAMS 0x0000000602800000| PB 0x0000000602800000| Complete 
|   6|0x0000000602c00000, 0x0000000603000000, 0x0000000603000000|100%| O|  |TAMS 0x0000000602c00000| PB 0x0000000602c00000| Untracked 
|   7|0x0000000603000000, 0x0000000603400000, 0x0000000603400000|100%| O|  |TAMS 0x0000000603000000| PB 0x0000000603000000| Untracked 
|   8|0x0000000603400000, 0x0000000603800000, 0x0000000603800000|100%|HS|  |TAMS 0x0000000603400000| PB 0x0000000603400000| Complete 
|   9|0x0000000603800000, 0x0000000603c00000, 0x0000000603c00000|100%|HS|  |TAMS 0x0000000603800000| PB 0x0000000603800000| Complete 
|  10|0x0000000603c00000, 0x0000000604000000, 0x0000000604000000|100%|HS|  |TAMS 0x0000000603c00000| PB 0x0000000603c00000| Complete 
|  11|0x0000000604000000, 0x0000000604400000, 0x0000000604400000|100%|HC|  |TAMS 0x0000000604000000| PB 0x0000000604000000| Complete 
|  12|0x0000000604400000, 0x0000000604800000, 0x0000000604800000|100%|HS|  |TAMS 0x0000000604400000| PB 0x0000000604400000| Complete 
|  13|0x0000000604800000, 0x0000000604c00000, 0x0000000604c00000|100%|HC|  |TAMS 0x0000000604800000| PB 0x0000000604800000| Complete 
|  14|0x0000000604c00000, 0x0000000605000000, 0x0000000605000000|100%|HS|  |TAMS 0x0000000604c00000| PB 0x0000000604c00000| Complete 
|  15|0x0000000605000000, 0x0000000605400000, 0x0000000605400000|100%|HC|  |TAMS 0x0000000605000000| PB 0x0000000605000000| Complete 
|  16|0x0000000605400000, 0x0000000605800000, 0x0000000605800000|100%|HS|  |TAMS 0x0000000605400000| PB 0x0000000605400000| Complete 
|  17|0x0000000605800000, 0x0000000605c00000, 0x0000000605c00000|100%|HC|  |TAMS 0x0000000605800000| PB 0x0000000605800000| Complete 
|  18|0x0000000605c00000, 0x0000000606000000, 0x0000000606000000|100%| O|  |TAMS 0x0000000605c00000| PB 0x0000000605c00000| Untracked 
|  19|0x0000000606000000, 0x0000000606400000, 0x0000000606400000|100%| O|  |TAMS 0x0000000606000000| PB 0x0000000606000000| Untracked 
|  20|0x0000000606400000, 0x0000000606800000, 0x0000000606800000|100%|HS|  |TAMS 0x0000000606400000| PB 0x0000000606400000| Complete 
|  21|0x0000000606800000, 0x0000000606c00000, 0x0000000606c00000|100%|HS|  |TAMS 0x0000000606800000| PB 0x0000000606800000| Complete 
|  22|0x0000000606c00000, 0x0000000607000000, 0x0000000607000000|100%|HS|  |TAMS 0x0000000606c00000| PB 0x0000000606c00000| Complete 
|  23|0x0000000607000000, 0x0000000607400000, 0x0000000607400000|100%|HC|  |TAMS 0x0000000607000000| PB 0x0000000607000000| Complete 
|  24|0x0000000607400000, 0x0000000607800000, 0x0000000607800000|100%|HS|  |TAMS 0x0000000607400000| PB 0x0000000607400000| Complete 
|  25|0x0000000607800000, 0x0000000607c00000, 0x0000000607c00000|100%|HC|  |TAMS 0x0000000607800000| PB 0x0000000607800000| Complete 
|  26|0x0000000607c00000, 0x0000000608000000, 0x0000000608000000|100%| O|  |TAMS 0x0000000607c00000| PB 0x0000000607c00000| Untracked 
|  27|0x0000000608000000, 0x0000000608400000, 0x0000000608400000|100%| O|  |TAMS 0x0000000608000000| PB 0x0000000608000000| Untracked 
|  28|0x0000000608400000, 0x0000000608800000, 0x0000000608800000|100%|HS|  |TAMS 0x0000000608400000| PB 0x0000000608400000| Complete 
|  29|0x0000000608800000, 0x0000000608c00000, 0x0000000608c00000|100%|HS|  |TAMS 0x0000000608800000| PB 0x0000000608800000| Complete 
|  30|0x0000000608c00000, 0x0000000609000000, 0x0000000609000000|100%|HS|  |TAMS 0x0000000608c00000| PB 0x0000000608c00000| Complete 
|  31|0x0000000609000000, 0x0000000609400000, 0x0000000609400000|100%|HC|  |TAMS 0x0000000609000000| PB 0x0000000609000000| Complete 
|  32|0x0000000609400000, 0x0000000609800000, 0x0000000609800000|100%| O|  |TAMS 0x0000000609400000| PB 0x0000000609400000| Untracked 
|  33|0x0000000609800000, 0x0000000609c00000, 0x0000000609c00000|100%| O|  |TAMS 0x0000000609800000| PB 0x0000000609800000| Untracked 
|  34|0x0000000609c00000, 0x000000060a000000, 0x000000060a000000|100%| O|  |TAMS 0x0000000609c00000| PB 0x0000000609c00000| Untracked 
|  35|0x000000060a000000, 0x000000060a400000, 0x000000060a400000|100%| O|  |TAMS 0x000000060a000000| PB 0x000000060a000000| Untracked 
|  36|0x000000060a400000, 0x000000060a800000, 0x000000060a800000|100%| O|  |TAMS 0x000000060a400000| PB 0x000000060a400000| Untracked 
|  37|0x000000060a800000, 0x000000060ac00000, 0x000000060ac00000|100%| O|  |TAMS 0x000000060a800000| PB 0x000000060a800000| Untracked 
|  38|0x000000060ac00000, 0x000000060b000000, 0x000000060b000000|100%| O|  |TAMS 0x000000060ac00000| PB 0x000000060ac00000| Untracked 
|  39|0x000000060b000000, 0x000000060b400000, 0x000000060b400000|100%| O|  |TAMS 0x000000060b000000| PB 0x000000060b000000| Untracked 
|  40|0x000000060b400000, 0x000000060b800000, 0x000000060b800000|100%| O|  |TAMS 0x000000060b400000| PB 0x000000060b400000| Untracked 
|  41|0x000000060b800000, 0x000000060bc00000, 0x000000060bc00000|100%| O|  |TAMS 0x000000060b800000| PB 0x000000060b800000| Untracked 
|  42|0x000000060bc00000, 0x000000060c000000, 0x000000060c000000|100%|HS|  |TAMS 0x000000060bc00000| PB 0x000000060bc00000| Complete 
|  43|0x000000060c000000, 0x000000060c400000, 0x000000060c400000|100%|HC|  |TAMS 0x000000060c000000| PB 0x000000060c000000| Complete 
|  44|0x000000060c400000, 0x000000060c800000, 0x000000060c800000|100%| O|  |TAMS 0x000000060c400000| PB 0x000000060c400000| Untracked 
|  45|0x000000060c800000, 0x000000060cc00000, 0x000000060cc00000|100%| O|  |TAMS 0x000000060c800000| PB 0x000000060c800000| Untracked 
|  46|0x000000060cc00000, 0x000000060d000000, 0x000000060d000000|100%| O|  |TAMS 0x000000060cc00000| PB 0x000000060cc00000| Untracked 
|  47|0x000000060d000000, 0x000000060d400000, 0x000000060d400000|100%| O|  |TAMS 0x000000060d000000| PB 0x000000060d000000| Untracked 
|  48|0x000000060d400000, 0x000000060d656b48, 0x000000060d800000| 58%| O|  |TAMS 0x000000060d400000| PB 0x000000060d400000| Untracked 
|  49|0x000000060d800000, 0x000000060dc00000, 0x000000060dc00000|100%|HS|  |TAMS 0x000000060d800000| PB 0x000000060d800000| Complete 
|  50|0x000000060dc00000, 0x000000060e000000, 0x000000060e000000|100%|HC|  |TAMS 0x000000060dc00000| PB 0x000000060dc00000| Complete 
|  51|0x000000060e000000, 0x000000060e000000, 0x000000060e400000|  0%| F|  |TAMS 0x000000060e000000| PB 0x000000060e000000| Untracked 
|  52|0x000000060e400000, 0x000000060e400000, 0x000000060e800000|  0%| F|  |TAMS 0x000000060e400000| PB 0x000000060e400000| Untracked 
|  53|0x000000060e800000, 0x000000060e800000, 0x000000060ec00000|  0%| F|  |TAMS 0x000000060e800000| PB 0x000000060e800000| Untracked 
|  54|0x000000060ec00000, 0x000000060ec00000, 0x000000060f000000|  0%| F|  |TAMS 0x000000060ec00000| PB 0x000000060ec00000| Untracked 
|  55|0x000000060f000000, 0x000000060f000000, 0x000000060f400000|  0%| F|  |TAMS 0x000000060f000000| PB 0x000000060f000000| Untracked 
|  56|0x000000060f400000, 0x000000060f400000, 0x000000060f800000|  0%| F|  |TAMS 0x000000060f400000| PB 0x000000060f400000| Untracked 
|  57|0x000000060f800000, 0x000000060f800000, 0x000000060fc00000|  0%| F|  |TAMS 0x000000060f800000| PB 0x000000060f800000| Untracked 
|  58|0x000000060fc00000, 0x000000060fc00000, 0x0000000610000000|  0%| F|  |TAMS 0x000000060fc00000| PB 0x000000060fc00000| Untracked 
|  59|0x0000000610000000, 0x0000000610000000, 0x0000000610400000|  0%| F|  |TAMS 0x0000000610000000| PB 0x0000000610000000| Untracked 
|  60|0x0000000610400000, 0x0000000610400000, 0x0000000610800000|  0%| F|  |TAMS 0x0000000610400000| PB 0x0000000610400000| Untracked 
|  61|0x0000000610800000, 0x0000000610800000, 0x0000000610c00000|  0%| F|  |TAMS 0x0000000610800000| PB 0x0000000610800000| Untracked 
|  62|0x0000000610c00000, 0x0000000610c00000, 0x0000000611000000|  0%| F|  |TAMS 0x0000000610c00000| PB 0x0000000610c00000| Untracked 
|  63|0x0000000611000000, 0x0000000611000000, 0x0000000611400000|  0%| F|  |TAMS 0x0000000611000000| PB 0x0000000611000000| Untracked 
|  64|0x0000000611400000, 0x0000000611400000, 0x0000000611800000|  0%| F|  |TAMS 0x0000000611400000| PB 0x0000000611400000| Untracked 
|  65|0x0000000611800000, 0x0000000611800000, 0x0000000611c00000|  0%| F|  |TAMS 0x0000000611800000| PB 0x0000000611800000| Untracked 
|  66|0x0000000611c00000, 0x0000000611c00000, 0x0000000612000000|  0%| F|  |TAMS 0x0000000611c00000| PB 0x0000000611c00000| Untracked 
|  67|0x0000000612000000, 0x0000000612000000, 0x0000000612400000|  0%| F|  |TAMS 0x0000000612000000| PB 0x0000000612000000| Untracked 
|  68|0x0000000612400000, 0x0000000612400000, 0x0000000612800000|  0%| F|  |TAMS 0x0000000612400000| PB 0x0000000612400000| Untracked 
|  69|0x0000000612800000, 0x0000000612800000, 0x0000000612c00000|  0%| F|  |TAMS 0x0000000612800000| PB 0x0000000612800000| Untracked 
|  70|0x0000000612c00000, 0x0000000612c00000, 0x0000000613000000|  0%| F|  |TAMS 0x0000000612c00000| PB 0x0000000612c00000| Untracked 
|  71|0x0000000613000000, 0x0000000613000000, 0x0000000613400000|  0%| F|  |TAMS 0x0000000613000000| PB 0x0000000613000000| Untracked 
|  72|0x0000000613400000, 0x0000000613400000, 0x0000000613800000|  0%| F|  |TAMS 0x0000000613400000| PB 0x0000000613400000| Untracked 
|  73|0x0000000613800000, 0x0000000613800000, 0x0000000613c00000|  0%| F|  |TAMS 0x0000000613800000| PB 0x0000000613800000| Untracked 
|  74|0x0000000613c00000, 0x0000000613c00000, 0x0000000614000000|  0%| F|  |TAMS 0x0000000613c00000| PB 0x0000000613c00000| Untracked 
|  75|0x0000000614000000, 0x0000000614000000, 0x0000000614400000|  0%| F|  |TAMS 0x0000000614000000| PB 0x0000000614000000| Untracked 
|  76|0x0000000614400000, 0x0000000614400000, 0x0000000614800000|  0%| F|  |TAMS 0x0000000614400000| PB 0x0000000614400000| Untracked 
|  77|0x0000000614800000, 0x0000000614800000, 0x0000000614c00000|  0%| F|  |TAMS 0x0000000614800000| PB 0x0000000614800000| Untracked 
|  78|0x0000000614c00000, 0x0000000614c00000, 0x0000000615000000|  0%| F|  |TAMS 0x0000000614c00000| PB 0x0000000614c00000| Untracked 
|  79|0x0000000615000000, 0x0000000615000000, 0x0000000615400000|  0%| F|  |TAMS 0x0000000615000000| PB 0x0000000615000000| Untracked 
|  80|0x0000000615400000, 0x0000000615400000, 0x0000000615800000|  0%| F|  |TAMS 0x0000000615400000| PB 0x0000000615400000| Untracked 
|  81|0x0000000615800000, 0x0000000615800000, 0x0000000615c00000|  0%| F|  |TAMS 0x0000000615800000| PB 0x0000000615800000| Untracked 
|  82|0x0000000615c00000, 0x0000000615c00000, 0x0000000616000000|  0%| F|  |TAMS 0x0000000615c00000| PB 0x0000000615c00000| Untracked 
|  83|0x0000000616000000, 0x0000000616000000, 0x0000000616400000|  0%| F|  |TAMS 0x0000000616000000| PB 0x0000000616000000| Untracked 
|  84|0x0000000616400000, 0x0000000616400000, 0x0000000616800000|  0%| F|  |TAMS 0x0000000616400000| PB 0x0000000616400000| Untracked 
|  85|0x0000000616800000, 0x0000000616800000, 0x0000000616c00000|  0%| F|  |TAMS 0x0000000616800000| PB 0x0000000616800000| Untracked 
|  86|0x0000000616c00000, 0x0000000616c00000, 0x0000000617000000|  0%| F|  |TAMS 0x0000000616c00000| PB 0x0000000616c00000| Untracked 
|  87|0x0000000617000000, 0x0000000617000000, 0x0000000617400000|  0%| F|  |TAMS 0x0000000617000000| PB 0x0000000617000000| Untracked 
|  88|0x0000000617400000, 0x0000000617400000, 0x0000000617800000|  0%| F|  |TAMS 0x0000000617400000| PB 0x0000000617400000| Untracked 
|  89|0x0000000617800000, 0x0000000617800000, 0x0000000617c00000|  0%| F|  |TAMS 0x0000000617800000| PB 0x0000000617800000| Untracked 
|  90|0x0000000617c00000, 0x0000000617c00000, 0x0000000618000000|  0%| F|  |TAMS 0x0000000617c00000| PB 0x0000000617c00000| Untracked 
|  91|0x0000000618000000, 0x0000000618000000, 0x0000000618400000|  0%| F|  |TAMS 0x0000000618000000| PB 0x0000000618000000| Untracked 
|  92|0x0000000618400000, 0x0000000618400000, 0x0000000618800000|  0%| F|  |TAMS 0x0000000618400000| PB 0x0000000618400000| Untracked 
|  93|0x0000000618800000, 0x0000000618800000, 0x0000000618c00000|  0%| F|  |TAMS 0x0000000618800000| PB 0x0000000618800000| Untracked 
|  94|0x0000000618c00000, 0x0000000618c00000, 0x0000000619000000|  0%| F|  |TAMS 0x0000000618c00000| PB 0x0000000618c00000| Untracked 
|  95|0x0000000619000000, 0x0000000619000000, 0x0000000619400000|  0%| F|  |TAMS 0x0000000619000000| PB 0x0000000619000000| Untracked 
|  96|0x0000000619400000, 0x0000000619400000, 0x0000000619800000|  0%| F|  |TAMS 0x0000000619400000| PB 0x0000000619400000| Untracked 
|  97|0x0000000619800000, 0x0000000619800000, 0x0000000619c00000|  0%| F|  |TAMS 0x0000000619800000| PB 0x0000000619800000| Untracked 
|  98|0x0000000619c00000, 0x0000000619c00000, 0x000000061a000000|  0%| F|  |TAMS 0x0000000619c00000| PB 0x0000000619c00000| Untracked 
|  99|0x000000061a000000, 0x000000061a000000, 0x000000061a400000|  0%| F|  |TAMS 0x000000061a000000| PB 0x000000061a000000| Untracked 
| 100|0x000000061a400000, 0x000000061a400000, 0x000000061a800000|  0%| F|  |TAMS 0x000000061a400000| PB 0x000000061a400000| Untracked 
| 101|0x000000061a800000, 0x000000061a800000, 0x000000061ac00000|  0%| F|  |TAMS 0x000000061a800000| PB 0x000000061a800000| Untracked 
| 102|0x000000061ac00000, 0x000000061ac00000, 0x000000061b000000|  0%| F|  |TAMS 0x000000061ac00000| PB 0x000000061ac00000| Untracked 
| 103|0x000000061b000000, 0x000000061b000000, 0x000000061b400000|  0%| F|  |TAMS 0x000000061b000000| PB 0x000000061b000000| Untracked 
| 104|0x000000061b400000, 0x000000061b400000, 0x000000061b800000|  0%| F|  |TAMS 0x000000061b400000| PB 0x000000061b400000| Untracked 
| 105|0x000000061b800000, 0x000000061b800000, 0x000000061bc00000|  0%| F|  |TAMS 0x000000061b800000| PB 0x000000061b800000| Untracked 
| 106|0x000000061bc00000, 0x000000061bc00000, 0x000000061c000000|  0%| F|  |TAMS 0x000000061bc00000| PB 0x000000061bc00000| Untracked 
| 107|0x000000061c000000, 0x000000061c000000, 0x000000061c400000|  0%| F|  |TAMS 0x000000061c000000| PB 0x000000061c000000| Untracked 
| 108|0x000000061c400000, 0x000000061c400000, 0x000000061c800000|  0%| F|  |TAMS 0x000000061c400000| PB 0x000000061c400000| Untracked 
| 109|0x000000061c800000, 0x000000061c800000, 0x000000061cc00000|  0%| F|  |TAMS 0x000000061c800000| PB 0x000000061c800000| Untracked 
| 110|0x000000061cc00000, 0x000000061cc00000, 0x000000061d000000|  0%| F|  |TAMS 0x000000061cc00000| PB 0x000000061cc00000| Untracked 
| 111|0x000000061d000000, 0x000000061d000000, 0x000000061d400000|  0%| F|  |TAMS 0x000000061d000000| PB 0x000000061d000000| Untracked 
| 112|0x000000061d400000, 0x000000061d400000, 0x000000061d800000|  0%| F|  |TAMS 0x000000061d400000| PB 0x000000061d400000| Untracked 
| 113|0x000000061d800000, 0x000000061d800000, 0x000000061dc00000|  0%| F|  |TAMS 0x000000061d800000| PB 0x000000061d800000| Untracked 
| 114|0x000000061dc00000, 0x000000061dc00000, 0x000000061e000000|  0%| F|  |TAMS 0x000000061dc00000| PB 0x000000061dc00000| Untracked 
| 115|0x000000061e000000, 0x000000061e000000, 0x000000061e400000|  0%| F|  |TAMS 0x000000061e000000| PB 0x000000061e000000| Untracked 
| 116|0x000000061e400000, 0x000000061e400000, 0x000000061e800000|  0%| F|  |TAMS 0x000000061e400000| PB 0x000000061e400000| Untracked 
| 117|0x000000061e800000, 0x000000061e800000, 0x000000061ec00000|  0%| F|  |TAMS 0x000000061e800000| PB 0x000000061e800000| Untracked 
| 118|0x000000061ec00000, 0x000000061ec00000, 0x000000061f000000|  0%| F|  |TAMS 0x000000061ec00000| PB 0x000000061ec00000| Untracked 
| 119|0x000000061f000000, 0x000000061f000000, 0x000000061f400000|  0%| F|  |TAMS 0x000000061f000000| PB 0x000000061f000000| Untracked 
| 120|0x000000061f400000, 0x000000061f400000, 0x000000061f800000|  0%| F|  |TAMS 0x000000061f400000| PB 0x000000061f400000| Untracked 
| 121|0x000000061f800000, 0x000000061f800000, 0x000000061fc00000|  0%| F|  |TAMS 0x000000061f800000| PB 0x000000061f800000| Untracked 
| 122|0x000000061fc00000, 0x000000061fc00000, 0x0000000620000000|  0%| F|  |TAMS 0x000000061fc00000| PB 0x000000061fc00000| Untracked 
| 123|0x0000000620000000, 0x0000000620000000, 0x0000000620400000|  0%| F|  |TAMS 0x0000000620000000| PB 0x0000000620000000| Untracked 
| 124|0x0000000620400000, 0x0000000620400000, 0x0000000620800000|  0%| F|  |TAMS 0x0000000620400000| PB 0x0000000620400000| Untracked 
| 125|0x0000000620800000, 0x0000000620889678, 0x0000000620c00000| 13%| S|CS|TAMS 0x0000000620800000| PB 0x0000000620800000| Complete 
| 126|0x0000000620c00000, 0x0000000621000000, 0x0000000621000000|100%| S|CS|TAMS 0x0000000620c00000| PB 0x0000000620c00000| Complete 
| 127|0x0000000621000000, 0x0000000621000000, 0x0000000621400000|  0%| F|  |TAMS 0x0000000621000000| PB 0x0000000621000000| Untracked 
| 128|0x0000000621400000, 0x0000000621400000, 0x0000000621800000|  0%| F|  |TAMS 0x0000000621400000| PB 0x0000000621400000| Untracked 
| 129|0x0000000621800000, 0x0000000621800000, 0x0000000621c00000|  0%| F|  |TAMS 0x0000000621800000| PB 0x0000000621800000| Untracked 
| 130|0x0000000621c00000, 0x0000000621c00000, 0x0000000622000000|  0%| F|  |TAMS 0x0000000621c00000| PB 0x0000000621c00000| Untracked 
| 131|0x0000000622000000, 0x0000000622000000, 0x0000000622400000|  0%| F|  |TAMS 0x0000000622000000| PB 0x0000000622000000| Untracked 
| 132|0x0000000622400000, 0x0000000622400000, 0x0000000622800000|  0%| F|  |TAMS 0x0000000622400000| PB 0x0000000622400000| Untracked 
| 133|0x0000000622800000, 0x0000000622800000, 0x0000000622c00000|  0%| F|  |TAMS 0x0000000622800000| PB 0x0000000622800000| Untracked 
| 134|0x0000000622c00000, 0x0000000622c00000, 0x0000000623000000|  0%| F|  |TAMS 0x0000000622c00000| PB 0x0000000622c00000| Untracked 
| 135|0x0000000623000000, 0x0000000623000000, 0x0000000623400000|  0%| F|  |TAMS 0x0000000623000000| PB 0x0000000623000000| Untracked 
| 136|0x0000000623400000, 0x0000000623400000, 0x0000000623800000|  0%| F|  |TAMS 0x0000000623400000| PB 0x0000000623400000| Untracked 
| 137|0x0000000623800000, 0x0000000623800000, 0x0000000623c00000|  0%| F|  |TAMS 0x0000000623800000| PB 0x0000000623800000| Untracked 
| 138|0x0000000623c00000, 0x0000000623c00000, 0x0000000624000000|  0%| F|  |TAMS 0x0000000623c00000| PB 0x0000000623c00000| Untracked 
| 139|0x0000000624000000, 0x0000000624000000, 0x0000000624400000|  0%| F|  |TAMS 0x0000000624000000| PB 0x0000000624000000| Untracked 
| 140|0x0000000624400000, 0x0000000624400000, 0x0000000624800000|  0%| F|  |TAMS 0x0000000624400000| PB 0x0000000624400000| Untracked 
| 141|0x0000000624800000, 0x0000000624800000, 0x0000000624c00000|  0%| F|  |TAMS 0x0000000624800000| PB 0x0000000624800000| Untracked 
| 142|0x0000000624c00000, 0x0000000624c00000, 0x0000000625000000|  0%| F|  |TAMS 0x0000000624c00000| PB 0x0000000624c00000| Untracked 
| 143|0x0000000625000000, 0x0000000625000000, 0x0000000625400000|  0%| F|  |TAMS 0x0000000625000000| PB 0x0000000625000000| Untracked 
| 144|0x0000000625400000, 0x0000000625400000, 0x0000000625800000|  0%| F|  |TAMS 0x0000000625400000| PB 0x0000000625400000| Untracked 
| 145|0x0000000625800000, 0x0000000625800000, 0x0000000625c00000|  0%| F|  |TAMS 0x0000000625800000| PB 0x0000000625800000| Untracked 
| 146|0x0000000625c00000, 0x0000000625c00000, 0x0000000626000000|  0%| F|  |TAMS 0x0000000625c00000| PB 0x0000000625c00000| Untracked 
| 147|0x0000000626000000, 0x0000000626000000, 0x0000000626400000|  0%| F|  |TAMS 0x0000000626000000| PB 0x0000000626000000| Untracked 
| 148|0x0000000626400000, 0x0000000626400000, 0x0000000626800000|  0%| F|  |TAMS 0x0000000626400000| PB 0x0000000626400000| Untracked 
| 149|0x0000000626800000, 0x0000000626800000, 0x0000000626c00000|  0%| F|  |TAMS 0x0000000626800000| PB 0x0000000626800000| Untracked 
| 150|0x0000000626c00000, 0x0000000626c00000, 0x0000000627000000|  0%| F|  |TAMS 0x0000000626c00000| PB 0x0000000626c00000| Untracked 
| 151|0x0000000627000000, 0x0000000627000000, 0x0000000627400000|  0%| F|  |TAMS 0x0000000627000000| PB 0x0000000627000000| Untracked 
| 152|0x0000000627400000, 0x0000000627400000, 0x0000000627800000|  0%| F|  |TAMS 0x0000000627400000| PB 0x0000000627400000| Untracked 
| 153|0x0000000627800000, 0x0000000627800000, 0x0000000627c00000|  0%| F|  |TAMS 0x0000000627800000| PB 0x0000000627800000| Untracked 
| 154|0x0000000627c00000, 0x0000000627c00000, 0x0000000628000000|  0%| F|  |TAMS 0x0000000627c00000| PB 0x0000000627c00000| Untracked 
| 155|0x0000000628000000, 0x0000000628000000, 0x0000000628400000|  0%| F|  |TAMS 0x0000000628000000| PB 0x0000000628000000| Untracked 
| 156|0x0000000628400000, 0x0000000628400000, 0x0000000628800000|  0%| F|  |TAMS 0x0000000628400000| PB 0x0000000628400000| Untracked 
| 157|0x0000000628800000, 0x0000000628800000, 0x0000000628c00000|  0%| F|  |TAMS 0x0000000628800000| PB 0x0000000628800000| Untracked 
| 158|0x0000000628c00000, 0x0000000628c00000, 0x0000000629000000|  0%| F|  |TAMS 0x0000000628c00000| PB 0x0000000628c00000| Untracked 
| 159|0x0000000629000000, 0x0000000629000000, 0x0000000629400000|  0%| F|  |TAMS 0x0000000629000000| PB 0x0000000629000000| Untracked 
| 160|0x0000000629400000, 0x0000000629400000, 0x0000000629800000|  0%| F|  |TAMS 0x0000000629400000| PB 0x0000000629400000| Untracked 
| 161|0x0000000629800000, 0x0000000629800000, 0x0000000629c00000|  0%| F|  |TAMS 0x0000000629800000| PB 0x0000000629800000| Untracked 
| 162|0x0000000629c00000, 0x0000000629c00000, 0x000000062a000000|  0%| F|  |TAMS 0x0000000629c00000| PB 0x0000000629c00000| Untracked 
| 163|0x000000062a000000, 0x000000062a000000, 0x000000062a400000|  0%| F|  |TAMS 0x000000062a000000| PB 0x000000062a000000| Untracked 
| 164|0x000000062a400000, 0x000000062a400000, 0x000000062a800000|  0%| F|  |TAMS 0x000000062a400000| PB 0x000000062a400000| Untracked 
| 165|0x000000062a800000, 0x000000062a800000, 0x000000062ac00000|  0%| F|  |TAMS 0x000000062a800000| PB 0x000000062a800000| Untracked 
| 166|0x000000062ac00000, 0x000000062ac00000, 0x000000062b000000|  0%| F|  |TAMS 0x000000062ac00000| PB 0x000000062ac00000| Untracked 
| 167|0x000000062b000000, 0x000000062b000000, 0x000000062b400000|  0%| F|  |TAMS 0x000000062b000000| PB 0x000000062b000000| Untracked 
| 168|0x000000062b400000, 0x000000062b400000, 0x000000062b800000|  0%| F|  |TAMS 0x000000062b400000| PB 0x000000062b400000| Untracked 
| 169|0x000000062b800000, 0x000000062b800000, 0x000000062bc00000|  0%| F|  |TAMS 0x000000062b800000| PB 0x000000062b800000| Untracked 
| 170|0x000000062bc00000, 0x000000062bc00000, 0x000000062c000000|  0%| F|  |TAMS 0x000000062bc00000| PB 0x000000062bc00000| Untracked 
| 171|0x000000062c000000, 0x000000062c000000, 0x000000062c400000|  0%| F|  |TAMS 0x000000062c000000| PB 0x000000062c000000| Untracked 
| 172|0x000000062c400000, 0x000000062c400000, 0x000000062c800000|  0%| F|  |TAMS 0x000000062c400000| PB 0x000000062c400000| Untracked 
| 173|0x000000062c800000, 0x000000062c800000, 0x000000062cc00000|  0%| F|  |TAMS 0x000000062c800000| PB 0x000000062c800000| Untracked 
| 174|0x000000062cc00000, 0x000000062cc00000, 0x000000062d000000|  0%| F|  |TAMS 0x000000062cc00000| PB 0x000000062cc00000| Untracked 
| 175|0x000000062d000000, 0x000000062d000000, 0x000000062d400000|  0%| F|  |TAMS 0x000000062d000000| PB 0x000000062d000000| Untracked 
| 176|0x000000062d400000, 0x000000062d400000, 0x000000062d800000|  0%| F|  |TAMS 0x000000062d400000| PB 0x000000062d400000| Untracked 
| 177|0x000000062d800000, 0x000000062d800000, 0x000000062dc00000|  0%| F|  |TAMS 0x000000062d800000| PB 0x000000062d800000| Untracked 
| 178|0x000000062dc00000, 0x000000062dc00000, 0x000000062e000000|  0%| F|  |TAMS 0x000000062dc00000| PB 0x000000062dc00000| Untracked 
| 179|0x000000062e000000, 0x000000062e360628, 0x000000062e400000| 84%| E|  |TAMS 0x000000062e000000| PB 0x000000062e000000| Complete 
| 180|0x000000062e400000, 0x000000062e800000, 0x000000062e800000|100%| E|CS|TAMS 0x000000062e400000| PB 0x000000062e400000| Complete 
|2034|0x00000007fdc00000, 0x00000007fe000000, 0x00000007fe000000|100%| O|  |TAMS 0x00000007fdc00000| PB 0x00000007fdc00000| Untracked 
|2035|0x00000007fe000000, 0x00000007fe400000, 0x00000007fe400000|100%| O|  |TAMS 0x00000007fe000000| PB 0x00000007fe000000| Untracked 
|2036|0x00000007fe400000, 0x00000007fe800000, 0x00000007fe800000|100%| O|  |TAMS 0x00000007fe400000| PB 0x00000007fe400000| Untracked 
|2037|0x00000007fe800000, 0x00000007fec00000, 0x00000007fec00000|100%| O|  |TAMS 0x00000007fe800000| PB 0x00000007fe800000| Untracked 
|2038|0x00000007fec00000, 0x00000007ff000000, 0x00000007ff000000|100%| O|  |TAMS 0x00000007fec00000| PB 0x00000007fec00000| Untracked 
|2039|0x00000007ff000000, 0x00000007ff400000, 0x00000007ff400000|100%| O|  |TAMS 0x00000007ff000000| PB 0x00000007ff000000| Untracked 
|2040|0x00000007ff400000, 0x00000007ff800000, 0x00000007ff800000|100%| O|  |TAMS 0x00000007ff400000| PB 0x00000007ff400000| Untracked 
|2041|0x00000007ff800000, 0x00000007ffc00000, 0x00000007ffc00000|100%| O|  |TAMS 0x00000007ff800000| PB 0x00000007ff800000| Untracked 
|2042|0x00000007ffc00000, 0x0000000800000000, 0x0000000800000000|100%| O|  |TAMS 0x00000007ffc00000| PB 0x00000007ffc00000| Untracked 

Card table byte_map: [0x000001e13f660000,0x000001e140660000] _byte_map_base: 0x000001e13c656000

Marking Bits: (CMBitMap*) 0x000001e126247010
 Bits: [0x000001e140660000, 0x000001e148610000)

Polling page: 0x000001e125930000

Metaspace:

Usage:
  Non-class:      7.09 MB used.
      Class:    413.67 KB used.
       Both:      7.50 MB used.

Virtual space:
  Non-class space:       64.00 MB reserved,       7.12 MB ( 11%) committed,  1 nodes.
      Class space:        1.00 GB reserved,     512.00 KB ( <1%) committed,  1 nodes.
             Both:        1.06 GB reserved,       7.62 MB ( <1%) committed. 

Chunk freelists:
   Non-Class:  6.88 MB
       Class:  15.45 MB
        Both:  22.33 MB

MaxMetaspaceSize: unlimited
CompressedClassSpaceSize: 1.00 GB
Initial GC threshold: 21.00 MB
Current GC threshold: 21.00 MB
CDS: on
 - commit_granule_bytes: 65536.
 - commit_granule_words: 8192.
 - virtual_space_node_default_size: 8388608.
 - enlarge_chunks_in_place: 1.
 - use_allocation_guard: 0.


Internal statistics:

num_allocs_failed_limit: 0.
num_arena_births: 70.
num_arena_deaths: 0.
num_vsnodes_births: 2.
num_vsnodes_deaths: 0.
num_space_committed: 120.
num_space_uncommitted: 0.
num_chunks_returned_to_freelist: 0.
num_chunks_taken_from_freelist: 285.
num_chunk_merges: 0.
num_chunk_splits: 209.
num_chunks_enlarged: 167.
num_inconsistent_stats: 0.

CodeHeap 'non-profiled nmethods': size=119168Kb used=1248Kb max_used=1248Kb free=117919Kb
 bounds [0x000001e136410000, 0x000001e136680000, 0x000001e13d870000]
CodeHeap 'profiled nmethods': size=119104Kb used=2939Kb max_used=2939Kb free=116165Kb
 bounds [0x000001e12e870000, 0x000001e12eb50000, 0x000001e135cc0000]
CodeHeap 'non-nmethods': size=7488Kb used=3948Kb max_used=3962Kb free=3539Kb
 bounds [0x000001e135cc0000, 0x000001e1360b0000, 0x000001e136410000]
 total_blobs=2700 nmethods=1499 adapters=1103
 compilation: enabled
              stopped_count=0, restarted_count=0
 full_count=0

Compilation events (20 events):
Event: 1.742 Thread 0x000001e18d0abaa0 1489       3       com.bulletphysics.linearmath.VectorUtil::setCoord (61 bytes)
Event: 1.742 Thread 0x000001e18d0abaa0 nmethod 1489 0x000001e12eb48c10 code [0x000001e12eb48de0, 0x000001e12eb490d0]
Event: 1.745 Thread 0x000001e18d0ae380 1490       3       jdk.internal.loader.NativeLibraries$NativeLibraryImpl::find (9 bytes)
Event: 1.745 Thread 0x000001e18d0ae380 nmethod 1490 0x000001e12eb49210 code [0x000001e12eb493c0, 0x000001e12eb49500]
Event: 1.746 Thread 0x000001e18d0ae380 1492       3       java.lang.StringCoding::countPositives (33 bytes)
Event: 1.746 Thread 0x000001e18d0ae380 nmethod 1492 0x000001e12eb49590 code [0x000001e12eb49740, 0x000001e12eb49968]
Event: 1.767 Thread 0x000001e18d0abaa0 1493   !   3       java.util.zip.ZipFile$Source::readFullyAt (74 bytes)
Event: 1.767 Thread 0x000001e18d0abaa0 nmethod 1493 0x000001e12eb49a90 code [0x000001e12eb49c60, 0x000001e12eb4a0b0]
Event: 1.773 Thread 0x000001e18d0adcb0 1494       3       java.util.zip.ZipFile::getZipEntry (322 bytes)
Event: 1.774 Thread 0x000001e18d0adcb0 nmethod 1494 0x000001e12eb4a390 code [0x000001e12eb4a900, 0x000001e12eb4d9c0]
Event: 1.785 Thread 0x000001e18d0aea50 1495       4       java.util.zip.ZipFile::ensureOpen (40 bytes)
Event: 1.786 Thread 0x000001e18d0aea50 nmethod 1495 0x000001e136546910 code [0x000001e136546aa0, 0x000001e136546b80]
Event: 1.800 Thread 0x000001e18d0aea50 1496       4       java.lang.String::<init> (99 bytes)
Event: 1.803 Thread 0x000001e18d0aea50 nmethod 1496 0x000001e136546c90 code [0x000001e136546e40, 0x000001e1365473f0]
Event: 1.807 Thread 0x000001e18d0ae380 1498       1       org.lwjgl.system.MemoryStack::getPointer (5 bytes)
Event: 1.807 Thread 0x000001e18d0ae380 nmethod 1498 0x000001e136547a90 code [0x000001e136547c20, 0x000001e136547ce8]
Event: 1.807 Thread 0x000001e18d094c80 1499       4       sun.misc.Unsafe::getLong (9 bytes)
Event: 1.807 Thread 0x000001e18d0aea50 1500       4       sun.misc.Unsafe::putInt (11 bytes)
Event: 1.807 Thread 0x000001e18d094c80 nmethod 1499 0x000001e136547d90 code [0x000001e136547f20, 0x000001e136547fd0]
Event: 1.807 Thread 0x000001e18d0aea50 nmethod 1500 0x000001e136548090 code [0x000001e136548220, 0x000001e1365482c8]

GC Heap History (12 events):
Event: 0.646 GC heap before
{Heap before GC invocations=0 (full 0):
 garbage-first heap   total 524288K, used 24576K [0x0000000601400000, 0x0000000800000000)
  region size 4096K, 6 young (24576K), 0 survivors (0K)
 Metaspace       used 4761K, committed 4992K, reserved 1114112K
  class space    used 307K, committed 448K, reserved 1048576K
}
Event: 0.648 GC heap after
{Heap after GC invocations=1 (full 0):
 garbage-first heap   total 524288K, used 2768K [0x0000000601400000, 0x0000000800000000)
  region size 4096K, 1 young (4096K), 1 survivors (4096K)
 Metaspace       used 4761K, committed 4992K, reserved 1114112K
  class space    used 307K, committed 448K, reserved 1048576K
}
Event: 0.700 GC heap before
{Heap before GC invocations=1 (full 0):
 garbage-first heap   total 524288K, used 43728K [0x0000000601400000, 0x0000000800000000)
  region size 4096K, 11 young (45056K), 1 survivors (4096K)
 Metaspace       used 4791K, committed 5056K, reserved 1114112K
  class space    used 307K, committed 448K, reserved 1048576K
}
Event: 0.702 GC heap after
{Heap after GC invocations=2 (full 0):
 garbage-first heap   total 524288K, used 3664K [0x0000000601400000, 0x0000000800000000)
  region size 4096K, 1 young (4096K), 1 survivors (4096K)
 Metaspace       used 4791K, committed 5056K, reserved 1114112K
  class space    used 307K, committed 448K, reserved 1048576K
}
Event: 0.879 GC heap before
{Heap before GC invocations=2 (full 0):
 garbage-first heap   total 524288K, used 310864K [0x0000000601400000, 0x0000000800000000)
  region size 4096K, 76 young (311296K), 1 survivors (4096K)
 Metaspace       used 4857K, committed 5056K, reserved 1114112K
  class space    used 310K, committed 448K, reserved 1048576K
}
Event: 0.883 GC heap after
{Heap after GC invocations=3 (full 0):
 garbage-first heap   total 524288K, used 11113K [0x0000000601400000, 0x0000000800000000)
  region size 4096K, 3 young (12288K), 3 survivors (12288K)
 Metaspace       used 4857K, committed 5056K, reserved 1114112K
  class space    used 310K, committed 448K, reserved 1048576K
}
Event: 1.232 GC heap before
{Heap before GC invocations=3 (full 0):
 garbage-first heap   total 524288K, used 367465K [0x0000000601400000, 0x0000000800000000)
  region size 4096K, 76 young (311296K), 3 survivors (12288K)
 Metaspace       used 5194K, committed 5440K, reserved 1114112K
  class space    used 336K, committed 448K, reserved 1048576K
}
Event: 1.240 GC heap after
{Heap after GC invocations=4 (full 0):
 garbage-first heap   total 524288K, used 70128K [0x0000000601400000, 0x0000000800000000)
  region size 4096K, 8 young (32768K), 8 survivors (32768K)
 Metaspace       used 5194K, committed 5440K, reserved 1114112K
  class space    used 336K, committed 448K, reserved 1048576K
}
Event: 1.655 GC heap before
{Heap before GC invocations=4 (full 0):
 garbage-first heap   total 524288K, used 434672K [0x0000000601400000, 0x0000000800000000)
  region size 4096K, 76 young (311296K), 8 survivors (32768K)
 Metaspace       used 5767K, committed 5952K, reserved 1114112K
  class space    used 349K, committed 448K, reserved 1048576K
}
Event: 1.692 GC heap after
{Heap after GC invocations=5 (full 0):
 garbage-first heap   total 561152K, used 214024K [0x0000000601400000, 0x0000000800000000)
  region size 4096K, 10 young (40960K), 10 survivors (40960K)
 Metaspace       used 5767K, committed 5952K, reserved 1114112K
  class space    used 349K, committed 448K, reserved 1048576K
}
Event: 1.695 GC heap before
{Heap before GC invocations=5 (full 0):
 garbage-first heap   total 561152K, used 226312K [0x0000000601400000, 0x0000000800000000)
  region size 4096K, 11 young (45056K), 10 survivors (40960K)
 Metaspace       used 5767K, committed 5952K, reserved 1114112K
  class space    used 349K, committed 448K, reserved 1048576K
}
Event: 1.709 GC heap after
{Heap after GC invocations=6 (full 0):
 garbage-first heap   total 778240K, used 232320K [0x0000000601400000, 0x0000000800000000)
  region size 4096K, 2 young (8192K), 2 survivors (8192K)
 Metaspace       used 5767K, committed 5952K, reserved 1114112K
  class space    used 349K, committed 448K, reserved 1048576K
}

Dll operation events (10 events):
Event: 0.006 Loaded shared library C:\Program Files\Eclipse Adoptium\jdk-21.0.3.9-hotspot\bin\java.dll
Event: 0.024 Loaded shared library C:\Program Files\Eclipse Adoptium\jdk-21.0.3.9-hotspot\bin\jsvml.dll
Event: 0.055 Loaded shared library C:\Program Files\Eclipse Adoptium\jdk-21.0.3.9-hotspot\bin\net.dll
Event: 0.056 Loaded shared library C:\Program Files\Eclipse Adoptium\jdk-21.0.3.9-hotspot\bin\nio.dll
Event: 0.060 Loaded shared library C:\Program Files\Eclipse Adoptium\jdk-21.0.3.9-hotspot\bin\zip.dll
Event: 0.095 Loaded shared library C:\Program Files\Eclipse Adoptium\jdk-21.0.3.9-hotspot\bin\jimage.dll
Event: 0.110 Loaded shared library C:\Users\mirek\AppData\Local\Temp\lwjgl_mirek\3.3.6+1\x64\lwjgl.dll
Event: 0.359 Loaded shared library C:\Users\mirek\AppData\Local\Temp\lwjgl_mirek\3.3.6+1\x64\lwjgl_opengl.dll
Event: 0.560 Loaded shared library C:\Program Files\Eclipse Adoptium\jdk-21.0.3.9-hotspot\bin\verify.dll
Event: 0.606 Loaded shared library C:\Users\mirek\AppData\Local\Temp\lwjgl_mirek\3.3.6+1\x64\lwjgl_stb.dll

Deoptimization events (20 events):
Event: 1.634 Thread 0x000001e123d71e40 DEOPT PACKING pc=0x000001e136541e80 sp=0x0000002ca2cff1a0
Event: 1.634 Thread 0x000001e123d71e40 DEOPT UNPACKING pc=0x000001e135d146a2 sp=0x0000002ca2cff138 mode 2
Event: 1.693 Thread 0x000001e123d71e40 DEOPT PACKING pc=0x000001e12eb42a45 sp=0x0000002ca2cff0f0
Event: 1.693 Thread 0x000001e123d71e40 DEOPT UNPACKING pc=0x000001e135d14e42 sp=0x0000002ca2cfe658 mode 0
Event: 1.732 Thread 0x000001e123d71e40 Uncommon trap: trap_request=0xffffff45 fr.pc=0x000001e1364cc4c0 relative=0x0000000000000280
Event: 1.732 Thread 0x000001e123d71e40 Uncommon trap: reason=unstable_if action=reinterpret pc=0x000001e1364cc4c0 method=obj.Entity.getFlattenedUVs()[F @ 30 c2
Event: 1.732 Thread 0x000001e123d71e40 DEOPT PACKING pc=0x000001e1364cc4c0 sp=0x0000002ca2cff180
Event: 1.732 Thread 0x000001e123d71e40 DEOPT UNPACKING pc=0x000001e135d146a2 sp=0x0000002ca2cff0e8 mode 2
Event: 1.738 Thread 0x000001e123d71e40 DEOPT PACKING pc=0x000001e12eb47f1b sp=0x0000002ca2cfef60
Event: 1.738 Thread 0x000001e123d71e40 DEOPT UNPACKING pc=0x000001e135d14e42 sp=0x0000002ca2cfe468 mode 0
Event: 1.743 Thread 0x000001e123d71e40 DEOPT PACKING pc=0x000001e12eb47f1b sp=0x0000002ca2cfef60
Event: 1.743 Thread 0x000001e123d71e40 DEOPT UNPACKING pc=0x000001e135d14e42 sp=0x0000002ca2cfe468 mode 0
Event: 1.744 Thread 0x000001e123d71e40 Uncommon trap: trap_request=0xffffff45 fr.pc=0x000001e1364153cc relative=0x000000000000012c
Event: 1.744 Thread 0x000001e123d71e40 Uncommon trap: reason=unstable_if action=reinterpret pc=0x000001e1364153cc method=java.lang.StringCoding.countPositives([BII)I @ 17 c2
Event: 1.744 Thread 0x000001e123d71e40 DEOPT PACKING pc=0x000001e1364153cc sp=0x0000002ca2cff0a0
Event: 1.744 Thread 0x000001e123d71e40 DEOPT UNPACKING pc=0x000001e135d146a2 sp=0x0000002ca2cff040 mode 2
Event: 1.807 Thread 0x000001e123d71e40 Uncommon trap: trap_request=0xffffff54 fr.pc=0x000001e136547f8c relative=0x000000000000006c
Event: 1.807 Thread 0x000001e123d71e40 Uncommon trap: reason=speculate_null_assert action=make_not_entrant pc=0x000001e136547f8c method=sun.misc.Unsafe.getLong(Ljava/lang/Object;J)J @ 5 c2
Event: 1.807 Thread 0x000001e123d71e40 DEOPT PACKING pc=0x000001e136547f8c sp=0x0000002ca2cff270
Event: 1.807 Thread 0x000001e123d71e40 DEOPT UNPACKING pc=0x000001e135d146a2 sp=0x0000002ca2cff1f8 mode 2

Classes loaded (20 events):
Event: 0.630 Loading class jdk/internal/math/FDBigInteger
Event: 0.631 Loading class jdk/internal/math/FDBigInteger done
Event: 0.898 Loading class jdk/internal/module/ModulePatcher$PatchedModuleReader
Event: 0.898 Loading class jdk/internal/module/ModulePatcher$PatchedModuleReader done
Event: 0.898 Loading class sun/net/www/protocol/jrt/Handler
Event: 0.898 Loading class sun/net/www/protocol/jrt/Handler done
Event: 0.901 Loading class sun/util/resources/LocaleData$CommonResourceBundleProvider
Event: 0.901 Loading class sun/util/resources/LocaleData$LocaleDataResourceBundleProvider
Event: 0.901 Loading class java/util/spi/ResourceBundleProvider
Event: 0.901 Loading class java/util/spi/ResourceBundleProvider done
Event: 0.901 Loading class sun/util/resources/LocaleData$LocaleDataResourceBundleProvider done
Event: 0.901 Loading class sun/util/resources/LocaleData$CommonResourceBundleProvider done
Event: 0.902 Loading class sun/util/resources/Bundles$2
Event: 0.902 Loading class sun/util/resources/Bundles$2 done
Event: 0.908 Loading class java/lang/NumberFormatException
Event: 0.908 Loading class java/lang/NumberFormatException done
Event: 1.772 Loading class java/lang/SecurityException
Event: 1.772 Loading class java/lang/SecurityException done
Event: 1.807 Loading class java/nio/HeapFloatBuffer
Event: 1.807 Loading class java/nio/HeapFloatBuffer done

Classes unloaded (0 events):
No events

Classes redefined (0 events):
No events

Internal exceptions (20 events):
Event: 0.149 Thread 0x000001e123d71e40 Exception <a 'java/lang/NoSuchMethodError'{0x0000000620dd72e8}: 'int java.lang.invoke.DirectMethodHandle$Holder.invokeStaticInit(java.lang.Object, java.lang.Object, int, long)'> (0x0000000620dd72e8) 
thrown [s\src\hotspot\share\interpreter\linkResolver.cpp, line 773]
Event: 0.149 Thread 0x000001e123d71e40 Exception <a 'java/lang/NoSuchMethodError'{0x0000000620ddc310}: 'java.lang.Object java.lang.invoke.DirectMethodHandle$Holder.newInvokeSpecial(java.lang.Object, java.lang.Object, int)'> (0x0000000620ddc310) 
thrown [s\src\hotspot\share\interpreter\linkResolver.cpp, line 773]
Event: 0.151 Thread 0x000001e123d71e40 Exception <a 'java/lang/NoSuchMethodError'{0x0000000620deab18}: 'int java.lang.invoke.DirectMethodHandle$Holder.invokeStaticInit(java.lang.Object, java.lang.Object, long, long)'> (0x0000000620deab18) 
thrown [s\src\hotspot\share\interpreter\linkResolver.cpp, line 773]
Event: 0.151 Thread 0x000001e123d71e40 Exception <a 'java/lang/NoSuchMethodError'{0x0000000620df0380}: 'java.lang.Object java.lang.invoke.DirectMethodHandle$Holder.newInvokeSpecial(java.lang.Object, java.lang.Object, long)'> (0x0000000620df0380) 
thrown [s\src\hotspot\share\interpreter\linkResolver.cpp, line 773]
Event: 0.151 Thread 0x000001e123d71e40 Exception <a 'java/lang/NoSuchMethodError'{0x0000000620df4420}: 'java.lang.Object java.lang.invoke.Invokers$Holder.linkToTargetMethod(java.lang.Object, long, java.lang.Object)'> (0x0000000620df4420) 
thrown [s\src\hotspot\share\interpreter\linkResolver.cpp, line 773]
Event: 0.152 Thread 0x000001e123d71e40 Exception <a 'java/lang/NoSuchMethodError'{0x0000000620dfb4a8}: 'int java.lang.invoke.DirectMethodHandle$Holder.invokeStaticInit(java.lang.Object, java.lang.Object, java.lang.Object, long)'> (0x0000000620dfb4a8) 
thrown [s\src\hotspot\share\interpreter\linkResolver.cpp, line 773]
Event: 0.166 Thread 0x000001e123d71e40 Exception <a 'sun/nio/fs/WindowsException'{0x0000000620ea6f18}> (0x0000000620ea6f18) 
thrown [s\src\hotspot\share\prims\jni.cpp, line 520]
Event: 0.166 Thread 0x000001e123d71e40 Exception <a 'sun/nio/fs/WindowsException'{0x0000000620ea7278}> (0x0000000620ea7278) 
thrown [s\src\hotspot\share\prims\jni.cpp, line 520]
Event: 0.171 Thread 0x000001e123d71e40 Exception <a 'java/lang/NoSuchMethodError'{0x0000000620ebdba8}: 'int java.lang.invoke.Invokers$Holder.invokeExact_MT(java.lang.Object, java.lang.Object)'> (0x0000000620ebdba8) 
thrown [s\src\hotspot\share\interpreter\linkResolver.cpp, line 773]
Event: 0.354 Thread 0x000001e123d71e40 Exception <a 'java/lang/NoSuchMethodError'{0x0000000620f278e0}: 'void java.lang.System.load(java.lang.String, java.lang.Class)'> (0x0000000620f278e0) 
thrown [s\src\hotspot\share\interpreter\linkResolver.cpp, line 773]
Event: 0.355 Thread 0x000001e123d71e40 Exception <a 'java/lang/NoSuchMethodError'{0x0000000620f2a280}: 'void java.lang.System.loadLibrary(java.lang.String, java.lang.Class)'> (0x0000000620f2a280) 
thrown [s\src\hotspot\share\interpreter\linkResolver.cpp, line 773]
Event: 0.357 Thread 0x000001e123d71e40 Exception <a 'sun/nio/fs/WindowsException'{0x0000000620f39430}> (0x0000000620f39430) 
thrown [s\src\hotspot\share\prims\jni.cpp, line 520]
Event: 0.357 Thread 0x000001e123d71e40 Exception <a 'sun/nio/fs/WindowsException'{0x0000000620f397d0}> (0x0000000620f397d0) 
thrown [s\src\hotspot\share\prims\jni.cpp, line 520]
Event: 0.362 Thread 0x000001e123d71e40 Exception <a 'sun/nio/fs/WindowsException'{0x0000000620f43cb8}> (0x0000000620f43cb8) 
thrown [s\src\hotspot\share\prims\jni.cpp, line 520]
Event: 0.362 Thread 0x000001e123d71e40 Exception <a 'sun/nio/fs/WindowsException'{0x0000000620f43f88}> (0x0000000620f43f88) 
thrown [s\src\hotspot\share\prims\jni.cpp, line 520]
Event: 0.601 Thread 0x000001e123d71e40 Exception <a 'java/lang/NoSuchMethodError'{0x0000000620b99a88}: 'void java.lang.System.load(java.lang.String, java.lang.Class)'> (0x0000000620b99a88) 
thrown [s\src\hotspot\share\interpreter\linkResolver.cpp, line 773]
Event: 0.601 Thread 0x000001e123d71e40 Exception <a 'java/lang/NoSuchMethodError'{0x0000000620b9c428}: 'void java.lang.System.loadLibrary(java.lang.String, java.lang.Class)'> (0x0000000620b9c428) 
thrown [s\src\hotspot\share\interpreter\linkResolver.cpp, line 773]
Event: 0.605 Thread 0x000001e123d71e40 Exception <a 'sun/nio/fs/WindowsException'{0x0000000620bab188}> (0x0000000620bab188) 
thrown [s\src\hotspot\share\prims\jni.cpp, line 520]
Event: 0.605 Thread 0x000001e123d71e40 Exception <a 'sun/nio/fs/WindowsException'{0x0000000620bab508}> (0x0000000620bab508) 
thrown [s\src\hotspot\share\prims\jni.cpp, line 520]
Event: 1.807 Thread 0x000001e123d71e40 Implicit null exception at 0x000001e13643cd5d to 0x0000000000000000

ZGC Phase Switch (0 events):
No events

VM Operations (20 events):
Event: 0.060 Executing VM operation: HandshakeAllThreads (Deoptimize)
Event: 0.060 Executing VM operation: HandshakeAllThreads (Deoptimize) done
Event: 0.646 Executing VM operation: G1CollectForAllocation (G1 Evacuation Pause)
Event: 0.648 Executing VM operation: G1CollectForAllocation (G1 Evacuation Pause) done
Event: 0.700 Executing VM operation: G1CollectForAllocation (G1 Evacuation Pause)
Event: 0.702 Executing VM operation: G1CollectForAllocation (G1 Evacuation Pause) done
Event: 0.879 Executing VM operation: G1CollectForAllocation (G1 Evacuation Pause)
Event: 0.883 Executing VM operation: G1CollectForAllocation (G1 Evacuation Pause) done
Event: 0.896 Executing VM operation: HandshakeAllThreads (Deoptimize)
Event: 0.896 Executing VM operation: HandshakeAllThreads (Deoptimize) done
Event: 1.113 Executing VM operation: HandshakeAllThreads (Deoptimize)
Event: 1.113 Executing VM operation: HandshakeAllThreads (Deoptimize) done
Event: 1.232 Executing VM operation: G1CollectForAllocation (G1 Evacuation Pause)
Event: 1.240 Executing VM operation: G1CollectForAllocation (G1 Evacuation Pause) done
Event: 1.655 Executing VM operation: G1CollectForAllocation (G1 Evacuation Pause)
Event: 1.692 Executing VM operation: G1CollectForAllocation (G1 Evacuation Pause) done
Event: 1.695 Executing VM operation: G1CollectForAllocation (G1 Evacuation Pause)
Event: 1.709 Executing VM operation: G1CollectForAllocation (G1 Evacuation Pause) done
Event: 1.807 Executing VM operation: HandshakeAllThreads (Deoptimize)
Event: 1.807 Executing VM operation: HandshakeAllThreads (Deoptimize) done

Events (20 events):
Event: 0.621 Thread 0x000001e18d0ac840 Thread added: 0x000001e18d0ac840
Event: 0.622 Thread 0x000001e18d0ae380 Thread added: 0x000001e18d0ae380
Event: 0.625 Thread 0x000001e18d0ac170 Thread added: 0x000001e18d0ac170
Event: 0.627 Thread 0x000001e18d0acf10 Thread added: 0x000001e18d0acf10
Event: 0.627 Thread 0x000001e18d0aea50 Thread added: 0x000001e18d0aea50
Event: 0.631 Thread 0x000001e18d0af120 Thread added: 0x000001e18d0af120
Event: 0.631 Thread 0x000001e1984470d0 Thread added: 0x000001e1984470d0
Event: 0.632 Thread 0x000001e198446a00 Thread added: 0x000001e198446a00
Event: 0.838 Thread 0x000001e198446a00 Thread exited: 0x000001e198446a00
Event: 0.895 Thread 0x000001e1984470d0 Thread exited: 0x000001e1984470d0
Event: 0.895 Thread 0x000001e18d0af120 Thread exited: 0x000001e18d0af120
Event: 0.895 Thread 0x000001e18d0aea50 Thread exited: 0x000001e18d0aea50
Event: 0.920 Thread 0x000001e18d0aea50 Thread added: 0x000001e18d0aea50
Event: 1.463 Thread 0x000001e18d0aea50 Thread exited: 0x000001e18d0aea50
Event: 1.463 Thread 0x000001e18d0acf10 Thread exited: 0x000001e18d0acf10
Event: 1.464 Thread 0x000001e18d0ac170 Thread exited: 0x000001e18d0ac170
Event: 1.464 Thread 0x000001e18d0ac840 Thread exited: 0x000001e18d0ac840
Event: 1.464 Thread 0x000001e18d0aea50 Thread added: 0x000001e18d0aea50
Event: 1.467 Thread 0x000001e18d0af120 Thread added: 0x000001e18d0af120
Event: 1.735 Thread 0x000001e18d0af120 Thread exited: 0x000001e18d0af120


Dynamic libraries:
0x00007ff7ffe80000 - 0x00007ff7ffe8e000 	C:\Program Files\Eclipse Adoptium\jdk-21.0.3.9-hotspot\bin\java.exe
0x00007ff853720000 - 0x00007ff853988000 	C:\WINDOWS\SYSTEM32\ntdll.dll
0x00007ff8526a0000 - 0x00007ff852769000 	C:\WINDOWS\System32\KERNEL32.DLL
0x00007ff850b80000 - 0x00007ff850f6d000 	C:\WINDOWS\System32\KERNELBASE.dll
0x00007ff851160000 - 0x00007ff8512ab000 	C:\WINDOWS\System32\ucrtbase.dll
0x00007fffe5b00000 - 0x00007fffe5b18000 	C:\Program Files\Eclipse Adoptium\jdk-21.0.3.9-hotspot\bin\jli.dll
0x00007fffe5ae0000 - 0x00007fffe5afb000 	C:\Program Files\Eclipse Adoptium\jdk-21.0.3.9-hotspot\bin\VCRUNTIME140.dll
0x00007ff853010000 - 0x00007ff8531dc000 	C:\WINDOWS\System32\USER32.dll
0x00007ff8509f0000 - 0x00007ff850a17000 	C:\WINDOWS\System32\win32u.dll
0x00007ff8531e0000 - 0x00007ff85320b000 	C:\WINDOWS\System32\GDI32.dll
0x00007ff837b00000 - 0x00007ff837d9a000 	C:\WINDOWS\WinSxS\amd64_microsoft.windows.common-controls_6595b64144ccf1df_6.0.26100.4484_none_3e0e6d4ce32ef3b3\COMCTL32.dll
0x00007ff850f70000 - 0x00007ff8510a7000 	C:\WINDOWS\System32\gdi32full.dll
0x00007ff852230000 - 0x00007ff8522d9000 	C:\WINDOWS\System32\msvcrt.dll
0x00007ff8510b0000 - 0x00007ff851153000 	C:\WINDOWS\System32\msvcp_win.dll
0x00007ff852fd0000 - 0x00007ff852fff000 	C:\WINDOWS\System32\IMM32.DLL
0x00007fffe5ad0000 - 0x00007fffe5adc000 	C:\Program Files\Eclipse Adoptium\jdk-21.0.3.9-hotspot\bin\vcruntime140_1.dll
0x00007fffe5980000 - 0x00007fffe5a0e000 	C:\Program Files\Eclipse Adoptium\jdk-21.0.3.9-hotspot\bin\msvcp140.dll
0x00007fff78700000 - 0x00007fff79482000 	C:\Program Files\Eclipse Adoptium\jdk-21.0.3.9-hotspot\bin\server\jvm.dll
0x00007ff852790000 - 0x00007ff852844000 	C:\WINDOWS\System32\ADVAPI32.dll
0x00007ff852560000 - 0x00007ff852606000 	C:\WINDOWS\System32\sechost.dll
0x00007ff853450000 - 0x00007ff853568000 	C:\WINDOWS\System32\RPCRT4.dll
0x00007ff852610000 - 0x00007ff852684000 	C:\WINDOWS\System32\WS2_32.dll
0x00007ff84f490000 - 0x00007ff84f4ee000 	C:\WINDOWS\SYSTEM32\POWRPROF.dll
0x00007ff849ca0000 - 0x00007ff849cab000 	C:\WINDOWS\SYSTEM32\VERSION.dll
0x00007ff843760000 - 0x00007ff843795000 	C:\WINDOWS\SYSTEM32\WINMM.dll
0x00007ff84f470000 - 0x00007ff84f484000 	C:\WINDOWS\SYSTEM32\UMPDC.dll
0x00007ff84f730000 - 0x00007ff84f74b000 	C:\WINDOWS\SYSTEM32\kernel.appcore.dll
0x00007fffe55a0000 - 0x00007fffe55aa000 	C:\Program Files\Eclipse Adoptium\jdk-21.0.3.9-hotspot\bin\jimage.dll
0x00007ff838e20000 - 0x00007ff839061000 	C:\WINDOWS\SYSTEM32\DBGHELP.DLL
0x00007ff8519f0000 - 0x00007ff851d76000 	C:\WINDOWS\System32\combase.dll
0x00007ff852360000 - 0x00007ff852440000 	C:\WINDOWS\System32\OLEAUT32.dll
0x00007ff82e060000 - 0x00007ff82e0a3000 	C:\WINDOWS\SYSTEM32\dbgcore.DLL
0x00007ff850a20000 - 0x00007ff850ab9000 	C:\WINDOWS\System32\bcryptPrimitives.dll
0x00007fffe5570000 - 0x00007fffe558f000 	C:\Program Files\Eclipse Adoptium\jdk-21.0.3.9-hotspot\bin\java.dll
0x00007ff852880000 - 0x00007ff852fca000 	C:\WINDOWS\System32\SHELL32.dll
0x00007ff851340000 - 0x00007ff8514b4000 	C:\WINDOWS\System32\wintypes.dll
0x00007ff84e4f0000 - 0x00007ff84ed4b000 	C:\WINDOWS\SYSTEM32\windows.storage.dll
0x00007ff851870000 - 0x00007ff851965000 	C:\WINDOWS\System32\SHCORE.dll
0x00007ff851700000 - 0x00007ff85176a000 	C:\WINDOWS\System32\shlwapi.dll
0x00007ff850780000 - 0x00007ff8507af000 	C:\WINDOWS\SYSTEM32\profapi.dll
0x00007fffe5490000 - 0x00007fffe5567000 	C:\Program Files\Eclipse Adoptium\jdk-21.0.3.9-hotspot\bin\jsvml.dll
0x00007fffe5460000 - 0x00007fffe5470000 	C:\Program Files\Eclipse Adoptium\jdk-21.0.3.9-hotspot\bin\net.dll
0x00007ff849760000 - 0x00007ff84987e000 	C:\WINDOWS\SYSTEM32\WINHTTP.dll
0x00007ff84fcc0000 - 0x00007ff84fd2a000 	C:\WINDOWS\system32\mswsock.dll
0x00007fffe4540000 - 0x00007fffe4556000 	C:\Program Files\Eclipse Adoptium\jdk-21.0.3.9-hotspot\bin\nio.dll
0x00007fffe5470000 - 0x00007fffe5488000 	C:\Program Files\Eclipse Adoptium\jdk-21.0.3.9-hotspot\bin\zip.dll
0x00007ff83c0e0000 - 0x00007ff83c15e000 	C:\Users\mirek\AppData\Local\Temp\lwjgl_mirek\3.3.6+1\x64\lwjgl.dll
0x00007ff830580000 - 0x00007ff830609000 	C:\Users\mirek\AppData\Local\Temp\lwjgl_mirek\3.3.6+1\x64\glfw.dll
0x00007ff8081d0000 - 0x00007ff80821b000 	C:\WINDOWS\SYSTEM32\dinput8.dll
0x00007ff84bc30000 - 0x00007ff84bc42000 	C:\WINDOWS\SYSTEM32\xinput1_4.dll
0x00007ff850500000 - 0x00007ff850557000 	C:\WINDOWS\SYSTEM32\cfgmgr32.dll
0x00007ff8504d0000 - 0x00007ff8504fd000 	C:\WINDOWS\SYSTEM32\DEVOBJ.dll
0x00007ff84de40000 - 0x00007ff84de76000 	C:\WINDOWS\SYSTEM32\dwmapi.dll
0x00007ff82c240000 - 0x00007ff82c423000 	C:\WINDOWS\SYSTEM32\inputhost.dll
0x00007ff84d6b0000 - 0x00007ff84d7d5000 	C:\WINDOWS\SYSTEM32\CoreMessaging.dll
0x00007ff84db20000 - 0x00007ff84dbcf000 	C:\WINDOWS\system32\uxtheme.dll
0x00007ff853570000 - 0x00007ff8536d0000 	C:\WINDOWS\System32\MSCTF.dll
0x00007ff84ff90000 - 0x00007ff84ff9c000 	C:\WINDOWS\SYSTEM32\CRYPTBASE.DLL
0x00007fffb8160000 - 0x00007fffb8278000 	C:\WINDOWS\SYSTEM32\opengl32.dll
0x00007fffb8130000 - 0x00007fffb815d000 	C:\WINDOWS\SYSTEM32\GLU32.dll
0x00007ff84dc20000 - 0x00007ff84dc6d000 	C:\WINDOWS\SYSTEM32\dxcore.dll
0x00007ff83a930000 - 0x00007ff83a94a000 	C:\WINDOWS\SYSTEM32\windows.staterepositorycore.dll
0x00007fffb57e0000 - 0x00007fffb8124000 	C:\WINDOWS\System32\DriverStore\FileRepository\nv_dispi.inf_amd64_fe5f369669db2f36\nvoglv64.dll
0x00007ff851d90000 - 0x00007ff852216000 	C:\WINDOWS\System32\SETUPAPI.dll
0x00007ff851550000 - 0x00007ff8516ee000 	C:\WINDOWS\System32\ole32.dll
0x00007ff84da90000 - 0x00007ff84daa6000 	C:\WINDOWS\SYSTEM32\WTSAPI32.dll
0x00007ff8500a0000 - 0x00007ff8500b3000 	C:\WINDOWS\SYSTEM32\msasn1.dll
0x00007ff849a80000 - 0x00007ff849abb000 	C:\WINDOWS\SYSTEM32\cryptnet.dll
0x00007ff850870000 - 0x00007ff8509e7000 	C:\WINDOWS\System32\CRYPT32.dll
0x00007ff850030000 - 0x00007ff85009b000 	C:\WINDOWS\SYSTEM32\wldp.dll
0x00007ff8495e0000 - 0x00007ff84975c000 	C:\WINDOWS\SYSTEM32\drvstore.dll
0x00007ff8512b0000 - 0x00007ff851334000 	C:\WINDOWS\System32\WINTRUST.dll
0x00007ff84f860000 - 0x00007ff84f896000 	C:\WINDOWS\SYSTEM32\ntmarta.dll
0x00007ff852850000 - 0x00007ff852870000 	C:\WINDOWS\System32\imagehlp.dll
0x00007ff84ff70000 - 0x00007ff84ff8b000 	C:\WINDOWS\SYSTEM32\CRYPTSP.dll
0x00007ff84f690000 - 0x00007ff84f6cb000 	C:\WINDOWS\system32\rsaenh.dll
0x00007ff850750000 - 0x00007ff850776000 	C:\WINDOWS\SYSTEM32\bcrypt.dll
0x00007ff844b50000 - 0x00007ff8488e2000 	C:\WINDOWS\System32\DriverStore\FileRepository\nv_dispi.inf_amd64_fe5f369669db2f36\nvgpucomp64.dll
0x00007ff817740000 - 0x00007ff817a54000 	C:\WINDOWS\system32\nvspcap64.dll
0x00007ff84efe0000 - 0x00007ff84f047000 	C:\WINDOWS\SYSTEM32\WINSTA.dll
0x00007ff82c0e0000 - 0x00007ff82c230000 	C:\WINDOWS\SYSTEM32\textinputframework.dll
0x00007ff84a4d0000 - 0x00007ff84a7b3000 	C:\WINDOWS\SYSTEM32\CoreUIComponents.dll
0x00007ff831330000 - 0x00007ff83138d000 	C:\Users\mirek\AppData\Local\Temp\lwjgl_mirek\3.3.6+1\x64\lwjgl_opengl.dll
0x00007fffe4530000 - 0x00007fffe4540000 	C:\Program Files\Eclipse Adoptium\jdk-21.0.3.9-hotspot\bin\verify.dll
0x00007ff822be0000 - 0x00007ff822c79000 	C:\Users\mirek\AppData\Local\Temp\lwjgl_mirek\3.3.6+1\x64\lwjgl_stb.dll

dbghelp: loaded successfully - version: 4.0.5 - missing functions: none
symbol engine: initialized successfully - sym options: 0x614 - pdb path: .;C:\Program Files\Eclipse Adoptium\jdk-21.0.3.9-hotspot\bin;C:\WINDOWS\SYSTEM32;C:\WINDOWS\WinSxS\amd64_microsoft.windows.common-controls_6595b64144ccf1df_6.0.26100.4484_none_3e0e6d4ce32ef3b3;C:\Program Files\Eclipse Adoptium\jdk-21.0.3.9-hotspot\bin\server;C:\Users\mirek\AppData\Local\Temp\lwjgl_mirek\3.3.6+1\x64;C:\WINDOWS\System32\DriverStore\FileRepository\nv_dispi.inf_amd64_fe5f369669db2f36

VM Arguments:
jvm_args: -XX:+ShowCodeDetailsInExceptionMessages 
java_command: engine.Main
java_class_path (initial): \Mian-engine-v1\build\resources\main;C:\Users\mirek\Desktop\Programming Stuff\OpenGL\Mian Engine\Mian-engine-v1\build\classes\java\main;C:\Users\mirek\.gradle\caches\modules-2\files-2.1\org.lwjgl\lwjgl\3.3.6\ce7721d30cfaf47feaed10213e0c43eb55c49d68\lwjgl-3.3.6.jar;C:\Users\mirek\.gradle\caches\modules-2\files-2.1\com.github.stephengold\stack-alloc\1.0.2\13cbb10c01ec09d0f5879f988946a97998175dfc\stack-alloc-1.0.2.jar;C:\Users\mirek\.gradle\caches\modules-2\files-2.1\javax.vecmath\vecmath\1.5.2\fd17bc3e67f909573dfc039d8e2abecf407c4e27\vecmath-1.5.2.jar;C:\Users\mirek\.gradle\caches\modules-2\files-2.1\org.lwjgl\lwjgl\3.3.6\9a29b6a22fc5184604b8cb434ee5d5ecc4bfcbee\lwjgl-3.3.6-natives-windows.jar;C:\Users\mirek\.gradle\caches\modules-2\files-2.1\org.lwjgl\lwjgl-opengl\3.3.6\ac2532612a4df374e9a9282bcf8ce2573018ebbb\lwjgl-opengl-3.3.6.jar;C:\Users\mirek\.gradle\caches\modules-2\files-2.1\org.joml\joml\1.10.5\22566d58af70ad3d72308bab63b8339906deb649\joml-1.10.5.jar;C:\Users\mirek\.gradle\caches\modules-2\files-2.1\org.lwjgl\lwjgl-stb\3.3.6\334cf885b39e2db9070c39e70e65efb136435f10\lwjgl-stb-3.3.6-natives-windows.jar;C:\Users\mirek\.gradle\caches\modules-2\files-2.1\org.lwjgl\lwjgl-glfw\3.3.6\99ef08056feb9627f90425a4d2a22cd9fae8e39b\lwjgl-glfw-3.3.6-natives-windows.jar;C:\Users\mirek\.gradle\caches\modules-2\files-2.1\org.lwjgl\lwjgl-opengl\3.3.6\18dc639ebc94aa5202c2157f7490d28997b697c5\lwjgl-opengl-3.3.6-natives-windows.jar;C:\Users\mirek\.gradle\caches\modules-2\files-2.1\com.github.stephengold\jbullet\1.0.3\362f53e8aa981037c2523ac24eb4d9b190a49036\jbullet-1.0.3.jar;C:\Users\mirek\.gradle\caches\modules-2\files-2.1\org.lwjgl\lwjgl-glfw\3.3.6\7119f7d0eeb1e5502ff0ca71d2b4d47317da015\lwjgl-glfw-3.3.6.jar;C:\Users\mirek\.gradle\caches\modules-2\files-2.1\org.lwjgl\lwjgl-stb\3.3.6\e2d3739dcfe7b672b626ded66d94f6587083306e\lwjgl-stb-3.3.6.jar
Launcher Type: SUN_STANDARD

[Global flags]
     intx CICompilerCount                          = 12                                        {product} {ergonomic}
     uint ConcGCThreads                            = 5                                         {product} {ergonomic}
     uint G1ConcRefinementThreads                  = 18                                        {product} {ergonomic}
   size_t G1HeapRegionSize                         = 4194304                                   {product} {ergonomic}
    uintx GCDrainStackTargetSize                   = 64                                        {product} {ergonomic}
   size_t InitialHeapSize                          = 536870912                                 {product} {ergonomic}
   size_t MarkStackSize                            = 4194304                                   {product} {ergonomic}
   size_t MaxHeapSize                              = 8568963072                                {product} {ergonomic}
   size_t MaxNewSize                               = 5138022400                                {product} {ergonomic}
   size_t MinHeapDeltaBytes                        = 4194304                                   {product} {ergonomic}
   size_t MinHeapSize                              = 8388608                                   {product} {ergonomic}
    uintx NonNMethodCodeHeapSize                   = 7602480                                {pd product} {ergonomic}
    uintx NonProfiledCodeHeapSize                  = 122027880                              {pd product} {ergonomic}
    uintx ProfiledCodeHeapSize                     = 122027880                              {pd product} {ergonomic}
    uintx ReservedCodeCacheSize                    = 251658240                              {pd product} {ergonomic}
     bool SegmentedCodeCache                       = true                                      {product} {ergonomic}
     bool ShowCodeDetailsInExceptionMessages       = true                                   {manageable} {command line}
   size_t SoftMaxHeapSize                          = 8568963072                             {manageable} {ergonomic}
     bool UseCompressedOops                        = true                           {product lp64_product} {ergonomic}
     bool UseG1GC                                  = true                                      {product} {ergonomic}
     bool UseLargePagesIndividualAllocation        = false                                  {pd product} {ergonomic}

Logging:
Log output configuration:
 #0: stdout all=warning uptime,level,tags foldmultilines=false
 #1: stderr all=off uptime,level,tags foldmultilines=false

Environment Variables:
JAVA_HOME=C:\Program Files\Java\jdk-17
PATH=C:\Program Files\Java\jdk-17\bin;C:\Program Files\Common Files\Oracle\Java\javapath;C:\Program Files (x86)\Common Files\Oracle\Java\java8path;C:\Program Files (x86)\Common Files\Oracle\Java\javapath;C:\Program Files\Microsoft MPI\Bin\;C:\Program Files\Eclipse Adoptium\jdk-21.0.3.9-hotspot\bin;C:\Python312\Scripts\;C:\Python312\;C:\Program Files (x86)\Razer Chroma SDK\bin;C:\Program Files\Razer Chroma SDK\bin;C:\Program Files (x86)\Razer\ChromaBroadcast\bin;C:\Program Files\Razer\ChromaBroadcast\bin;C:\Program Files\Eclipse Adoptium\jdk-17.0.10.7-hotspot\bin;C:\Windows\system32;C:\Windows;C:\Windows\System32\Wbem;C:\Windows\System32\WindowsPowerShell\v1.0\;C:\Windows\System32\OpenSSH\;C:\Program Files\dotnet\;C:\Windows\system32\config\systemprofile\AppData\Local\Microsoft\WindowsApps;C:\Users\mirek\AppData\Local\Microsoft\WindowsApps;D:\Microsoft VS Code\bin;D:\IntelliJ IDEA Community Edition 2023.3.6\bin;C:\Users\mirek\.dotnet\tools;C:\Program Files\nodejs\;C:\ProgramData\chocolatey\bin;C:\Program Files\Git\cmd;C:\Program Files\Microsoft SQL Server\150\Tools\Binn\;C:\Program Files\Microsoft SQL Server\Client SDK\ODBC\170\Tools\Binn\;C:\msys64\mingw64\bin;C:\WINDOWS\system32;C:\WINDOWS;C:\WINDOWS\System32\Wbem;C:\WINDOWS\System32\WindowsPowerShell\v1.0\;C:\WINDOWS\System32\OpenSSH\;C:\Program Files\NVIDIA Corporation\NVIDIA App\NvDLISR;C:\Program Files (x86)\NVIDIA Corporation\PhysX\Common;C:\Program Files\Java\jdk-17\bin;C:\Users\mirek\.cargo\bin;C:\Users\mirek\AppData\Local\Programs\Python\Python311\Scripts\;C:\Users\mirek\AppData\Local\Programs\Python\Python311\;C:\Users\mirek\AppData\Local\Microsoft\WindowsApps;D:\Microsoft VS Code\bin;D:\IntelliJ IDEA Community Edition 2023.3.6\bin;;C:\Users\mirek\.dotnet\tools;C:\Users\mirek\AppData\Roaming\npm;C:\Users\mirek\AppData\Local\Muse Hub\lib;C:\msys64\mingw64\bin;C:\ffmpeg\bin;C:\Gradle\gradle-8.12-all\gradle-8.12\bin;C:\Program Files (x86)\Atmel\Flip 3.4.7\bin;C:\Program Files (x86)\Nmap;C:\maven\bin;C:\Users\mirek\AppData\Local\Microsoft\WinGet\Packages\Microsoft.devtunnel_Microsoft.Winget.Source_8wekyb3d8bbwe;C:\Program Files\NVIDIA GPU Computing Toolkit\CUDA\v11.8\bin;C:\Program Files\NVIDIA GPU Computing Toolkit\CUDA\v11.8\lib\x64;C:\Program Files\Java\jdk-17;
USERNAME=mirek
LANG=en_US.UTF-8
OS=Windows_NT
PROCESSOR_IDENTIFIER=AMD64 Family 25 Model 33 Stepping 2, AuthenticAMD
TMP=C:\Users\mirek\AppData\Local\Temp
TEMP=C:\Users\mirek\AppData\Local\Temp




Periodic native trim disabled

---------------  S Y S T E M  ---------------

OS:
 Windows 11 , 64 bit Build 26100 (10.0.26100.4484)
OS uptime: 0 days 0:13 hours

CPU: total 24 (initial active 24) (24 cores per cpu, 2 threads per core) family 25 model 33 stepping 2 microcode 0xa201213, cx8, cmov, fxsr, ht, mmx, 3dnowpref, sse, sse2, sse3, ssse3, sse4a, sse4.1, sse4.2, popcnt, lzcnt, tsc, tscinvbit, avx, avx2, aes, erms, clmul, bmi1, bmi2, adx, sha, fma, vzeroupper, clflush, clflushopt, rdtscp, rdpid, fsrm, f16c, pku, cet_ss
Processor Information for all 24 processors :
  Max Mhz: 3701, Current Mhz: 3701, Mhz Limit: 3701

Memory: 4k page, system-wide physical 32681M (13950M free)
TotalPageFile size 43945M (AvailPageFile size 22285M)
current process WorkingSet (physical memory assigned to process): 728M, peak: 728M
current process commit charge ("private bytes"): 1140M, peak: 1144M

vm_info: OpenJDK 64-Bit Server VM (21.0.3+9-LTS) for windows-amd64 JRE (21.0.3+9-LTS), built on 2024-04-16T00:00:00Z by "admin" with MS VC++ 17.7 (VS2022)

END.
