#
# A fatal error has been detected by the Java Runtime Environment:
#
#  EXCEPTION_ACCESS_VIOLATION (0xc0000005) at pc=0x00000244b584c5dd, pid=36188, tid=34916
#
# JRE version: OpenJDK Runtime Environment Temurin-21.0.3+9 (21.0.3+9) (build 21.0.3+9-LTS)
# Java VM: OpenJDK 64-Bit Server VM Temurin-21.0.3+9 (21.0.3+9-LTS, mixed mode, sharing, tiered, compressed oops, compressed class ptrs, g1 gc, windows-amd64)
# Problematic frame:
# J 663 c2 sun.misc.Unsafe.putLong(Ljava/lang/Object;JJ)V jdk.unsupported@21.0.3 (11 bytes) @ 0x00000244b584c5dd [0x00000244b584c5a0+0x000000000000003d]
#
# No core dump will be written. Minidumps are not enabled by default on client versions of Windows
#
# If you would like to submit a bug report, please visit:
#   https://github.com/adoptium/adoptium-support/issues
#

---------------  S U M M A R Y ------------

Command Line: -XX:+ShowCodeDetailsInExceptionMessages engine.Main

Host: AMD Ryzen 9 5900X 12-Core Processor            , 24 cores, 31G,  Windows 11 , 64 bit Build 26100 (10.0.26100.4484)
Time: Sun Aug 24 23:40:53 2025 Mitteleuropäische Sommerzeit elapsed time: 1.871412 seconds (0d 0h 0m 1s)

---------------  T H R E A D  ---------------

Current thread (0x00000244a3934b80):  JavaThread "main"             [_thread_in_Java, id=34916, stack(0x000000b33d200000,0x000000b33d300000) (1024K)]

Stack: [0x000000b33d200000,0x000000b33d300000],  sp=0x000000b33d2ff140,  free space=1020k
Native frames: (J=compiled Java code, j=interpreted, Vv=VM code, C=native code)
C  0x00000244b584c5dd

The last pc belongs to nmethod (printed below).

siginfo: EXCEPTION_ACCESS_VIOLATION (0xc0000005), writing address 0x0000000000000010


Registers:
RAX=0x000002450d1378d0, RBX=0x000002450d1378d0, RCX=0x000000060ecf6150, RDX=0x000000060ecf6150
RSP=0x000000b33d2ff140, RBP=0x000000b33d2ff1d8, RSI=0x00000000000001c0, RDI=0x0000000041200000
R8 =0x0000000000000000, R9 =0x0000000000000010, R10=0x0000000000000000, R11=0x00000244b584c5c0
R12=0x0000000000000000, R13=0x000000b33d2ff160, R14=0x000000b33d2ff200, R15=0x00000244a3934b80
RIP=0x00000244b584c5dd, EFLAGS=0x0000000000010246


Register to memory mapping:

RAX={method} {0x000002450d1378d8} 'putLong' '(Ljava/lang/Object;JJ)V' in 'sun/misc/Unsafe'
RBX={method} {0x000002450d1378d8} 'putLong' '(Ljava/lang/Object;JJ)V' in 'sun/misc/Unsafe'
RCX=0x000000060ecf6150 is an oop: sun.misc.Unsafe 
{0x000000060ecf6150} - klass: 'sun/misc/Unsafe'
 - ---- fields (total size 2 words):
RDX=0x000000060ecf6150 is an oop: sun.misc.Unsafe 
{0x000000060ecf6150} - klass: 'sun/misc/Unsafe'
 - ---- fields (total size 2 words):
RSP=0x000000b33d2ff140 is pointing into the stack for thread: 0x00000244a3934b80
RBP=0x000000b33d2ff1d8 is pointing into the stack for thread: 0x00000244a3934b80
RSI=0x00000000000001c0 is an unknown value
RDI=0x0000000041200000 is an unknown value
R8 =0x0 is null
R9 =0x0000000000000010 is an unknown value
R10=0x0 is null
R11=0x00000244b584c5c0 is at entry_point+32 in (nmethod*)0x00000244b584c410
Compiled method (c2)    1890  663       4       sun.misc.Unsafe::putLong (11 bytes)
 total in heap  [0x00000244b584c410,0x00000244b584c660] = 592
 relocation     [0x00000244b584c570,0x00000244b584c588] = 24
 main code      [0x00000244b584c5a0,0x00000244b584c618] = 120
 stub code      [0x00000244b584c618,0x00000244b584c630] = 24
 scopes data    [0x00000244b584c630,0x00000244b584c638] = 8
 scopes pcs     [0x00000244b584c638,0x00000244b584c658] = 32
 dependencies   [0x00000244b584c658,0x00000244b584c660] = 8
R12=0x0 is null
R13=0x000000b33d2ff160 is pointing into the stack for thread: 0x00000244a3934b80
R14=0x000000b33d2ff200 is pointing into the stack for thread: 0x00000244a3934b80
R15=0x00000244a3934b80 is a thread

Top of Stack: (sp=0x000000b33d2ff140)
0x000000b33d2ff140:   000000b33d2ff1d8 00000244b50d893e
0x000000b33d2ff150:   000000b33d2ff1d8 00000244b50d8860
0x000000b33d2ff160:   0000000041200000 0000000000000000
0x000000b33d2ff170:   0000000000000010 0000000000000000
0x000000b33d2ff180:   0000000000000000 000000060ecf6150
0x000000b33d2ff190:   000000b33d2ff190 000002450d7fc151
0x000000b33d2ff1a0:   0000000000000005 000002450d810000
0x000000b33d2ff1b0:   0000000000000000 0000000611fde2d0
0x000000b33d2ff1c0:   000002450d7fc190 000000b33d2ff160
0x000000b33d2ff1d0:   000000b33d2ff1f0 000000b33d2ff250
0x000000b33d2ff1e0:   00000244b50d8860 0000000000000000
0x000000b33d2ff1f0:   0000000000000010 0000000000000000
0x000000b33d2ff200:   000000061198a968 000000b33d2ff208
0x000000b33d2ff210:   000002450d80276c 0000000000000005
0x000000b33d2ff220:   000002450d810000 0000000000000000
0x000000b33d2ff230:   0000000611fde2d0 000002450d8027b0
0x000000b33d2ff240:   000000b33d2ff1f0 000000b33d2ff260
0x000000b33d2ff250:   000000b33d2ff2c8 00000244b50d8860
0x000000b33d2ff260:   000000061198aa60 0000000000000000
0x000000b33d2ff270:   000000061198a968 00000006119881d8
0x000000b33d2ff280:   000000b33d2ff280 000002450d785719
0x000000b33d2ff290:   0000000000000003 000002450d7b8000
0x000000b33d2ff2a0:   0000000000000000 0000000611f44f68
0x000000b33d2ff2b0:   000002450d785740 000000b33d2ff260
0x000000b33d2ff2c0:   000000b33d2ff2d8 000000b33d2ff330
0x000000b33d2ff2d0:   00000244b50d89d2 000000061198aa60
0x000000b33d2ff2e0:   000000061198a968 000000b33d2ff2e8
0x000000b33d2ff2f0:   000002450d59ffa8 0000000000000003
0x000000b33d2ff300:   000002450d5a8000 0000000000000000
0x000000b33d2ff310:   000000060eeaad48 000002450d5a12d0
0x000000b33d2ff320:   000000b33d2ff2d8 000000b33d2ff348
0x000000b33d2ff330:   000000b33d2ff3a8 00000244b50d89d2 

Instructions: (pc=0x00000244b584c5dd)
0x00000244b584c4dd:   00 00 00 00 00 00 00 00 00 00 00 00 00 00 00 00
0x00000244b584c4ed:   00 00 00 a0 c5 84 b5 44 02 00 00 c0 c5 84 b5 44
0x00000244b584c4fd:   02 00 00 a0 c5 84 b5 44 02 00 00 00 00 00 00 00
0x00000244b584c50d:   00 00 00 ff ff ff ff 08 02 00 00 ff ff ff ff 90
0x00000244b584c51d:   01 00 00 08 02 00 00 20 02 00 00 20 02 00 00 00
0x00000244b584c52d:   00 00 00 28 02 00 00 48 02 00 00 50 02 00 00 50
0x00000244b584c53d:   02 00 00 50 02 00 00 50 02 00 00 50 02 00 00 00
0x00000244b584c54d:   00 00 00 97 02 00 00 02 00 00 00 ff ff ff ff ff
0x00000244b584c55d:   ff ff ff 04 02 00 00 00 00 00 00 00 00 00 00 00
0x00000244b584c56d:   00 00 00 14 30 32 58 0e 78 0e 40 11 31 05 31 0e
0x00000244b584c57d:   00 00 31 0f 31 00 00 00 00 00 00 00 00 00 00 00
0x00000244b584c58d:   00 00 00 00 00 00 00 00 00 00 00 00 00 00 00 00
0x00000244b584c59d:   00 00 00 44 8b 52 08 49 bb 00 00 00 cc 44 02 00
0x00000244b584c5ad:   00 4d 03 d3 49 3b c2 0f 85 c6 21 8d ff 66 90 0f
0x00000244b584c5bd:   1f 40 00 48 81 ec 18 00 00 00 48 89 6c 24 10 41
0x00000244b584c5cd:   81 7f 20 01 00 00 00 0f 85 30 00 00 00 4d 8b d0
0x00000244b584c5dd:   4b 89 3c 0a 48 83 c4 10 5d 49 3b a7 50 04 00 00
0x00000244b584c5ed:   0f 87 01 00 00 00 c3 49 ba e6 c5 84 b5 44 02 00
0x00000244b584c5fd:   00 4d 89 97 68 04 00 00 e9 f6 90 8d ff e8 51 87
0x00000244b584c60d:   8b ff e9 c6 ff ff ff f4 f4 f4 f4 e9 63 01 9a ff
0x00000244b584c61d:   e8 00 00 00 00 48 83 2c 24 05 e9 74 83 8d ff f4
0x00000244b584c62d:   f4 f4 f4 ff 00 00 00 00 00 00 00 ff ff ff ff 00
0x00000244b584c63d:   00 00 00 00 00 00 00 00 00 00 00 91 00 00 00 00
0x00000244b584c64d:   00 00 00 00 00 00 00 00 00 00 00 00 00 00 00 00
0x00000244b584c65d:   00 00 00 00 00 00 00 00 00 00 00 00 00 00 00 00
0x00000244b584c66d:   00 00 00 00 00 00 00 00 00 00 00 00 00 00 00 00
0x00000244b584c67d:   00 00 00 00 00 00 00 00 00 00 00 00 00 00 00 00
0x00000244b584c68d:   00 00 00 00 00 00 00 00 00 00 00 00 00 00 00 00
0x00000244b584c69d:   00 00 00 00 00 00 00 00 00 00 00 00 00 00 00 00
0x00000244b584c6ad:   00 00 00 00 00 00 00 00 00 00 00 00 00 00 00 00
0x00000244b584c6bd:   00 00 00 00 00 00 00 00 00 00 00 00 00 00 00 00
0x00000244b584c6cd:   00 00 00 00 00 00 00 00 00 00 00 00 00 00 00 00 


Stack slot to memory mapping:

stack at sp + 0 slots: 0x000000b33d2ff1d8 is pointing into the stack for thread: 0x00000244a3934b80
stack at sp + 1 slots: 0x00000244b50d893e is at code_begin+1406 in an Interpreter codelet
return entry points  [0x00000244b50d83c0, 0x00000244b50d8f60]  2976 bytes
stack at sp + 2 slots: 0x000000b33d2ff1d8 is pointing into the stack for thread: 0x00000244a3934b80
stack at sp + 3 slots: 0x00000244b50d8860 is at code_begin+1184 in an Interpreter codelet
return entry points  [0x00000244b50d83c0, 0x00000244b50d8f60]  2976 bytes
stack at sp + 4 slots: 0x0000000041200000 is an unknown value
stack at sp + 5 slots: 0x0 is null
stack at sp + 6 slots: 0x0000000000000010 is an unknown value
stack at sp + 7 slots: 0x0 is null


Compiled method (c2)    1905  663       4       sun.misc.Unsafe::putLong (11 bytes)
 total in heap  [0x00000244b584c410,0x00000244b584c660] = 592
 relocation     [0x00000244b584c570,0x00000244b584c588] = 24
 main code      [0x00000244b584c5a0,0x00000244b584c618] = 120
 stub code      [0x00000244b584c618,0x00000244b584c630] = 24
 scopes data    [0x00000244b584c630,0x00000244b584c638] = 8
 scopes pcs     [0x00000244b584c638,0x00000244b584c658] = 32
 dependencies   [0x00000244b584c658,0x00000244b584c660] = 8

[Constant Pool (empty)]

[MachCode]
[Entry Point]
  # {method} {0x000002450d1378d8} 'putLong' '(Ljava/lang/Object;JJ)V' in 'sun/misc/Unsafe'
  # this:     rdx:rdx   = 'sun/misc/Unsafe'
  # parm0:    r8:r8     = 'java/lang/Object'
  # parm1:    r9:r9     = long
  # parm2:    rdi:rdi   = long
  #           [sp+0x20]  (sp of caller)
  0x00000244b584c5a0: 448b 5208 | 49bb 0000 | 00cc 4402 | 0000 4d03 | d349 3bc2 

  0x00000244b584c5b4: ;   {runtime_call ic_miss_stub}
  0x00000244b584c5b4: 0f85 c621 | 8dff 6690 | 0f1f 4000 
[Verified Entry Point]
  0x00000244b584c5c0: 4881 ec18 | 0000 0048 | 896c 2410 | 4181 7f20 | 0100 0000 | 0f85 3000 | 0000 4d8b | d04b 893c 
  0x00000244b584c5e0: 0a48 83c4 

  0x00000244b584c5e4: ;   {poll_return}
  0x00000244b584c5e4: 105d 493b | a750 0400 | 000f 8701 | 0000 00c3 

  0x00000244b584c5f4: ;   {internal_word}
  0x00000244b584c5f4: 49ba e6c5 | 84b5 4402 | 0000 4d89 | 9768 0400 

  0x00000244b584c604: ;   {runtime_call SafepointBlob}
  0x00000244b584c604: 00e9 f690 

  0x00000244b584c608: ;   {runtime_call StubRoutines (final stubs)}
  0x00000244b584c608: 8dff e851 | 878b ffe9 | c6ff ffff | f4f4 f4f4 
[Exception Handler]
  0x00000244b584c618: ;   {no_reloc}
  0x00000244b584c618: e963 019a | ffe8 0000 | 0000 4883 

  0x00000244b584c624: ;   {runtime_call DeoptimizationBlob}
  0x00000244b584c624: 2c24 05e9 | 7483 8dff | f4f4 f4f4 
[/MachCode]


---------------  P R O C E S S  ---------------

Threads class SMR info:
_java_thread_list=0x000002451b260f30, length=15, elements={
0x00000244a3934b80, 0x00000244ca550dc0, 0x00000244ca554b50, 0x00000244ca55a760,
0x00000244ca55e640, 0x00000244cb802f00, 0x00000244cb804680, 0x00000244cb81ad90,
0x00000244cb81b9e0, 0x00000244cb8d4a20, 0x00000244cb9a5a40, 0x00000244cb9a8ca0,
0x00000245117f9240, 0x00000245117f98f0, 0x0000024518b2b790
}

Java Threads: ( => current thread )
=>0x00000244a3934b80 JavaThread "main"                              [_thread_in_Java, id=34916, stack(0x000000b33d200000,0x000000b33d300000) (1024K)]
  0x00000244ca550dc0 JavaThread "Reference Handler"          daemon [_thread_blocked, id=3640, stack(0x000000b33da00000,0x000000b33db00000) (1024K)]
  0x00000244ca554b50 JavaThread "Finalizer"                  daemon [_thread_blocked, id=14576, stack(0x000000b33db00000,0x000000b33dc00000) (1024K)]
  0x00000244ca55a760 JavaThread "Signal Dispatcher"          daemon [_thread_blocked, id=17068, stack(0x000000b33dc00000,0x000000b33dd00000) (1024K)]
  0x00000244ca55e640 JavaThread "Attach Listener"            daemon [_thread_blocked, id=37852, stack(0x000000b33dd00000,0x000000b33de00000) (1024K)]
  0x00000244cb802f00 JavaThread "Service Thread"             daemon [_thread_blocked, id=33888, stack(0x000000b33de00000,0x000000b33df00000) (1024K)]
  0x00000244cb804680 JavaThread "Monitor Deflation Thread"   daemon [_thread_blocked, id=3868, stack(0x000000b33df00000,0x000000b33e000000) (1024K)]
  0x00000244cb81ad90 JavaThread "C2 CompilerThread0"         daemon [_thread_blocked, id=36268, stack(0x000000b33e000000,0x000000b33e100000) (1024K)]
  0x00000244cb81b9e0 JavaThread "C1 CompilerThread0"         daemon [_thread_blocked, id=6420, stack(0x000000b33e100000,0x000000b33e200000) (1024K)]
  0x00000244cb8d4a20 JavaThread "C1 CompilerThread1"         daemon [_thread_blocked, id=15540, stack(0x000000b33e200000,0x000000b33e300000) (1024K)]
  0x00000244cb9a5a40 JavaThread "Notification Thread"        daemon [_thread_blocked, id=38084, stack(0x000000b33e300000,0x000000b33e400000) (1024K)]
  0x00000244cb9a8ca0 JavaThread "Common-Cleaner"             daemon [_thread_blocked, id=10264, stack(0x000000b33e400000,0x000000b33e500000) (1024K)]
  0x00000245117f9240 JavaThread "C1 CompilerThread2"         daemon [_thread_blocked, id=7992, stack(0x000000b33e500000,0x000000b33e600000) (1024K)]
  0x00000245117f98f0 JavaThread "C1 CompilerThread3"         daemon [_thread_blocked, id=35836, stack(0x000000b33ed00000,0x000000b33ee00000) (1024K)]
  0x0000024518b2b790 JavaThread "C2 CompilerThread1"         daemon [_thread_blocked, id=31384, stack(0x000000b33ee00000,0x000000b33ef00000) (1024K)]
Total: 15

Other Threads:
  0x00000244ca530a20 VMThread "VM Thread"                           [id=34940, stack(0x000000b33d900000,0x000000b33da00000) (1024K)]
  0x00000244cb801270 WatcherThread "VM Periodic Task Thread"        [id=8512, stack(0x000000b33d800000,0x000000b33d900000) (1024K)]
  0x00000244a4056710 WorkerThread "GC Thread#0"                     [id=37816, stack(0x000000b33d300000,0x000000b33d400000) (1024K)]
  0x0000024518d00350 WorkerThread "GC Thread#1"                     [id=37732, stack(0x000000b33f500000,0x000000b33f600000) (1024K)]
  0x0000024518ecf090 WorkerThread "GC Thread#2"                     [id=8584, stack(0x000000b33f600000,0x000000b33f700000) (1024K)]
  0x0000024518e20c30 WorkerThread "GC Thread#3"                     [id=30616, stack(0x000000b33f700000,0x000000b33f800000) (1024K)]
  0x0000024518e20fd0 WorkerThread "GC Thread#4"                     [id=10956, stack(0x000000b33f800000,0x000000b33f900000) (1024K)]
  0x0000024518e9dfb0 WorkerThread "GC Thread#5"                     [id=8640, stack(0x000000b33f900000,0x000000b33fa00000) (1024K)]
  0x0000024518e9e350 WorkerThread "GC Thread#6"                     [id=10064, stack(0x000000b33fa00000,0x000000b33fb00000) (1024K)]
  0x0000024518e9e6f0 WorkerThread "GC Thread#7"                     [id=34884, stack(0x000000b33fb00000,0x000000b33fc00000) (1024K)]
  0x0000024518d37e30 WorkerThread "GC Thread#8"                     [id=38852, stack(0x000000b33fc00000,0x000000b33fd00000) (1024K)]
  0x0000024518d37350 WorkerThread "GC Thread#9"                     [id=24336, stack(0x000000b33fd00000,0x000000b33fe00000) (1024K)]
  0x0000024518d37a90 WorkerThread "GC Thread#10"                    [id=2556, stack(0x000000b33fe00000,0x000000b33ff00000) (1024K)]
  0x0000024518d36fb0 WorkerThread "GC Thread#11"                    [id=19100, stack(0x000000b33ff00000,0x000000b340000000) (1024K)]
  0x00000244a4068cd0 ConcurrentGCThread "G1 Main Marker"            [id=26052, stack(0x000000b33d400000,0x000000b33d500000) (1024K)]
  0x00000244a4069f70 WorkerThread "G1 Conc#0"                       [id=34780, stack(0x000000b33d500000,0x000000b33d600000) (1024K)]
  0x00000244ca455a90 ConcurrentGCThread "G1 Refine#0"               [id=32808, stack(0x000000b33d600000,0x000000b33d700000) (1024K)]
  0x00000244ca4563b0 ConcurrentGCThread "G1 Service"                [id=14264, stack(0x000000b33d700000,0x000000b33d800000) (1024K)]
Total: 18

Threads with active compile tasks:
Total: 0

VM state: not at safepoint (normal execution)

VM Mutex/Monitor currently owned by a thread: None

Heap address: 0x0000000601400000, size: 8172 MB, Compressed Oops mode: Zero based, Oop shift amount: 3

CDS archive(s) mapped at: [0x00000244cc000000-0x00000244ccc90000-0x00000244ccc90000), size 13172736, SharedBaseAddress: 0x00000244cc000000, ArchiveRelocationMode: 1.
Compressed class space mapped at: 0x00000244cd000000-0x000002450d000000, reserved size: 1073741824
Narrow klass base: 0x00000244cc000000, Narrow klass shift: 0, Narrow klass range: 0x100000000

GC Precious Log:
 CardTable entry size: 512
 Card Set container configuration: InlinePtr #cards 4 size 8 Array Of Cards #cards 32 size 80 Howl #buckets 8 coarsen threshold 7372 Howl Bitmap #cards 1024 size 144 coarsen threshold 921 Card regions per heap region 1 cards per card region 8192
 CPUs: 24 total, 24 available
 Memory: 32681M
 Large Page Support: Disabled
 NUMA Support: Disabled
 Compressed Oops: Enabled (Zero based)
 Heap Region Size: 4M
 Heap Min Capacity: 8M
 Heap Initial Capacity: 512M
 Heap Max Capacity: 8172M
 Pre-touch: Disabled
 Parallel Workers: 18
 Concurrent Workers: 5
 Concurrent Refinement Workers: 18
 Periodic GC: Disabled

Heap:
 garbage-first heap   total 524288K, used 435158K [0x0000000601400000, 0x0000000800000000)
  region size 4096K, 71 young (290816K), 8 survivors (32768K)
 Metaspace       used 7665K, committed 7808K, reserved 1114112K
  class space    used 413K, committed 512K, reserved 1048576K

Heap Regions: E=young(eden), S=young(survivor), O=old, HS=humongous(starts), HC=humongous(continues), CS=collection set, F=free, TAMS=top-at-mark-start, PB=parsable bottom
|   0|0x0000000601400000, 0x0000000601800000, 0x0000000601800000|100%|HS|  |TAMS 0x0000000601400000| PB 0x0000000601400000| Complete 
|   1|0x0000000601800000, 0x0000000601c00000, 0x0000000601c00000|100%|HC|  |TAMS 0x0000000601800000| PB 0x0000000601800000| Complete 
|   2|0x0000000601c00000, 0x0000000602000000, 0x0000000602000000|100%|HS|  |TAMS 0x0000000601c00000| PB 0x0000000601c00000| Complete 
|   3|0x0000000602000000, 0x0000000602400000, 0x0000000602400000|100%|HC|  |TAMS 0x0000000602000000| PB 0x0000000602000000| Complete 
|   4|0x0000000602400000, 0x0000000602800000, 0x0000000602800000|100%|HS|  |TAMS 0x0000000602400000| PB 0x0000000602400000| Complete 
|   5|0x0000000602800000, 0x0000000602c00000, 0x0000000602c00000|100%|HC|  |TAMS 0x0000000602800000| PB 0x0000000602800000| Complete 
|   6|0x0000000602c00000, 0x0000000603000000, 0x0000000603000000|100%|HS|  |TAMS 0x0000000602c00000| PB 0x0000000602c00000| Complete 
|   7|0x0000000603000000, 0x0000000603400000, 0x0000000603400000|100%|HC|  |TAMS 0x0000000603000000| PB 0x0000000603000000| Complete 
|   8|0x0000000603400000, 0x0000000603800000, 0x0000000603800000|100%|HS|  |TAMS 0x0000000603400000| PB 0x0000000603400000| Complete 
|   9|0x0000000603800000, 0x0000000603c00000, 0x0000000603c00000|100%|HS|  |TAMS 0x0000000603800000| PB 0x0000000603800000| Complete 
|  10|0x0000000603c00000, 0x0000000604000000, 0x0000000604000000|100%|HS|  |TAMS 0x0000000603c00000| PB 0x0000000603c00000| Complete 
|  11|0x0000000604000000, 0x0000000604400000, 0x0000000604400000|100%|HC|  |TAMS 0x0000000604000000| PB 0x0000000604000000| Complete 
|  12|0x0000000604400000, 0x0000000604800000, 0x0000000604800000|100%|HS|  |TAMS 0x0000000604400000| PB 0x0000000604400000| Complete 
|  13|0x0000000604800000, 0x0000000604c00000, 0x0000000604c00000|100%|HC|  |TAMS 0x0000000604800000| PB 0x0000000604800000| Complete 
|  14|0x0000000604c00000, 0x0000000605000000, 0x0000000605000000|100%|HS|  |TAMS 0x0000000604c00000| PB 0x0000000604c00000| Complete 
|  15|0x0000000605000000, 0x0000000605400000, 0x0000000605400000|100%|HC|  |TAMS 0x0000000605000000| PB 0x0000000605000000| Complete 
|  16|0x0000000605400000, 0x0000000605800000, 0x0000000605800000|100%|HS|  |TAMS 0x0000000605400000| PB 0x0000000605400000| Complete 
|  17|0x0000000605800000, 0x0000000605c00000, 0x0000000605c00000|100%|HC|  |TAMS 0x0000000605800000| PB 0x0000000605800000| Complete 
|  18|0x0000000605c00000, 0x0000000606000000, 0x0000000606000000|100%|HS|  |TAMS 0x0000000605c00000| PB 0x0000000605c00000| Complete 
|  19|0x0000000606000000, 0x0000000606400000, 0x0000000606400000|100%|HC|  |TAMS 0x0000000606000000| PB 0x0000000606000000| Complete 
|  20|0x0000000606400000, 0x0000000606800000, 0x0000000606800000|100%|HS|  |TAMS 0x0000000606400000| PB 0x0000000606400000| Complete 
|  21|0x0000000606800000, 0x0000000606c00000, 0x0000000606c00000|100%|HS|  |TAMS 0x0000000606800000| PB 0x0000000606800000| Complete 
|  22|0x0000000606c00000, 0x0000000607000000, 0x0000000607000000|100%|HS|  |TAMS 0x0000000606c00000| PB 0x0000000606c00000| Complete 
|  23|0x0000000607000000, 0x0000000607400000, 0x0000000607400000|100%|HC|  |TAMS 0x0000000607000000| PB 0x0000000607000000| Complete 
|  24|0x0000000607400000, 0x0000000607800000, 0x0000000607800000|100%|HS|  |TAMS 0x0000000607400000| PB 0x0000000607400000| Complete 
|  25|0x0000000607800000, 0x0000000607c00000, 0x0000000607c00000|100%|HC|  |TAMS 0x0000000607800000| PB 0x0000000607800000| Complete 
|  26|0x0000000607c00000, 0x0000000608000000, 0x0000000608000000|100%|HS|  |TAMS 0x0000000607c00000| PB 0x0000000607c00000| Complete 
|  27|0x0000000608000000, 0x0000000608400000, 0x0000000608400000|100%|HC|  |TAMS 0x0000000608000000| PB 0x0000000608000000| Complete 
|  28|0x0000000608400000, 0x0000000608800000, 0x0000000608800000|100%|HS|  |TAMS 0x0000000608400000| PB 0x0000000608400000| Complete 
|  29|0x0000000608800000, 0x0000000608c00000, 0x0000000608c00000|100%|HS|  |TAMS 0x0000000608800000| PB 0x0000000608800000| Complete 
|  30|0x0000000608c00000, 0x0000000609000000, 0x0000000609000000|100%|HS|  |TAMS 0x0000000608c00000| PB 0x0000000608c00000| Complete 
|  31|0x0000000609000000, 0x0000000609400000, 0x0000000609400000|100%|HC|  |TAMS 0x0000000609000000| PB 0x0000000609000000| Complete 
|  32|0x0000000609400000, 0x0000000609800000, 0x0000000609800000|100%|HS|  |TAMS 0x0000000609400000| PB 0x0000000609400000| Complete 
|  33|0x0000000609800000, 0x0000000609c00000, 0x0000000609c00000|100%|HC|  |TAMS 0x0000000609800000| PB 0x0000000609800000| Complete 
|  34|0x0000000609c00000, 0x000000060a000000, 0x000000060a000000|100%|HS|  |TAMS 0x0000000609c00000| PB 0x0000000609c00000| Complete 
|  35|0x000000060a000000, 0x000000060a400000, 0x000000060a400000|100%|HC|  |TAMS 0x000000060a000000| PB 0x000000060a000000| Complete 
|  36|0x000000060a400000, 0x000000060a800000, 0x000000060a800000|100%|HS|  |TAMS 0x000000060a400000| PB 0x000000060a400000| Complete 
|  37|0x000000060a800000, 0x000000060ac00000, 0x000000060ac00000|100%|HC|  |TAMS 0x000000060a800000| PB 0x000000060a800000| Complete 
|  38|0x000000060ac00000, 0x000000060ac00000, 0x000000060b000000|  0%| F|  |TAMS 0x000000060ac00000| PB 0x000000060ac00000| Untracked 
|  39|0x000000060b000000, 0x000000060b000000, 0x000000060b400000|  0%| F|  |TAMS 0x000000060b000000| PB 0x000000060b000000| Untracked 
|  40|0x000000060b400000, 0x000000060b400000, 0x000000060b800000|  0%| F|  |TAMS 0x000000060b400000| PB 0x000000060b400000| Untracked 
|  41|0x000000060b800000, 0x000000060b800000, 0x000000060bc00000|  0%| F|  |TAMS 0x000000060b800000| PB 0x000000060b800000| Untracked 
|  42|0x000000060bc00000, 0x000000060bc00000, 0x000000060c000000|  0%| F|  |TAMS 0x000000060bc00000| PB 0x000000060bc00000| Untracked 
|  43|0x000000060c000000, 0x000000060c000000, 0x000000060c400000|  0%| F|  |TAMS 0x000000060c000000| PB 0x000000060c000000| Untracked 
|  44|0x000000060c400000, 0x000000060c4f5ac0, 0x000000060c800000| 23%| S|CS|TAMS 0x000000060c400000| PB 0x000000060c400000| Complete 
|  45|0x000000060c800000, 0x000000060cc00000, 0x000000060cc00000|100%| S|CS|TAMS 0x000000060c800000| PB 0x000000060c800000| Complete 
|  46|0x000000060cc00000, 0x000000060d000000, 0x000000060d000000|100%| S|CS|TAMS 0x000000060cc00000| PB 0x000000060cc00000| Complete 
|  47|0x000000060d000000, 0x000000060d400000, 0x000000060d400000|100%| S|CS|TAMS 0x000000060d000000| PB 0x000000060d000000| Complete 
|  48|0x000000060d400000, 0x000000060d800000, 0x000000060d800000|100%| S|CS|TAMS 0x000000060d400000| PB 0x000000060d400000| Complete 
|  49|0x000000060d800000, 0x000000060d800000, 0x000000060dc00000|  0%| F|  |TAMS 0x000000060d800000| PB 0x000000060d800000| Untracked 
|  50|0x000000060dc00000, 0x000000060dc00000, 0x000000060e000000|  0%| F|  |TAMS 0x000000060dc00000| PB 0x000000060dc00000| Untracked 
|  51|0x000000060e000000, 0x000000060e000000, 0x000000060e400000|  0%| F|  |TAMS 0x000000060e000000| PB 0x000000060e000000| Untracked 
|  52|0x000000060e400000, 0x000000060e800000, 0x000000060e800000|100%| S|CS|TAMS 0x000000060e400000| PB 0x000000060e400000| Complete 
|  53|0x000000060e800000, 0x000000060ec00000, 0x000000060ec00000|100%| S|CS|TAMS 0x000000060e800000| PB 0x000000060e800000| Complete 
|  54|0x000000060ec00000, 0x000000060f000000, 0x000000060f000000|100%| S|CS|TAMS 0x000000060ec00000| PB 0x000000060ec00000| Complete 
|  55|0x000000060f000000, 0x000000060f000000, 0x000000060f400000|  0%| F|  |TAMS 0x000000060f000000| PB 0x000000060f000000| Untracked 
|  56|0x000000060f400000, 0x000000060f400000, 0x000000060f800000|  0%| F|  |TAMS 0x000000060f400000| PB 0x000000060f400000| Untracked 
|  57|0x000000060f800000, 0x000000060f800000, 0x000000060fc00000|  0%| F|  |TAMS 0x000000060f800000| PB 0x000000060f800000| Untracked 
|  58|0x000000060fc00000, 0x000000060fc00000, 0x0000000610000000|  0%| F|  |TAMS 0x000000060fc00000| PB 0x000000060fc00000| Untracked 
|  59|0x0000000610000000, 0x0000000610000000, 0x0000000610400000|  0%| F|  |TAMS 0x0000000610000000| PB 0x0000000610000000| Untracked 
|  60|0x0000000610400000, 0x0000000610400000, 0x0000000610800000|  0%| F|  |TAMS 0x0000000610400000| PB 0x0000000610400000| Untracked 
|  61|0x0000000610800000, 0x0000000610800000, 0x0000000610c00000|  0%| F|  |TAMS 0x0000000610800000| PB 0x0000000610800000| Untracked 
|  62|0x0000000610c00000, 0x0000000610c00000, 0x0000000611000000|  0%| F|  |TAMS 0x0000000610c00000| PB 0x0000000610c00000| Untracked 
|  63|0x0000000611000000, 0x0000000611000000, 0x0000000611400000|  0%| F|  |TAMS 0x0000000611000000| PB 0x0000000611000000| Untracked 
|  64|0x0000000611400000, 0x0000000611400000, 0x0000000611800000|  0%| F|  |TAMS 0x0000000611400000| PB 0x0000000611400000| Untracked 
|  65|0x0000000611800000, 0x0000000611a67970, 0x0000000611c00000| 60%| E|  |TAMS 0x0000000611800000| PB 0x0000000611800000| Complete 
|  66|0x0000000611c00000, 0x0000000612000000, 0x0000000612000000|100%| E|CS|TAMS 0x0000000611c00000| PB 0x0000000611c00000| Complete 
|  67|0x0000000612000000, 0x0000000612400000, 0x0000000612400000|100%| E|CS|TAMS 0x0000000612000000| PB 0x0000000612000000| Complete 
|  68|0x0000000612400000, 0x0000000612800000, 0x0000000612800000|100%| E|CS|TAMS 0x0000000612400000| PB 0x0000000612400000| Complete 
|  69|0x0000000612800000, 0x0000000612c00000, 0x0000000612c00000|100%| E|CS|TAMS 0x0000000612800000| PB 0x0000000612800000| Complete 
|  70|0x0000000612c00000, 0x0000000613000000, 0x0000000613000000|100%| E|CS|TAMS 0x0000000612c00000| PB 0x0000000612c00000| Complete 
|  71|0x0000000613000000, 0x0000000613400000, 0x0000000613400000|100%| E|CS|TAMS 0x0000000613000000| PB 0x0000000613000000| Complete 
|  72|0x0000000613400000, 0x0000000613800000, 0x0000000613800000|100%| E|CS|TAMS 0x0000000613400000| PB 0x0000000613400000| Complete 
|  73|0x0000000613800000, 0x0000000613c00000, 0x0000000613c00000|100%| E|CS|TAMS 0x0000000613800000| PB 0x0000000613800000| Complete 
|  74|0x0000000613c00000, 0x0000000614000000, 0x0000000614000000|100%| E|CS|TAMS 0x0000000613c00000| PB 0x0000000613c00000| Complete 
|  75|0x0000000614000000, 0x0000000614400000, 0x0000000614400000|100%| E|CS|TAMS 0x0000000614000000| PB 0x0000000614000000| Complete 
|  76|0x0000000614400000, 0x0000000614800000, 0x0000000614800000|100%| E|CS|TAMS 0x0000000614400000| PB 0x0000000614400000| Complete 
|  77|0x0000000614800000, 0x0000000614c00000, 0x0000000614c00000|100%| E|CS|TAMS 0x0000000614800000| PB 0x0000000614800000| Complete 
|  78|0x0000000614c00000, 0x0000000615000000, 0x0000000615000000|100%| E|CS|TAMS 0x0000000614c00000| PB 0x0000000614c00000| Complete 
|  79|0x0000000615000000, 0x0000000615400000, 0x0000000615400000|100%| E|  |TAMS 0x0000000615000000| PB 0x0000000615000000| Complete 
|  80|0x0000000615400000, 0x0000000615800000, 0x0000000615800000|100%| E|CS|TAMS 0x0000000615400000| PB 0x0000000615400000| Complete 
|  81|0x0000000615800000, 0x0000000615c00000, 0x0000000615c00000|100%| E|CS|TAMS 0x0000000615800000| PB 0x0000000615800000| Complete 
|  82|0x0000000615c00000, 0x0000000616000000, 0x0000000616000000|100%| E|CS|TAMS 0x0000000615c00000| PB 0x0000000615c00000| Complete 
|  83|0x0000000616000000, 0x0000000616400000, 0x0000000616400000|100%| E|CS|TAMS 0x0000000616000000| PB 0x0000000616000000| Complete 
|  84|0x0000000616400000, 0x0000000616800000, 0x0000000616800000|100%| E|CS|TAMS 0x0000000616400000| PB 0x0000000616400000| Complete 
|  85|0x0000000616800000, 0x0000000616c00000, 0x0000000616c00000|100%| E|CS|TAMS 0x0000000616800000| PB 0x0000000616800000| Complete 
|  86|0x0000000616c00000, 0x0000000617000000, 0x0000000617000000|100%| E|CS|TAMS 0x0000000616c00000| PB 0x0000000616c00000| Complete 
|  87|0x0000000617000000, 0x0000000617400000, 0x0000000617400000|100%| E|CS|TAMS 0x0000000617000000| PB 0x0000000617000000| Complete 
|  88|0x0000000617400000, 0x0000000617800000, 0x0000000617800000|100%| E|CS|TAMS 0x0000000617400000| PB 0x0000000617400000| Complete 
|  89|0x0000000617800000, 0x0000000617c00000, 0x0000000617c00000|100%| E|CS|TAMS 0x0000000617800000| PB 0x0000000617800000| Complete 
|  90|0x0000000617c00000, 0x0000000618000000, 0x0000000618000000|100%| E|CS|TAMS 0x0000000617c00000| PB 0x0000000617c00000| Complete 
|  91|0x0000000618000000, 0x0000000618400000, 0x0000000618400000|100%| E|CS|TAMS 0x0000000618000000| PB 0x0000000618000000| Complete 
|  92|0x0000000618400000, 0x0000000618800000, 0x0000000618800000|100%| E|CS|TAMS 0x0000000618400000| PB 0x0000000618400000| Complete 
|  93|0x0000000618800000, 0x0000000618c00000, 0x0000000618c00000|100%| E|CS|TAMS 0x0000000618800000| PB 0x0000000618800000| Complete 
|  94|0x0000000618c00000, 0x0000000619000000, 0x0000000619000000|100%| E|CS|TAMS 0x0000000618c00000| PB 0x0000000618c00000| Complete 
|  95|0x0000000619000000, 0x0000000619400000, 0x0000000619400000|100%| E|CS|TAMS 0x0000000619000000| PB 0x0000000619000000| Complete 
|  96|0x0000000619400000, 0x0000000619800000, 0x0000000619800000|100%| E|CS|TAMS 0x0000000619400000| PB 0x0000000619400000| Complete 
|  97|0x0000000619800000, 0x0000000619c00000, 0x0000000619c00000|100%| E|CS|TAMS 0x0000000619800000| PB 0x0000000619800000| Complete 
|  98|0x0000000619c00000, 0x000000061a000000, 0x000000061a000000|100%| E|CS|TAMS 0x0000000619c00000| PB 0x0000000619c00000| Complete 
|  99|0x000000061a000000, 0x000000061a400000, 0x000000061a400000|100%| E|CS|TAMS 0x000000061a000000| PB 0x000000061a000000| Complete 
| 100|0x000000061a400000, 0x000000061a800000, 0x000000061a800000|100%| E|CS|TAMS 0x000000061a400000| PB 0x000000061a400000| Complete 
| 101|0x000000061a800000, 0x000000061ac00000, 0x000000061ac00000|100%| E|CS|TAMS 0x000000061a800000| PB 0x000000061a800000| Complete 
| 102|0x000000061ac00000, 0x000000061b000000, 0x000000061b000000|100%| E|CS|TAMS 0x000000061ac00000| PB 0x000000061ac00000| Complete 
| 103|0x000000061b000000, 0x000000061b400000, 0x000000061b400000|100%| E|CS|TAMS 0x000000061b000000| PB 0x000000061b000000| Complete 
| 104|0x000000061b400000, 0x000000061b800000, 0x000000061b800000|100%| E|CS|TAMS 0x000000061b400000| PB 0x000000061b400000| Complete 
| 105|0x000000061b800000, 0x000000061bc00000, 0x000000061bc00000|100%| E|CS|TAMS 0x000000061b800000| PB 0x000000061b800000| Complete 
| 106|0x000000061bc00000, 0x000000061c000000, 0x000000061c000000|100%| E|CS|TAMS 0x000000061bc00000| PB 0x000000061bc00000| Complete 
| 107|0x000000061c000000, 0x000000061c400000, 0x000000061c400000|100%| E|CS|TAMS 0x000000061c000000| PB 0x000000061c000000| Complete 
| 108|0x000000061c400000, 0x000000061c800000, 0x000000061c800000|100%| E|CS|TAMS 0x000000061c400000| PB 0x000000061c400000| Complete 
| 109|0x000000061c800000, 0x000000061cc00000, 0x000000061cc00000|100%| E|CS|TAMS 0x000000061c800000| PB 0x000000061c800000| Complete 
| 110|0x000000061cc00000, 0x000000061d000000, 0x000000061d000000|100%| E|CS|TAMS 0x000000061cc00000| PB 0x000000061cc00000| Complete 
| 111|0x000000061d000000, 0x000000061d400000, 0x000000061d400000|100%| E|CS|TAMS 0x000000061d000000| PB 0x000000061d000000| Complete 
| 112|0x000000061d400000, 0x000000061d800000, 0x000000061d800000|100%| E|CS|TAMS 0x000000061d400000| PB 0x000000061d400000| Complete 
| 113|0x000000061d800000, 0x000000061dc00000, 0x000000061dc00000|100%| E|CS|TAMS 0x000000061d800000| PB 0x000000061d800000| Complete 
| 114|0x000000061dc00000, 0x000000061e000000, 0x000000061e000000|100%| E|CS|TAMS 0x000000061dc00000| PB 0x000000061dc00000| Complete 
| 115|0x000000061e000000, 0x000000061e400000, 0x000000061e400000|100%| E|CS|TAMS 0x000000061e000000| PB 0x000000061e000000| Complete 
| 116|0x000000061e400000, 0x000000061e800000, 0x000000061e800000|100%| E|CS|TAMS 0x000000061e400000| PB 0x000000061e400000| Complete 
| 117|0x000000061e800000, 0x000000061ec00000, 0x000000061ec00000|100%| E|CS|TAMS 0x000000061e800000| PB 0x000000061e800000| Complete 
| 118|0x000000061ec00000, 0x000000061f000000, 0x000000061f000000|100%| E|CS|TAMS 0x000000061ec00000| PB 0x000000061ec00000| Complete 
| 119|0x000000061f000000, 0x000000061f400000, 0x000000061f400000|100%| E|CS|TAMS 0x000000061f000000| PB 0x000000061f000000| Complete 
| 120|0x000000061f400000, 0x000000061f800000, 0x000000061f800000|100%| E|CS|TAMS 0x000000061f400000| PB 0x000000061f400000| Complete 
| 121|0x000000061f800000, 0x000000061fc00000, 0x000000061fc00000|100%| E|CS|TAMS 0x000000061f800000| PB 0x000000061f800000| Complete 
| 122|0x000000061fc00000, 0x0000000620000000, 0x0000000620000000|100%| E|CS|TAMS 0x000000061fc00000| PB 0x000000061fc00000| Complete 
| 123|0x0000000620000000, 0x0000000620400000, 0x0000000620400000|100%| E|CS|TAMS 0x0000000620000000| PB 0x0000000620000000| Complete 
| 124|0x0000000620400000, 0x0000000620800000, 0x0000000620800000|100%| E|CS|TAMS 0x0000000620400000| PB 0x0000000620400000| Complete 
| 125|0x0000000620800000, 0x0000000620c00000, 0x0000000620c00000|100%| E|CS|TAMS 0x0000000620800000| PB 0x0000000620800000| Complete 
| 126|0x0000000620c00000, 0x0000000621000000, 0x0000000621000000|100%| E|CS|TAMS 0x0000000620c00000| PB 0x0000000620c00000| Complete 
| 127|0x0000000621000000, 0x0000000621400000, 0x0000000621400000|100%| E|CS|TAMS 0x0000000621000000| PB 0x0000000621000000| Complete 

Card table byte_map: [0x00000244bf190000,0x00000244c0190000] _byte_map_base: 0x00000244bc186000

Marking Bits: (CMBitMap*) 0x00000244a4057620
 Bits: [0x00000244c0190000, 0x00000244c8140000)

Polling page: 0x00000244a3d20000

Metaspace:

Usage:
  Non-class:      7.08 MB used.
      Class:    413.67 KB used.
       Both:      7.49 MB used.

Virtual space:
  Non-class space:       64.00 MB reserved,       7.12 MB ( 11%) committed,  1 nodes.
      Class space:        1.00 GB reserved,     512.00 KB ( <1%) committed,  1 nodes.
             Both:        1.06 GB reserved,       7.62 MB ( <1%) committed. 

Chunk freelists:
   Non-Class:  6.88 MB
       Class:  15.45 MB
        Both:  22.33 MB

MaxMetaspaceSize: unlimited
CompressedClassSpaceSize: 1.00 GB
Initial GC threshold: 21.00 MB
Current GC threshold: 21.00 MB
CDS: on
 - commit_granule_bytes: 65536.
 - commit_granule_words: 8192.
 - virtual_space_node_default_size: 8388608.
 - enlarge_chunks_in_place: 1.
 - use_allocation_guard: 0.


Internal statistics:

num_allocs_failed_limit: 0.
num_arena_births: 70.
num_arena_deaths: 0.
num_vsnodes_births: 2.
num_vsnodes_deaths: 0.
num_space_committed: 120.
num_space_uncommitted: 0.
num_chunks_returned_to_freelist: 0.
num_chunks_taken_from_freelist: 285.
num_chunk_merges: 0.
num_chunk_splits: 210.
num_chunks_enlarged: 167.
num_inconsistent_stats: 0.

CodeHeap 'non-profiled nmethods': size=119168Kb used=1154Kb max_used=1154Kb free=118013Kb
 bounds [0x00000244b5820000, 0x00000244b5a90000, 0x00000244bcc80000]
CodeHeap 'profiled nmethods': size=119104Kb used=2904Kb max_used=2904Kb free=116199Kb
 bounds [0x00000244adc80000, 0x00000244adf60000, 0x00000244b50d0000]
CodeHeap 'non-nmethods': size=7488Kb used=3947Kb max_used=3960Kb free=3540Kb
 bounds [0x00000244b50d0000, 0x00000244b54c0000, 0x00000244b5820000]
 total_blobs=2689 nmethods=1488 adapters=1103
 compilation: enabled
              stopped_count=0, restarted_count=0
 full_count=0

Compilation events (20 events):
Event: 1.794 Thread 0x00000244cb8d4a20 1479       3       java.nio.Buffer::flip (20 bytes)
Event: 1.794 Thread 0x00000245117f98f0 nmethod 1478 0x00000244adf4fe10 code [0x00000244adf4ffe0, 0x00000244adf502d0]
Event: 1.794 Thread 0x00000244cb8d4a20 nmethod 1479 0x00000244adf50410 code [0x00000244adf505a0, 0x00000244adf506c0]
Event: 1.796 Thread 0x00000245117f98f0 1480       3       jdk.internal.loader.NativeLibraries$NativeLibraryImpl::find (9 bytes)
Event: 1.796 Thread 0x00000245117f98f0 nmethod 1480 0x00000244adf50790 code [0x00000244adf50940, 0x00000244adf50a80]
Event: 1.811 Thread 0x00000245117f98f0 1482   !   3       java.util.zip.ZipFile$Source::readFullyAt (74 bytes)
Event: 1.812 Thread 0x00000245117f98f0 nmethod 1482 0x00000244adf50b10 code [0x00000244adf50ce0, 0x00000244adf51130]
Event: 1.825 Thread 0x00000245117f98f0 1483       3       java.util.zip.ZipFile::getZipEntry (322 bytes)
Event: 1.826 Thread 0x00000245117f98f0 nmethod 1483 0x00000244adf51410 code [0x00000244adf51980, 0x00000244adf54a40]
Event: 1.828 Thread 0x00000244cb81ad90 nmethod 1475 0x00000244b593b690 code [0x00000244b593ba40, 0x00000244b593dc50]
Event: 1.841 Thread 0x00000244cb81ad90 1484       4       java.util.zip.ZipFile::ensureOpen (40 bytes)
Event: 1.842 Thread 0x00000244cb81ad90 nmethod 1484 0x00000244b593f190 code [0x00000244b593f320, 0x00000244b593f400]
Event: 1.859 Thread 0x0000024518b2b790 1485       4       java.lang.String::<init> (99 bytes)
Event: 1.862 Thread 0x0000024518b2b790 nmethod 1485 0x00000244b593f510 code [0x00000244b593f6c0, 0x00000244b593fc70]
Event: 1.864 Thread 0x00000244cb8d4a20 1487       3       java.lang.StringCoding::countPositives (33 bytes)
Event: 1.865 Thread 0x00000244cb8d4a20 nmethod 1487 0x00000244adf55c90 code [0x00000244adf55e40, 0x00000244adf56068]
Event: 1.868 Thread 0x00000245117f98f0 1488       1       org.lwjgl.system.MemoryStack::getPointer (5 bytes)
Event: 1.868 Thread 0x00000245117f98f0 nmethod 1488 0x00000244b5940310 code [0x00000244b59404a0, 0x00000244b5940568]
Event: 1.868 Thread 0x0000024518b2b790 1489       4       sun.misc.Unsafe::putInt (11 bytes)
Event: 1.869 Thread 0x0000024518b2b790 nmethod 1489 0x00000244b5940610 code [0x00000244b59407a0, 0x00000244b5940848]

GC Heap History (8 events):
Event: 0.682 GC heap before
{Heap before GC invocations=0 (full 0):
 garbage-first heap   total 524288K, used 20480K [0x0000000601400000, 0x0000000800000000)
  region size 4096K, 6 young (24576K), 0 survivors (0K)
 Metaspace       used 5315K, committed 5568K, reserved 1114112K
  class space    used 316K, committed 448K, reserved 1048576K
}
Event: 0.684 GC heap after
{Heap after GC invocations=1 (full 0):
 garbage-first heap   total 524288K, used 2699K [0x0000000601400000, 0x0000000800000000)
  region size 4096K, 1 young (4096K), 1 survivors (4096K)
 Metaspace       used 5315K, committed 5568K, reserved 1114112K
  class space    used 316K, committed 448K, reserved 1048576K
}
Event: 0.736 GC heap before
{Heap before GC invocations=1 (full 0):
 garbage-first heap   total 524288K, used 39563K [0x0000000601400000, 0x0000000800000000)
  region size 4096K, 10 young (40960K), 1 survivors (4096K)
 Metaspace       used 5340K, committed 5568K, reserved 1114112K
  class space    used 316K, committed 448K, reserved 1048576K
}
Event: 0.738 GC heap after
{Heap after GC invocations=2 (full 0):
 garbage-first heap   total 524288K, used 3553K [0x0000000601400000, 0x0000000800000000)
  region size 4096K, 1 young (4096K), 1 survivors (4096K)
 Metaspace       used 5340K, committed 5568K, reserved 1114112K
  class space    used 316K, committed 448K, reserved 1048576K
}
Event: 0.934 GC heap before
{Heap before GC invocations=2 (full 0):
 garbage-first heap   total 524288K, used 306657K [0x0000000601400000, 0x0000000800000000)
  region size 4096K, 76 young (311296K), 1 survivors (4096K)
 Metaspace       used 5412K, committed 5632K, reserved 1114112K
  class space    used 318K, committed 448K, reserved 1048576K
}
Event: 0.937 GC heap after
{Heap after GC invocations=3 (full 0):
 garbage-first heap   total 524288K, used 10875K [0x0000000601400000, 0x0000000800000000)
  region size 4096K, 3 young (12288K), 3 survivors (12288K)
 Metaspace       used 5412K, committed 5632K, reserved 1114112K
  class space    used 318K, committed 448K, reserved 1048576K
}
Event: 1.312 GC heap before
{Heap before GC invocations=3 (full 0):
 garbage-first heap   total 524288K, used 363131K [0x0000000601400000, 0x0000000800000000)
  region size 4096K, 76 young (311296K), 3 survivors (12288K)
 Metaspace       used 5748K, committed 5952K, reserved 1114112K
  class space    used 345K, committed 448K, reserved 1048576K
}
Event: 1.320 GC heap after
{Heap after GC invocations=4 (full 0):
 garbage-first heap   total 524288K, used 70614K [0x0000000601400000, 0x0000000800000000)
  region size 4096K, 8 young (32768K), 8 survivors (32768K)
 Metaspace       used 5748K, committed 5952K, reserved 1114112K
  class space    used 345K, committed 448K, reserved 1048576K
}

Dll operation events (10 events):
Event: 0.006 Loaded shared library C:\Program Files\Eclipse Adoptium\jdk-21.0.3.9-hotspot\bin\java.dll
Event: 0.025 Loaded shared library C:\Program Files\Eclipse Adoptium\jdk-21.0.3.9-hotspot\bin\jsvml.dll
Event: 0.054 Loaded shared library C:\Program Files\Eclipse Adoptium\jdk-21.0.3.9-hotspot\bin\net.dll
Event: 0.056 Loaded shared library C:\Program Files\Eclipse Adoptium\jdk-21.0.3.9-hotspot\bin\nio.dll
Event: 0.059 Loaded shared library C:\Program Files\Eclipse Adoptium\jdk-21.0.3.9-hotspot\bin\zip.dll
Event: 0.094 Loaded shared library C:\Program Files\Eclipse Adoptium\jdk-21.0.3.9-hotspot\bin\jimage.dll
Event: 0.110 Loaded shared library C:\Users\mirek\AppData\Local\Temp\lwjgl_mirek\3.3.6+1\x64\lwjgl.dll
Event: 0.383 Loaded shared library C:\Users\mirek\AppData\Local\Temp\lwjgl_mirek\3.3.6+1\x64\lwjgl_opengl.dll
Event: 0.585 Loaded shared library C:\Program Files\Eclipse Adoptium\jdk-21.0.3.9-hotspot\bin\verify.dll
Event: 0.648 Loaded shared library C:\Users\mirek\AppData\Local\Temp\lwjgl_mirek\3.3.6+1\x64\lwjgl_stb.dll

Deoptimization events (20 events):
Event: 1.726 Thread 0x00000244a3934b80 DEOPT PACKING pc=0x00000244adf42432 sp=0x000000b33d2ff040
Event: 1.726 Thread 0x00000244a3934b80 DEOPT UNPACKING pc=0x00000244b5124e42 sp=0x000000b33d2fe578 mode 0
Event: 1.728 Thread 0x00000244a3934b80 Uncommon trap: trap_request=0xffffff45 fr.pc=0x00000244b5937980 relative=0x00000000000001c0
Event: 1.728 Thread 0x00000244a3934b80 Uncommon trap: reason=unstable_if action=reinterpret pc=0x00000244b5937980 method=engine.render.ColorBuffer.build(Lobj/Entity;)V @ 201 c2
Event: 1.728 Thread 0x00000244a3934b80 DEOPT PACKING pc=0x00000244b5937980 sp=0x000000b33d2ff0e0
Event: 1.728 Thread 0x00000244a3934b80 DEOPT UNPACKING pc=0x00000244b51246a2 sp=0x000000b33d2ff078 mode 2
Event: 1.763 Thread 0x00000244a3934b80 DEOPT PACKING pc=0x00000244adf487cc sp=0x000000b33d2ff040
Event: 1.763 Thread 0x00000244a3934b80 DEOPT UNPACKING pc=0x00000244b5124e42 sp=0x000000b33d2fe598 mode 0
Event: 1.764 Thread 0x00000244a3934b80 Uncommon trap: trap_request=0xffffff45 fr.pc=0x00000244b593a180 relative=0x00000000000001c0
Event: 1.764 Thread 0x00000244a3934b80 Uncommon trap: reason=unstable_if action=reinterpret pc=0x00000244b593a180 method=engine.render.NormalBuffer.build(Lobj/Entity;)V @ 128 c2
Event: 1.764 Thread 0x00000244a3934b80 DEOPT PACKING pc=0x00000244b593a180 sp=0x000000b33d2ff0e0
Event: 1.764 Thread 0x00000244a3934b80 DEOPT UNPACKING pc=0x00000244b51246a2 sp=0x000000b33d2ff098 mode 2
Event: 1.792 Thread 0x00000244a3934b80 DEOPT PACKING pc=0x00000244adf4f11b sp=0x000000b33d2feea0
Event: 1.792 Thread 0x00000244a3934b80 DEOPT UNPACKING pc=0x00000244b5124e42 sp=0x000000b33d2fe3a8 mode 0
Event: 1.792 Thread 0x00000244a3934b80 DEOPT PACKING pc=0x00000244aded439b sp=0x000000b33d2ff200
Event: 1.792 Thread 0x00000244a3934b80 DEOPT UNPACKING pc=0x00000244b5124e42 sp=0x000000b33d2fe778 mode 0
Event: 1.795 Thread 0x00000244a3934b80 Uncommon trap: trap_request=0xffffff45 fr.pc=0x00000244b58256cc relative=0x000000000000012c
Event: 1.795 Thread 0x00000244a3934b80 Uncommon trap: reason=unstable_if action=reinterpret pc=0x00000244b58256cc method=java.lang.StringCoding.countPositives([BII)I @ 17 c2
Event: 1.795 Thread 0x00000244a3934b80 DEOPT PACKING pc=0x00000244b58256cc sp=0x000000b33d2fefe0
Event: 1.795 Thread 0x00000244a3934b80 DEOPT UNPACKING pc=0x00000244b51246a2 sp=0x000000b33d2fef80 mode 2

Classes loaded (20 events):
Event: 0.668 Loading class jdk/internal/math/FDBigInteger
Event: 0.668 Loading class jdk/internal/math/FDBigInteger done
Event: 0.954 Loading class jdk/internal/module/ModulePatcher$PatchedModuleReader
Event: 0.954 Loading class jdk/internal/module/ModulePatcher$PatchedModuleReader done
Event: 0.955 Loading class sun/net/www/protocol/jrt/Handler
Event: 0.955 Loading class sun/net/www/protocol/jrt/Handler done
Event: 0.957 Loading class sun/util/resources/LocaleData$CommonResourceBundleProvider
Event: 0.958 Loading class sun/util/resources/LocaleData$LocaleDataResourceBundleProvider
Event: 0.958 Loading class java/util/spi/ResourceBundleProvider
Event: 0.958 Loading class java/util/spi/ResourceBundleProvider done
Event: 0.958 Loading class sun/util/resources/LocaleData$LocaleDataResourceBundleProvider done
Event: 0.958 Loading class sun/util/resources/LocaleData$CommonResourceBundleProvider done
Event: 0.958 Loading class sun/util/resources/Bundles$2
Event: 0.958 Loading class sun/util/resources/Bundles$2 done
Event: 0.964 Loading class java/lang/NumberFormatException
Event: 0.964 Loading class java/lang/NumberFormatException done
Event: 1.824 Loading class java/lang/SecurityException
Event: 1.824 Loading class java/lang/SecurityException done
Event: 1.869 Loading class java/nio/HeapFloatBuffer
Event: 1.869 Loading class java/nio/HeapFloatBuffer done

Classes unloaded (0 events):
No events

Classes redefined (0 events):
No events

Internal exceptions (20 events):
Event: 0.148 Thread 0x00000244a3934b80 Exception <a 'java/lang/NoSuchMethodError'{0x0000000620d5d718}: 'int java.lang.invoke.DirectMethodHandle$Holder.invokeStaticInit(java.lang.Object, java.lang.Object, int, long)'> (0x0000000620d5d718) 
thrown [s\src\hotspot\share\interpreter\linkResolver.cpp, line 773]
Event: 0.149 Thread 0x00000244a3934b80 Exception <a 'java/lang/NoSuchMethodError'{0x0000000620d62740}: 'java.lang.Object java.lang.invoke.DirectMethodHandle$Holder.newInvokeSpecial(java.lang.Object, java.lang.Object, int)'> (0x0000000620d62740) 
thrown [s\src\hotspot\share\interpreter\linkResolver.cpp, line 773]
Event: 0.150 Thread 0x00000244a3934b80 Exception <a 'java/lang/NoSuchMethodError'{0x0000000620d70f48}: 'int java.lang.invoke.DirectMethodHandle$Holder.invokeStaticInit(java.lang.Object, java.lang.Object, long, long)'> (0x0000000620d70f48) 
thrown [s\src\hotspot\share\interpreter\linkResolver.cpp, line 773]
Event: 0.151 Thread 0x00000244a3934b80 Exception <a 'java/lang/NoSuchMethodError'{0x0000000620d767b0}: 'java.lang.Object java.lang.invoke.DirectMethodHandle$Holder.newInvokeSpecial(java.lang.Object, java.lang.Object, long)'> (0x0000000620d767b0) 
thrown [s\src\hotspot\share\interpreter\linkResolver.cpp, line 773]
Event: 0.151 Thread 0x00000244a3934b80 Exception <a 'java/lang/NoSuchMethodError'{0x0000000620d7a850}: 'java.lang.Object java.lang.invoke.Invokers$Holder.linkToTargetMethod(java.lang.Object, long, java.lang.Object)'> (0x0000000620d7a850) 
thrown [s\src\hotspot\share\interpreter\linkResolver.cpp, line 773]
Event: 0.151 Thread 0x00000244a3934b80 Exception <a 'java/lang/NoSuchMethodError'{0x0000000620d818d8}: 'int java.lang.invoke.DirectMethodHandle$Holder.invokeStaticInit(java.lang.Object, java.lang.Object, java.lang.Object, long)'> (0x0000000620d818d8) 
thrown [s\src\hotspot\share\interpreter\linkResolver.cpp, line 773]
Event: 0.166 Thread 0x00000244a3934b80 Exception <a 'sun/nio/fs/WindowsException'{0x0000000620e2d850}> (0x0000000620e2d850) 
thrown [s\src\hotspot\share\prims\jni.cpp, line 520]
Event: 0.166 Thread 0x00000244a3934b80 Exception <a 'sun/nio/fs/WindowsException'{0x0000000620e2dbb0}> (0x0000000620e2dbb0) 
thrown [s\src\hotspot\share\prims\jni.cpp, line 520]
Event: 0.171 Thread 0x00000244a3934b80 Exception <a 'java/lang/NoSuchMethodError'{0x0000000620e444e0}: 'int java.lang.invoke.Invokers$Holder.invokeExact_MT(java.lang.Object, java.lang.Object)'> (0x0000000620e444e0) 
thrown [s\src\hotspot\share\interpreter\linkResolver.cpp, line 773]
Event: 0.379 Thread 0x00000244a3934b80 Exception <a 'java/lang/NoSuchMethodError'{0x0000000620ead108}: 'void java.lang.System.load(java.lang.String, java.lang.Class)'> (0x0000000620ead108) 
thrown [s\src\hotspot\share\interpreter\linkResolver.cpp, line 773]
Event: 0.379 Thread 0x00000244a3934b80 Exception <a 'java/lang/NoSuchMethodError'{0x0000000620eafaa8}: 'void java.lang.System.loadLibrary(java.lang.String, java.lang.Class)'> (0x0000000620eafaa8) 
thrown [s\src\hotspot\share\interpreter\linkResolver.cpp, line 773]
Event: 0.382 Thread 0x00000244a3934b80 Exception <a 'sun/nio/fs/WindowsException'{0x0000000620ebec58}> (0x0000000620ebec58) 
thrown [s\src\hotspot\share\prims\jni.cpp, line 520]
Event: 0.382 Thread 0x00000244a3934b80 Exception <a 'sun/nio/fs/WindowsException'{0x0000000620ebeff8}> (0x0000000620ebeff8) 
thrown [s\src\hotspot\share\prims\jni.cpp, line 520]
Event: 0.386 Thread 0x00000244a3934b80 Exception <a 'sun/nio/fs/WindowsException'{0x0000000620ec94e0}> (0x0000000620ec94e0) 
thrown [s\src\hotspot\share\prims\jni.cpp, line 520]
Event: 0.386 Thread 0x00000244a3934b80 Exception <a 'sun/nio/fs/WindowsException'{0x0000000620ec97b0}> (0x0000000620ec97b0) 
thrown [s\src\hotspot\share\prims\jni.cpp, line 520]
Event: 0.641 Thread 0x00000244a3934b80 Exception <a 'java/lang/NoSuchMethodError'{0x000000062052e178}: 'void java.lang.System.load(java.lang.String, java.lang.Class)'> (0x000000062052e178) 
thrown [s\src\hotspot\share\interpreter\linkResolver.cpp, line 773]
Event: 0.642 Thread 0x00000244a3934b80 Exception <a 'java/lang/NoSuchMethodError'{0x0000000620530b18}: 'void java.lang.System.loadLibrary(java.lang.String, java.lang.Class)'> (0x0000000620530b18) 
thrown [s\src\hotspot\share\interpreter\linkResolver.cpp, line 773]
Event: 0.646 Thread 0x00000244a3934b80 Exception <a 'sun/nio/fs/WindowsException'{0x000000062053f878}> (0x000000062053f878) 
thrown [s\src\hotspot\share\prims\jni.cpp, line 520]
Event: 0.646 Thread 0x00000244a3934b80 Exception <a 'sun/nio/fs/WindowsException'{0x000000062053fbf8}> (0x000000062053fbf8) 
thrown [s\src\hotspot\share\prims\jni.cpp, line 520]
Event: 1.869 Thread 0x00000244a3934b80 Implicit null exception at 0x00000244b584c5dd to 0x0000000000000000

ZGC Phase Switch (0 events):
No events

VM Operations (16 events):
Event: 0.059 Executing VM operation: HandshakeAllThreads (Deoptimize)
Event: 0.059 Executing VM operation: HandshakeAllThreads (Deoptimize) done
Event: 0.682 Executing VM operation: G1CollectForAllocation (G1 Evacuation Pause)
Event: 0.684 Executing VM operation: G1CollectForAllocation (G1 Evacuation Pause) done
Event: 0.736 Executing VM operation: G1CollectForAllocation (G1 Evacuation Pause)
Event: 0.738 Executing VM operation: G1CollectForAllocation (G1 Evacuation Pause) done
Event: 0.933 Executing VM operation: G1CollectForAllocation (G1 Evacuation Pause)
Event: 0.937 Executing VM operation: G1CollectForAllocation (G1 Evacuation Pause) done
Event: 0.953 Executing VM operation: HandshakeAllThreads (Deoptimize)
Event: 0.953 Executing VM operation: HandshakeAllThreads (Deoptimize) done
Event: 1.175 Executing VM operation: HandshakeAllThreads (Deoptimize)
Event: 1.175 Executing VM operation: HandshakeAllThreads (Deoptimize) done
Event: 1.312 Executing VM operation: G1CollectForAllocation (G1 Evacuation Pause)
Event: 1.320 Executing VM operation: G1CollectForAllocation (G1 Evacuation Pause) done
Event: 1.869 Executing VM operation: HandshakeAllThreads (Deoptimize)
Event: 1.869 Executing VM operation: HandshakeAllThreads (Deoptimize) done

Events (20 events):
Event: 0.048 Thread 0x00000244cb9a8ca0 Thread added: 0x00000244cb9a8ca0
Event: 0.145 Thread 0x000002451106cc40 Thread added: 0x000002451106cc40
Event: 0.377 Thread 0x000002451106cc40 Thread exited: 0x000002451106cc40
Event: 0.385 Thread 0x00000245117f9240 Thread added: 0x00000245117f9240
Event: 0.385 Thread 0x00000245117f98f0 Thread added: 0x00000245117f98f0
Event: 0.659 Thread 0x0000024518909e30 Thread added: 0x0000024518909e30
Event: 0.662 Thread 0x0000024518901c10 Thread added: 0x0000024518901c10
Event: 0.664 Thread 0x0000024518b2b790 Thread added: 0x0000024518b2b790
Event: 0.665 Thread 0x0000024518d009a0 Thread added: 0x0000024518d009a0
Event: 0.668 Thread 0x0000024518d01050 Thread added: 0x0000024518d01050
Event: 0.668 Thread 0x0000024518b36b40 Thread added: 0x0000024518b36b40
Event: 0.668 Thread 0x0000024518b371f0 Thread added: 0x0000024518b371f0
Event: 1.547 Thread 0x0000024518b371f0 Thread exited: 0x0000024518b371f0
Event: 1.547 Thread 0x0000024518b36b40 Thread exited: 0x0000024518b36b40
Event: 1.548 Thread 0x0000024518d01050 Thread exited: 0x0000024518d01050
Event: 1.548 Thread 0x0000024518d009a0 Thread exited: 0x0000024518d009a0
Event: 1.548 Thread 0x0000024518b2b790 Thread exited: 0x0000024518b2b790
Event: 1.548 Thread 0x0000024518901c10 Thread exited: 0x0000024518901c10
Event: 1.548 Thread 0x0000024518909e30 Thread exited: 0x0000024518909e30
Event: 1.552 Thread 0x0000024518b2b790 Thread added: 0x0000024518b2b790


Dynamic libraries:
0x00007ff60d2f0000 - 0x00007ff60d2fe000 	C:\Program Files\Eclipse Adoptium\jdk-21.0.3.9-hotspot\bin\java.exe
0x00007ffd58c80000 - 0x00007ffd58ee8000 	C:\WINDOWS\SYSTEM32\ntdll.dll
0x00007ffd58710000 - 0x00007ffd587d9000 	C:\WINDOWS\System32\KERNEL32.DLL
0x00007ffd55dd0000 - 0x00007ffd561bd000 	C:\WINDOWS\System32\KERNELBASE.dll
0x00007ffd56790000 - 0x00007ffd568db000 	C:\WINDOWS\System32\ucrtbase.dll
0x00007ffd41080000 - 0x00007ffd41098000 	C:\Program Files\Eclipse Adoptium\jdk-21.0.3.9-hotspot\bin\jli.dll
0x00007ffd410a0000 - 0x00007ffd410bb000 	C:\Program Files\Eclipse Adoptium\jdk-21.0.3.9-hotspot\bin\VCRUNTIME140.dll
0x00007ffd56a20000 - 0x00007ffd56bec000 	C:\WINDOWS\System32\USER32.dll
0x00007ffd565e0000 - 0x00007ffd56607000 	C:\WINDOWS\System32\win32u.dll
0x00007ffd576d0000 - 0x00007ffd576fb000 	C:\WINDOWS\System32\GDI32.dll
0x00007ffd568e0000 - 0x00007ffd56a17000 	C:\WINDOWS\System32\gdi32full.dll
0x00007ffd43350000 - 0x00007ffd435ea000 	C:\WINDOWS\WinSxS\amd64_microsoft.windows.common-controls_6595b64144ccf1df_6.0.26100.4484_none_3e0e6d4ce32ef3b3\COMCTL32.dll
0x00007ffd562f0000 - 0x00007ffd56393000 	C:\WINDOWS\System32\msvcp_win.dll
0x00007ffd57dd0000 - 0x00007ffd57e79000 	C:\WINDOWS\System32\msvcrt.dll
0x00007ffd58c00000 - 0x00007ffd58c2f000 	C:\WINDOWS\System32\IMM32.DLL
0x00007ffd4ce60000 - 0x00007ffd4ce6c000 	C:\Program Files\Eclipse Adoptium\jdk-21.0.3.9-hotspot\bin\vcruntime140_1.dll
0x00007ffd04bf0000 - 0x00007ffd04c7e000 	C:\Program Files\Eclipse Adoptium\jdk-21.0.3.9-hotspot\bin\msvcp140.dll
0x00007ffc75e40000 - 0x00007ffc76bc2000 	C:\Program Files\Eclipse Adoptium\jdk-21.0.3.9-hotspot\bin\server\jvm.dll
0x00007ffd57f00000 - 0x00007ffd57fb4000 	C:\WINDOWS\System32\ADVAPI32.dll
0x00007ffd58940000 - 0x00007ffd589e6000 	C:\WINDOWS\System32\sechost.dll
0x00007ffd57700000 - 0x00007ffd57818000 	C:\WINDOWS\System32\RPCRT4.dll
0x00007ffd57e80000 - 0x00007ffd57ef4000 	C:\WINDOWS\System32\WS2_32.dll
0x00007ffd55b70000 - 0x00007ffd55bce000 	C:\WINDOWS\SYSTEM32\POWRPROF.dll
0x00007ffd4d850000 - 0x00007ffd4d85b000 	C:\WINDOWS\SYSTEM32\VERSION.dll
0x00007ffd4af50000 - 0x00007ffd4af85000 	C:\WINDOWS\SYSTEM32\WINMM.dll
0x00007ffd55a60000 - 0x00007ffd55a74000 	C:\WINDOWS\SYSTEM32\UMPDC.dll
0x00007ffd54b70000 - 0x00007ffd54b8b000 	C:\WINDOWS\SYSTEM32\kernel.appcore.dll
0x00007ffd412d0000 - 0x00007ffd412da000 	C:\Program Files\Eclipse Adoptium\jdk-21.0.3.9-hotspot\bin\jimage.dll
0x00007ffd48850000 - 0x00007ffd48a91000 	C:\WINDOWS\SYSTEM32\DBGHELP.DLL
0x00007ffd57a30000 - 0x00007ffd57db6000 	C:\WINDOWS\System32\combase.dll
0x00007ffd58b10000 - 0x00007ffd58bf0000 	C:\WINDOWS\System32\OLEAUT32.dll
0x00007ffd31830000 - 0x00007ffd31873000 	C:\WINDOWS\SYSTEM32\dbgcore.DLL
0x00007ffd56250000 - 0x00007ffd562e9000 	C:\WINDOWS\System32\bcryptPrimitives.dll
0x00007ffd30b80000 - 0x00007ffd30b9f000 	C:\Program Files\Eclipse Adoptium\jdk-21.0.3.9-hotspot\bin\java.dll
0x00007ffd57fc0000 - 0x00007ffd5870a000 	C:\WINDOWS\System32\SHELL32.dll
0x00007ffd56610000 - 0x00007ffd56784000 	C:\WINDOWS\System32\wintypes.dll
0x00007ffd53a50000 - 0x00007ffd542ab000 	C:\WINDOWS\SYSTEM32\windows.storage.dll
0x00007ffd57390000 - 0x00007ffd57485000 	C:\WINDOWS\System32\SHCORE.dll
0x00007ffd58aa0000 - 0x00007ffd58b0a000 	C:\WINDOWS\System32\shlwapi.dll
0x00007ffd55ce0000 - 0x00007ffd55d0f000 	C:\WINDOWS\SYSTEM32\profapi.dll
0x00007ffcecbb0000 - 0x00007ffcecc87000 	C:\Program Files\Eclipse Adoptium\jdk-21.0.3.9-hotspot\bin\jsvml.dll
0x00007ffd41070000 - 0x00007ffd41080000 	C:\Program Files\Eclipse Adoptium\jdk-21.0.3.9-hotspot\bin\net.dll
0x00007ffd4f790000 - 0x00007ffd4f8ae000 	C:\WINDOWS\SYSTEM32\WINHTTP.dll
0x00007ffd55100000 - 0x00007ffd5516a000 	C:\WINDOWS\system32\mswsock.dll
0x00007ffd2f360000 - 0x00007ffd2f376000 	C:\Program Files\Eclipse Adoptium\jdk-21.0.3.9-hotspot\bin\nio.dll
0x00007ffd30b60000 - 0x00007ffd30b78000 	C:\Program Files\Eclipse Adoptium\jdk-21.0.3.9-hotspot\bin\zip.dll
0x00007ffd21b70000 - 0x00007ffd21bee000 	C:\Users\mirek\AppData\Local\Temp\lwjgl_mirek\3.3.6+1\x64\lwjgl.dll
0x00007ffd04700000 - 0x00007ffd04789000 	C:\Users\mirek\AppData\Local\Temp\lwjgl_mirek\3.3.6+1\x64\glfw.dll
0x00007ffd21c40000 - 0x00007ffd21c8b000 	C:\WINDOWS\SYSTEM32\dinput8.dll
0x00007ffd2ef40000 - 0x00007ffd2ef52000 	C:\WINDOWS\SYSTEM32\xinput1_4.dll
0x00007ffd55940000 - 0x00007ffd55997000 	C:\WINDOWS\SYSTEM32\cfgmgr32.dll
0x00007ffd55910000 - 0x00007ffd5593d000 	C:\WINDOWS\SYSTEM32\DEVOBJ.dll
0x00007ffd535b0000 - 0x00007ffd535e6000 	C:\WINDOWS\SYSTEM32\dwmapi.dll
0x00007ffd33fa0000 - 0x00007ffd34183000 	C:\WINDOWS\SYSTEM32\inputhost.dll
0x00007ffd51430000 - 0x00007ffd51555000 	C:\WINDOWS\SYSTEM32\CoreMessaging.dll
0x00007ffd52fd0000 - 0x00007ffd5307f000 	C:\WINDOWS\system32\uxtheme.dll
0x00007ffd57890000 - 0x00007ffd579f0000 	C:\WINDOWS\System32\MSCTF.dll
0x00007ffd553d0000 - 0x00007ffd553dc000 	C:\WINDOWS\SYSTEM32\CRYPTBASE.DLL
0x00007ffcbfe70000 - 0x00007ffcbff88000 	C:\WINDOWS\SYSTEM32\opengl32.dll
0x00007ffcbfe40000 - 0x00007ffcbfe6d000 	C:\WINDOWS\SYSTEM32\GLU32.dll
0x00007ffd53180000 - 0x00007ffd531cd000 	C:\WINDOWS\SYSTEM32\dxcore.dll
0x00007ffd46360000 - 0x00007ffd4637a000 	C:\WINDOWS\SYSTEM32\windows.staterepositorycore.dll
0x00007ffcbd4f0000 - 0x00007ffcbfe34000 	C:\WINDOWS\System32\DriverStore\FileRepository\nv_dispi.inf_amd64_fe5f369669db2f36\nvoglv64.dll
0x00007ffd56f00000 - 0x00007ffd57386000 	C:\WINDOWS\System32\SETUPAPI.dll
0x00007ffd57520000 - 0x00007ffd576be000 	C:\WINDOWS\System32\ole32.dll
0x00007ffd51e70000 - 0x00007ffd51e86000 	C:\WINDOWS\SYSTEM32\WTSAPI32.dll
0x00007ffd554e0000 - 0x00007ffd554f3000 	C:\WINDOWS\SYSTEM32\msasn1.dll
0x00007ffd4d810000 - 0x00007ffd4d84b000 	C:\WINDOWS\SYSTEM32\cryptnet.dll
0x00007ffd563a0000 - 0x00007ffd56517000 	C:\WINDOWS\System32\CRYPT32.dll
0x00007ffd55470000 - 0x00007ffd554db000 	C:\WINDOWS\SYSTEM32\wldp.dll
0x00007ffd4d4c0000 - 0x00007ffd4d63c000 	C:\WINDOWS\SYSTEM32\drvstore.dll
0x00007ffd561c0000 - 0x00007ffd56244000 	C:\WINDOWS\System32\WINTRUST.dll
0x00007ffd54ca0000 - 0x00007ffd54cd6000 	C:\WINDOWS\SYSTEM32\ntmarta.dll
0x00007ffd57a00000 - 0x00007ffd57a20000 	C:\WINDOWS\System32\imagehlp.dll
0x00007ffd553b0000 - 0x00007ffd553cb000 	C:\WINDOWS\SYSTEM32\CRYPTSP.dll
0x00007ffd54ad0000 - 0x00007ffd54b0b000 	C:\WINDOWS\system32\rsaenh.dll
0x00007ffd55cb0000 - 0x00007ffd55cd6000 	C:\WINDOWS\SYSTEM32\bcrypt.dll
0x00007ffd3a7a0000 - 0x00007ffd3e532000 	C:\WINDOWS\System32\DriverStore\FileRepository\nv_dispi.inf_amd64_fe5f369669db2f36\nvgpucomp64.dll
0x00007ffd237e0000 - 0x00007ffd23af4000 	C:\WINDOWS\system32\nvspcap64.dll
0x00007ffd559d0000 - 0x00007ffd55a37000 	C:\WINDOWS\SYSTEM32\WINSTA.dll
0x00007ffd33da0000 - 0x00007ffd33ef0000 	C:\WINDOWS\SYSTEM32\textinputframework.dll
0x00007ffd3fc90000 - 0x00007ffd3ff73000 	C:\WINDOWS\SYSTEM32\CoreUIComponents.dll
0x00007ffd2cb60000 - 0x00007ffd2cbbd000 	C:\Users\mirek\AppData\Local\Temp\lwjgl_mirek\3.3.6+1\x64\lwjgl_opengl.dll
0x00007ffd40df0000 - 0x00007ffd40e00000 	C:\Program Files\Eclipse Adoptium\jdk-21.0.3.9-hotspot\bin\verify.dll
0x00007ffcf25b0000 - 0x00007ffcf2649000 	C:\Users\mirek\AppData\Local\Temp\lwjgl_mirek\3.3.6+1\x64\lwjgl_stb.dll

dbghelp: loaded successfully - version: 4.0.5 - missing functions: none
symbol engine: initialized successfully - sym options: 0x614 - pdb path: .;C:\Program Files\Eclipse Adoptium\jdk-21.0.3.9-hotspot\bin;C:\WINDOWS\SYSTEM32;C:\WINDOWS\WinSxS\amd64_microsoft.windows.common-controls_6595b64144ccf1df_6.0.26100.4484_none_3e0e6d4ce32ef3b3;C:\Program Files\Eclipse Adoptium\jdk-21.0.3.9-hotspot\bin\server;C:\Users\mirek\AppData\Local\Temp\lwjgl_mirek\3.3.6+1\x64;C:\WINDOWS\System32\DriverStore\FileRepository\nv_dispi.inf_amd64_fe5f369669db2f36

VM Arguments:
jvm_args: -XX:+ShowCodeDetailsInExceptionMessages 
java_command: engine.Main
java_class_path (initial): \Mian-engine-v1\build\resources\main;C:\Users\mirek\Desktop\Programming Stuff\OpenGL\Mian Engine\Mian-engine-v1\build\classes\java\main;C:\Users\mirek\.gradle\caches\modules-2\files-2.1\org.lwjgl\lwjgl\3.3.6\ce7721d30cfaf47feaed10213e0c43eb55c49d68\lwjgl-3.3.6.jar;C:\Users\mirek\.gradle\caches\modules-2\files-2.1\com.github.stephengold\stack-alloc\1.0.2\13cbb10c01ec09d0f5879f988946a97998175dfc\stack-alloc-1.0.2.jar;C:\Users\mirek\.gradle\caches\modules-2\files-2.1\javax.vecmath\vecmath\1.5.2\fd17bc3e67f909573dfc039d8e2abecf407c4e27\vecmath-1.5.2.jar;C:\Users\mirek\.gradle\caches\modules-2\files-2.1\org.lwjgl\lwjgl\3.3.6\9a29b6a22fc5184604b8cb434ee5d5ecc4bfcbee\lwjgl-3.3.6-natives-windows.jar;C:\Users\mirek\.gradle\caches\modules-2\files-2.1\org.lwjgl\lwjgl-opengl\3.3.6\ac2532612a4df374e9a9282bcf8ce2573018ebbb\lwjgl-opengl-3.3.6.jar;C:\Users\mirek\.gradle\caches\modules-2\files-2.1\org.joml\joml\1.10.5\22566d58af70ad3d72308bab63b8339906deb649\joml-1.10.5.jar;C:\Users\mirek\.gradle\caches\modules-2\files-2.1\org.lwjgl\lwjgl-stb\3.3.6\334cf885b39e2db9070c39e70e65efb136435f10\lwjgl-stb-3.3.6-natives-windows.jar;C:\Users\mirek\.gradle\caches\modules-2\files-2.1\org.lwjgl\lwjgl-glfw\3.3.6\99ef08056feb9627f90425a4d2a22cd9fae8e39b\lwjgl-glfw-3.3.6-natives-windows.jar;C:\Users\mirek\.gradle\caches\modules-2\files-2.1\org.lwjgl\lwjgl-opengl\3.3.6\18dc639ebc94aa5202c2157f7490d28997b697c5\lwjgl-opengl-3.3.6-natives-windows.jar;C:\Users\mirek\.gradle\caches\modules-2\files-2.1\com.github.stephengold\jbullet\1.0.3\362f53e8aa981037c2523ac24eb4d9b190a49036\jbullet-1.0.3.jar;C:\Users\mirek\.gradle\caches\modules-2\files-2.1\org.lwjgl\lwjgl-glfw\3.3.6\7119f7d0eeb1e5502ff0ca71d2b4d47317da015\lwjgl-glfw-3.3.6.jar;C:\Users\mirek\.gradle\caches\modules-2\files-2.1\org.lwjgl\lwjgl-stb\3.3.6\e2d3739dcfe7b672b626ded66d94f6587083306e\lwjgl-stb-3.3.6.jar
Launcher Type: SUN_STANDARD

[Global flags]
     intx CICompilerCount                          = 12                                        {product} {ergonomic}
     uint ConcGCThreads                            = 5                                         {product} {ergonomic}
     uint G1ConcRefinementThreads                  = 18                                        {product} {ergonomic}
   size_t G1HeapRegionSize                         = 4194304                                   {product} {ergonomic}
    uintx GCDrainStackTargetSize                   = 64                                        {product} {ergonomic}
   size_t InitialHeapSize                          = 536870912                                 {product} {ergonomic}
   size_t MarkStackSize                            = 4194304                                   {product} {ergonomic}
   size_t MaxHeapSize                              = 8568963072                                {product} {ergonomic}
   size_t MaxNewSize                               = 5138022400                                {product} {ergonomic}
   size_t MinHeapDeltaBytes                        = 4194304                                   {product} {ergonomic}
   size_t MinHeapSize                              = 8388608                                   {product} {ergonomic}
    uintx NonNMethodCodeHeapSize                   = 7602480                                {pd product} {ergonomic}
    uintx NonProfiledCodeHeapSize                  = 122027880                              {pd product} {ergonomic}
    uintx ProfiledCodeHeapSize                     = 122027880                              {pd product} {ergonomic}
    uintx ReservedCodeCacheSize                    = 251658240                              {pd product} {ergonomic}
     bool SegmentedCodeCache                       = true                                      {product} {ergonomic}
     bool ShowCodeDetailsInExceptionMessages       = true                                   {manageable} {command line}
   size_t SoftMaxHeapSize                          = 8568963072                             {manageable} {ergonomic}
     bool UseCompressedOops                        = true                           {product lp64_product} {ergonomic}
     bool UseG1GC                                  = true                                      {product} {ergonomic}
     bool UseLargePagesIndividualAllocation        = false                                  {pd product} {ergonomic}

Logging:
Log output configuration:
 #0: stdout all=warning uptime,level,tags foldmultilines=false
 #1: stderr all=off uptime,level,tags foldmultilines=false

Environment Variables:
JAVA_HOME=C:\Users\mirek\.jdks\corretto-1.8.0_442
PATH=;C:\Program Files\Common Files\Oracle\Java\javapath;C:\Program Files (x86)\Common Files\Oracle\Java\java8path;C:\Program Files (x86)\Common Files\Oracle\Java\javapath;C:\Program Files\Microsoft MPI\Bin\;C:\Program Files\Eclipse Adoptium\jdk-21.0.3.9-hotspot\bin;C:\Python312\Scripts\;C:\Python312\;C:\Program Files (x86)\Razer Chroma SDK\bin;C:\Program Files\Razer Chroma SDK\bin;C:\Program Files (x86)\Razer\ChromaBroadcast\bin;C:\Program Files\Razer\ChromaBroadcast\bin;C:\Program Files\Eclipse Adoptium\jdk-17.0.10.7-hotspot\bin;C:\Windows\system32;C:\Windows;C:\Windows\System32\Wbem;C:\Windows\System32\WindowsPowerShell\v1.0\;C:\Windows\System32\OpenSSH\;C:\Program Files\dotnet\;C:\Windows\system32\config\systemprofile\AppData\Local\Microsoft\WindowsApps;C:\Users\mirek\AppData\Local\Microsoft\WindowsApps;D:\Microsoft VS Code\bin;D:\IntelliJ IDEA Community Edition 2023.3.6\bin;C:\Users\mirek\.dotnet\tools;C:\Program Files\nodejs\;C:\ProgramData\chocolatey\bin;C:\Program Files\Git\cmd;C:\Program Files\Microsoft SQL Server\150\Tools\Binn\;C:\Program Files\Microsoft SQL Server\Client SDK\ODBC\170\Tools\Binn\;C:\msys64\mingw64\bin;;C:\WINDOWS\system32;C:\WINDOWS;C:\WINDOWS\System32\Wbem;C:\WINDOWS\System32\WindowsPowerShell\v1.0\;C:\WINDOWS\System32\OpenSSH\;C:\Program Files\NVIDIA Corporation\NVIDIA App\NvDLISR;C:\Program Files (x86)\NVIDIA Corporation\PhysX\Common;C:\Users\mirek\.cargo\bin;C:\Users\mirek\AppData\Local\Programs\Python\Python311\Scripts\;C:\Users\mirek\AppData\Local\Programs\Python\Python311\;C:\Users\mirek\AppData\Local\Microsoft\WindowsApps;D:\Microsoft VS Code\bin;D:\IntelliJ IDEA Community Edition 2023.3.6\bin;;C:\Users\mirek\.dotnet\tools;C:\Users\mirek\AppData\Roaming\npm;C:\Users\mirek\AppData\Local\Muse Hub\lib;C:\msys64\mingw64\bin;C:\ffmpeg\bin;C:\Gradle\gradle-8.12-all\gradle-8.12\bin;C:\Program Files (x86)\Atmel\Flip 3.4.7\bin;C:\Program Files (x86)\Nmap;C:\maven\bin;C:\Users\mirek\AppData\Local\Microsoft\WinGet\Packages\Microsoft.devtunnel_Microsoft.Winget.Source_8wekyb3d8bbwe;C:\Program Files\NVIDIA GPU Computing Toolkit\CUDA\v11.8\bin;C:\Program Files\NVIDIA GPU Computing Toolkit\CUDA\v11.8\lib\x64;
USERNAME=mirek
LANG=en_US.UTF-8
OS=Windows_NT
PROCESSOR_IDENTIFIER=AMD64 Family 25 Model 33 Stepping 2, AuthenticAMD
TMP=C:\Users\mirek\AppData\Local\Temp
TEMP=C:\Users\mirek\AppData\Local\Temp




Periodic native trim disabled

---------------  S Y S T E M  ---------------

OS:
 Windows 11 , 64 bit Build 26100 (10.0.26100.4484)
OS uptime: 0 days 13:13 hours

CPU: total 24 (initial active 24) (24 cores per cpu, 2 threads per core) family 25 model 33 stepping 2 microcode 0xa201213, cx8, cmov, fxsr, ht, mmx, 3dnowpref, sse, sse2, sse3, ssse3, sse4a, sse4.1, sse4.2, popcnt, lzcnt, tsc, tscinvbit, avx, avx2, aes, erms, clmul, bmi1, bmi2, adx, sha, fma, vzeroupper, clflush, clflushopt, rdtscp, rdpid, fsrm, f16c, pku, cet_ss
Processor Information for all 24 processors :
  Max Mhz: 3701, Current Mhz: 3701, Mhz Limit: 3701

Memory: 4k page, system-wide physical 32681M (15515M free)
TotalPageFile size 43945M (AvailPageFile size 17146M)
current process WorkingSet (physical memory assigned to process): 662M, peak: 667M
current process commit charge ("private bytes"): 905M, peak: 909M

vm_info: OpenJDK 64-Bit Server VM (21.0.3+9-LTS) for windows-amd64 JRE (21.0.3+9-LTS), built on 2024-04-16T00:00:00Z by "admin" with MS VC++ 17.7 (VS2022)

END.
