#
# A fatal error has been detected by the Java Runtime Environment:
#
#  EXCEPTION_ACCESS_VIOLATION (0xc0000005) at pc=0x0000024f101ecddd, pid=13624, tid=35028
#
# JRE version: OpenJDK Runtime Environment Corretto-21.0.5.11.1 (21.0.5+11) (build 21.0.5+11-LTS)
# Java VM: OpenJDK 64-Bit Server VM Corretto-21.0.5.11.1 (21.0.5+11-LTS, mixed mode, sharing, tiered, compressed oops, compressed class ptrs, g1 gc, windows-amd64)
# Problematic frame:
# J 609 c2 sun.misc.Unsafe.putLong(Ljava/lang/Object;JJ)V jdk.unsupported@21.0.5 (11 bytes) @ 0x0000024f101ecddd [0x0000024f101ecda0+0x000000000000003d]
#
# No core dump will be written. Minidumps are not enabled by default on client versions of Windows
#
# If you would like to submit a bug report, please visit:
#   https://github.com/corretto/corretto-21/issues/
#

---------------  S U M M A R Y ------------

Command Line: -XX:+ShowCodeDetailsInExceptionMessages engine.Main

Host: AMD Ryzen 9 5900X 12-Core Processor            , 24 cores, 31G,  Windows 11 , 64 bit Build 26100 (10.0.26100.4484)
Time: Sun Aug 24 23:28:57 2025 Mitteleuropäische Sommerzeit elapsed time: 1.885067 seconds (0d 0h 0m 1s)

---------------  T H R E A D  ---------------

Current thread (0x0000024f7d8f2120):  JavaThread "main"             [_thread_in_Java, id=35028, stack(0x00000070b6000000,0x00000070b6100000) (1024K)]

Stack: [0x00000070b6000000,0x00000070b6100000],  sp=0x00000070b60ff430,  free space=1021k
Native frames: (J=compiled Java code, j=interpreted, Vv=VM code, C=native code)
C  0x0000024f101ecddd

The last pc belongs to nmethod (printed below).

siginfo: EXCEPTION_ACCESS_VIOLATION (0xc0000005), writing address 0x0000000000000010


Registers:
RAX=0x0000024f670eda40, RBX=0x0000024f670eda40, RCX=0x00000006088d2aa8, RDX=0x00000006088d2aa8
RSP=0x00000070b60ff430, RBP=0x00000070b60ff4c8, RSI=0x00000000000001c0, RDI=0x0000000041200000
R8 =0x0000000000000000, R9 =0x0000000000000010, R10=0x0000000000000000, R11=0x0000024f101ecdc0
R12=0x0000000000000000, R13=0x00000070b60ff450, R14=0x00000070b60ff4f0, R15=0x0000024f7d8f2120
RIP=0x0000024f101ecddd, EFLAGS=0x0000000000010246


Register to memory mapping:

RAX={method} {0x0000024f670eda48} 'putLong' '(Ljava/lang/Object;JJ)V' in 'sun/misc/Unsafe'
RBX={method} {0x0000024f670eda48} 'putLong' '(Ljava/lang/Object;JJ)V' in 'sun/misc/Unsafe'
RCX=0x00000006088d2aa8 is an oop: sun.misc.Unsafe 
{0x00000006088d2aa8} - klass: 'sun/misc/Unsafe'
 - ---- fields (total size 2 words):
RDX=0x00000006088d2aa8 is an oop: sun.misc.Unsafe 
{0x00000006088d2aa8} - klass: 'sun/misc/Unsafe'
 - ---- fields (total size 2 words):
RSP=0x00000070b60ff430 is pointing into the stack for thread: 0x0000024f7d8f2120
RBP=0x00000070b60ff4c8 is pointing into the stack for thread: 0x0000024f7d8f2120
RSI=0x00000000000001c0 is an unknown value
RDI=0x0000000041200000 is an unknown value
R8 =0x0 is null
R9 =0x0000000000000010 is an unknown value
R10=0x0 is null
R11=0x0000024f101ecdc0 is at entry_point+32 in (nmethod*)0x0000024f101ecc10
Compiled method (c2) 1903  609       4       sun.misc.Unsafe::putLong (11 bytes)
 total in heap  [0x0000024f101ecc10,0x0000024f101ece60] = 592
 relocation     [0x0000024f101ecd70,0x0000024f101ecd88] = 24
 main code      [0x0000024f101ecda0,0x0000024f101ece18] = 120
 stub code      [0x0000024f101ece18,0x0000024f101ece30] = 24
 scopes data    [0x0000024f101ece30,0x0000024f101ece38] = 8
 scopes pcs     [0x0000024f101ece38,0x0000024f101ece58] = 32
 dependencies   [0x0000024f101ece58,0x0000024f101ece60] = 8
R12=0x0 is null
R13=0x00000070b60ff450 is pointing into the stack for thread: 0x0000024f7d8f2120
R14=0x00000070b60ff4f0 is pointing into the stack for thread: 0x0000024f7d8f2120
R15=0x0000024f7d8f2120 is a thread

Top of Stack: (sp=0x00000070b60ff430)
0x00000070b60ff430:   00000070b60ff4c8 0000024f0fa7893e
0x00000070b60ff440:   00000070b60ff4c8 0000024f0fa78860
0x00000070b60ff450:   0000000041200000 0000000000000000
0x00000070b60ff460:   0000000000000010 0000000000000000
0x00000070b60ff470:   0000000000000000 00000006088d2aa8
0x00000070b60ff480:   00000070b60ff480 0000024f677e9551
0x00000070b60ff490:   0000000000000005 0000024f677fc270
0x00000070b60ff4a0:   0000000000000000 000000062c0adb80
0x00000070b60ff4b0:   0000024f677e9590 00000070b60ff450
0x00000070b60ff4c0:   00000070b60ff4e0 00000070b60ff540
0x00000070b60ff4d0:   0000024f0fa78860 0000000000000000
0x00000070b60ff4e0:   0000000000000010 0000000000000000
0x00000070b60ff4f0:   000000062c25afc0 00000070b60ff4f8
0x00000070b60ff500:   0000024f677efb04 0000000000000005
0x00000070b60ff510:   0000024f677fc270 0000000000000000
0x00000070b60ff520:   000000062c0adb80 0000024f677efb48
0x00000070b60ff530:   00000070b60ff4e0 00000070b60ff550
0x00000070b60ff540:   00000070b60ff5b8 0000024f0fa78860
0x00000070b60ff550:   000000062c25b0c8 0000000000000000
0x00000070b60ff560:   000000062c25afc0 000000062c258830
0x00000070b60ff570:   00000070b60ff570 0000024f67772ab9
0x00000070b60ff580:   0000000000000003 0000024f677a3440
0x00000070b60ff590:   0000000000000000 000000062c7df438
0x00000070b60ff5a0:   0000024f67772ae0 00000070b60ff550
0x00000070b60ff5b0:   00000070b60ff5c8 00000070b60ff620
0x00000070b60ff5c0:   0000024f0fa789d2 000000062c25b0c8
0x00000070b60ff5d0:   000000062c25afc0 00000070b60ff5d8
0x00000070b60ff5e0:   0000024f67599ea0 0000000000000003
0x00000070b60ff5f0:   0000024f675a0000 0000000000000000
0x00000070b60ff600:   0000000608806d18 0000024f67599ed0
0x00000070b60ff610:   00000070b60ff5c8 00000070b60ff638
0x00000070b60ff620:   00000070b60ff698 0000024f0fa789d2 

Instructions: (pc=0x0000024f101ecddd)
0x0000024f101eccdd:   00 00 00 00 00 00 00 00 00 00 00 00 00 00 00 00
0x0000024f101ecced:   00 00 00 a0 cd 1e 10 4f 02 00 00 c0 cd 1e 10 4f
0x0000024f101eccfd:   02 00 00 a0 cd 1e 10 4f 02 00 00 00 00 00 00 ff
0x0000024f101ecd0d:   ff ff ff 08 02 00 00 ff ff ff ff 90 01 00 00 08
0x0000024f101ecd1d:   02 00 00 20 02 00 00 20 02 00 00 00 00 00 00 28
0x0000024f101ecd2d:   02 00 00 48 02 00 00 50 02 00 00 50 02 00 00 50
0x0000024f101ecd3d:   02 00 00 50 02 00 00 50 02 00 00 00 00 00 00 61
0x0000024f101ecd4d:   02 00 00 00 00 00 00 02 00 00 00 ff ff ff ff ff
0x0000024f101ecd5d:   ff ff ff 04 02 00 00 00 00 00 00 00 00 00 00 00
0x0000024f101ecd6d:   00 00 00 14 30 32 58 0e 78 0e 40 11 31 05 31 0e
0x0000024f101ecd7d:   00 00 31 0f 31 00 00 00 00 00 00 00 00 00 00 00
0x0000024f101ecd8d:   00 00 00 00 00 00 00 00 00 00 00 00 00 00 00 00
0x0000024f101ecd9d:   00 00 00 44 8b 52 08 49 bb 00 00 00 26 4f 02 00
0x0000024f101ecdad:   00 4d 03 d3 49 3b c2 0f 85 c6 19 8d ff 66 90 0f
0x0000024f101ecdbd:   1f 40 00 48 81 ec 18 00 00 00 48 89 6c 24 10 41
0x0000024f101ecdcd:   81 7f 20 01 00 00 00 0f 85 30 00 00 00 4d 8b d0
0x0000024f101ecddd:   4b 89 3c 0a 48 83 c4 10 5d 49 3b a7 48 04 00 00
0x0000024f101ecded:   0f 87 01 00 00 00 c3 49 ba e6 cd 1e 10 4f 02 00
0x0000024f101ecdfd:   00 4d 89 97 60 04 00 00 e9 f6 88 8d ff e8 51 7f
0x0000024f101ece0d:   8b ff e9 c6 ff ff ff f4 f4 f4 f4 e9 63 f9 99 ff
0x0000024f101ece1d:   e8 00 00 00 00 48 83 2c 24 05 e9 74 7b 8d ff f4
0x0000024f101ece2d:   f4 f4 f4 ff 00 00 00 00 00 00 00 ff ff ff ff 00
0x0000024f101ece3d:   00 00 00 00 00 00 00 00 00 00 00 91 00 00 00 00
0x0000024f101ece4d:   00 00 00 00 00 00 00 00 00 00 00 00 00 00 00 00
0x0000024f101ece5d:   00 00 00 00 00 00 00 00 00 00 00 00 00 00 00 00
0x0000024f101ece6d:   00 00 00 00 00 00 00 00 00 00 00 00 00 00 00 00
0x0000024f101ece7d:   00 00 00 00 00 00 00 00 00 00 00 00 00 00 00 00
0x0000024f101ece8d:   00 00 00 00 00 00 00 00 00 00 00 00 00 00 00 00
0x0000024f101ece9d:   00 00 00 00 00 00 00 00 00 00 00 00 00 00 00 00
0x0000024f101ecead:   00 00 00 00 00 00 00 00 00 00 00 00 00 00 00 00
0x0000024f101ecebd:   00 00 00 00 00 00 00 00 00 00 00 00 00 00 00 00
0x0000024f101ececd:   00 00 00 00 00 00 00 00 00 00 00 00 00 00 00 00 


Stack slot to memory mapping:

stack at sp + 0 slots: 0x00000070b60ff4c8 is pointing into the stack for thread: 0x0000024f7d8f2120
stack at sp + 1 slots: 0x0000024f0fa7893e is at code_begin+1406 in an Interpreter codelet
return entry points  [0x0000024f0fa783c0, 0x0000024f0fa78f60]  2976 bytes
stack at sp + 2 slots: 0x00000070b60ff4c8 is pointing into the stack for thread: 0x0000024f7d8f2120
stack at sp + 3 slots: 0x0000024f0fa78860 is at code_begin+1184 in an Interpreter codelet
return entry points  [0x0000024f0fa783c0, 0x0000024f0fa78f60]  2976 bytes
stack at sp + 4 slots: 0x0000000041200000 is an unknown value
stack at sp + 5 slots: 0x0 is null
stack at sp + 6 slots: 0x0000000000000010 is an unknown value
stack at sp + 7 slots: 0x0 is null


Compiled method (c2) 1917  609       4       sun.misc.Unsafe::putLong (11 bytes)
 total in heap  [0x0000024f101ecc10,0x0000024f101ece60] = 592
 relocation     [0x0000024f101ecd70,0x0000024f101ecd88] = 24
 main code      [0x0000024f101ecda0,0x0000024f101ece18] = 120
 stub code      [0x0000024f101ece18,0x0000024f101ece30] = 24
 scopes data    [0x0000024f101ece30,0x0000024f101ece38] = 8
 scopes pcs     [0x0000024f101ece38,0x0000024f101ece58] = 32
 dependencies   [0x0000024f101ece58,0x0000024f101ece60] = 8

[Constant Pool (empty)]

[MachCode]
[Entry Point]
  # {method} {0x0000024f670eda48} 'putLong' '(Ljava/lang/Object;JJ)V' in 'sun/misc/Unsafe'
  # this:     rdx:rdx   = 'sun/misc/Unsafe'
  # parm0:    r8:r8     = 'java/lang/Object'
  # parm1:    r9:r9     = long
  # parm2:    rdi:rdi   = long
  #           [sp+0x20]  (sp of caller)
  0x0000024f101ecda0: 448b 5208 | 49bb 0000 | 0026 4f02 | 0000 4d03 | d349 3bc2 

  0x0000024f101ecdb4: ;   {runtime_call ic_miss_stub}
  0x0000024f101ecdb4: 0f85 c619 | 8dff 6690 | 0f1f 4000 
[Verified Entry Point]
  0x0000024f101ecdc0: 4881 ec18 | 0000 0048 | 896c 2410 | 4181 7f20 | 0100 0000 | 0f85 3000 | 0000 4d8b | d04b 893c 
  0x0000024f101ecde0: 0a48 83c4 

  0x0000024f101ecde4: ;   {poll_return}
  0x0000024f101ecde4: 105d 493b | a748 0400 | 000f 8701 | 0000 00c3 

  0x0000024f101ecdf4: ;   {internal_word}
  0x0000024f101ecdf4: 49ba e6cd | 1e10 4f02 | 0000 4d89 | 9760 0400 

  0x0000024f101ece04: ;   {runtime_call SafepointBlob}
  0x0000024f101ece04: 00e9 f688 

  0x0000024f101ece08: ;   {runtime_call StubRoutines (final stubs)}
  0x0000024f101ece08: 8dff e851 | 7f8b ffe9 | c6ff ffff | f4f4 f4f4 
[Exception Handler]
  0x0000024f101ece18: ;   {no_reloc}
  0x0000024f101ece18: e963 f999 | ffe8 0000 | 0000 4883 

  0x0000024f101ece24: ;   {runtime_call DeoptimizationBlob}
  0x0000024f101ece24: 2c24 05e9 | 747b 8dff | f4f4 f4f4 
[/MachCode]


---------------  P R O C E S S  ---------------

Threads class SMR info:
_java_thread_list=0x0000024f72bcdb70, length=15, elements={
0x0000024f7d8f2120, 0x0000024f24591c60, 0x0000024f245928b0, 0x0000024f2459b190,
0x0000024f2459da60, 0x0000024f25844b20, 0x0000024f258451d0, 0x0000024f2584acd0,
0x0000024f2584ce80, 0x0000024f25925b10, 0x0000024f258472a0, 0x0000024f25845ef0,
0x0000024f72a15960, 0x0000024f729bf040, 0x0000024f72e25da0
}

Java Threads: ( => current thread )
=>0x0000024f7d8f2120 JavaThread "main"                              [_thread_in_Java, id=35028, stack(0x00000070b6000000,0x00000070b6100000) (1024K)]
  0x0000024f24591c60 JavaThread "Reference Handler"          daemon [_thread_blocked, id=31328, stack(0x00000070b6800000,0x00000070b6900000) (1024K)]
  0x0000024f245928b0 JavaThread "Finalizer"                  daemon [_thread_blocked, id=36576, stack(0x00000070b6900000,0x00000070b6a00000) (1024K)]
  0x0000024f2459b190 JavaThread "Signal Dispatcher"          daemon [_thread_blocked, id=35572, stack(0x00000070b6a00000,0x00000070b6b00000) (1024K)]
  0x0000024f2459da60 JavaThread "Attach Listener"            daemon [_thread_blocked, id=34736, stack(0x00000070b6b00000,0x00000070b6c00000) (1024K)]
  0x0000024f25844b20 JavaThread "Service Thread"             daemon [_thread_blocked, id=33748, stack(0x00000070b6c00000,0x00000070b6d00000) (1024K)]
  0x0000024f258451d0 JavaThread "Monitor Deflation Thread"   daemon [_thread_blocked, id=29608, stack(0x00000070b6d00000,0x00000070b6e00000) (1024K)]
  0x0000024f2584acd0 JavaThread "C2 CompilerThread0"         daemon [_thread_blocked, id=37632, stack(0x00000070b6e00000,0x00000070b6f00000) (1024K)]
  0x0000024f2584ce80 JavaThread "C1 CompilerThread0"         daemon [_thread_blocked, id=31828, stack(0x00000070b6f00000,0x00000070b7000000) (1024K)]
  0x0000024f25925b10 JavaThread "C1 CompilerThread1"         daemon [_thread_blocked, id=928, stack(0x00000070b7000000,0x00000070b7100000) (1024K)]
  0x0000024f258472a0 JavaThread "Notification Thread"        daemon [_thread_blocked, id=37124, stack(0x00000070b7100000,0x00000070b7200000) (1024K)]
  0x0000024f25845ef0 JavaThread "Common-Cleaner"             daemon [_thread_blocked, id=5380, stack(0x00000070b7200000,0x00000070b7300000) (1024K)]
  0x0000024f72a15960 JavaThread "C2 CompilerThread1"         daemon [_thread_blocked, id=30648, stack(0x00000070b7a00000,0x00000070b7b00000) (1024K)]
  0x0000024f729bf040 JavaThread "C1 CompilerThread2"         daemon [_thread_blocked, id=20472, stack(0x00000070b7b00000,0x00000070b7c00000) (1024K)]
  0x0000024f72e25da0 JavaThread "C1 CompilerThread3"         daemon [_thread_blocked, id=30852, stack(0x00000070b7c00000,0x00000070b7d00000) (1024K)]
Total: 15

Other Threads:
  0x0000024f24577a50 VMThread "VM Thread"                           [id=31208, stack(0x00000070b6700000,0x00000070b6800000) (1024K)]
  0x0000024f24564ad0 WatcherThread "VM Periodic Task Thread"        [id=34872, stack(0x00000070b6600000,0x00000070b6700000) (1024K)]
  0x0000024f7dfc8c70 WorkerThread "GC Thread#0"                     [id=14492, stack(0x00000070b6100000,0x00000070b6200000) (1024K)]
  0x0000024f72efb6d0 WorkerThread "GC Thread#1"                     [id=4456, stack(0x00000070b8300000,0x00000070b8400000) (1024K)]
  0x0000024f72efba70 WorkerThread "GC Thread#2"                     [id=36672, stack(0x00000070b8400000,0x00000070b8500000) (1024K)]
  0x0000024f731a8350 WorkerThread "GC Thread#3"                     [id=33680, stack(0x00000070b8500000,0x00000070b8600000) (1024K)]
  0x0000024f72f14dc0 WorkerThread "GC Thread#4"                     [id=33120, stack(0x00000070b8600000,0x00000070b8700000) (1024K)]
  0x0000024f72f75f50 WorkerThread "GC Thread#5"                     [id=4736, stack(0x00000070b8700000,0x00000070b8800000) (1024K)]
  0x0000024f730cc230 WorkerThread "GC Thread#6"                     [id=35160, stack(0x00000070b8800000,0x00000070b8900000) (1024K)]
  0x0000024f72ece830 WorkerThread "GC Thread#7"                     [id=26432, stack(0x00000070b8900000,0x00000070b8a00000) (1024K)]
  0x0000024f72ecef70 WorkerThread "GC Thread#8"                     [id=38492, stack(0x00000070b8a00000,0x00000070b8b00000) (1024K)]
  0x0000024f72ecf310 WorkerThread "GC Thread#9"                     [id=17284, stack(0x00000070b8b00000,0x00000070b8c00000) (1024K)]
  0x0000024f72ecf6b0 WorkerThread "GC Thread#10"                    [id=22084, stack(0x00000070b8c00000,0x00000070b8d00000) (1024K)]
  0x0000024f72ece490 WorkerThread "GC Thread#11"                    [id=37268, stack(0x00000070b8d00000,0x00000070b8e00000) (1024K)]
  0x0000024f7dfdb1e0 ConcurrentGCThread "G1 Main Marker"            [id=7972, stack(0x00000070b6200000,0x00000070b6300000) (1024K)]
  0x0000024f7dfdc390 WorkerThread "G1 Conc#0"                       [id=36620, stack(0x00000070b6300000,0x00000070b6400000) (1024K)]
  0x0000024f2449f350 ConcurrentGCThread "G1 Refine#0"               [id=36680, stack(0x00000070b6400000,0x00000070b6500000) (1024K)]
  0x0000024f244a0c80 ConcurrentGCThread "G1 Service"                [id=21816, stack(0x00000070b6500000,0x00000070b6600000) (1024K)]
Total: 18

Threads with active compile tasks:
Total: 0

VM state: not at safepoint (normal execution)

VM Mutex/Monitor currently owned by a thread: None

Heap address: 0x0000000601400000, size: 8172 MB, Compressed Oops mode: Zero based, Oop shift amount: 3

CDS archive(s) mapped at: [0x0000024f26000000-0x0000024f26c80000-0x0000024f26c80000), size 13107200, SharedBaseAddress: 0x0000024f26000000, ArchiveRelocationMode: 1.
Compressed class space mapped at: 0x0000024f27000000-0x0000024f67000000, reserved size: 1073741824
Narrow klass base: 0x0000024f26000000, Narrow klass shift: 0, Narrow klass range: 0x100000000

GC Precious Log:
 CardTable entry size: 512
 Card Set container configuration: InlinePtr #cards 4 size 8 Array Of Cards #cards 32 size 80 Howl #buckets 8 coarsen threshold 7372 Howl Bitmap #cards 1024 size 144 coarsen threshold 921 Card regions per heap region 1 cards per card region 8192
 CPUs: 24 total, 24 available
 Memory: 32681M
 Large Page Support: Disabled
 NUMA Support: Disabled
 Compressed Oops: Enabled (Zero based)
 Heap Region Size: 4M
 Heap Min Capacity: 8M
 Heap Initial Capacity: 512M
 Heap Max Capacity: 8172M
 Pre-touch: Disabled
 Parallel Workers: 18
 Concurrent Workers: 5
 Concurrent Refinement Workers: 18
 Periodic GC: Disabled

Heap:
 garbage-first heap   total 729088K, used 250450K [0x0000000601400000, 0x0000000800000000)
  region size 4096K, 7 young (28672K), 2 survivors (8192K)
 Metaspace       used 7264K, committed 7424K, reserved 1114112K
  class space    used 374K, committed 448K, reserved 1048576K

Heap Regions: E=young(eden), S=young(survivor), O=old, HS=humongous(starts), HC=humongous(continues), CS=collection set, F=free, TAMS=top-at-mark-start, PB=parsable bottom
|   0|0x0000000601400000, 0x0000000601800000, 0x0000000601800000|100%|HS|  |TAMS 0x0000000601400000| PB 0x0000000601400000| Complete 
|   1|0x0000000601800000, 0x0000000601c00000, 0x0000000601c00000|100%|HC|  |TAMS 0x0000000601800000| PB 0x0000000601800000| Complete 
|   2|0x0000000601c00000, 0x0000000602000000, 0x0000000602000000|100%|HS|  |TAMS 0x0000000601c00000| PB 0x0000000601c00000| Complete 
|   3|0x0000000602000000, 0x0000000602400000, 0x0000000602400000|100%|HC|  |TAMS 0x0000000602000000| PB 0x0000000602000000| Complete 
|   4|0x0000000602400000, 0x0000000602800000, 0x0000000602800000|100%|HS|  |TAMS 0x0000000602400000| PB 0x0000000602400000| Complete 
|   5|0x0000000602800000, 0x0000000602c00000, 0x0000000602c00000|100%| O|  |TAMS 0x0000000602800000| PB 0x0000000602800000| Untracked 
|   6|0x0000000602c00000, 0x0000000603000000, 0x0000000603000000|100%| O|  |TAMS 0x0000000602c00000| PB 0x0000000602c00000| Untracked 
|   7|0x0000000603000000, 0x0000000603400000, 0x0000000603400000|100%| O|  |TAMS 0x0000000603000000| PB 0x0000000603000000| Untracked 
|   8|0x0000000603400000, 0x0000000603800000, 0x0000000603800000|100%|HS|  |TAMS 0x0000000603400000| PB 0x0000000603400000| Complete 
|   9|0x0000000603800000, 0x0000000603c00000, 0x0000000603c00000|100%|HS|  |TAMS 0x0000000603800000| PB 0x0000000603800000| Complete 
|  10|0x0000000603c00000, 0x0000000604000000, 0x0000000604000000|100%|HS|  |TAMS 0x0000000603c00000| PB 0x0000000603c00000| Complete 
|  11|0x0000000604000000, 0x0000000604400000, 0x0000000604400000|100%|HC|  |TAMS 0x0000000604000000| PB 0x0000000604000000| Complete 
|  12|0x0000000604400000, 0x0000000604800000, 0x0000000604800000|100%|HS|  |TAMS 0x0000000604400000| PB 0x0000000604400000| Complete 
|  13|0x0000000604800000, 0x0000000604c00000, 0x0000000604c00000|100%|HC|  |TAMS 0x0000000604800000| PB 0x0000000604800000| Complete 
|  14|0x0000000604c00000, 0x0000000605000000, 0x0000000605000000|100%|HS|  |TAMS 0x0000000604c00000| PB 0x0000000604c00000| Complete 
|  15|0x0000000605000000, 0x0000000605400000, 0x0000000605400000|100%|HC|  |TAMS 0x0000000605000000| PB 0x0000000605000000| Complete 
|  16|0x0000000605400000, 0x0000000605800000, 0x0000000605800000|100%|HS|  |TAMS 0x0000000605400000| PB 0x0000000605400000| Complete 
|  17|0x0000000605800000, 0x0000000605c00000, 0x0000000605c00000|100%|HC|  |TAMS 0x0000000605800000| PB 0x0000000605800000| Complete 
|  18|0x0000000605c00000, 0x0000000606000000, 0x0000000606000000|100%| O|  |TAMS 0x0000000605c00000| PB 0x0000000605c00000| Untracked 
|  19|0x0000000606000000, 0x0000000606400000, 0x0000000606400000|100%| O|  |TAMS 0x0000000606000000| PB 0x0000000606000000| Untracked 
|  20|0x0000000606400000, 0x0000000606800000, 0x0000000606800000|100%|HS|  |TAMS 0x0000000606400000| PB 0x0000000606400000| Complete 
|  21|0x0000000606800000, 0x0000000606c00000, 0x0000000606c00000|100%|HS|  |TAMS 0x0000000606800000| PB 0x0000000606800000| Complete 
|  22|0x0000000606c00000, 0x0000000607000000, 0x0000000607000000|100%|HS|  |TAMS 0x0000000606c00000| PB 0x0000000606c00000| Complete 
|  23|0x0000000607000000, 0x0000000607400000, 0x0000000607400000|100%|HC|  |TAMS 0x0000000607000000| PB 0x0000000607000000| Complete 
|  24|0x0000000607400000, 0x0000000607800000, 0x0000000607800000|100%|HS|  |TAMS 0x0000000607400000| PB 0x0000000607400000| Complete 
|  25|0x0000000607800000, 0x0000000607c00000, 0x0000000607c00000|100%|HC|  |TAMS 0x0000000607800000| PB 0x0000000607800000| Complete 
|  26|0x0000000607c00000, 0x0000000608000000, 0x0000000608000000|100%| O|  |TAMS 0x0000000607c00000| PB 0x0000000607c00000| Untracked 
|  27|0x0000000608000000, 0x0000000608400000, 0x0000000608400000|100%| O|  |TAMS 0x0000000608000000| PB 0x0000000608000000| Untracked 
|  28|0x0000000608400000, 0x0000000608800000, 0x0000000608800000|100%|HS|  |TAMS 0x0000000608400000| PB 0x0000000608400000| Complete 
|  29|0x0000000608800000, 0x0000000608c00000, 0x0000000608c00000|100%| O|  |TAMS 0x0000000608800000| PB 0x0000000608800000| Untracked 
|  30|0x0000000608c00000, 0x0000000609000000, 0x0000000609000000|100%| O|  |TAMS 0x0000000608c00000| PB 0x0000000608c00000| Untracked 
|  31|0x0000000609000000, 0x0000000609400000, 0x0000000609400000|100%| O|  |TAMS 0x0000000609000000| PB 0x0000000609000000| Untracked 
|  32|0x0000000609400000, 0x0000000609800000, 0x0000000609800000|100%| O|  |TAMS 0x0000000609400000| PB 0x0000000609400000| Untracked 
|  33|0x0000000609800000, 0x0000000609c00000, 0x0000000609c00000|100%| O|  |TAMS 0x0000000609800000| PB 0x0000000609800000| Untracked 
|  34|0x0000000609c00000, 0x000000060a000000, 0x000000060a000000|100%| O|  |TAMS 0x0000000609c00000| PB 0x0000000609c00000| Untracked 
|  35|0x000000060a000000, 0x000000060a400000, 0x000000060a400000|100%| O|  |TAMS 0x000000060a000000| PB 0x000000060a000000| Untracked 
|  36|0x000000060a400000, 0x000000060a800000, 0x000000060a800000|100%| O|  |TAMS 0x000000060a400000| PB 0x000000060a400000| Untracked 
|  37|0x000000060a800000, 0x000000060ac00000, 0x000000060ac00000|100%| O|  |TAMS 0x000000060a800000| PB 0x000000060a800000| Untracked 
|  38|0x000000060ac00000, 0x000000060b000000, 0x000000060b000000|100%| O|  |TAMS 0x000000060ac00000| PB 0x000000060ac00000| Untracked 
|  39|0x000000060b000000, 0x000000060b400000, 0x000000060b400000|100%| O|  |TAMS 0x000000060b000000| PB 0x000000060b000000| Untracked 
|  40|0x000000060b400000, 0x000000060b800000, 0x000000060b800000|100%| O|  |TAMS 0x000000060b400000| PB 0x000000060b400000| Untracked 
|  41|0x000000060b800000, 0x000000060bc00000, 0x000000060bc00000|100%| O|  |TAMS 0x000000060b800000| PB 0x000000060b800000| Untracked 
|  42|0x000000060bc00000, 0x000000060c000000, 0x000000060c000000|100%|HS|  |TAMS 0x000000060bc00000| PB 0x000000060bc00000| Complete 
|  43|0x000000060c000000, 0x000000060c400000, 0x000000060c400000|100%|HC|  |TAMS 0x000000060c000000| PB 0x000000060c000000| Complete 
|  44|0x000000060c400000, 0x000000060c800000, 0x000000060c800000|100%| O|  |TAMS 0x000000060c400000| PB 0x000000060c400000| Untracked 
|  45|0x000000060c800000, 0x000000060cc00000, 0x000000060cc00000|100%| O|  |TAMS 0x000000060c800000| PB 0x000000060c800000| Untracked 
|  46|0x000000060cc00000, 0x000000060d000000, 0x000000060d000000|100%| O|  |TAMS 0x000000060cc00000| PB 0x000000060cc00000| Untracked 
|  47|0x000000060d000000, 0x000000060d400000, 0x000000060d400000|100%| O|  |TAMS 0x000000060d000000| PB 0x000000060d000000| Untracked 
|  48|0x000000060d400000, 0x000000060d800000, 0x000000060d800000|100%|HS|  |TAMS 0x000000060d400000| PB 0x000000060d400000| Complete 
|  49|0x000000060d800000, 0x000000060dc00000, 0x000000060dc00000|100%|HC|  |TAMS 0x000000060d800000| PB 0x000000060d800000| Complete 
|  50|0x000000060dc00000, 0x000000060e000000, 0x000000060e000000|100%|HS|  |TAMS 0x000000060dc00000| PB 0x000000060dc00000| Complete 
|  51|0x000000060e000000, 0x000000060e400000, 0x000000060e400000|100%|HC|  |TAMS 0x000000060e000000| PB 0x000000060e000000| Complete 
|  52|0x000000060e400000, 0x000000060e800000, 0x000000060e800000|100%|HS|  |TAMS 0x000000060e400000| PB 0x000000060e400000| Complete 
|  53|0x000000060e800000, 0x000000060ec00000, 0x000000060ec00000|100%|HC|  |TAMS 0x000000060e800000| PB 0x000000060e800000| Complete 
|  54|0x000000060ec00000, 0x000000060ec00000, 0x000000060f000000|  0%| F|  |TAMS 0x000000060ec00000| PB 0x000000060ec00000| Untracked 
|  55|0x000000060f000000, 0x000000060f000000, 0x000000060f400000|  0%| F|  |TAMS 0x000000060f000000| PB 0x000000060f000000| Untracked 
|  56|0x000000060f400000, 0x000000060f400000, 0x000000060f800000|  0%| F|  |TAMS 0x000000060f400000| PB 0x000000060f400000| Untracked 
|  57|0x000000060f800000, 0x000000060f800000, 0x000000060fc00000|  0%| F|  |TAMS 0x000000060f800000| PB 0x000000060f800000| Untracked 
|  58|0x000000060fc00000, 0x000000060fc00000, 0x0000000610000000|  0%| F|  |TAMS 0x000000060fc00000| PB 0x000000060fc00000| Untracked 
|  59|0x0000000610000000, 0x0000000610000000, 0x0000000610400000|  0%| F|  |TAMS 0x0000000610000000| PB 0x0000000610000000| Untracked 
|  60|0x0000000610400000, 0x0000000610400000, 0x0000000610800000|  0%| F|  |TAMS 0x0000000610400000| PB 0x0000000610400000| Untracked 
|  61|0x0000000610800000, 0x0000000610800000, 0x0000000610c00000|  0%| F|  |TAMS 0x0000000610800000| PB 0x0000000610800000| Untracked 
|  62|0x0000000610c00000, 0x0000000610c00000, 0x0000000611000000|  0%| F|  |TAMS 0x0000000610c00000| PB 0x0000000610c00000| Untracked 
|  63|0x0000000611000000, 0x0000000611000000, 0x0000000611400000|  0%| F|  |TAMS 0x0000000611000000| PB 0x0000000611000000| Untracked 
|  64|0x0000000611400000, 0x0000000611400000, 0x0000000611800000|  0%| F|  |TAMS 0x0000000611400000| PB 0x0000000611400000| Untracked 
|  65|0x0000000611800000, 0x0000000611800000, 0x0000000611c00000|  0%| F|  |TAMS 0x0000000611800000| PB 0x0000000611800000| Untracked 
|  66|0x0000000611c00000, 0x0000000611c00000, 0x0000000612000000|  0%| F|  |TAMS 0x0000000611c00000| PB 0x0000000611c00000| Untracked 
|  67|0x0000000612000000, 0x0000000612000000, 0x0000000612400000|  0%| F|  |TAMS 0x0000000612000000| PB 0x0000000612000000| Untracked 
|  68|0x0000000612400000, 0x0000000612400000, 0x0000000612800000|  0%| F|  |TAMS 0x0000000612400000| PB 0x0000000612400000| Untracked 
|  69|0x0000000612800000, 0x0000000612800000, 0x0000000612c00000|  0%| F|  |TAMS 0x0000000612800000| PB 0x0000000612800000| Untracked 
|  70|0x0000000612c00000, 0x0000000612c00000, 0x0000000613000000|  0%| F|  |TAMS 0x0000000612c00000| PB 0x0000000612c00000| Untracked 
|  71|0x0000000613000000, 0x0000000613000000, 0x0000000613400000|  0%| F|  |TAMS 0x0000000613000000| PB 0x0000000613000000| Untracked 
|  72|0x0000000613400000, 0x0000000613400000, 0x0000000613800000|  0%| F|  |TAMS 0x0000000613400000| PB 0x0000000613400000| Untracked 
|  73|0x0000000613800000, 0x0000000613800000, 0x0000000613c00000|  0%| F|  |TAMS 0x0000000613800000| PB 0x0000000613800000| Untracked 
|  74|0x0000000613c00000, 0x0000000613c00000, 0x0000000614000000|  0%| F|  |TAMS 0x0000000613c00000| PB 0x0000000613c00000| Untracked 
|  75|0x0000000614000000, 0x0000000614000000, 0x0000000614400000|  0%| F|  |TAMS 0x0000000614000000| PB 0x0000000614000000| Untracked 
|  76|0x0000000614400000, 0x0000000614400000, 0x0000000614800000|  0%| F|  |TAMS 0x0000000614400000| PB 0x0000000614400000| Untracked 
|  77|0x0000000614800000, 0x0000000614800000, 0x0000000614c00000|  0%| F|  |TAMS 0x0000000614800000| PB 0x0000000614800000| Untracked 
|  78|0x0000000614c00000, 0x0000000614c00000, 0x0000000615000000|  0%| F|  |TAMS 0x0000000614c00000| PB 0x0000000614c00000| Untracked 
|  79|0x0000000615000000, 0x0000000615000000, 0x0000000615400000|  0%| F|  |TAMS 0x0000000615000000| PB 0x0000000615000000| Untracked 
|  80|0x0000000615400000, 0x0000000615400000, 0x0000000615800000|  0%| F|  |TAMS 0x0000000615400000| PB 0x0000000615400000| Untracked 
|  81|0x0000000615800000, 0x0000000615800000, 0x0000000615c00000|  0%| F|  |TAMS 0x0000000615800000| PB 0x0000000615800000| Untracked 
|  82|0x0000000615c00000, 0x0000000615c00000, 0x0000000616000000|  0%| F|  |TAMS 0x0000000615c00000| PB 0x0000000615c00000| Untracked 
|  83|0x0000000616000000, 0x0000000616000000, 0x0000000616400000|  0%| F|  |TAMS 0x0000000616000000| PB 0x0000000616000000| Untracked 
|  84|0x0000000616400000, 0x0000000616400000, 0x0000000616800000|  0%| F|  |TAMS 0x0000000616400000| PB 0x0000000616400000| Untracked 
|  85|0x0000000616800000, 0x0000000616800000, 0x0000000616c00000|  0%| F|  |TAMS 0x0000000616800000| PB 0x0000000616800000| Untracked 
|  86|0x0000000616c00000, 0x0000000616c00000, 0x0000000617000000|  0%| F|  |TAMS 0x0000000616c00000| PB 0x0000000616c00000| Untracked 
|  87|0x0000000617000000, 0x0000000617000000, 0x0000000617400000|  0%| F|  |TAMS 0x0000000617000000| PB 0x0000000617000000| Untracked 
|  88|0x0000000617400000, 0x0000000617400000, 0x0000000617800000|  0%| F|  |TAMS 0x0000000617400000| PB 0x0000000617400000| Untracked 
|  89|0x0000000617800000, 0x0000000617800000, 0x0000000617c00000|  0%| F|  |TAMS 0x0000000617800000| PB 0x0000000617800000| Untracked 
|  90|0x0000000617c00000, 0x0000000617c00000, 0x0000000618000000|  0%| F|  |TAMS 0x0000000617c00000| PB 0x0000000617c00000| Untracked 
|  91|0x0000000618000000, 0x0000000618000000, 0x0000000618400000|  0%| F|  |TAMS 0x0000000618000000| PB 0x0000000618000000| Untracked 
|  92|0x0000000618400000, 0x0000000618400000, 0x0000000618800000|  0%| F|  |TAMS 0x0000000618400000| PB 0x0000000618400000| Untracked 
|  93|0x0000000618800000, 0x0000000618800000, 0x0000000618c00000|  0%| F|  |TAMS 0x0000000618800000| PB 0x0000000618800000| Untracked 
|  94|0x0000000618c00000, 0x0000000618c00000, 0x0000000619000000|  0%| F|  |TAMS 0x0000000618c00000| PB 0x0000000618c00000| Untracked 
|  95|0x0000000619000000, 0x0000000619000000, 0x0000000619400000|  0%| F|  |TAMS 0x0000000619000000| PB 0x0000000619000000| Untracked 
|  96|0x0000000619400000, 0x0000000619400000, 0x0000000619800000|  0%| F|  |TAMS 0x0000000619400000| PB 0x0000000619400000| Untracked 
|  97|0x0000000619800000, 0x0000000619800000, 0x0000000619c00000|  0%| F|  |TAMS 0x0000000619800000| PB 0x0000000619800000| Untracked 
|  98|0x0000000619c00000, 0x0000000619c00000, 0x000000061a000000|  0%| F|  |TAMS 0x0000000619c00000| PB 0x0000000619c00000| Untracked 
|  99|0x000000061a000000, 0x000000061a000000, 0x000000061a400000|  0%| F|  |TAMS 0x000000061a000000| PB 0x000000061a000000| Untracked 
| 100|0x000000061a400000, 0x000000061a400000, 0x000000061a800000|  0%| F|  |TAMS 0x000000061a400000| PB 0x000000061a400000| Untracked 
| 101|0x000000061a800000, 0x000000061a800000, 0x000000061ac00000|  0%| F|  |TAMS 0x000000061a800000| PB 0x000000061a800000| Untracked 
| 102|0x000000061ac00000, 0x000000061ac00000, 0x000000061b000000|  0%| F|  |TAMS 0x000000061ac00000| PB 0x000000061ac00000| Untracked 
| 103|0x000000061b000000, 0x000000061b000000, 0x000000061b400000|  0%| F|  |TAMS 0x000000061b000000| PB 0x000000061b000000| Untracked 
| 104|0x000000061b400000, 0x000000061b400000, 0x000000061b800000|  0%| F|  |TAMS 0x000000061b400000| PB 0x000000061b400000| Untracked 
| 105|0x000000061b800000, 0x000000061b800000, 0x000000061bc00000|  0%| F|  |TAMS 0x000000061b800000| PB 0x000000061b800000| Untracked 
| 106|0x000000061bc00000, 0x000000061bc00000, 0x000000061c000000|  0%| F|  |TAMS 0x000000061bc00000| PB 0x000000061bc00000| Untracked 
| 107|0x000000061c000000, 0x000000061c000000, 0x000000061c400000|  0%| F|  |TAMS 0x000000061c000000| PB 0x000000061c000000| Untracked 
| 108|0x000000061c400000, 0x000000061c400000, 0x000000061c800000|  0%| F|  |TAMS 0x000000061c400000| PB 0x000000061c400000| Untracked 
| 109|0x000000061c800000, 0x000000061c800000, 0x000000061cc00000|  0%| F|  |TAMS 0x000000061c800000| PB 0x000000061c800000| Untracked 
| 110|0x000000061cc00000, 0x000000061cc00000, 0x000000061d000000|  0%| F|  |TAMS 0x000000061cc00000| PB 0x000000061cc00000| Untracked 
| 111|0x000000061d000000, 0x000000061d000000, 0x000000061d400000|  0%| F|  |TAMS 0x000000061d000000| PB 0x000000061d000000| Untracked 
| 112|0x000000061d400000, 0x000000061d400000, 0x000000061d800000|  0%| F|  |TAMS 0x000000061d400000| PB 0x000000061d400000| Untracked 
| 113|0x000000061d800000, 0x000000061d800000, 0x000000061dc00000|  0%| F|  |TAMS 0x000000061d800000| PB 0x000000061d800000| Untracked 
| 114|0x000000061dc00000, 0x000000061dc00000, 0x000000061e000000|  0%| F|  |TAMS 0x000000061dc00000| PB 0x000000061dc00000| Untracked 
| 115|0x000000061e000000, 0x000000061e000000, 0x000000061e400000|  0%| F|  |TAMS 0x000000061e000000| PB 0x000000061e000000| Untracked 
| 116|0x000000061e400000, 0x000000061e400000, 0x000000061e800000|  0%| F|  |TAMS 0x000000061e400000| PB 0x000000061e400000| Untracked 
| 117|0x000000061e800000, 0x000000061e800000, 0x000000061ec00000|  0%| F|  |TAMS 0x000000061e800000| PB 0x000000061e800000| Untracked 
| 118|0x000000061ec00000, 0x000000061ec00000, 0x000000061f000000|  0%| F|  |TAMS 0x000000061ec00000| PB 0x000000061ec00000| Untracked 
| 119|0x000000061f000000, 0x000000061f000000, 0x000000061f400000|  0%| F|  |TAMS 0x000000061f000000| PB 0x000000061f000000| Untracked 
| 120|0x000000061f400000, 0x000000061f400000, 0x000000061f800000|  0%| F|  |TAMS 0x000000061f400000| PB 0x000000061f400000| Untracked 
| 121|0x000000061f800000, 0x000000061f800000, 0x000000061fc00000|  0%| F|  |TAMS 0x000000061f800000| PB 0x000000061f800000| Untracked 
| 122|0x000000061fc00000, 0x000000061fc00000, 0x0000000620000000|  0%| F|  |TAMS 0x000000061fc00000| PB 0x000000061fc00000| Untracked 
| 123|0x0000000620000000, 0x0000000620000000, 0x0000000620400000|  0%| F|  |TAMS 0x0000000620000000| PB 0x0000000620000000| Untracked 
| 124|0x0000000620400000, 0x0000000620400000, 0x0000000620800000|  0%| F|  |TAMS 0x0000000620400000| PB 0x0000000620400000| Untracked 
| 125|0x0000000620800000, 0x0000000620894b00, 0x0000000620c00000| 14%| S|CS|TAMS 0x0000000620800000| PB 0x0000000620800000| Complete 
| 126|0x0000000620c00000, 0x0000000621000000, 0x0000000621000000|100%| S|CS|TAMS 0x0000000620c00000| PB 0x0000000620c00000| Complete 
| 127|0x0000000621000000, 0x0000000621000000, 0x0000000621400000|  0%| F|  |TAMS 0x0000000621000000| PB 0x0000000621000000| Untracked 
| 128|0x0000000621400000, 0x0000000621400000, 0x0000000621800000|  0%| F|  |TAMS 0x0000000621400000| PB 0x0000000621400000| Untracked 
| 129|0x0000000621800000, 0x0000000621800000, 0x0000000621c00000|  0%| F|  |TAMS 0x0000000621800000| PB 0x0000000621800000| Untracked 
| 130|0x0000000621c00000, 0x0000000621c00000, 0x0000000622000000|  0%| F|  |TAMS 0x0000000621c00000| PB 0x0000000621c00000| Untracked 
| 131|0x0000000622000000, 0x0000000622000000, 0x0000000622400000|  0%| F|  |TAMS 0x0000000622000000| PB 0x0000000622000000| Untracked 
| 132|0x0000000622400000, 0x0000000622400000, 0x0000000622800000|  0%| F|  |TAMS 0x0000000622400000| PB 0x0000000622400000| Untracked 
| 133|0x0000000622800000, 0x0000000622800000, 0x0000000622c00000|  0%| F|  |TAMS 0x0000000622800000| PB 0x0000000622800000| Untracked 
| 134|0x0000000622c00000, 0x0000000622c00000, 0x0000000623000000|  0%| F|  |TAMS 0x0000000622c00000| PB 0x0000000622c00000| Untracked 
| 135|0x0000000623000000, 0x0000000623000000, 0x0000000623400000|  0%| F|  |TAMS 0x0000000623000000| PB 0x0000000623000000| Untracked 
| 136|0x0000000623400000, 0x0000000623400000, 0x0000000623800000|  0%| F|  |TAMS 0x0000000623400000| PB 0x0000000623400000| Untracked 
| 137|0x0000000623800000, 0x0000000623800000, 0x0000000623c00000|  0%| F|  |TAMS 0x0000000623800000| PB 0x0000000623800000| Untracked 
| 138|0x0000000623c00000, 0x0000000623c00000, 0x0000000624000000|  0%| F|  |TAMS 0x0000000623c00000| PB 0x0000000623c00000| Untracked 
| 139|0x0000000624000000, 0x0000000624000000, 0x0000000624400000|  0%| F|  |TAMS 0x0000000624000000| PB 0x0000000624000000| Untracked 
| 140|0x0000000624400000, 0x0000000624400000, 0x0000000624800000|  0%| F|  |TAMS 0x0000000624400000| PB 0x0000000624400000| Untracked 
| 141|0x0000000624800000, 0x0000000624800000, 0x0000000624c00000|  0%| F|  |TAMS 0x0000000624800000| PB 0x0000000624800000| Untracked 
| 142|0x0000000624c00000, 0x0000000624c00000, 0x0000000625000000|  0%| F|  |TAMS 0x0000000624c00000| PB 0x0000000624c00000| Untracked 
| 143|0x0000000625000000, 0x0000000625000000, 0x0000000625400000|  0%| F|  |TAMS 0x0000000625000000| PB 0x0000000625000000| Untracked 
| 144|0x0000000625400000, 0x0000000625400000, 0x0000000625800000|  0%| F|  |TAMS 0x0000000625400000| PB 0x0000000625400000| Untracked 
| 145|0x0000000625800000, 0x0000000625800000, 0x0000000625c00000|  0%| F|  |TAMS 0x0000000625800000| PB 0x0000000625800000| Untracked 
| 146|0x0000000625c00000, 0x0000000625c00000, 0x0000000626000000|  0%| F|  |TAMS 0x0000000625c00000| PB 0x0000000625c00000| Untracked 
| 147|0x0000000626000000, 0x0000000626000000, 0x0000000626400000|  0%| F|  |TAMS 0x0000000626000000| PB 0x0000000626000000| Untracked 
| 148|0x0000000626400000, 0x0000000626400000, 0x0000000626800000|  0%| F|  |TAMS 0x0000000626400000| PB 0x0000000626400000| Untracked 
| 149|0x0000000626800000, 0x0000000626800000, 0x0000000626c00000|  0%| F|  |TAMS 0x0000000626800000| PB 0x0000000626800000| Untracked 
| 150|0x0000000626c00000, 0x0000000626c00000, 0x0000000627000000|  0%| F|  |TAMS 0x0000000626c00000| PB 0x0000000626c00000| Untracked 
| 151|0x0000000627000000, 0x0000000627000000, 0x0000000627400000|  0%| F|  |TAMS 0x0000000627000000| PB 0x0000000627000000| Untracked 
| 152|0x0000000627400000, 0x0000000627400000, 0x0000000627800000|  0%| F|  |TAMS 0x0000000627400000| PB 0x0000000627400000| Untracked 
| 153|0x0000000627800000, 0x0000000627800000, 0x0000000627c00000|  0%| F|  |TAMS 0x0000000627800000| PB 0x0000000627800000| Untracked 
| 154|0x0000000627c00000, 0x0000000627c00000, 0x0000000628000000|  0%| F|  |TAMS 0x0000000627c00000| PB 0x0000000627c00000| Untracked 
| 155|0x0000000628000000, 0x0000000628000000, 0x0000000628400000|  0%| F|  |TAMS 0x0000000628000000| PB 0x0000000628000000| Untracked 
| 156|0x0000000628400000, 0x0000000628400000, 0x0000000628800000|  0%| F|  |TAMS 0x0000000628400000| PB 0x0000000628400000| Untracked 
| 157|0x0000000628800000, 0x0000000628800000, 0x0000000628c00000|  0%| F|  |TAMS 0x0000000628800000| PB 0x0000000628800000| Untracked 
| 158|0x0000000628c00000, 0x0000000628c00000, 0x0000000629000000|  0%| F|  |TAMS 0x0000000628c00000| PB 0x0000000628c00000| Untracked 
| 159|0x0000000629000000, 0x0000000629000000, 0x0000000629400000|  0%| F|  |TAMS 0x0000000629000000| PB 0x0000000629000000| Untracked 
| 160|0x0000000629400000, 0x0000000629400000, 0x0000000629800000|  0%| F|  |TAMS 0x0000000629400000| PB 0x0000000629400000| Untracked 
| 161|0x0000000629800000, 0x0000000629800000, 0x0000000629c00000|  0%| F|  |TAMS 0x0000000629800000| PB 0x0000000629800000| Untracked 
| 162|0x0000000629c00000, 0x0000000629c00000, 0x000000062a000000|  0%| F|  |TAMS 0x0000000629c00000| PB 0x0000000629c00000| Untracked 
| 163|0x000000062a000000, 0x000000062a000000, 0x000000062a400000|  0%| F|  |TAMS 0x000000062a000000| PB 0x000000062a000000| Untracked 
| 164|0x000000062a400000, 0x000000062a400000, 0x000000062a800000|  0%| F|  |TAMS 0x000000062a400000| PB 0x000000062a400000| Untracked 
| 165|0x000000062a800000, 0x000000062a800000, 0x000000062ac00000|  0%| F|  |TAMS 0x000000062a800000| PB 0x000000062a800000| Untracked 
| 166|0x000000062ac00000, 0x000000062ac00000, 0x000000062b000000|  0%| F|  |TAMS 0x000000062ac00000| PB 0x000000062ac00000| Untracked 
| 167|0x000000062b000000, 0x000000062b000000, 0x000000062b400000|  0%| F|  |TAMS 0x000000062b000000| PB 0x000000062b000000| Untracked 
| 168|0x000000062b400000, 0x000000062b400000, 0x000000062b800000|  0%| F|  |TAMS 0x000000062b400000| PB 0x000000062b400000| Untracked 
| 169|0x000000062b800000, 0x000000062b800000, 0x000000062bc00000|  0%| F|  |TAMS 0x000000062b800000| PB 0x000000062b800000| Untracked 
| 170|0x000000062bc00000, 0x000000062bc00000, 0x000000062c000000|  0%| F|  |TAMS 0x000000062bc00000| PB 0x000000062bc00000| Untracked 
| 171|0x000000062c000000, 0x000000062c2aabc0, 0x000000062c400000| 66%| E|  |TAMS 0x000000062c000000| PB 0x000000062c000000| Complete 
| 172|0x000000062c400000, 0x000000062c800000, 0x000000062c800000|100%| E|CS|TAMS 0x000000062c400000| PB 0x000000062c400000| Complete 
| 173|0x000000062c800000, 0x000000062cc00000, 0x000000062cc00000|100%| E|CS|TAMS 0x000000062c800000| PB 0x000000062c800000| Complete 
| 174|0x000000062cc00000, 0x000000062d000000, 0x000000062d000000|100%| E|CS|TAMS 0x000000062cc00000| PB 0x000000062cc00000| Complete 
| 175|0x000000062d000000, 0x000000062d400000, 0x000000062d400000|100%| E|CS|TAMS 0x000000062d000000| PB 0x000000062d000000| Complete 
|2041|0x00000007ff800000, 0x00000007ffc00000, 0x00000007ffc00000|100%| O|  |TAMS 0x00000007ff800000| PB 0x00000007ff800000| Untracked 
|2042|0x00000007ffc00000, 0x0000000800000000, 0x0000000800000000|100%| O|  |TAMS 0x00000007ffc00000| PB 0x00000007ffc00000| Untracked 

Card table byte_map: [0x0000024f191d0000,0x0000024f1a1d0000] _byte_map_base: 0x0000024f161c6000

Marking Bits: (CMBitMap*) 0x0000024f7dfc9a90
 Bits: [0x0000024f1a1d0000, 0x0000024f22180000)

Polling page: 0x0000024f7dfe0000

Metaspace:

Usage:
  Non-class:      6.73 MB used.
      Class:    374.73 KB used.
       Both:      7.09 MB used.

Virtual space:
  Non-class space:       64.00 MB reserved,       6.81 MB ( 11%) committed,  1 nodes.
      Class space:        1.00 GB reserved,     448.00 KB ( <1%) committed,  1 nodes.
             Both:        1.06 GB reserved,       7.25 MB ( <1%) committed. 

Chunk freelists:
   Non-Class:  6.94 MB
       Class:  15.47 MB
        Both:  22.41 MB

MaxMetaspaceSize: unlimited
CompressedClassSpaceSize: 1.00 GB
Initial GC threshold: 21.00 MB
Current GC threshold: 21.00 MB
CDS: on
 - commit_granule_bytes: 65536.
 - commit_granule_words: 8192.
 - virtual_space_node_default_size: 8388608.
 - enlarge_chunks_in_place: 1.
 - use_allocation_guard: 0.


Internal statistics:

num_allocs_failed_limit: 0.
num_arena_births: 68.
num_arena_deaths: 0.
num_vsnodes_births: 2.
num_vsnodes_deaths: 0.
num_space_committed: 114.
num_space_uncommitted: 0.
num_chunks_returned_to_freelist: 0.
num_chunks_taken_from_freelist: 272.
num_chunk_merges: 0.
num_chunk_splits: 203.
num_chunks_enlarged: 171.
num_inconsistent_stats: 0.

CodeHeap 'non-profiled nmethods': size=119168Kb used=1106Kb max_used=1106Kb free=118061Kb
 bounds [0x0000024f101c0000, 0x0000024f10430000, 0x0000024f17620000]
CodeHeap 'profiled nmethods': size=119104Kb used=2622Kb max_used=2622Kb free=116481Kb
 bounds [0x0000024f08620000, 0x0000024f088b0000, 0x0000024f0fa70000]
CodeHeap 'non-nmethods': size=7488Kb used=3838Kb max_used=3851Kb free=3649Kb
 bounds [0x0000024f0fa70000, 0x0000024f0fe40000, 0x0000024f101c0000]
 total_blobs=2511 nmethods=1399 adapters=1014
 compilation: enabled
              stopped_count=0, restarted_count=0
 full_count=0

Compilation events (20 events):
Event: 1.796 Thread 0x0000024f72a15960 1388   !   4       obj.Entity::LoadMesh (225 bytes)
Event: 1.797 Thread 0x0000024f2584ce80 1390       3       java.lang.Math::abs (11 bytes)
Event: 1.798 Thread 0x0000024f2584ce80 nmethod 1390 0x0000024f088ad190 code [0x0000024f088ad320, 0x0000024f088ad448]
Event: 1.798 Thread 0x0000024f2584ce80 1391       3       com.bulletphysics.linearmath.VectorUtil::setCoord (61 bytes)
Event: 1.798 Thread 0x0000024f2584ce80 nmethod 1391 0x0000024f088ad510 code [0x0000024f088ad6e0, 0x0000024f088ad9c0]
Event: 1.799 Thread 0x0000024f2584ce80 1392       3       jdk.internal.loader.NativeLibraries$NativeLibraryImpl::find (9 bytes)
Event: 1.799 Thread 0x0000024f2584ce80 nmethod 1392 0x0000024f088adb10 code [0x0000024f088adcc0, 0x0000024f088ade00]
Event: 1.800 Thread 0x0000024f2584ce80 1393       3       jdk.internal.org.objectweb.asm.ByteVector::<init> (13 bytes)
Event: 1.800 Thread 0x0000024f2584ce80 nmethod 1393 0x0000024f088ade90 code [0x0000024f088ae040, 0x0000024f088ae2a8]
Event: 1.826 Thread 0x0000024f72a15960 nmethod 1388 0x0000024f102cff10 code [0x0000024f102d02c0, 0x0000024f102d24c0]
Event: 1.850 Thread 0x0000024f2584ce80 1394       3       java.lang.StringCoding::countPositives (33 bytes)
Event: 1.850 Thread 0x0000024f2584ce80 nmethod 1394 0x0000024f088ae390 code [0x0000024f088ae540, 0x0000024f088ae760]
Event: 1.877 Thread 0x0000024f25925b10 1395   !   3       jdk.internal.loader.URLClassPath$JarLoader::checkResource (73 bytes)
Event: 1.877 Thread 0x0000024f25925b10 nmethod 1395 0x0000024f088ae890 code [0x0000024f088aeae0, 0x0000024f088af408]
Event: 1.882 Thread 0x0000024f2584acd0 1397       4       sun.misc.Unsafe::getLong (9 bytes)
Event: 1.882 Thread 0x0000024f729bf040 1398       1       org.lwjgl.system.MemoryStack::getPointer (5 bytes)
Event: 1.882 Thread 0x0000024f729bf040 nmethod 1398 0x0000024f102d4010 code [0x0000024f102d41a0, 0x0000024f102d4268]
Event: 1.882 Thread 0x0000024f2584acd0 nmethod 1397 0x0000024f102d4310 code [0x0000024f102d44a0, 0x0000024f102d4530]
Event: 1.882 Thread 0x0000024f2584ce80 1400       3       org.lwjgl.system.MemoryUtil::address (11 bytes)
Event: 1.882 Thread 0x0000024f2584ce80 nmethod 1400 0x0000024f088af810 code [0x0000024f088af9a0, 0x0000024f088afaa8]

GC Heap History (12 events):
Event: 0.698 GC heap before
{Heap before GC invocations=0 (full 0):
 garbage-first heap   total 524288K, used 24576K [0x0000000601400000, 0x0000000800000000)
  region size 4096K, 6 young (24576K), 0 survivors (0K)
 Metaspace       used 4981K, committed 5120K, reserved 1114112K
  class space    used 288K, committed 384K, reserved 1048576K
}
Event: 0.701 GC heap after
{Heap after GC invocations=1 (full 0):
 garbage-first heap   total 524288K, used 2795K [0x0000000601400000, 0x0000000800000000)
  region size 4096K, 1 young (4096K), 1 survivors (4096K)
 Metaspace       used 4981K, committed 5120K, reserved 1114112K
  class space    used 288K, committed 384K, reserved 1048576K
}
Event: 0.750 GC heap before
{Heap before GC invocations=1 (full 0):
 garbage-first heap   total 524288K, used 39659K [0x0000000601400000, 0x0000000800000000)
  region size 4096K, 10 young (40960K), 1 survivors (4096K)
 Metaspace       used 4996K, committed 5184K, reserved 1114112K
  class space    used 288K, committed 384K, reserved 1048576K
}
Event: 0.752 GC heap after
{Heap after GC invocations=2 (full 0):
 garbage-first heap   total 524288K, used 3582K [0x0000000601400000, 0x0000000800000000)
  region size 4096K, 1 young (4096K), 1 survivors (4096K)
 Metaspace       used 4996K, committed 5184K, reserved 1114112K
  class space    used 288K, committed 384K, reserved 1048576K
}
Event: 0.941 GC heap before
{Heap before GC invocations=2 (full 0):
 garbage-first heap   total 524288K, used 306686K [0x0000000601400000, 0x0000000800000000)
  region size 4096K, 76 young (311296K), 1 survivors (4096K)
 Metaspace       used 5089K, committed 5248K, reserved 1114112K
  class space    used 290K, committed 384K, reserved 1048576K
}
Event: 0.945 GC heap after
{Heap after GC invocations=3 (full 0):
 garbage-first heap   total 524288K, used 11024K [0x0000000601400000, 0x0000000800000000)
  region size 4096K, 3 young (12288K), 3 survivors (12288K)
 Metaspace       used 5089K, committed 5248K, reserved 1114112K
  class space    used 290K, committed 384K, reserved 1048576K
}
Event: 1.274 GC heap before
{Heap before GC invocations=3 (full 0):
 garbage-first heap   total 524288K, used 367376K [0x0000000601400000, 0x0000000800000000)
  region size 4096K, 76 young (311296K), 3 survivors (12288K)
 Metaspace       used 5345K, committed 5504K, reserved 1114112K
  class space    used 306K, committed 384K, reserved 1048576K
}
Event: 1.281 GC heap after
{Heap after GC invocations=4 (full 0):
 garbage-first heap   total 524288K, used 70117K [0x0000000601400000, 0x0000000800000000)
  region size 4096K, 8 young (32768K), 8 survivors (32768K)
 Metaspace       used 5345K, committed 5504K, reserved 1114112K
  class space    used 306K, committed 384K, reserved 1048576K
}
Event: 1.714 GC heap before
{Heap before GC invocations=4 (full 0):
 garbage-first heap   total 524288K, used 426469K [0x0000000601400000, 0x0000000800000000)
  region size 4096K, 76 young (311296K), 8 survivors (32768K)
 Metaspace       used 5432K, committed 5632K, reserved 1114112K
  class space    used 312K, committed 384K, reserved 1048576K
}
Event: 1.748 GC heap after
{Heap after GC invocations=5 (full 0):
 garbage-first heap   total 532480K, used 188190K [0x0000000601400000, 0x0000000800000000)
  region size 4096K, 10 young (40960K), 10 survivors (40960K)
 Metaspace       used 5432K, committed 5632K, reserved 1114112K
  class space    used 312K, committed 384K, reserved 1048576K
}
Event: 1.751 GC heap before
{Heap before GC invocations=5 (full 0):
 garbage-first heap   total 532480K, used 196382K [0x0000000601400000, 0x0000000800000000)
  region size 4096K, 11 young (45056K), 10 survivors (40960K)
 Metaspace       used 5432K, committed 5632K, reserved 1114112K
  class space    used 312K, committed 384K, reserved 1048576K
}
Event: 1.764 GC heap after
{Heap after GC invocations=6 (full 0):
 garbage-first heap   total 729088K, used 201298K [0x0000000601400000, 0x0000000800000000)
  region size 4096K, 2 young (8192K), 2 survivors (8192K)
 Metaspace       used 5432K, committed 5632K, reserved 1114112K
  class space    used 312K, committed 384K, reserved 1048576K
}

Dll operation events (10 events):
Event: 0.006 Loaded shared library C:\Users\mirek\.jdks\corretto-21.0.5\bin\java.dll
Event: 0.024 Loaded shared library C:\Users\mirek\.jdks\corretto-21.0.5\bin\jsvml.dll
Event: 0.052 Loaded shared library C:\Users\mirek\.jdks\corretto-21.0.5\bin\net.dll
Event: 0.054 Loaded shared library C:\Users\mirek\.jdks\corretto-21.0.5\bin\nio.dll
Event: 0.057 Loaded shared library C:\Users\mirek\.jdks\corretto-21.0.5\bin\zip.dll
Event: 0.096 Loaded shared library C:\Users\mirek\.jdks\corretto-21.0.5\bin\jimage.dll
Event: 0.114 Loaded shared library C:\Users\mirek\AppData\Local\Temp\lwjglmirek\3.3.1-build-7\lwjgl.dll
Event: 0.388 Loaded shared library C:\Users\mirek\AppData\Local\Temp\lwjglmirek\3.3.1-build-7\lwjgl_opengl.dll
Event: 0.605 Loaded shared library C:\Users\mirek\.jdks\corretto-21.0.5\bin\verify.dll
Event: 0.665 Loaded shared library C:\Users\mirek\AppData\Local\Temp\lwjglmirek\3.3.1-build-7\lwjgl_stb.dll

Deoptimization events (20 events):
Event: 1.702 Thread 0x0000024f7d8f2120 DEOPT PACKING pc=0x0000024f102cc300 sp=0x00000070b60ff3d0
Event: 1.702 Thread 0x0000024f7d8f2120 DEOPT UNPACKING pc=0x0000024f0fac46a2 sp=0x00000070b60ff368 mode 2
Event: 1.778 Thread 0x0000024f7d8f2120 DEOPT PACKING pc=0x0000024f088a5fb4 sp=0x00000070b60ff330
Event: 1.778 Thread 0x0000024f7d8f2120 DEOPT UNPACKING pc=0x0000024f0fac4e42 sp=0x00000070b60fe888 mode 0
Event: 1.780 Thread 0x0000024f7d8f2120 Uncommon trap: trap_request=0xffffff45 fr.pc=0x0000024f102ceb00 relative=0x00000000000001c0
Event: 1.780 Thread 0x0000024f7d8f2120 Uncommon trap: reason=unstable_if action=reinterpret pc=0x0000024f102ceb00 method=engine.render.NormalBuffer.build(Lobj/Entity;)V @ 128 c2
Event: 1.780 Thread 0x0000024f7d8f2120 DEOPT PACKING pc=0x0000024f102ceb00 sp=0x00000070b60ff3d0
Event: 1.780 Thread 0x0000024f7d8f2120 DEOPT UNPACKING pc=0x0000024f0fac46a2 sp=0x00000070b60ff388 mode 2
Event: 1.795 Thread 0x0000024f7d8f2120 DEOPT PACKING pc=0x0000024f088ac82b sp=0x00000070b60ff180
Event: 1.795 Thread 0x0000024f7d8f2120 DEOPT UNPACKING pc=0x0000024f0fac4e42 sp=0x00000070b60fe688 mode 0
Event: 1.796 Thread 0x0000024f7d8f2120 DEOPT PACKING pc=0x0000024f0882728b sp=0x00000070b60ff4f0
Event: 1.796 Thread 0x0000024f7d8f2120 DEOPT UNPACKING pc=0x0000024f0fac4e42 sp=0x00000070b60fea68 mode 0
Event: 1.799 Thread 0x0000024f7d8f2120 Uncommon trap: trap_request=0xffffff45 fr.pc=0x0000024f101c6d4c relative=0x000000000000012c
Event: 1.799 Thread 0x0000024f7d8f2120 Uncommon trap: reason=unstable_if action=reinterpret pc=0x0000024f101c6d4c method=java.lang.StringCoding.countPositives([BII)I @ 17 c2
Event: 1.799 Thread 0x0000024f7d8f2120 DEOPT PACKING pc=0x0000024f101c6d4c sp=0x00000070b60ff2d0
Event: 1.799 Thread 0x0000024f7d8f2120 DEOPT UNPACKING pc=0x0000024f0fac46a2 sp=0x00000070b60ff270 mode 2
Event: 1.881 Thread 0x0000024f7d8f2120 Uncommon trap: trap_request=0xffffff54 fr.pc=0x0000024f101eec8c relative=0x000000000000006c
Event: 1.881 Thread 0x0000024f7d8f2120 Uncommon trap: reason=speculate_null_assert action=make_not_entrant pc=0x0000024f101eec8c method=sun.misc.Unsafe.getLong(Ljava/lang/Object;J)J @ 5 c2
Event: 1.881 Thread 0x0000024f7d8f2120 DEOPT PACKING pc=0x0000024f101eec8c sp=0x00000070b60ff4d0
Event: 1.881 Thread 0x0000024f7d8f2120 DEOPT UNPACKING pc=0x0000024f0fac46a2 sp=0x00000070b60ff458 mode 2

Classes loaded (20 events):
Event: 0.670 Loading class jdk/internal/math/FloatingDecimal$BinaryToASCIIConverter done
Event: 0.670 Loading class jdk/internal/math/FloatingDecimal$ExceptionalBinaryToASCIIBuffer done
Event: 0.670 Loading class jdk/internal/math/FloatingDecimal$BinaryToASCIIBuffer
Event: 0.670 Loading class jdk/internal/math/FloatingDecimal$BinaryToASCIIBuffer done
Event: 0.670 Loading class jdk/internal/math/FloatingDecimal$1
Event: 0.670 Loading class jdk/internal/math/FloatingDecimal$1 done
Event: 0.670 Loading class jdk/internal/math/FloatingDecimal$PreparedASCIIToBinaryBuffer
Event: 0.670 Loading class jdk/internal/math/FloatingDecimal$ASCIIToBinaryConverter
Event: 0.670 Loading class jdk/internal/math/FloatingDecimal$ASCIIToBinaryConverter done
Event: 0.670 Loading class jdk/internal/math/FloatingDecimal$PreparedASCIIToBinaryBuffer done
Event: 0.670 Loading class jdk/internal/math/FloatingDecimal$ASCIIToBinaryBuffer
Event: 0.670 Loading class jdk/internal/math/FloatingDecimal$ASCIIToBinaryBuffer done
Event: 0.686 Loading class jdk/internal/math/FDBigInteger
Event: 0.686 Loading class jdk/internal/math/FDBigInteger done
Event: 0.964 Loading class java/lang/NumberFormatException
Event: 0.964 Loading class java/lang/NumberFormatException done
Event: 1.849 Loading class java/lang/SecurityException
Event: 1.849 Loading class java/lang/SecurityException done
Event: 1.882 Loading class java/nio/HeapFloatBuffer
Event: 1.882 Loading class java/nio/HeapFloatBuffer done

Classes unloaded (0 events):
No events

Classes redefined (0 events):
No events

Internal exceptions (20 events):
Event: 0.122 Thread 0x0000024f7d8f2120 Exception <a 'java/lang/NoSuchMethodError'{0x0000000620d005a8}: 'int java.lang.invoke.DirectMethodHandle$Holder.invokeStaticInit(java.lang.Object, java.lang.Object, int, long)'> (0x0000000620d005a8) 
thrown [s\src\hotspot\share\interpreter\linkResolver.cpp, line 773]
Event: 0.122 Thread 0x0000024f7d8f2120 Exception <a 'java/lang/NoSuchMethodError'{0x0000000620d05930}: 'java.lang.Object java.lang.invoke.DirectMethodHandle$Holder.newInvokeSpecial(java.lang.Object, java.lang.Object, int)'> (0x0000000620d05930) 
thrown [s\src\hotspot\share\interpreter\linkResolver.cpp, line 773]
Event: 0.123 Thread 0x0000024f7d8f2120 Exception <a 'java/lang/NoSuchMethodError'{0x0000000620d145a8}: 'int java.lang.invoke.DirectMethodHandle$Holder.invokeStaticInit(java.lang.Object, java.lang.Object, long, long)'> (0x0000000620d145a8) 
thrown [s\src\hotspot\share\interpreter\linkResolver.cpp, line 773]
Event: 0.124 Thread 0x0000024f7d8f2120 Exception <a 'java/lang/NoSuchMethodError'{0x0000000620d1a050}: 'java.lang.Object java.lang.invoke.DirectMethodHandle$Holder.newInvokeSpecial(java.lang.Object, java.lang.Object, long)'> (0x0000000620d1a050) 
thrown [s\src\hotspot\share\interpreter\linkResolver.cpp, line 773]
Event: 0.124 Thread 0x0000024f7d8f2120 Exception <a 'java/lang/NoSuchMethodError'{0x0000000620d1df08}: 'java.lang.Object java.lang.invoke.Invokers$Holder.linkToTargetMethod(java.lang.Object, long, java.lang.Object)'> (0x0000000620d1df08) 
thrown [s\src\hotspot\share\interpreter\linkResolver.cpp, line 773]
Event: 0.124 Thread 0x0000024f7d8f2120 Exception <a 'java/lang/NoSuchMethodError'{0x0000000620d25188}: 'int java.lang.invoke.DirectMethodHandle$Holder.invokeStaticInit(java.lang.Object, java.lang.Object, java.lang.Object, long)'> (0x0000000620d25188) 
thrown [s\src\hotspot\share\interpreter\linkResolver.cpp, line 773]
Event: 0.138 Thread 0x0000024f7d8f2120 Exception <a 'sun/nio/fs/WindowsException'{0x0000000620dc6798}> (0x0000000620dc6798) 
thrown [s\src\hotspot\share\prims\jni.cpp, line 520]
Event: 0.138 Thread 0x0000024f7d8f2120 Exception <a 'sun/nio/fs/WindowsException'{0x0000000620dc6af8}> (0x0000000620dc6af8) 
thrown [s\src\hotspot\share\prims\jni.cpp, line 520]
Event: 0.143 Thread 0x0000024f7d8f2120 Exception <a 'java/lang/NoSuchMethodError'{0x0000000620ddaaa0}: 'int java.lang.invoke.Invokers$Holder.invokeExact_MT(java.lang.Object, java.lang.Object)'> (0x0000000620ddaaa0) 
thrown [s\src\hotspot\share\interpreter\linkResolver.cpp, line 773]
Event: 0.381 Thread 0x0000024f7d8f2120 Exception <a 'java/lang/NoSuchMethodError'{0x0000000620e41238}: 'void java.lang.System.load(java.lang.String, java.lang.Class)'> (0x0000000620e41238) 
thrown [s\src\hotspot\share\interpreter\linkResolver.cpp, line 773]
Event: 0.382 Thread 0x0000024f7d8f2120 Exception <a 'java/lang/NoSuchMethodError'{0x0000000620e43ca8}: 'void java.lang.System.loadLibrary(java.lang.String, java.lang.Class)'> (0x0000000620e43ca8) 
thrown [s\src\hotspot\share\interpreter\linkResolver.cpp, line 773]
Event: 0.386 Thread 0x0000024f7d8f2120 Exception <a 'sun/nio/fs/WindowsException'{0x0000000620e52ba0}> (0x0000000620e52ba0) 
thrown [s\src\hotspot\share\prims\jni.cpp, line 520]
Event: 0.386 Thread 0x0000024f7d8f2120 Exception <a 'sun/nio/fs/WindowsException'{0x0000000620e52f48}> (0x0000000620e52f48) 
thrown [s\src\hotspot\share\prims\jni.cpp, line 520]
Event: 0.389 Thread 0x0000024f7d8f2120 Exception <a 'sun/nio/fs/WindowsException'{0x0000000620e57e60}> (0x0000000620e57e60) 
thrown [s\src\hotspot\share\prims\jni.cpp, line 520]
Event: 0.389 Thread 0x0000024f7d8f2120 Exception <a 'sun/nio/fs/WindowsException'{0x0000000620e58140}> (0x0000000620e58140) 
thrown [s\src\hotspot\share\prims\jni.cpp, line 520]
Event: 0.659 Thread 0x0000024f7d8f2120 Exception <a 'java/lang/NoSuchMethodError'{0x0000000620499bc8}: 'void java.lang.System.load(java.lang.String, java.lang.Class)'> (0x0000000620499bc8) 
thrown [s\src\hotspot\share\interpreter\linkResolver.cpp, line 773]
Event: 0.660 Thread 0x0000024f7d8f2120 Exception <a 'java/lang/NoSuchMethodError'{0x000000062049c638}: 'void java.lang.System.loadLibrary(java.lang.String, java.lang.Class)'> (0x000000062049c638) 
thrown [s\src\hotspot\share\interpreter\linkResolver.cpp, line 773]
Event: 0.664 Thread 0x0000024f7d8f2120 Exception <a 'sun/nio/fs/WindowsException'{0x00000006204abe50}> (0x00000006204abe50) 
thrown [s\src\hotspot\share\prims\jni.cpp, line 520]
Event: 0.664 Thread 0x0000024f7d8f2120 Exception <a 'sun/nio/fs/WindowsException'{0x00000006204ac1d0}> (0x00000006204ac1d0) 
thrown [s\src\hotspot\share\prims\jni.cpp, line 520]
Event: 1.883 Thread 0x0000024f7d8f2120 Implicit null exception at 0x0000024f101ecddd to 0x0000000000000000

ZGC Phase Switch (0 events):
No events

VM Operations (20 events):
Event: 0.108 Executing VM operation: HandshakeAllThreads (Deoptimize)
Event: 0.108 Executing VM operation: HandshakeAllThreads (Deoptimize) done
Event: 0.698 Executing VM operation: G1CollectForAllocation (G1 Evacuation Pause)
Event: 0.701 Executing VM operation: G1CollectForAllocation (G1 Evacuation Pause) done
Event: 0.750 Executing VM operation: G1CollectForAllocation (G1 Evacuation Pause)
Event: 0.752 Executing VM operation: G1CollectForAllocation (G1 Evacuation Pause) done
Event: 0.941 Executing VM operation: G1CollectForAllocation (G1 Evacuation Pause)
Event: 0.945 Executing VM operation: G1CollectForAllocation (G1 Evacuation Pause) done
Event: 0.963 Executing VM operation: HandshakeAllThreads (Deoptimize)
Event: 0.963 Executing VM operation: HandshakeAllThreads (Deoptimize) done
Event: 1.153 Executing VM operation: HandshakeAllThreads (Deoptimize)
Event: 1.153 Executing VM operation: HandshakeAllThreads (Deoptimize) done
Event: 1.274 Executing VM operation: G1CollectForAllocation (G1 Evacuation Pause)
Event: 1.281 Executing VM operation: G1CollectForAllocation (G1 Evacuation Pause) done
Event: 1.714 Executing VM operation: G1CollectForAllocation (G1 Evacuation Pause)
Event: 1.748 Executing VM operation: G1CollectForAllocation (G1 Evacuation Pause) done
Event: 1.751 Executing VM operation: G1CollectForAllocation (G1 Evacuation Pause)
Event: 1.764 Executing VM operation: G1CollectForAllocation (G1 Evacuation Pause) done
Event: 1.882 Executing VM operation: HandshakeAllThreads (Deoptimize)
Event: 1.883 Executing VM operation: HandshakeAllThreads (Deoptimize) done

Memory protections (0 events):
No events

Nmethod flushes (0 events):
No events

Events (20 events):
Event: 0.023 Thread 0x0000024f7d8f2120 Thread added: 0x0000024f2584acd0
Event: 0.023 Thread 0x0000024f7d8f2120 Thread added: 0x0000024f2584ce80
Event: 0.024 Thread 0x0000024f2584ce80 Thread added: 0x0000024f25925b10
Event: 0.045 Thread 0x0000024f7d8f2120 Thread added: 0x0000024f258472a0
Event: 0.047 Thread 0x0000024f7d8f2120 Thread added: 0x0000024f25845ef0
Event: 0.675 Thread 0x0000024f25925b10 Thread added: 0x0000024f72a15960
Event: 0.676 Thread 0x0000024f25925b10 Thread added: 0x0000024f729bf040
Event: 0.676 Thread 0x0000024f25925b10 Thread added: 0x0000024f72e25da0
Event: 0.680 Thread 0x0000024f2584ce80 Thread added: 0x0000024f72bcddc0
Event: 0.682 Thread 0x0000024f72e25da0 Thread added: 0x0000024f72c345f0
Event: 0.682 Thread 0x0000024f2584ce80 Thread added: 0x0000024f72c34c90
Event: 0.685 Thread 0x0000024f2584acd0 Thread added: 0x0000024f72f036e0
Event: 0.685 Thread 0x0000024f2584acd0 Thread added: 0x0000024f72c27510
Event: 0.691 Thread 0x0000024f72c27510 Thread added: 0x0000024f72c2fbd0
Event: 1.455 Thread 0x0000024f72c2fbd0 Thread exited: 0x0000024f72c2fbd0
Event: 1.455 Thread 0x0000024f72c27510 Thread exited: 0x0000024f72c27510
Event: 1.540 Thread 0x0000024f72f036e0 Thread exited: 0x0000024f72f036e0
Event: 1.540 Thread 0x0000024f72c34c90 Thread exited: 0x0000024f72c34c90
Event: 1.540 Thread 0x0000024f72c345f0 Thread exited: 0x0000024f72c345f0
Event: 1.541 Thread 0x0000024f72bcddc0 Thread exited: 0x0000024f72bcddc0


Dynamic libraries:
0x00007ff710ea0000 - 0x00007ff710eae000 	C:\Users\mirek\.jdks\corretto-21.0.5\bin\java.exe
0x00007ffd58c80000 - 0x00007ffd58ee8000 	C:\WINDOWS\SYSTEM32\ntdll.dll
0x00007ffd58710000 - 0x00007ffd587d9000 	C:\WINDOWS\System32\KERNEL32.DLL
0x00007ffd55dd0000 - 0x00007ffd561bd000 	C:\WINDOWS\System32\KERNELBASE.dll
0x00007ffd56790000 - 0x00007ffd568db000 	C:\WINDOWS\System32\ucrtbase.dll
0x00007ffd3e690000 - 0x00007ffd3e6ab000 	C:\Users\mirek\.jdks\corretto-21.0.5\bin\VCRUNTIME140.dll
0x00007ffd403a0000 - 0x00007ffd403b8000 	C:\Users\mirek\.jdks\corretto-21.0.5\bin\jli.dll
0x00007ffd56a20000 - 0x00007ffd56bec000 	C:\WINDOWS\System32\USER32.dll
0x00007ffd565e0000 - 0x00007ffd56607000 	C:\WINDOWS\System32\win32u.dll
0x00007ffd576d0000 - 0x00007ffd576fb000 	C:\WINDOWS\System32\GDI32.dll
0x00007ffd43350000 - 0x00007ffd435ea000 	C:\WINDOWS\WinSxS\amd64_microsoft.windows.common-controls_6595b64144ccf1df_6.0.26100.4484_none_3e0e6d4ce32ef3b3\COMCTL32.dll
0x00007ffd568e0000 - 0x00007ffd56a17000 	C:\WINDOWS\System32\gdi32full.dll
0x00007ffd57dd0000 - 0x00007ffd57e79000 	C:\WINDOWS\System32\msvcrt.dll
0x00007ffd562f0000 - 0x00007ffd56393000 	C:\WINDOWS\System32\msvcp_win.dll
0x00007ffd58c00000 - 0x00007ffd58c2f000 	C:\WINDOWS\System32\IMM32.DLL
0x00007ffd43d60000 - 0x00007ffd43d6c000 	C:\Users\mirek\.jdks\corretto-21.0.5\bin\vcruntime140_1.dll
0x00007ffd2c9c0000 - 0x00007ffd2ca4d000 	C:\Users\mirek\.jdks\corretto-21.0.5\bin\msvcp140.dll
0x00007ffc6f9d0000 - 0x00007ffc7076d000 	C:\Users\mirek\.jdks\corretto-21.0.5\bin\server\jvm.dll
0x00007ffd57f00000 - 0x00007ffd57fb4000 	C:\WINDOWS\System32\ADVAPI32.dll
0x00007ffd58940000 - 0x00007ffd589e6000 	C:\WINDOWS\System32\sechost.dll
0x00007ffd57700000 - 0x00007ffd57818000 	C:\WINDOWS\System32\RPCRT4.dll
0x00007ffd57e80000 - 0x00007ffd57ef4000 	C:\WINDOWS\System32\WS2_32.dll
0x00007ffd55b70000 - 0x00007ffd55bce000 	C:\WINDOWS\SYSTEM32\POWRPROF.dll
0x00007ffd4af50000 - 0x00007ffd4af85000 	C:\WINDOWS\SYSTEM32\WINMM.dll
0x00007ffd4d850000 - 0x00007ffd4d85b000 	C:\WINDOWS\SYSTEM32\VERSION.dll
0x00007ffd55a60000 - 0x00007ffd55a74000 	C:\WINDOWS\SYSTEM32\UMPDC.dll
0x00007ffd54b70000 - 0x00007ffd54b8b000 	C:\WINDOWS\SYSTEM32\kernel.appcore.dll
0x00007ffd40df0000 - 0x00007ffd40dfa000 	C:\Users\mirek\.jdks\corretto-21.0.5\bin\jimage.dll
0x00007ffd48850000 - 0x00007ffd48a91000 	C:\WINDOWS\SYSTEM32\DBGHELP.DLL
0x00007ffd57a30000 - 0x00007ffd57db6000 	C:\WINDOWS\System32\combase.dll
0x00007ffd58b10000 - 0x00007ffd58bf0000 	C:\WINDOWS\System32\OLEAUT32.dll
0x00007ffd31830000 - 0x00007ffd31873000 	C:\WINDOWS\SYSTEM32\dbgcore.DLL
0x00007ffd56250000 - 0x00007ffd562e9000 	C:\WINDOWS\System32\bcryptPrimitives.dll
0x00007ffd30330000 - 0x00007ffd3034f000 	C:\Users\mirek\.jdks\corretto-21.0.5\bin\java.dll
0x00007ffd57fc0000 - 0x00007ffd5870a000 	C:\WINDOWS\System32\SHELL32.dll
0x00007ffd56610000 - 0x00007ffd56784000 	C:\WINDOWS\System32\wintypes.dll
0x00007ffd53a50000 - 0x00007ffd542ab000 	C:\WINDOWS\SYSTEM32\windows.storage.dll
0x00007ffd57390000 - 0x00007ffd57485000 	C:\WINDOWS\System32\SHCORE.dll
0x00007ffd58aa0000 - 0x00007ffd58b0a000 	C:\WINDOWS\System32\shlwapi.dll
0x00007ffd55ce0000 - 0x00007ffd55d0f000 	C:\WINDOWS\SYSTEM32\profapi.dll
0x00007ffce6620000 - 0x00007ffce66f7000 	C:\Users\mirek\.jdks\corretto-21.0.5\bin\jsvml.dll
0x00007ffd40300000 - 0x00007ffd40310000 	C:\Users\mirek\.jdks\corretto-21.0.5\bin\net.dll
0x00007ffd4f790000 - 0x00007ffd4f8ae000 	C:\WINDOWS\SYSTEM32\WINHTTP.dll
0x00007ffd55100000 - 0x00007ffd5516a000 	C:\WINDOWS\system32\mswsock.dll
0x00007ffd2f360000 - 0x00007ffd2f376000 	C:\Users\mirek\.jdks\corretto-21.0.5\bin\nio.dll
0x00007ffd30310000 - 0x00007ffd30328000 	C:\Users\mirek\.jdks\corretto-21.0.5\bin\zip.dll
0x00007ffd2c100000 - 0x00007ffd2c175000 	C:\Users\mirek\AppData\Local\Temp\lwjglmirek\3.3.1-build-7\lwjgl.dll
0x00007ffd40320000 - 0x00007ffd40381000 	C:\Users\mirek\AppData\Local\Temp\lwjglmirek\3.3.1-build-7\glfw.dll
0x00007ffd21c40000 - 0x00007ffd21c8b000 	C:\WINDOWS\SYSTEM32\dinput8.dll
0x00007ffd4ce50000 - 0x00007ffd4ce62000 	C:\WINDOWS\SYSTEM32\xinput1_4.dll
0x00007ffd55940000 - 0x00007ffd55997000 	C:\WINDOWS\SYSTEM32\cfgmgr32.dll
0x00007ffd55910000 - 0x00007ffd5593d000 	C:\WINDOWS\SYSTEM32\DEVOBJ.dll
0x00007ffd535b0000 - 0x00007ffd535e6000 	C:\WINDOWS\SYSTEM32\dwmapi.dll
0x00007ffd33fa0000 - 0x00007ffd34183000 	C:\WINDOWS\SYSTEM32\inputhost.dll
0x00007ffd51430000 - 0x00007ffd51555000 	C:\WINDOWS\SYSTEM32\CoreMessaging.dll
0x00007ffd52fd0000 - 0x00007ffd5307f000 	C:\WINDOWS\system32\uxtheme.dll
0x00007ffd553d0000 - 0x00007ffd553dc000 	C:\WINDOWS\SYSTEM32\CRYPTBASE.DLL
0x00007ffd57890000 - 0x00007ffd579f0000 	C:\WINDOWS\System32\MSCTF.dll
0x00007ffcbfe70000 - 0x00007ffcbff88000 	C:\WINDOWS\SYSTEM32\opengl32.dll
0x00007ffcbfe40000 - 0x00007ffcbfe6d000 	C:\WINDOWS\SYSTEM32\GLU32.dll
0x00007ffd53180000 - 0x00007ffd531cd000 	C:\WINDOWS\SYSTEM32\dxcore.dll
0x00007ffd46360000 - 0x00007ffd4637a000 	C:\WINDOWS\SYSTEM32\windows.staterepositorycore.dll
0x00007ffcbd4f0000 - 0x00007ffcbfe34000 	C:\WINDOWS\System32\DriverStore\FileRepository\nv_dispi.inf_amd64_fe5f369669db2f36\nvoglv64.dll
0x00007ffd56f00000 - 0x00007ffd57386000 	C:\WINDOWS\System32\SETUPAPI.dll
0x00007ffd57520000 - 0x00007ffd576be000 	C:\WINDOWS\System32\ole32.dll
0x00007ffd51e70000 - 0x00007ffd51e86000 	C:\WINDOWS\SYSTEM32\WTSAPI32.dll
0x00007ffd554e0000 - 0x00007ffd554f3000 	C:\WINDOWS\SYSTEM32\msasn1.dll
0x00007ffd4d810000 - 0x00007ffd4d84b000 	C:\WINDOWS\SYSTEM32\cryptnet.dll
0x00007ffd563a0000 - 0x00007ffd56517000 	C:\WINDOWS\System32\CRYPT32.dll
0x00007ffd55470000 - 0x00007ffd554db000 	C:\WINDOWS\SYSTEM32\wldp.dll
0x00007ffd4d4c0000 - 0x00007ffd4d63c000 	C:\WINDOWS\SYSTEM32\drvstore.dll
0x00007ffd561c0000 - 0x00007ffd56244000 	C:\WINDOWS\System32\WINTRUST.dll
0x00007ffd54ca0000 - 0x00007ffd54cd6000 	C:\WINDOWS\SYSTEM32\ntmarta.dll
0x00007ffd57a00000 - 0x00007ffd57a20000 	C:\WINDOWS\System32\imagehlp.dll
0x00007ffd553b0000 - 0x00007ffd553cb000 	C:\WINDOWS\SYSTEM32\CRYPTSP.dll
0x00007ffd54ad0000 - 0x00007ffd54b0b000 	C:\WINDOWS\system32\rsaenh.dll
0x00007ffd55cb0000 - 0x00007ffd55cd6000 	C:\WINDOWS\SYSTEM32\bcrypt.dll
0x00007ffd3a7a0000 - 0x00007ffd3e532000 	C:\WINDOWS\System32\DriverStore\FileRepository\nv_dispi.inf_amd64_fe5f369669db2f36\nvgpucomp64.dll
0x00007ffd237e0000 - 0x00007ffd23af4000 	C:\WINDOWS\system32\nvspcap64.dll
0x00007ffd559d0000 - 0x00007ffd55a37000 	C:\WINDOWS\SYSTEM32\WINSTA.dll
0x00007ffd33da0000 - 0x00007ffd33ef0000 	C:\WINDOWS\SYSTEM32\textinputframework.dll
0x00007ffd3fc90000 - 0x00007ffd3ff73000 	C:\WINDOWS\SYSTEM32\CoreUIComponents.dll
0x00007ffd40870000 - 0x00007ffd408cd000 	C:\Users\mirek\AppData\Local\Temp\lwjglmirek\3.3.1-build-7\lwjgl_opengl.dll
0x00007ffd33240000 - 0x00007ffd33250000 	C:\Users\mirek\.jdks\corretto-21.0.5\bin\verify.dll
0x00007ffd1f110000 - 0x00007ffd1f191000 	C:\Users\mirek\AppData\Local\Temp\lwjglmirek\3.3.1-build-7\lwjgl_stb.dll

dbghelp: loaded successfully - version: 4.0.5 - missing functions: none
symbol engine: initialized successfully - sym options: 0x614 - pdb path: .;C:\Users\mirek\.jdks\corretto-21.0.5\bin;C:\WINDOWS\SYSTEM32;C:\WINDOWS\WinSxS\amd64_microsoft.windows.common-controls_6595b64144ccf1df_6.0.26100.4484_none_3e0e6d4ce32ef3b3;C:\Users\mirek\.jdks\corretto-21.0.5\bin\server;C:\Users\mirek\AppData\Local\Temp\lwjglmirek\3.3.1-build-7;C:\WINDOWS\System32\DriverStore\FileRepository\nv_dispi.inf_amd64_fe5f369669db2f36

VM Arguments:
jvm_args: -XX:+ShowCodeDetailsInExceptionMessages 
java_command: engine.Main
java_class_path (initial): \Mian-engine-v1\build\resources\main;C:\Users\mirek\Desktop\Programming Stuff\OpenGL\Mian Engine\Mian-engine-v1\build\classes\java\main;C:\Users\mirek\.gradle\caches\modules-2\files-2.1\org.lwjgl\lwjgl-opengl\3.3.1\831a5533a21a5f4f81bbc51bb13e9899319b5411\lwjgl-opengl-3.3.1.jar;C:\Users\mirek\.gradle\caches\modules-2\files-2.1\org.lwjgl\lwjgl-stb\3.3.1\b119297cf8ed01f247abe8685857f8e7fcf5980f\lwjgl-stb-3.3.1.jar;C:\Users\mirek\.gradle\caches\modules-2\files-2.1\com.github.stephengold\stack-alloc\1.0.2\13cbb10c01ec09d0f5879f988946a97998175dfc\stack-alloc-1.0.2.jar;C:\Users\mirek\.gradle\caches\modules-2\files-2.1\javax.vecmath\vecmath\1.5.2\fd17bc3e67f909573dfc039d8e2abecf407c4e27\vecmath-1.5.2.jar;C:\Users\mirek\.gradle\caches\modules-2\files-2.1\org.lwjgl\lwjgl\3.3.1\36c37f16ab611b3aa11f3bcf80b1d509b4ce6b\lwjgl-3.3.1-natives-windows.jar;C:\Users\mirek\.gradle\caches\modules-2\files-2.1\org.joml\joml\1.10.5\22566d58af70ad3d72308bab63b8339906deb649\joml-1.10.5.jar;C:\Users\mirek\.gradle\caches\modules-2\files-2.1\org.lwjgl\lwjgl-opengl\3.3.1\c1807e9bd571402787d7e37e3029776ae2513bb8\lwjgl-opengl-3.3.1-natives-windows.jar;C:\Users\mirek\.gradle\caches\modules-2\files-2.1\org.lwjgl\lwjgl\3.3.1\ae58664f88e18a9bb2c77b063833ca7aaec484cb\lwjgl-3.3.1.jar;C:\Users\mirek\.gradle\caches\modules-2\files-2.1\org.lwjgl\lwjgl-glfw\3.3.1\cbac1b8d30cb4795149c1ef540f912671a8616d0\lwjgl-glfw-3.3.1.jar;C:\Users\mirek\.gradle\caches\modules-2\files-2.1\com.github.stephengold\jbullet\1.0.3\362f53e8aa981037c2523ac24eb4d9b190a49036\jbullet-1.0.3.jar;C:\Users\mirek\.gradle\caches\modules-2\files-2.1\org.lwjgl\lwjgl-glfw\3.3.1\ed892f945cf7e79c8756796f32d00fa4ceaf573b\lwjgl-glfw-3.3.1-natives-windows.jar;C:\Users\mirek\.gradle\caches\modules-2\files-2.1\org.lwjgl\lwjgl-stb\3.3.1\86315914ac119efdb02dc9e8e978ade84f1702af\lwjgl-stb-3.3.1-natives-windows.jar
Launcher Type: SUN_STANDARD

[Global flags]
     intx CICompilerCount                          = 12                                        {product} {ergonomic}
     uint ConcGCThreads                            = 5                                         {product} {ergonomic}
     uint G1ConcRefinementThreads                  = 18                                        {product} {ergonomic}
   size_t G1HeapRegionSize                         = 4194304                                   {product} {ergonomic}
    uintx GCDrainStackTargetSize                   = 64                                        {product} {ergonomic}
   size_t InitialHeapSize                          = 536870912                                 {product} {ergonomic}
   size_t MarkStackSize                            = 4194304                                   {product} {ergonomic}
   size_t MaxHeapSize                              = 8568963072                                {product} {ergonomic}
   size_t MaxNewSize                               = 5138022400                                {product} {ergonomic}
   size_t MinHeapDeltaBytes                        = 4194304                                   {product} {ergonomic}
   size_t MinHeapSize                              = 8388608                                   {product} {ergonomic}
    uintx NonNMethodCodeHeapSize                   = 7602480                                {pd product} {ergonomic}
    uintx NonProfiledCodeHeapSize                  = 122027880                              {pd product} {ergonomic}
    uintx ProfiledCodeHeapSize                     = 122027880                              {pd product} {ergonomic}
    uintx ReservedCodeCacheSize                    = 251658240                              {pd product} {ergonomic}
     bool SegmentedCodeCache                       = true                                      {product} {ergonomic}
     bool ShowCodeDetailsInExceptionMessages       = true                                   {manageable} {command line}
   size_t SoftMaxHeapSize                          = 8568963072                             {manageable} {ergonomic}
     bool UseCompressedOops                        = true                           {product lp64_product} {ergonomic}
     bool UseG1GC                                  = true                                      {product} {ergonomic}
     bool UseLargePagesIndividualAllocation        = false                                  {pd product} {ergonomic}

Logging:
Log output configuration:
 #0: stdout all=warning uptime,level,tags foldmultilines=false
 #1: stderr all=off uptime,level,tags foldmultilines=false

Environment Variables:
JAVA_HOME=C:\Users\mirek\.jdks\corretto-1.8.0_442
PATH=;C:\Program Files\Common Files\Oracle\Java\javapath;C:\Program Files (x86)\Common Files\Oracle\Java\java8path;C:\Program Files (x86)\Common Files\Oracle\Java\javapath;C:\Program Files\Microsoft MPI\Bin\;C:\Program Files\Eclipse Adoptium\jdk-21.0.3.9-hotspot\bin;C:\Python312\Scripts\;C:\Python312\;C:\Program Files (x86)\Razer Chroma SDK\bin;C:\Program Files\Razer Chroma SDK\bin;C:\Program Files (x86)\Razer\ChromaBroadcast\bin;C:\Program Files\Razer\ChromaBroadcast\bin;C:\Program Files\Eclipse Adoptium\jdk-17.0.10.7-hotspot\bin;C:\Windows\system32;C:\Windows;C:\Windows\System32\Wbem;C:\Windows\System32\WindowsPowerShell\v1.0\;C:\Windows\System32\OpenSSH\;C:\Program Files\dotnet\;C:\Windows\system32\config\systemprofile\AppData\Local\Microsoft\WindowsApps;C:\Users\mirek\AppData\Local\Microsoft\WindowsApps;D:\Microsoft VS Code\bin;D:\IntelliJ IDEA Community Edition 2023.3.6\bin;C:\Users\mirek\.dotnet\tools;C:\Program Files\nodejs\;C:\ProgramData\chocolatey\bin;C:\Program Files\Git\cmd;C:\Program Files\Microsoft SQL Server\150\Tools\Binn\;C:\Program Files\Microsoft SQL Server\Client SDK\ODBC\170\Tools\Binn\;C:\msys64\mingw64\bin;;C:\WINDOWS\system32;C:\WINDOWS;C:\WINDOWS\System32\Wbem;C:\WINDOWS\System32\WindowsPowerShell\v1.0\;C:\WINDOWS\System32\OpenSSH\;C:\Program Files\NVIDIA Corporation\NVIDIA App\NvDLISR;C:\Program Files (x86)\NVIDIA Corporation\PhysX\Common;C:\Users\mirek\.cargo\bin;C:\Users\mirek\AppData\Local\Programs\Python\Python311\Scripts\;C:\Users\mirek\AppData\Local\Programs\Python\Python311\;C:\Users\mirek\AppData\Local\Microsoft\WindowsApps;D:\Microsoft VS Code\bin;D:\IntelliJ IDEA Community Edition 2023.3.6\bin;;C:\Users\mirek\.dotnet\tools;C:\Users\mirek\AppData\Roaming\npm;C:\Users\mirek\AppData\Local\Muse Hub\lib;C:\msys64\mingw64\bin;C:\ffmpeg\bin;C:\Gradle\gradle-8.12-all\gradle-8.12\bin;C:\Program Files (x86)\Atmel\Flip 3.4.7\bin;C:\Program Files (x86)\Nmap;C:\maven\bin;C:\Users\mirek\AppData\Local\Microsoft\WinGet\Packages\Microsoft.devtunnel_Microsoft.Winget.Source_8wekyb3d8bbwe;C:\Program Files\NVIDIA GPU Computing Toolkit\CUDA\v11.8\bin;C:\Program Files\NVIDIA GPU Computing Toolkit\CUDA\v11.8\lib\x64;
USERNAME=mirek
LANG=en_US.UTF-8
OS=Windows_NT
PROCESSOR_IDENTIFIER=AMD64 Family 25 Model 33 Stepping 2, AuthenticAMD
TMP=C:\Users\mirek\AppData\Local\Temp
TEMP=C:\Users\mirek\AppData\Local\Temp




Periodic native trim disabled

---------------  S Y S T E M  ---------------

OS:
 Windows 11 , 64 bit Build 26100 (10.0.26100.4484)
OS uptime: 0 days 13:01 hours

CPU: total 24 (initial active 24) (24 cores per cpu, 2 threads per core) family 25 model 33 stepping 2 microcode 0xa201213, cx8, cmov, fxsr, ht, mmx, 3dnowpref, sse, sse2, sse3, ssse3, sse4a, sse4.1, sse4.2, popcnt, lzcnt, tsc, tscinvbit, avx, avx2, aes, erms, clmul, bmi1, bmi2, adx, sha, fma, vzeroupper, clflush, clflushopt, rdtscp, rdpid, fsrm, f16c, pku, cet_ss
Processor Information for all 24 processors :
  Max Mhz: 3701, Current Mhz: 3701, Mhz Limit: 3701

Memory: 4k page, system-wide physical 32681M (15073M free)
TotalPageFile size 43945M (AvailPageFile size 16368M)
current process WorkingSet (physical memory assigned to process): 759M, peak: 761M
current process commit charge ("private bytes"): 1133M, peak: 1139M

vm_info: OpenJDK 64-Bit Server VM (21.0.5+11-LTS) for windows-amd64 JRE (21.0.5+11-LTS), built on 2024-10-11T20:58:34Z by "Administrator" with MS VC++ 16.10 / 16.11 (VS2019)

END.
