#
# A fatal error has been detected by the Java Runtime Environment:
#
#  EXCEPTION_ACCESS_VIOLATION (0xc0000005) at pc=0x000002111b991aaf, pid=36924, tid=34124
#
# JRE version: Java(TM) SE Runtime Environment (17.0.11+7) (build 17.0.11+7-LTS-207)
# Java VM: Java HotSpot(TM) 64-Bit Server VM (17.0.11+7-LTS-207, mixed mode, sharing, tiered, compressed oops, compressed class ptrs, g1 gc, windows-amd64)
# Problematic frame:
# J 1404 c2 sun.misc.Unsafe.putLong(Ljava/lang/Object;JJ)V jdk.unsupported@17.0.11 (11 bytes) @ 0x000002111b991aaf [0x000002111b991a80+0x000000000000002f]
#
# No core dump will be written. Minidumps are not enabled by default on client versions of Windows
#
# If you would like to submit a bug report, please visit:
#   https://bugreport.java.com/bugreport/crash.jsp
#

---------------  S U M M A R Y ------------

Command Line: -Dfile.encoding=UTF-8 -Duser.country=DE -Duser.language=de -Duser.variant engine.Main

Host: AMD Ryzen 9 5900X 12-Core Processor            , 24 cores, 31G,  Windows 11 , 64 bit Build 26100 (10.0.26100.4484)
Time: Sun Aug 24 23:59:22 2025 Mitteleuropäische Sommerzeit elapsed time: 1.593218 seconds (0d 0h 0m 1s)

---------------  T H R E A D  ---------------

Current thread (0x000002110ae6c260):  JavaThread "main" [_thread_in_Java, id=34124, stack(0x000000d7e3600000,0x000000d7e3700000)]

Stack: [0x000000d7e3600000,0x000000d7e3700000],  sp=0x000000d7e36ff050,  free space=1020k
Native frames: (J=compiled Java code, j=interpreted, Vv=VM code, C=native code)
C  0x000002111b991aaf


siginfo: EXCEPTION_ACCESS_VIOLATION (0xc0000005), writing address 0x0000000000000010


Registers:
RAX=0x000002117c156108, RBX=0x000002117c156108, RCX=0x000000060ecb95a8, RDX=0x000000060ecb95a8
RSP=0x000000d7e36ff050, RBP=0x000000d7e36ff0f8, RSI=0x00000000000001c0, RDI=0x0000000041200000
R8 =0x0000000000000000, R9 =0x0000000000000010, R10=0x0000000000000000, R11=0x000002111b991aa0
R12=0x0000000000000000, R13=0x000000d7e36ff080, R14=0x000000d7e36ff120, R15=0x000002110ae6c260
RIP=0x000002111b991aaf, EFLAGS=0x0000000000010206


Register to memory mapping:

RIP=0x000002111b991aaf is at entry_point+47 in (nmethod*)0x000002111b991910
Compiled method (c2)    1601 1404       4       sun.misc.Unsafe::putLong (11 bytes)
 total in heap  [0x000002111b991910,0x000002111b991b28] = 536
 relocation     [0x000002111b991a68,0x000002111b991a78] = 16
 main code      [0x000002111b991a80,0x000002111b991ae0] = 96
 stub code      [0x000002111b991ae0,0x000002111b991af8] = 24
 scopes data    [0x000002111b991af8,0x000002111b991b00] = 8
 scopes pcs     [0x000002111b991b00,0x000002111b991b20] = 32
 dependencies   [0x000002111b991b20,0x000002111b991b28] = 8
RAX={method} {0x000002117c156110} 'putLong' '(Ljava/lang/Object;JJ)V' in 'sun/misc/Unsafe'
RBX={method} {0x000002117c156110} 'putLong' '(Ljava/lang/Object;JJ)V' in 'sun/misc/Unsafe'
RCX=0x000000060ecb95a8 is an oop: sun.misc.Unsafe 
{0x000000060ecb95a8} - klass: 'sun/misc/Unsafe'
 - ---- fields (total size 2 words):
RDX=0x000000060ecb95a8 is an oop: sun.misc.Unsafe 
{0x000000060ecb95a8} - klass: 'sun/misc/Unsafe'
 - ---- fields (total size 2 words):
RSP=0x000000d7e36ff050 is pointing into the stack for thread: 0x000002110ae6c260
RBP=0x000000d7e36ff0f8 is pointing into the stack for thread: 0x000002110ae6c260
RSI=0x00000000000001c0 is an unknown value
RDI=0x0000000041200000 is an unknown value
R8 =0x0 is NULL
R9 =0x0000000000000010 is an unknown value
R10=0x0 is NULL
R11=0x000002111b991aa0 is at entry_point+32 in (nmethod*)0x000002111b991910
Compiled method (c2)    1613 1404       4       sun.misc.Unsafe::putLong (11 bytes)
 total in heap  [0x000002111b991910,0x000002111b991b28] = 536
 relocation     [0x000002111b991a68,0x000002111b991a78] = 16
 main code      [0x000002111b991a80,0x000002111b991ae0] = 96
 stub code      [0x000002111b991ae0,0x000002111b991af8] = 24
 scopes data    [0x000002111b991af8,0x000002111b991b00] = 8
 scopes pcs     [0x000002111b991b00,0x000002111b991b20] = 32
 dependencies   [0x000002111b991b20,0x000002111b991b28] = 8
R12=0x0 is NULL
R13=0x000000d7e36ff080 is pointing into the stack for thread: 0x000002110ae6c260
R14=0x000000d7e36ff120 is pointing into the stack for thread: 0x000002110ae6c260
R15=0x000002110ae6c260 is a thread


Top of Stack: (sp=0x000000d7e36ff050)
0x000000d7e36ff050:   000000d7e36ff0f8 000002111b1595ef
0x000000d7e36ff060:   000000d7e36ff0f8 000002111b159520
0x000000d7e36ff070:   000000000000000c 000002111b159520
0x000000d7e36ff080:   0000000041200000 0000000000000000
0x000000d7e36ff090:   0000000000000010 0000000000000000
0x000000d7e36ff0a0:   0000000000000000 000000060ecb95a8
0x000000d7e36ff0b0:   000000d7e36ff0b0 000002117c7e7689
0x000000d7e36ff0c0:   000000d7e36ff120 000002117c7faca0
0x000000d7e36ff0d0:   0000000000000000 0000000610cb45a0
0x000000d7e36ff0e0:   000002117c7e76c8 000000d7e36ff080
0x000000d7e36ff0f0:   000000d7e36ff110 000000d7e36ff170
0x000000d7e36ff100:   000002111b159520 0000000000000000
0x000000d7e36ff110:   0000000000000010 0000000000000000
0x000000d7e36ff120:   0000000610e74778 000000d7e36ff128
0x000000d7e36ff130:   000002117c7ed994 000000d7e36ff198
0x000000d7e36ff140:   000002117c7faca0 0000000000000000 

Instructions: (pc=0x000002111b991aaf)
0x000002111b9919af:   00 00 1b 99 1b 11 02 00 00 00 1b 99 1b 11 02 00
0x000002111b9919bf:   00 00 00 00 00 00 00 00 00 00 00 00 00 00 00 00
0x000002111b9919cf:   00 ff ff ff ff 00 00 00 00 00 00 00 00 00 00 00
0x000002111b9919df:   00 00 00 00 00 00 00 00 00 80 1a 99 1b 11 02 00
0x000002111b9919ef:   00 a0 1a 99 1b 11 02 00 00 80 1a 99 1b 11 02 00
0x000002111b9919ff:   00 d0 01 00 00 ff ff ff ff 70 01 00 00 d0 01 00
0x000002111b991a0f:   00 e8 01 00 00 e8 01 00 00 00 00 00 00 f0 01 00
0x000002111b991a1f:   00 10 02 00 00 18 02 00 00 18 02 00 00 18 02 00
0x000002111b991a2f:   00 18 02 00 00 18 02 00 00 18 02 00 00 00 00 00
0x000002111b991a3f:   00 7c 05 00 00 04 00 00 00 00 00 00 00 02 00 00
0x000002111b991a4f:   00 00 00 00 00 00 00 00 00 e0 01 00 00 02 00 00
0x000002111b991a5f:   00 ff ff ff ff ff ff ff ff 14 60 24 b0 0e f0 0e
0x000002111b991a6f:   80 11 64 09 00 00 64 0f 64 00 00 00 00 00 00 00
0x000002111b991a7f:   00 44 8b 52 08 49 bb 00 00 00 3b 11 02 00 00 4d
0x000002111b991a8f:   03 d3 49 3b c2 0f 85 e6 af 80 ff 66 90 0f 1f 40
0x000002111b991a9f:   00 48 81 ec 18 00 00 00 48 89 6c 24 10 4d 8b d0
0x000002111b991aaf:   4b 89 3c 0a 48 83 c4 10 5d 49 3b a7 48 03 00 00
0x000002111b991abf:   0f 87 01 00 00 00 c3 49 ba b8 1a 99 1b 11 02 00
0x000002111b991acf:   00 4d 89 97 60 03 00 00 e9 24 19 81 ff f4 f4 f4
0x000002111b991adf:   f4 e9 1b 51 82 ff e8 00 00 00 00 48 83 2c 24 05
0x000002111b991aef:   e9 ac 0b 81 ff f4 f4 f4 f4 ff 00 00 00 00 00 00
0x000002111b991aff:   00 ff ff ff ff 00 00 00 00 00 00 00 00 00 00 00
0x000002111b991b0f:   00 79 00 00 00 00 00 00 00 00 00 00 00 00 00 00
0x000002111b991b1f:   00 00 00 00 00 00 00 00 00 00 00 00 00 00 00 00
0x000002111b991b2f:   00 00 00 00 00 00 00 00 00 00 00 00 00 00 00 00
0x000002111b991b3f:   00 00 00 00 00 00 00 00 00 00 00 00 00 00 00 00
0x000002111b991b4f:   00 00 00 00 00 00 00 00 00 00 00 00 00 00 00 00
0x000002111b991b5f:   00 00 00 00 00 00 00 00 00 00 00 00 00 00 00 00
0x000002111b991b6f:   00 00 00 00 00 00 00 00 00 00 00 00 00 00 00 00
0x000002111b991b7f:   00 00 00 00 00 00 00 00 00 00 00 00 00 00 00 00
0x000002111b991b8f:   00 00 00 00 00 00 00 00 00 00 00 00 00 00 00 00
0x000002111b991b9f:   00 00 00 00 00 00 00 00 00 00 00 00 00 00 00 00 


Stack slot to memory mapping:
stack at sp + 0 slots: 0x000000d7e36ff0f8 is pointing into the stack for thread: 0x000002110ae6c260
stack at sp + 1 slots: 0x000002111b1595ef is at code_begin+1359 in an Interpreter codelet
return entry points  [0x000002111b1590a0, 0x000002111b159c00]  2912 bytes
stack at sp + 2 slots: 0x000000d7e36ff0f8 is pointing into the stack for thread: 0x000002110ae6c260
stack at sp + 3 slots: 0x000002111b159520 is at code_begin+1152 in an Interpreter codelet
return entry points  [0x000002111b1590a0, 0x000002111b159c00]  2912 bytes
stack at sp + 4 slots: 0x000000000000000c is an unknown value
stack at sp + 5 slots: 0x000002111b159520 is at code_begin+1152 in an Interpreter codelet
return entry points  [0x000002111b1590a0, 0x000002111b159c00]  2912 bytes
stack at sp + 6 slots: 0x0000000041200000 is an unknown value
stack at sp + 7 slots: 0x0 is NULL


Compiled method (c2)    1628 1404       4       sun.misc.Unsafe::putLong (11 bytes)
 total in heap  [0x000002111b991910,0x000002111b991b28] = 536
 relocation     [0x000002111b991a68,0x000002111b991a78] = 16
 main code      [0x000002111b991a80,0x000002111b991ae0] = 96
 stub code      [0x000002111b991ae0,0x000002111b991af8] = 24
 scopes data    [0x000002111b991af8,0x000002111b991b00] = 8
 scopes pcs     [0x000002111b991b00,0x000002111b991b20] = 32
 dependencies   [0x000002111b991b20,0x000002111b991b28] = 8

[Constant Pool (empty)]

[MachCode]
[Entry Point]
  # {method} {0x000002117c156110} 'putLong' '(Ljava/lang/Object;JJ)V' in 'sun/misc/Unsafe'
  # this:     rdx:rdx   = 'sun/misc/Unsafe'
  # parm0:    r8:r8     = 'java/lang/Object'
  # parm1:    r9:r9     = long
  # parm2:    rdi:rdi   = long
  #           [sp+0x20]  (sp of caller)
  0x000002111b991a80: 448b 5208 | 49bb 0000 | 003b 1102 | 0000 4d03 | d349 3bc2 

  0x000002111b991a94: ;   {runtime_call ic_miss_stub}
  0x000002111b991a94: 0f85 e6af | 80ff 6690 | 0f1f 4000 
[Verified Entry Point]
  0x000002111b991aa0: 4881 ec18 | 0000 0048 | 896c 2410 | 4d8b d04b | 893c 0a48 | 83c4 105d 

  0x000002111b991ab8: ;   {poll_return}
  0x000002111b991ab8: 493b a748 | 0300 000f | 8701 0000 

  0x000002111b991ac4: ;   {internal_word}
  0x000002111b991ac4: 00c3 49ba | b81a 991b | 1102 0000 | 4d89 9760 

  0x000002111b991ad4: ;   {runtime_call SafepointBlob}
  0x000002111b991ad4: 0300 00e9 | 2419 81ff | f4f4 f4f4 
[Exception Handler]
  0x000002111b991ae0: ;   {no_reloc}
  0x000002111b991ae0: e91b 5182 | ffe8 0000 | 0000 4883 

  0x000002111b991aec: ;   {runtime_call DeoptimizationBlob}
  0x000002111b991aec: 2c24 05e9 | ac0b 81ff | f4f4 f4f4 
[/MachCode]


---------------  P R O C E S S  ---------------

Threads class SMR info:
_java_thread_list=0x000002110760bb80, length=16, elements={
0x000002110ae6c260, 0x00000211374510a0, 0x0000021137453880, 0x0000021137461b40,
0x0000021137464120, 0x00000211374646f0, 0x0000021137468cd0, 0x00000211374725b0,
0x0000021137476080, 0x00000211374765a0, 0x000002113a9d8240, 0x000002113a9e6fd0,
0x000002113a9f5ac0, 0x0000021106ededb0, 0x0000021106effbd0, 0x00000211072fc480
}

Java Threads: ( => current thread )
=>0x000002110ae6c260 JavaThread "main" [_thread_in_Java, id=34124, stack(0x000000d7e3600000,0x000000d7e3700000)]
  0x00000211374510a0 JavaThread "Reference Handler" daemon [_thread_blocked, id=33972, stack(0x000000d7e3d00000,0x000000d7e3e00000)]
  0x0000021137453880 JavaThread "Finalizer" daemon [_thread_blocked, id=3740, stack(0x000000d7e3e00000,0x000000d7e3f00000)]
  0x0000021137461b40 JavaThread "Signal Dispatcher" daemon [_thread_blocked, id=33960, stack(0x000000d7e3f00000,0x000000d7e4000000)]
  0x0000021137464120 JavaThread "Attach Listener" daemon [_thread_blocked, id=34844, stack(0x000000d7e4000000,0x000000d7e4100000)]
  0x00000211374646f0 JavaThread "Service Thread" daemon [_thread_blocked, id=37308, stack(0x000000d7e4100000,0x000000d7e4200000)]
  0x0000021137468cd0 JavaThread "Monitor Deflation Thread" daemon [_thread_blocked, id=36816, stack(0x000000d7e4200000,0x000000d7e4300000)]
  0x00000211374725b0 JavaThread "C2 CompilerThread0" daemon [_thread_blocked, id=29904, stack(0x000000d7e4300000,0x000000d7e4400000)]
  0x0000021137476080 JavaThread "C1 CompilerThread0" daemon [_thread_blocked, id=15216, stack(0x000000d7e4400000,0x000000d7e4500000)]
  0x00000211374765a0 JavaThread "Sweeper thread" daemon [_thread_blocked, id=3040, stack(0x000000d7e4500000,0x000000d7e4600000)]
  0x000002113a9d8240 JavaThread "C1 CompilerThread1" daemon [_thread_blocked, id=30540, stack(0x000000d7e4600000,0x000000d7e4700000)]
  0x000002113a9e6fd0 JavaThread "Notification Thread" daemon [_thread_blocked, id=12480, stack(0x000000d7e4700000,0x000000d7e4800000)]
  0x000002113a9f5ac0 JavaThread "Common-Cleaner" daemon [_thread_blocked, id=20704, stack(0x000000d7e4900000,0x000000d7e4a00000)]
  0x0000021106ededb0 JavaThread "C1 CompilerThread2" daemon [_thread_blocked, id=6876, stack(0x000000d7e4a00000,0x000000d7e4b00000)]
  0x0000021106effbd0 JavaThread "C1 CompilerThread3" daemon [_thread_blocked, id=7888, stack(0x000000d7e5200000,0x000000d7e5300000)]
  0x00000211072fc480 JavaThread "C2 CompilerThread1" daemon [_thread_blocked, id=21220, stack(0x000000d7e5300000,0x000000d7e5400000)]

Other Threads:
  0x000002113744d600 VMThread "VM Thread" [stack: 0x000000d7e3c00000,0x000000d7e3d00000] [id=34040]
  0x00000211372e56c0 WatcherThread [stack: 0x000000d7e4800000,0x000000d7e4900000] [id=38092]
  0x000002110af19c20 GCTaskThread "GC Thread#0" [stack: 0x000000d7e3700000,0x000000d7e3800000] [id=37360]
  0x0000021107462e30 GCTaskThread "GC Thread#1" [stack: 0x000000d7e5800000,0x000000d7e5900000] [id=19368]
  0x00000211074630f0 GCTaskThread "GC Thread#2" [stack: 0x000000d7e5900000,0x000000d7e5a00000] [id=38468]
  0x00000211074633b0 GCTaskThread "GC Thread#3" [stack: 0x000000d7e5a00000,0x000000d7e5b00000] [id=33404]
  0x0000021107463670 GCTaskThread "GC Thread#4" [stack: 0x000000d7e5b00000,0x000000d7e5c00000] [id=10528]
  0x000002110741de20 GCTaskThread "GC Thread#5" [stack: 0x000000d7e5c00000,0x000000d7e5d00000] [id=37348]
  0x000002110741e0e0 GCTaskThread "GC Thread#6" [stack: 0x000000d7e5d00000,0x000000d7e5e00000] [id=38772]
  0x00000211000a3a00 GCTaskThread "GC Thread#7" [stack: 0x000000d7e5e00000,0x000000d7e5f00000] [id=33508]
  0x00000211000a3cc0 GCTaskThread "GC Thread#8" [stack: 0x000000d7e5f00000,0x000000d7e6000000] [id=33748]
  0x00000211000a3f80 GCTaskThread "GC Thread#9" [stack: 0x000000d7e6000000,0x000000d7e6100000] [id=35056]
  0x0000021106ff0020 GCTaskThread "GC Thread#10" [stack: 0x000000d7e6100000,0x000000d7e6200000] [id=16392]
  0x0000021106ff06f0 GCTaskThread "GC Thread#11" [stack: 0x000000d7e6200000,0x000000d7e6300000] [id=10740]
  0x000002110ae84db0 ConcurrentGCThread "G1 Main Marker" [stack: 0x000000d7e3800000,0x000000d7e3900000] [id=2612]
  0x000002110af2dd90 ConcurrentGCThread "G1 Conc#0" [stack: 0x000000d7e3900000,0x000000d7e3a00000] [id=35984]
  0x00000211373ddeb0 ConcurrentGCThread "G1 Refine#0" [stack: 0x000000d7e3a00000,0x000000d7e3b00000] [id=37556]
  0x0000021107bd2650 ConcurrentGCThread "G1 Refine#1" [stack: 0x000000d7e5400000,0x000000d7e5500000] [id=32892]
  0x0000021107c10dd0 ConcurrentGCThread "G1 Refine#2" [stack: 0x000000d7e5500000,0x000000d7e5600000] [id=3992]
  0x00000211075fbf70 ConcurrentGCThread "G1 Refine#3" [stack: 0x000000d7e5600000,0x000000d7e5700000] [id=38200]
  0x00000211073a4320 ConcurrentGCThread "G1 Refine#4" [stack: 0x000000d7e5700000,0x000000d7e5800000] [id=27604]
  0x00000211076eec50 ConcurrentGCThread "G1 Refine#5" [stack: 0x000000d7e6300000,0x000000d7e6400000] [id=26316]
  0x0000021107c0cdc0 ConcurrentGCThread "G1 Refine#6" [stack: 0x000000d7e6400000,0x000000d7e6500000] [id=8628]
  0x0000021107002320 ConcurrentGCThread "G1 Refine#7" [stack: 0x000000d7e6500000,0x000000d7e6600000] [id=19676]
  0x0000021107002610 ConcurrentGCThread "G1 Refine#8" [stack: 0x000000d7e6600000,0x000000d7e6700000] [id=26684]
  0x000002110707c680 ConcurrentGCThread "G1 Refine#9" [stack: 0x000000d7e6700000,0x000000d7e6800000] [id=14576]
  0x0000021107396460 ConcurrentGCThread "G1 Refine#10" [stack: 0x000000d7e6800000,0x000000d7e6900000] [id=21824]
  0x0000021107396a40 ConcurrentGCThread "G1 Refine#11" [stack: 0x000000d7e6900000,0x000000d7e6a00000] [id=34868]
  0x00000211373de390 ConcurrentGCThread "G1 Service" [stack: 0x000000d7e3b00000,0x000000d7e3c00000] [id=37896]

Threads with active compile tasks:

VM state: not at safepoint (normal execution)

VM Mutex/Monitor currently owned by a thread: None

Heap address: 0x0000000601400000, size: 8172 MB, Compressed Oops mode: Zero based, Oop shift amount: 3

CDS archive(s) mapped at: [0x000002113b000000-0x000002113bbd0000-0x000002113bbd0000), size 12386304, SharedBaseAddress: 0x000002113b000000, ArchiveRelocationMode: 1.
Compressed class space mapped at: 0x000002113c000000-0x000002117c000000, reserved size: 1073741824
Narrow klass base: 0x000002113b000000, Narrow klass shift: 0, Narrow klass range: 0x100000000

GC Precious Log:
 CPUs: 24 total, 24 available
 Memory: 32681M
 Large Page Support: Disabled
 NUMA Support: Disabled
 Compressed Oops: Enabled (Zero based)
 Heap Region Size: 4M
 Heap Min Capacity: 8M
 Heap Initial Capacity: 512M
 Heap Max Capacity: 8172M
 Pre-touch: Disabled
 Parallel Workers: 18
 Concurrent Workers: 5
 Concurrent Refinement Workers: 18
 Periodic GC: Disabled

Heap:
 garbage-first heap   total 524288K, used 450534K [0x0000000601400000, 0x0000000800000000)
  region size 4096K, 73 young (299008K), 7 survivors (28672K)
 Metaspace       used 7540K, committed 7744K, reserved 1114112K
  class space    used 424K, committed 512K, reserved 1048576K

Heap Regions: E=young(eden), S=young(survivor), O=old, HS=humongous(starts), HC=humongous(continues), CS=collection set, F=free, OA=open archive, CA=closed archive, TAMS=top-at-mark-start (previous, next)
|   0|0x0000000601400000, 0x0000000601800000, 0x0000000601800000|100%|HS|  |TAMS 0x0000000601400000, 0x0000000601400000| Complete 
|   1|0x0000000601800000, 0x0000000601c00000, 0x0000000601c00000|100%|HC|  |TAMS 0x0000000601800000, 0x0000000601800000| Complete 
|   2|0x0000000601c00000, 0x0000000602000000, 0x0000000602000000|100%|HS|  |TAMS 0x0000000601c00000, 0x0000000601c00000| Complete 
|   3|0x0000000602000000, 0x0000000602400000, 0x0000000602400000|100%|HC|  |TAMS 0x0000000602000000, 0x0000000602000000| Complete 
|   4|0x0000000602400000, 0x0000000602800000, 0x0000000602800000|100%|HS|  |TAMS 0x0000000602400000, 0x0000000602400000| Complete 
|   5|0x0000000602800000, 0x0000000602c00000, 0x0000000602c00000|100%|HC|  |TAMS 0x0000000602800000, 0x0000000602800000| Complete 
|   6|0x0000000602c00000, 0x0000000603000000, 0x0000000603000000|100%|HS|  |TAMS 0x0000000602c00000, 0x0000000602c00000| Complete 
|   7|0x0000000603000000, 0x0000000603400000, 0x0000000603400000|100%|HC|  |TAMS 0x0000000603000000, 0x0000000603000000| Complete 
|   8|0x0000000603400000, 0x0000000603800000, 0x0000000603800000|100%|HS|  |TAMS 0x0000000603400000, 0x0000000603400000| Complete 
|   9|0x0000000603800000, 0x0000000603c00000, 0x0000000603c00000|100%|HS|  |TAMS 0x0000000603800000, 0x0000000603800000| Complete 
|  10|0x0000000603c00000, 0x0000000604000000, 0x0000000604000000|100%|HS|  |TAMS 0x0000000603c00000, 0x0000000603c00000| Complete 
|  11|0x0000000604000000, 0x0000000604400000, 0x0000000604400000|100%|HC|  |TAMS 0x0000000604000000, 0x0000000604000000| Complete 
|  12|0x0000000604400000, 0x0000000604800000, 0x0000000604800000|100%|HS|  |TAMS 0x0000000604400000, 0x0000000604400000| Complete 
|  13|0x0000000604800000, 0x0000000604c00000, 0x0000000604c00000|100%|HC|  |TAMS 0x0000000604800000, 0x0000000604800000| Complete 
|  14|0x0000000604c00000, 0x0000000605000000, 0x0000000605000000|100%|HS|  |TAMS 0x0000000604c00000, 0x0000000604c00000| Complete 
|  15|0x0000000605000000, 0x0000000605400000, 0x0000000605400000|100%|HC|  |TAMS 0x0000000605000000, 0x0000000605000000| Complete 
|  16|0x0000000605400000, 0x0000000605800000, 0x0000000605800000|100%|HS|  |TAMS 0x0000000605400000, 0x0000000605400000| Complete 
|  17|0x0000000605800000, 0x0000000605c00000, 0x0000000605c00000|100%|HC|  |TAMS 0x0000000605800000, 0x0000000605800000| Complete 
|  18|0x0000000605c00000, 0x0000000606000000, 0x0000000606000000|100%|HS|  |TAMS 0x0000000605c00000, 0x0000000605c00000| Complete 
|  19|0x0000000606000000, 0x0000000606400000, 0x0000000606400000|100%|HC|  |TAMS 0x0000000606000000, 0x0000000606000000| Complete 
|  20|0x0000000606400000, 0x0000000606800000, 0x0000000606800000|100%|HS|  |TAMS 0x0000000606400000, 0x0000000606400000| Complete 
|  21|0x0000000606800000, 0x0000000606c00000, 0x0000000606c00000|100%|HS|  |TAMS 0x0000000606800000, 0x0000000606800000| Complete 
|  22|0x0000000606c00000, 0x0000000607000000, 0x0000000607000000|100%|HS|  |TAMS 0x0000000606c00000, 0x0000000606c00000| Complete 
|  23|0x0000000607000000, 0x0000000607400000, 0x0000000607400000|100%|HC|  |TAMS 0x0000000607000000, 0x0000000607000000| Complete 
|  24|0x0000000607400000, 0x0000000607800000, 0x0000000607800000|100%|HS|  |TAMS 0x0000000607400000, 0x0000000607400000| Complete 
|  25|0x0000000607800000, 0x0000000607c00000, 0x0000000607c00000|100%|HC|  |TAMS 0x0000000607800000, 0x0000000607800000| Complete 
|  26|0x0000000607c00000, 0x0000000608000000, 0x0000000608000000|100%|HS|  |TAMS 0x0000000607c00000, 0x0000000607c00000| Complete 
|  27|0x0000000608000000, 0x0000000608400000, 0x0000000608400000|100%|HC|  |TAMS 0x0000000608000000, 0x0000000608000000| Complete 
|  28|0x0000000608400000, 0x0000000608800000, 0x0000000608800000|100%|HS|  |TAMS 0x0000000608400000, 0x0000000608400000| Complete 
|  29|0x0000000608800000, 0x0000000608c00000, 0x0000000608c00000|100%|HS|  |TAMS 0x0000000608800000, 0x0000000608800000| Complete 
|  30|0x0000000608c00000, 0x0000000609000000, 0x0000000609000000|100%|HS|  |TAMS 0x0000000608c00000, 0x0000000608c00000| Complete 
|  31|0x0000000609000000, 0x0000000609400000, 0x0000000609400000|100%|HC|  |TAMS 0x0000000609000000, 0x0000000609000000| Complete 
|  32|0x0000000609400000, 0x0000000609800000, 0x0000000609800000|100%|HS|  |TAMS 0x0000000609400000, 0x0000000609400000| Complete 
|  33|0x0000000609800000, 0x0000000609c00000, 0x0000000609c00000|100%|HC|  |TAMS 0x0000000609800000, 0x0000000609800000| Complete 
|  34|0x0000000609c00000, 0x000000060a000000, 0x000000060a000000|100%|HS|  |TAMS 0x0000000609c00000, 0x0000000609c00000| Complete 
|  35|0x000000060a000000, 0x000000060a400000, 0x000000060a400000|100%|HC|  |TAMS 0x000000060a000000, 0x000000060a000000| Complete 
|  36|0x000000060a400000, 0x000000060a800000, 0x000000060a800000|100%|HS|  |TAMS 0x000000060a400000, 0x000000060a400000| Complete 
|  37|0x000000060a800000, 0x000000060ac00000, 0x000000060ac00000|100%|HC|  |TAMS 0x000000060a800000, 0x000000060a800000| Complete 
|  38|0x000000060ac00000, 0x000000060ac00000, 0x000000060b000000|  0%| F|  |TAMS 0x000000060ac00000, 0x000000060ac00000| Untracked 
|  39|0x000000060b000000, 0x000000060b000000, 0x000000060b400000|  0%| F|  |TAMS 0x000000060b000000, 0x000000060b000000| Untracked 
|  40|0x000000060b400000, 0x000000060b400000, 0x000000060b800000|  0%| F|  |TAMS 0x000000060b400000, 0x000000060b400000| Untracked 
|  41|0x000000060b800000, 0x000000060b800000, 0x000000060bc00000|  0%| F|  |TAMS 0x000000060b800000, 0x000000060b800000| Untracked 
|  42|0x000000060bc00000, 0x000000060bc00000, 0x000000060c000000|  0%| F|  |TAMS 0x000000060bc00000, 0x000000060bc00000| Untracked 
|  43|0x000000060c000000, 0x000000060c000000, 0x000000060c400000|  0%| F|  |TAMS 0x000000060c000000, 0x000000060c000000| Untracked 
|  44|0x000000060c400000, 0x000000060c400000, 0x000000060c800000|  0%| F|  |TAMS 0x000000060c400000, 0x000000060c400000| Untracked 
|  45|0x000000060c800000, 0x000000060cbf9960, 0x000000060cc00000| 99%| S|CS|TAMS 0x000000060c800000, 0x000000060c800000| Complete 
|  46|0x000000060cc00000, 0x000000060d000000, 0x000000060d000000|100%| S|CS|TAMS 0x000000060cc00000, 0x000000060cc00000| Complete 
|  47|0x000000060d000000, 0x000000060d400000, 0x000000060d400000|100%| S|CS|TAMS 0x000000060d000000, 0x000000060d000000| Complete 
|  48|0x000000060d400000, 0x000000060d800000, 0x000000060d800000|100%| S|CS|TAMS 0x000000060d400000, 0x000000060d400000| Complete 
|  49|0x000000060d800000, 0x000000060d800000, 0x000000060dc00000|  0%| F|  |TAMS 0x000000060d800000, 0x000000060d800000| Untracked 
|  50|0x000000060dc00000, 0x000000060dc00000, 0x000000060e000000|  0%| F|  |TAMS 0x000000060dc00000, 0x000000060dc00000| Untracked 
|  51|0x000000060e000000, 0x000000060e000000, 0x000000060e400000|  0%| F|  |TAMS 0x000000060e000000, 0x000000060e000000| Untracked 
|  52|0x000000060e400000, 0x000000060e800000, 0x000000060e800000|100%| S|CS|TAMS 0x000000060e400000, 0x000000060e400000| Complete 
|  53|0x000000060e800000, 0x000000060ec00000, 0x000000060ec00000|100%| S|CS|TAMS 0x000000060e800000, 0x000000060e800000| Complete 
|  54|0x000000060ec00000, 0x000000060f000000, 0x000000060f000000|100%| S|CS|TAMS 0x000000060ec00000, 0x000000060ec00000| Complete 
|  55|0x000000060f000000, 0x000000060f000000, 0x000000060f400000|  0%| F|  |TAMS 0x000000060f000000, 0x000000060f000000| Untracked 
|  56|0x000000060f400000, 0x000000060f400000, 0x000000060f800000|  0%| F|  |TAMS 0x000000060f400000, 0x000000060f400000| Untracked 
|  57|0x000000060f800000, 0x000000060f800000, 0x000000060fc00000|  0%| F|  |TAMS 0x000000060f800000, 0x000000060f800000| Untracked 
|  58|0x000000060fc00000, 0x000000060fc00000, 0x0000000610000000|  0%| F|  |TAMS 0x000000060fc00000, 0x000000060fc00000| Untracked 
|  59|0x0000000610000000, 0x0000000610000000, 0x0000000610400000|  0%| F|  |TAMS 0x0000000610000000, 0x0000000610000000| Untracked 
|  60|0x0000000610400000, 0x0000000610400000, 0x0000000610800000|  0%| F|  |TAMS 0x0000000610400000, 0x0000000610400000| Untracked 
|  61|0x0000000610800000, 0x0000000610800000, 0x0000000610c00000|  0%| F|  |TAMS 0x0000000610800000, 0x0000000610800000| Untracked 
|  62|0x0000000610c00000, 0x0000000611000000, 0x0000000611000000|100%| E|  |TAMS 0x0000000610c00000, 0x0000000610c00000| Complete 
|  63|0x0000000611000000, 0x0000000611400000, 0x0000000611400000|100%| E|CS|TAMS 0x0000000611000000, 0x0000000611000000| Complete 
|  64|0x0000000611400000, 0x0000000611800000, 0x0000000611800000|100%| E|CS|TAMS 0x0000000611400000, 0x0000000611400000| Complete 
|  65|0x0000000611800000, 0x0000000611c00000, 0x0000000611c00000|100%| E|CS|TAMS 0x0000000611800000, 0x0000000611800000| Complete 
|  66|0x0000000611c00000, 0x0000000612000000, 0x0000000612000000|100%| E|CS|TAMS 0x0000000611c00000, 0x0000000611c00000| Complete 
|  67|0x0000000612000000, 0x0000000612400000, 0x0000000612400000|100%| E|CS|TAMS 0x0000000612000000, 0x0000000612000000| Complete 
|  68|0x0000000612400000, 0x0000000612800000, 0x0000000612800000|100%| E|CS|TAMS 0x0000000612400000, 0x0000000612400000| Complete 
|  69|0x0000000612800000, 0x0000000612c00000, 0x0000000612c00000|100%| E|CS|TAMS 0x0000000612800000, 0x0000000612800000| Complete 
|  70|0x0000000612c00000, 0x0000000613000000, 0x0000000613000000|100%| E|CS|TAMS 0x0000000612c00000, 0x0000000612c00000| Complete 
|  71|0x0000000613000000, 0x0000000613400000, 0x0000000613400000|100%| E|CS|TAMS 0x0000000613000000, 0x0000000613000000| Complete 
|  72|0x0000000613400000, 0x0000000613800000, 0x0000000613800000|100%| E|CS|TAMS 0x0000000613400000, 0x0000000613400000| Complete 
|  73|0x0000000613800000, 0x0000000613c00000, 0x0000000613c00000|100%| E|CS|TAMS 0x0000000613800000, 0x0000000613800000| Complete 
|  74|0x0000000613c00000, 0x0000000614000000, 0x0000000614000000|100%| E|CS|TAMS 0x0000000613c00000, 0x0000000613c00000| Complete 
|  75|0x0000000614000000, 0x0000000614400000, 0x0000000614400000|100%| E|CS|TAMS 0x0000000614000000, 0x0000000614000000| Complete 
|  76|0x0000000614400000, 0x0000000614800000, 0x0000000614800000|100%| E|CS|TAMS 0x0000000614400000, 0x0000000614400000| Complete 
|  77|0x0000000614800000, 0x0000000614c00000, 0x0000000614c00000|100%| E|CS|TAMS 0x0000000614800000, 0x0000000614800000| Complete 
|  78|0x0000000614c00000, 0x0000000615000000, 0x0000000615000000|100%| E|CS|TAMS 0x0000000614c00000, 0x0000000614c00000| Complete 
|  79|0x0000000615000000, 0x0000000615400000, 0x0000000615400000|100%| E|CS|TAMS 0x0000000615000000, 0x0000000615000000| Complete 
|  80|0x0000000615400000, 0x0000000615800000, 0x0000000615800000|100%| E|CS|TAMS 0x0000000615400000, 0x0000000615400000| Complete 
|  81|0x0000000615800000, 0x0000000615c00000, 0x0000000615c00000|100%| E|CS|TAMS 0x0000000615800000, 0x0000000615800000| Complete 
|  82|0x0000000615c00000, 0x0000000616000000, 0x0000000616000000|100%| E|CS|TAMS 0x0000000615c00000, 0x0000000615c00000| Complete 
|  83|0x0000000616000000, 0x0000000616400000, 0x0000000616400000|100%| E|CS|TAMS 0x0000000616000000, 0x0000000616000000| Complete 
|  84|0x0000000616400000, 0x0000000616800000, 0x0000000616800000|100%| E|CS|TAMS 0x0000000616400000, 0x0000000616400000| Complete 
|  85|0x0000000616800000, 0x0000000616c00000, 0x0000000616c00000|100%| E|CS|TAMS 0x0000000616800000, 0x0000000616800000| Complete 
|  86|0x0000000616c00000, 0x0000000617000000, 0x0000000617000000|100%| E|CS|TAMS 0x0000000616c00000, 0x0000000616c00000| Complete 
|  87|0x0000000617000000, 0x0000000617400000, 0x0000000617400000|100%| E|CS|TAMS 0x0000000617000000, 0x0000000617000000| Complete 
|  88|0x0000000617400000, 0x0000000617800000, 0x0000000617800000|100%| E|CS|TAMS 0x0000000617400000, 0x0000000617400000| Complete 
|  89|0x0000000617800000, 0x0000000617c00000, 0x0000000617c00000|100%| E|CS|TAMS 0x0000000617800000, 0x0000000617800000| Complete 
|  90|0x0000000617c00000, 0x0000000618000000, 0x0000000618000000|100%| E|CS|TAMS 0x0000000617c00000, 0x0000000617c00000| Complete 
|  91|0x0000000618000000, 0x0000000618400000, 0x0000000618400000|100%| E|CS|TAMS 0x0000000618000000, 0x0000000618000000| Complete 
|  92|0x0000000618400000, 0x0000000618800000, 0x0000000618800000|100%| E|CS|TAMS 0x0000000618400000, 0x0000000618400000| Complete 
|  93|0x0000000618800000, 0x0000000618c00000, 0x0000000618c00000|100%| E|CS|TAMS 0x0000000618800000, 0x0000000618800000| Complete 
|  94|0x0000000618c00000, 0x0000000619000000, 0x0000000619000000|100%| E|CS|TAMS 0x0000000618c00000, 0x0000000618c00000| Complete 
|  95|0x0000000619000000, 0x0000000619400000, 0x0000000619400000|100%| E|CS|TAMS 0x0000000619000000, 0x0000000619000000| Complete 
|  96|0x0000000619400000, 0x0000000619800000, 0x0000000619800000|100%| E|CS|TAMS 0x0000000619400000, 0x0000000619400000| Complete 
|  97|0x0000000619800000, 0x0000000619c00000, 0x0000000619c00000|100%| E|CS|TAMS 0x0000000619800000, 0x0000000619800000| Complete 
|  98|0x0000000619c00000, 0x000000061a000000, 0x000000061a000000|100%| E|CS|TAMS 0x0000000619c00000, 0x0000000619c00000| Complete 
|  99|0x000000061a000000, 0x000000061a400000, 0x000000061a400000|100%| E|CS|TAMS 0x000000061a000000, 0x000000061a000000| Complete 
| 100|0x000000061a400000, 0x000000061a800000, 0x000000061a800000|100%| E|CS|TAMS 0x000000061a400000, 0x000000061a400000| Complete 
| 101|0x000000061a800000, 0x000000061ac00000, 0x000000061ac00000|100%| E|CS|TAMS 0x000000061a800000, 0x000000061a800000| Complete 
| 102|0x000000061ac00000, 0x000000061b000000, 0x000000061b000000|100%| E|CS|TAMS 0x000000061ac00000, 0x000000061ac00000| Complete 
| 103|0x000000061b000000, 0x000000061b400000, 0x000000061b400000|100%| E|CS|TAMS 0x000000061b000000, 0x000000061b000000| Complete 
| 104|0x000000061b400000, 0x000000061b800000, 0x000000061b800000|100%| E|CS|TAMS 0x000000061b400000, 0x000000061b400000| Complete 
| 105|0x000000061b800000, 0x000000061bc00000, 0x000000061bc00000|100%| E|CS|TAMS 0x000000061b800000, 0x000000061b800000| Complete 
| 106|0x000000061bc00000, 0x000000061c000000, 0x000000061c000000|100%| E|CS|TAMS 0x000000061bc00000, 0x000000061bc00000| Complete 
| 107|0x000000061c000000, 0x000000061c400000, 0x000000061c400000|100%| E|CS|TAMS 0x000000061c000000, 0x000000061c000000| Complete 
| 108|0x000000061c400000, 0x000000061c800000, 0x000000061c800000|100%| E|CS|TAMS 0x000000061c400000, 0x000000061c400000| Complete 
| 109|0x000000061c800000, 0x000000061cc00000, 0x000000061cc00000|100%| E|CS|TAMS 0x000000061c800000, 0x000000061c800000| Complete 
| 110|0x000000061cc00000, 0x000000061d000000, 0x000000061d000000|100%| E|CS|TAMS 0x000000061cc00000, 0x000000061cc00000| Complete 
| 111|0x000000061d000000, 0x000000061d400000, 0x000000061d400000|100%| E|CS|TAMS 0x000000061d000000, 0x000000061d000000| Complete 
| 112|0x000000061d400000, 0x000000061d800000, 0x000000061d800000|100%| E|CS|TAMS 0x000000061d400000, 0x000000061d400000| Complete 
| 113|0x000000061d800000, 0x000000061dc00000, 0x000000061dc00000|100%| E|CS|TAMS 0x000000061d800000, 0x000000061d800000| Complete 
| 114|0x000000061dc00000, 0x000000061e000000, 0x000000061e000000|100%| E|CS|TAMS 0x000000061dc00000, 0x000000061dc00000| Complete 
| 115|0x000000061e000000, 0x000000061e400000, 0x000000061e400000|100%| E|CS|TAMS 0x000000061e000000, 0x000000061e000000| Complete 
| 116|0x000000061e400000, 0x000000061e800000, 0x000000061e800000|100%| E|CS|TAMS 0x000000061e400000, 0x000000061e400000| Complete 
| 117|0x000000061e800000, 0x000000061ec00000, 0x000000061ec00000|100%| E|CS|TAMS 0x000000061e800000, 0x000000061e800000| Complete 
| 118|0x000000061ec00000, 0x000000061f000000, 0x000000061f000000|100%| E|CS|TAMS 0x000000061ec00000, 0x000000061ec00000| Complete 
| 119|0x000000061f000000, 0x000000061f400000, 0x000000061f400000|100%| E|CS|TAMS 0x000000061f000000, 0x000000061f000000| Complete 
| 120|0x000000061f400000, 0x000000061f800000, 0x000000061f800000|100%| E|CS|TAMS 0x000000061f400000, 0x000000061f400000| Complete 
| 121|0x000000061f800000, 0x000000061fc00000, 0x000000061fc00000|100%| E|CS|TAMS 0x000000061f800000, 0x000000061f800000| Complete 
| 122|0x000000061fc00000, 0x0000000620000000, 0x0000000620000000|100%| E|CS|TAMS 0x000000061fc00000, 0x000000061fc00000| Complete 
| 123|0x0000000620000000, 0x0000000620400000, 0x0000000620400000|100%| E|CS|TAMS 0x0000000620000000, 0x0000000620000000| Complete 
| 124|0x0000000620400000, 0x0000000620800000, 0x0000000620800000|100%| E|CS|TAMS 0x0000000620400000, 0x0000000620400000| Complete 
| 125|0x0000000620800000, 0x0000000620c00000, 0x0000000620c00000|100%| E|CS|TAMS 0x0000000620800000, 0x0000000620800000| Complete 
| 126|0x0000000620c00000, 0x0000000621000000, 0x0000000621000000|100%| E|CS|TAMS 0x0000000620c00000, 0x0000000620c00000| Complete 
| 127|0x0000000621000000, 0x0000000621400000, 0x0000000621400000|100%| E|CS|TAMS 0x0000000621000000, 0x0000000621000000| Complete 

Card table byte_map: [0x0000021125220000,0x0000021126220000] _byte_map_base: 0x0000021122216000

Marking Bits (Prev, Next): (CMBitMap*) 0x000002110af1a240, (CMBitMap*) 0x000002110af1a280
 Prev Bits: [0x0000021127220000, 0x000002112f1d0000)
 Next Bits: [0x000002112f1d0000, 0x0000021137180000)

Polling page: 0x000002110af30000

Metaspace:

Usage:
  Non-class:      6.95 MB used.
      Class:    424.82 KB used.
       Both:      7.36 MB used.

Virtual space:
  Non-class space:       64.00 MB reserved,       7.06 MB ( 11%) committed,  1 nodes.
      Class space:        1.00 GB reserved,     512.00 KB ( <1%) committed,  1 nodes.
             Both:        1.06 GB reserved,       7.56 MB ( <1%) committed. 

Chunk freelists:
   Non-Class:  6.98 MB
       Class:  15.45 MB
        Both:  22.44 MB

MaxMetaspaceSize: unlimited
CompressedClassSpaceSize: 1.00 GB
Initial GC threshold: 21.00 MB
Current GC threshold: 21.00 MB
CDS: on
MetaspaceReclaimPolicy: balanced
 - commit_granule_bytes: 65536.
 - commit_granule_words: 8192.
 - virtual_space_node_default_size: 8388608.
 - enlarge_chunks_in_place: 1.
 - new_chunks_are_fully_committed: 0.
 - uncommit_free_chunks: 1.
 - use_allocation_guard: 0.
 - handle_deallocations: 1.


Internal statistics:

num_allocs_failed_limit: 0.
num_arena_births: 66.
num_arena_deaths: 0.
num_vsnodes_births: 2.
num_vsnodes_deaths: 0.
num_space_committed: 119.
num_space_uncommitted: 0.
num_chunks_returned_to_freelist: 0.
num_chunks_taken_from_freelist: 270.
num_chunk_merges: 0.
num_chunk_splits: 203.
num_chunks_enlarged: 169.
num_inconsistent_stats: 0.

CodeHeap 'non-profiled nmethods': size=119168Kb used=967Kb max_used=967Kb free=118200Kb
 bounds [0x000002111b8a0000, 0x000002111bb10000, 0x0000021122d00000]
CodeHeap 'profiled nmethods': size=119104Kb used=2794Kb max_used=2794Kb free=116309Kb
 bounds [0x0000021113d00000, 0x0000021113fc0000, 0x000002111b150000]
CodeHeap 'non-nmethods': size=7488Kb used=3400Kb max_used=3414Kb free=4087Kb
 bounds [0x000002111b150000, 0x000002111b4b0000, 0x000002111b8a0000]
 total_blobs=2584 nmethods=1405 adapters=1089
 compilation: enabled
              stopped_count=0, restarted_count=0
 full_count=0

Compilation events (20 events):
Event: 1.531 Thread 0x0000021106effbd0 nmethod 1395 0x0000021113fb8e10 code [0x0000021113fb8fc0, 0x0000021113fb91f8]
Event: 1.532 Thread 0x0000021106effbd0 1396       3       java.lang.StringBuilder::<init> (6 bytes)
Event: 1.532 Thread 0x0000021106effbd0 nmethod 1396 0x0000021113fb9310 code [0x0000021113fb94a0, 0x0000021113fb95e8]
Event: 1.532 Thread 0x0000021106effbd0 1397       3       jdk.internal.loader.NativeLibraries$NativeLibraryImpl::find (6 bytes)
Event: 1.532 Thread 0x0000021106effbd0 nmethod 1397 0x0000021113fb9690 code [0x0000021113fb9820, 0x0000021113fb9948]
Event: 1.554 Thread 0x00000211072fc480 nmethod 1393 0x000002111b98cc10 code [0x000002111b98cee0, 0x000002111b98ed90]
Event: 1.557 Thread 0x0000021106ededb0 1399       1       java.lang.reflect.Field::getName (5 bytes)
Event: 1.557 Thread 0x0000021106ededb0 nmethod 1399 0x000002111b98ff10 code [0x000002111b9900a0, 0x000002111b990178]
Event: 1.570 Thread 0x00000211072fc480 1400       4       java.util.HashMap::get (19 bytes)
Event: 1.573 Thread 0x00000211072fc480 nmethod 1400 0x000002111b990210 code [0x000002111b9903c0, 0x000002111b9909f8]
Event: 1.587 Thread 0x0000021106effbd0 1401   !   3       jdk.internal.loader.URLClassPath$JarLoader::checkResource (78 bytes)
Event: 1.588 Thread 0x0000021106effbd0 nmethod 1401 0x0000021113fb9a10 code [0x0000021113fb9c60, 0x0000021113fba6a8]
Event: 1.589 Thread 0x00000211374725b0 1403       4       java.lang.AbstractStringBuilder::<init> (39 bytes)
Event: 1.590 Thread 0x00000211374725b0 nmethod 1403 0x000002111b991190 code [0x000002111b991320, 0x000002111b991578]
Event: 1.591 Thread 0x00000211072fc480 1404       4       sun.misc.Unsafe::putLong (11 bytes)
Event: 1.591 Thread 0x0000021137476080 1405       1       org.lwjgl.system.MemoryStack::getPointer (5 bytes)
Event: 1.591 Thread 0x0000021137476080 nmethod 1405 0x000002111b991610 code [0x000002111b9917a0, 0x000002111b991878]
Event: 1.591 Thread 0x00000211072fc480 nmethod 1404 0x000002111b991910 code [0x000002111b991a80, 0x000002111b991af8]
Event: 1.591 Thread 0x00000211072fc480 1406       4       sun.misc.Unsafe::putInt (11 bytes)
Event: 1.591 Thread 0x00000211072fc480 nmethod 1406 0x000002111b991c10 code [0x000002111b991d80, 0x000002111b991e18]

GC Heap History (8 events):
Event: 0.508 GC heap before
{Heap before GC invocations=0 (full 0):
 garbage-first heap   total 524288K, used 24576K [0x0000000601400000, 0x0000000800000000)
  region size 4096K, 6 young (24576K), 0 survivors (0K)
 Metaspace       used 5238K, committed 5440K, reserved 1114112K
  class space    used 326K, committed 448K, reserved 1048576K
}
Event: 0.510 GC heap after
{Heap after GC invocations=1 (full 0):
 garbage-first heap   total 524288K, used 2784K [0x0000000601400000, 0x0000000800000000)
  region size 4096K, 1 young (4096K), 1 survivors (4096K)
 Metaspace       used 5238K, committed 5440K, reserved 1114112K
  class space    used 326K, committed 448K, reserved 1048576K
}
Event: 0.553 GC heap before
{Heap before GC invocations=1 (full 0):
 garbage-first heap   total 524288K, used 35552K [0x0000000601400000, 0x0000000800000000)
  region size 4096K, 9 young (36864K), 1 survivors (4096K)
 Metaspace       used 5269K, committed 5440K, reserved 1114112K
  class space    used 326K, committed 448K, reserved 1048576K
}
Event: 0.555 GC heap after
{Heap after GC invocations=2 (full 0):
 garbage-first heap   total 524288K, used 3403K [0x0000000601400000, 0x0000000800000000)
  region size 4096K, 1 young (4096K), 1 survivors (4096K)
 Metaspace       used 5269K, committed 5440K, reserved 1114112K
  class space    used 326K, committed 448K, reserved 1048576K
}
Event: 0.699 GC heap before
{Heap before GC invocations=2 (full 0):
 garbage-first heap   total 524288K, used 310603K [0x0000000601400000, 0x0000000800000000)
  region size 4096K, 76 young (311296K), 1 survivors (4096K)
 Metaspace       used 5336K, committed 5568K, reserved 1114112K
  class space    used 329K, committed 448K, reserved 1048576K
}
Event: 0.702 GC heap after
{Heap after GC invocations=3 (full 0):
 garbage-first heap   total 524288K, used 10803K [0x0000000601400000, 0x0000000800000000)
  region size 4096K, 3 young (12288K), 3 survivors (12288K)
 Metaspace       used 5336K, committed 5568K, reserved 1114112K
  class space    used 329K, committed 448K, reserved 1048576K
}
Event: 1.055 GC heap before
{Heap before GC invocations=3 (full 0):
 garbage-first heap   total 524288K, used 363059K [0x0000000601400000, 0x0000000800000000)
  region size 4096K, 76 young (311296K), 3 survivors (12288K)
 Metaspace       used 5668K, committed 5888K, reserved 1114112K
  class space    used 355K, committed 448K, reserved 1048576K
}
Event: 1.062 GC heap after
{Heap after GC invocations=4 (full 0):
 garbage-first heap   total 524288K, used 69606K [0x0000000601400000, 0x0000000800000000)
  region size 4096K, 7 young (28672K), 7 survivors (28672K)
 Metaspace       used 5668K, committed 5888K, reserved 1114112K
  class space    used 355K, committed 448K, reserved 1048576K
}

Deoptimization events (20 events):
Event: 1.447 Thread 0x000002110ae6c260 DEOPT PACKING pc=0x000002111b985dbc sp=0x000000d7e36ff000
Event: 1.447 Thread 0x000002110ae6c260 DEOPT UNPACKING pc=0x000002111b1a23a3 sp=0x000000d7e36fefa0 mode 2
Event: 1.478 Thread 0x000002110ae6c260 DEOPT PACKING pc=0x0000021113fadb19 sp=0x000000d7e36fef60
Event: 1.478 Thread 0x000002110ae6c260 DEOPT UNPACKING pc=0x000002111b1a2b43 sp=0x000000d7e36fe498 mode 0
Event: 1.479 Thread 0x000002110ae6c260 Uncommon trap: trap_request=0xffffff45 fr.pc=0x000002111b98953c relative=0x000000000000019c
Event: 1.479 Thread 0x000002110ae6c260 Uncommon trap: reason=unstable_if action=reinterpret pc=0x000002111b98953c method=engine.render.ColorBuffer.build(Lobj/Entity;)V @ 201 c2
Event: 1.479 Thread 0x000002110ae6c260 DEOPT PACKING pc=0x000002111b98953c sp=0x000000d7e36ff000
Event: 1.479 Thread 0x000002110ae6c260 DEOPT UNPACKING pc=0x000002111b1a23a3 sp=0x000000d7e36fef98 mode 2
Event: 1.510 Thread 0x000002110ae6c260 DEOPT PACKING pc=0x0000021113fb3fc3 sp=0x000000d7e36fef60
Event: 1.510 Thread 0x000002110ae6c260 DEOPT UNPACKING pc=0x000002111b1a2b43 sp=0x000000d7e36fe4b8 mode 0
Event: 1.511 Thread 0x000002110ae6c260 Uncommon trap: trap_request=0xffffff45 fr.pc=0x000002111b98c43c relative=0x000000000000019c
Event: 1.511 Thread 0x000002110ae6c260 Uncommon trap: reason=unstable_if action=reinterpret pc=0x000002111b98c43c method=engine.render.NormalBuffer.build(Lobj/Entity;)V @ 128 c2
Event: 1.511 Thread 0x000002110ae6c260 DEOPT PACKING pc=0x000002111b98c43c sp=0x000000d7e36ff000
Event: 1.511 Thread 0x000002110ae6c260 DEOPT UNPACKING pc=0x000002111b1a23a3 sp=0x000000d7e36fefb8 mode 2
Event: 1.520 Thread 0x000002110ae6c260 Uncommon trap: trap_request=0xffffff45 fr.pc=0x000002111b92c150 relative=0x0000000000000430
Event: 1.520 Thread 0x000002110ae6c260 Uncommon trap: reason=unstable_if action=reinterpret pc=0x000002111b92c150 method=obj.Entity.getFlattenedUVs()[F @ 30 c2
Event: 1.520 Thread 0x000002110ae6c260 DEOPT PACKING pc=0x000002111b92c150 sp=0x000000d7e36fefb0
Event: 1.520 Thread 0x000002110ae6c260 DEOPT UNPACKING pc=0x000002111b1a23a3 sp=0x000000d7e36fef38 mode 2
Event: 1.528 Thread 0x000002110ae6c260 DEOPT PACKING pc=0x0000021113f4122a sp=0x000000d7e36ff120
Event: 1.528 Thread 0x000002110ae6c260 DEOPT UNPACKING pc=0x000002111b1a2b43 sp=0x000000d7e36fe698 mode 0

Classes unloaded (0 events):
No events

Classes redefined (0 events):
No events

Internal exceptions (20 events):
Event: 0.089 Thread 0x000002110ae6c260 Exception <a 'java/lang/NoSuchMethodError'{0x00000006213b2a20}: 'java.lang.Object java.lang.invoke.DirectMethodHandle$Holder.invokeStatic(java.lang.Object, java.lang.Object, int)'> (0x00000006213b2a20) 
thrown [s\open\src\hotspot\share\interpreter\linkResolver.cpp, line 759]
Event: 0.090 Thread 0x000002110ae6c260 Exception <a 'java/lang/NoSuchMethodError'{0x00000006213be790}: 'void java.lang.invoke.DelegatingMethodHandle$Holder.delegate(java.lang.Object, java.lang.Object, int, java.lang.Object)'> (0x00000006213be790) 
thrown [s\open\src\hotspot\share\interpreter\linkResolver.cpp, line 759]
Event: 0.090 Thread 0x000002110ae6c260 Exception <a 'java/lang/NoSuchMethodError'{0x00000006213c29d0}: 'int java.lang.invoke.DirectMethodHandle$Holder.invokeSpecial(java.lang.Object, java.lang.Object, java.lang.Object)'> (0x00000006213c29d0) 
thrown [s\open\src\hotspot\share\interpreter\linkResolver.cpp, line 759]
Event: 0.117 Thread 0x000002110ae6c260 Exception <a 'sun/nio/fs/WindowsException'{0x0000000620c39198}> (0x0000000620c39198) 
thrown [s\open\src\hotspot\share\prims\jni.cpp, line 516]
Event: 0.117 Thread 0x000002110ae6c260 Exception <a 'sun/nio/fs/WindowsException'{0x0000000620c396e8}> (0x0000000620c396e8) 
thrown [s\open\src\hotspot\share\prims\jni.cpp, line 516]
Event: 0.149 Thread 0x000002110ae6c260 Exception <a 'java/lang/NoSuchMethodError'{0x0000000620d030d8}: 'int java.lang.invoke.DirectMethodHandle$Holder.invokeStaticInit(java.lang.Object, java.lang.Object, int, long)'> (0x0000000620d030d8) 
thrown [s\open\src\hotspot\share\interpreter\linkResolver.cpp, line 759]
Event: 0.149 Thread 0x000002110ae6c260 Exception <a 'java/lang/NoSuchMethodError'{0x0000000620d089a0}: 'java.lang.Object java.lang.invoke.DirectMethodHandle$Holder.newInvokeSpecial(java.lang.Object, java.lang.Object, int)'> (0x0000000620d089a0) 
thrown [s\open\src\hotspot\share\interpreter\linkResolver.cpp, line 759]
Event: 0.150 Thread 0x000002110ae6c260 Exception <a 'java/lang/NoSuchMethodError'{0x0000000620d18658}: 'int java.lang.invoke.DirectMethodHandle$Holder.invokeStaticInit(java.lang.Object, java.lang.Object, long, long)'> (0x0000000620d18658) 
thrown [s\open\src\hotspot\share\interpreter\linkResolver.cpp, line 759]
Event: 0.151 Thread 0x000002110ae6c260 Exception <a 'java/lang/NoSuchMethodError'{0x0000000620d1e768}: 'java.lang.Object java.lang.invoke.DirectMethodHandle$Holder.newInvokeSpecial(java.lang.Object, java.lang.Object, long)'> (0x0000000620d1e768) 
thrown [s\open\src\hotspot\share\interpreter\linkResolver.cpp, line 759]
Event: 0.151 Thread 0x000002110ae6c260 Exception <a 'java/lang/NoSuchMethodError'{0x0000000620d22a58}: 'java.lang.Object java.lang.invoke.Invokers$Holder.linkToTargetMethod(java.lang.Object, long, java.lang.Object)'> (0x0000000620d22a58) 
thrown [s\open\src\hotspot\share\interpreter\linkResolver.cpp, line 759]
Event: 0.151 Thread 0x000002110ae6c260 Exception <a 'java/lang/NoSuchMethodError'{0x0000000620d2a170}: 'int java.lang.invoke.DirectMethodHandle$Holder.invokeStaticInit(java.lang.Object, java.lang.Object, java.lang.Object, long)'> (0x0000000620d2a170) 
thrown [s\open\src\hotspot\share\interpreter\linkResolver.cpp, line 759]
Event: 0.165 Thread 0x000002110ae6c260 Exception <a 'sun/nio/fs/WindowsException'{0x0000000620de6ba0}> (0x0000000620de6ba0) 
thrown [s\open\src\hotspot\share\prims\jni.cpp, line 516]
Event: 0.165 Thread 0x000002110ae6c260 Exception <a 'sun/nio/fs/WindowsException'{0x0000000620de6f00}> (0x0000000620de6f00) 
thrown [s\open\src\hotspot\share\prims\jni.cpp, line 516]
Event: 0.373 Thread 0x000002110ae6c260 Exception <a 'sun/nio/fs/WindowsException'{0x0000000620e67250}> (0x0000000620e67250) 
thrown [s\open\src\hotspot\share\prims\jni.cpp, line 516]
Event: 0.373 Thread 0x000002110ae6c260 Exception <a 'sun/nio/fs/WindowsException'{0x0000000620e675f0}> (0x0000000620e675f0) 
thrown [s\open\src\hotspot\share\prims\jni.cpp, line 516]
Event: 0.378 Thread 0x000002110ae6c260 Exception <a 'sun/nio/fs/WindowsException'{0x0000000620e74a50}> (0x0000000620e74a50) 
thrown [s\open\src\hotspot\share\prims\jni.cpp, line 516]
Event: 0.378 Thread 0x000002110ae6c260 Exception <a 'sun/nio/fs/WindowsException'{0x0000000620e74d20}> (0x0000000620e74d20) 
thrown [s\open\src\hotspot\share\prims\jni.cpp, line 516]
Event: 0.478 Thread 0x000002110ae6c260 Exception <a 'sun/nio/fs/WindowsException'{0x00000006205dca58}> (0x00000006205dca58) 
thrown [s\open\src\hotspot\share\prims\jni.cpp, line 516]
Event: 0.478 Thread 0x000002110ae6c260 Exception <a 'sun/nio/fs/WindowsException'{0x00000006205dcdd8}> (0x00000006205dcdd8) 
thrown [s\open\src\hotspot\share\prims\jni.cpp, line 516]
Event: 1.592 Thread 0x000002110ae6c260 Implicit null exception at 0x000002111b991aaf to 0x0000000000000000

VM Operations (16 events):
Event: 0.060 Executing VM operation: HandshakeAllThreads
Event: 0.060 Executing VM operation: HandshakeAllThreads done
Event: 0.128 Executing VM operation: HandshakeAllThreads
Event: 0.128 Executing VM operation: HandshakeAllThreads done
Event: 0.508 Executing VM operation: G1CollectForAllocation
Event: 0.510 Executing VM operation: G1CollectForAllocation done
Event: 0.553 Executing VM operation: G1CollectForAllocation
Event: 0.555 Executing VM operation: G1CollectForAllocation done
Event: 0.699 Executing VM operation: G1CollectForAllocation
Event: 0.702 Executing VM operation: G1CollectForAllocation done
Event: 0.889 Executing VM operation: HandshakeAllThreads
Event: 0.889 Executing VM operation: HandshakeAllThreads done
Event: 1.055 Executing VM operation: G1CollectForAllocation
Event: 1.062 Executing VM operation: G1CollectForAllocation done
Event: 1.591 Executing VM operation: HandshakeAllThreads
Event: 1.591 Executing VM operation: HandshakeAllThreads done

Events (20 events):
Event: 0.717 loading class java/util/spi/ResourceBundleProvider
Event: 0.717 loading class java/util/spi/ResourceBundleProvider done
Event: 0.717 loading class sun/util/resources/LocaleData$LocaleDataResourceBundleProvider done
Event: 0.717 loading class sun/util/resources/LocaleData$CommonResourceBundleProvider done
Event: 0.718 loading class sun/util/resources/Bundles$2
Event: 0.718 loading class sun/util/resources/Bundles$2 done
Event: 0.721 loading class java/lang/NumberFormatException
Event: 0.721 loading class java/lang/NumberFormatException done
Event: 0.839 Thread 0x0000021107a23e20 Thread exited: 0x0000021107a23e20
Event: 0.839 Thread 0x00000211078b0410 Thread exited: 0x00000211078b0410
Event: 1.299 Thread 0x00000211073a41b0 Thread exited: 0x00000211073a41b0
Event: 1.300 Thread 0x00000211072fc480 Thread exited: 0x00000211072fc480
Event: 1.300 Thread 0x00000211000a30d0 Thread exited: 0x00000211000a30d0
Event: 1.300 Thread 0x00000211073a3c90 Thread exited: 0x00000211073a3c90
Event: 1.300 Thread 0x0000021106f14820 Thread exited: 0x0000021106f14820
Event: 1.304 Thread 0x00000211072fc480 Thread added: 0x00000211072fc480
Event: 1.555 loading class java/lang/SecurityException
Event: 1.555 loading class java/lang/SecurityException done
Event: 1.591 loading class java/nio/HeapFloatBuffer
Event: 1.591 loading class java/nio/HeapFloatBuffer done


Dynamic libraries:
0x00007ff6f11f0000 - 0x00007ff6f1200000 	C:\Program Files\Java\jdk-17\bin\java.exe
0x00007ffd58c80000 - 0x00007ffd58ee8000 	C:\WINDOWS\SYSTEM32\ntdll.dll
0x00007ffd58710000 - 0x00007ffd587d9000 	C:\WINDOWS\System32\KERNEL32.DLL
0x00007ffd55dd0000 - 0x00007ffd561bd000 	C:\WINDOWS\System32\KERNELBASE.dll
0x00007ffd56790000 - 0x00007ffd568db000 	C:\WINDOWS\System32\ucrtbase.dll
0x00007ffd4e120000 - 0x00007ffd4e139000 	C:\Program Files\Java\jdk-17\bin\jli.dll
0x00007ffd30720000 - 0x00007ffd3073b000 	C:\Program Files\Java\jdk-17\bin\VCRUNTIME140.dll
0x00007ffd57f00000 - 0x00007ffd57fb4000 	C:\WINDOWS\System32\ADVAPI32.dll
0x00007ffd57dd0000 - 0x00007ffd57e79000 	C:\WINDOWS\System32\msvcrt.dll
0x00007ffd58940000 - 0x00007ffd589e6000 	C:\WINDOWS\System32\sechost.dll
0x00007ffd57700000 - 0x00007ffd57818000 	C:\WINDOWS\System32\RPCRT4.dll
0x00007ffd56a20000 - 0x00007ffd56bec000 	C:\WINDOWS\System32\USER32.dll
0x00007ffd565e0000 - 0x00007ffd56607000 	C:\WINDOWS\System32\win32u.dll
0x00007ffd576d0000 - 0x00007ffd576fb000 	C:\WINDOWS\System32\GDI32.dll
0x00007ffd568e0000 - 0x00007ffd56a17000 	C:\WINDOWS\System32\gdi32full.dll
0x00007ffd43350000 - 0x00007ffd435ea000 	C:\WINDOWS\WinSxS\amd64_microsoft.windows.common-controls_6595b64144ccf1df_6.0.26100.4484_none_3e0e6d4ce32ef3b3\COMCTL32.dll
0x00007ffd562f0000 - 0x00007ffd56393000 	C:\WINDOWS\System32\msvcp_win.dll
0x00007ffd4d850000 - 0x00007ffd4d85b000 	C:\WINDOWS\SYSTEM32\VERSION.dll
0x00007ffd58c00000 - 0x00007ffd58c2f000 	C:\WINDOWS\System32\IMM32.DLL
0x00007ffd462e0000 - 0x00007ffd462ec000 	C:\Program Files\Java\jdk-17\bin\vcruntime140_1.dll
0x00007ffd04b60000 - 0x00007ffd04bee000 	C:\Program Files\Java\jdk-17\bin\msvcp140.dll
0x00007ffcde140000 - 0x00007ffcded20000 	C:\Program Files\Java\jdk-17\bin\server\jvm.dll
0x00007ffd56ef0000 - 0x00007ffd56ef8000 	C:\WINDOWS\System32\PSAPI.DLL
0x00007ffd412b0000 - 0x00007ffd412ba000 	C:\WINDOWS\SYSTEM32\WSOCK32.dll
0x00007ffd4af50000 - 0x00007ffd4af85000 	C:\WINDOWS\SYSTEM32\WINMM.dll
0x00007ffd57e80000 - 0x00007ffd57ef4000 	C:\WINDOWS\System32\WS2_32.dll
0x00007ffd54b70000 - 0x00007ffd54b8b000 	C:\WINDOWS\SYSTEM32\kernel.appcore.dll
0x00007ffd41070000 - 0x00007ffd4107a000 	C:\Program Files\Java\jdk-17\bin\jimage.dll
0x00007ffd48850000 - 0x00007ffd48a91000 	C:\WINDOWS\SYSTEM32\DBGHELP.DLL
0x00007ffd57a30000 - 0x00007ffd57db6000 	C:\WINDOWS\System32\combase.dll
0x00007ffd58b10000 - 0x00007ffd58bf0000 	C:\WINDOWS\System32\OLEAUT32.dll
0x00007ffd31830000 - 0x00007ffd31873000 	C:\WINDOWS\SYSTEM32\dbgcore.DLL
0x00007ffd56250000 - 0x00007ffd562e9000 	C:\WINDOWS\System32\bcryptPrimitives.dll
0x00007ffd30320000 - 0x00007ffd30345000 	C:\Program Files\Java\jdk-17\bin\java.dll
0x00007ffd04a80000 - 0x00007ffd04b57000 	C:\Program Files\Java\jdk-17\bin\jsvml.dll
0x00007ffd57fc0000 - 0x00007ffd5870a000 	C:\WINDOWS\System32\SHELL32.dll
0x00007ffd56610000 - 0x00007ffd56784000 	C:\WINDOWS\System32\wintypes.dll
0x00007ffd53a50000 - 0x00007ffd542ab000 	C:\WINDOWS\SYSTEM32\windows.storage.dll
0x00007ffd57390000 - 0x00007ffd57485000 	C:\WINDOWS\System32\SHCORE.dll
0x00007ffd58aa0000 - 0x00007ffd58b0a000 	C:\WINDOWS\System32\shlwapi.dll
0x00007ffd55ce0000 - 0x00007ffd55d0f000 	C:\WINDOWS\SYSTEM32\profapi.dll
0x00007ffd2fa90000 - 0x00007ffd2faa9000 	C:\Program Files\Java\jdk-17\bin\net.dll
0x00007ffd4f790000 - 0x00007ffd4f8ae000 	C:\WINDOWS\SYSTEM32\WINHTTP.dll
0x00007ffd55100000 - 0x00007ffd5516a000 	C:\WINDOWS\system32\mswsock.dll
0x00007ffd2f430000 - 0x00007ffd2f446000 	C:\Program Files\Java\jdk-17\bin\nio.dll
0x00007ffd2fab0000 - 0x00007ffd2fac8000 	C:\Program Files\Java\jdk-17\bin\zip.dll
0x00007ffd04a00000 - 0x00007ffd04a7e000 	C:\Users\mirek\AppData\Local\Temp\lwjgl_mirek\3.3.6+1\x64\lwjgl.dll
0x00007ffcf2bf0000 - 0x00007ffcf2c79000 	C:\Users\mirek\AppData\Local\Temp\lwjgl_mirek\3.3.6+1\x64\glfw.dll
0x00007ffd21c40000 - 0x00007ffd21c8b000 	C:\WINDOWS\SYSTEM32\dinput8.dll
0x00007ffd2f3e0000 - 0x00007ffd2f3f2000 	C:\WINDOWS\SYSTEM32\xinput1_4.dll
0x00007ffd55940000 - 0x00007ffd55997000 	C:\WINDOWS\SYSTEM32\cfgmgr32.dll
0x00007ffd55910000 - 0x00007ffd5593d000 	C:\WINDOWS\SYSTEM32\DEVOBJ.dll
0x00007ffd535b0000 - 0x00007ffd535e6000 	C:\WINDOWS\SYSTEM32\dwmapi.dll
0x00007ffd33fa0000 - 0x00007ffd34183000 	C:\WINDOWS\SYSTEM32\inputhost.dll
0x00007ffd51430000 - 0x00007ffd51555000 	C:\WINDOWS\SYSTEM32\CoreMessaging.dll
0x00007ffd52fd0000 - 0x00007ffd5307f000 	C:\WINDOWS\system32\uxtheme.dll
0x00007ffd553d0000 - 0x00007ffd553dc000 	C:\WINDOWS\SYSTEM32\CRYPTBASE.DLL
0x00007ffd57890000 - 0x00007ffd579f0000 	C:\WINDOWS\System32\MSCTF.dll
0x00007ffcbfe70000 - 0x00007ffcbff88000 	C:\WINDOWS\SYSTEM32\opengl32.dll
0x00007ffcbfe40000 - 0x00007ffcbfe6d000 	C:\WINDOWS\SYSTEM32\GLU32.dll
0x00007ffd53180000 - 0x00007ffd531cd000 	C:\WINDOWS\SYSTEM32\dxcore.dll
0x00007ffd46360000 - 0x00007ffd4637a000 	C:\WINDOWS\SYSTEM32\windows.staterepositorycore.dll
0x00007ffcbd4f0000 - 0x00007ffcbfe34000 	C:\WINDOWS\System32\DriverStore\FileRepository\nv_dispi.inf_amd64_fe5f369669db2f36\nvoglv64.dll
0x00007ffd56f00000 - 0x00007ffd57386000 	C:\WINDOWS\System32\SETUPAPI.dll
0x00007ffd57520000 - 0x00007ffd576be000 	C:\WINDOWS\System32\ole32.dll
0x00007ffd51e70000 - 0x00007ffd51e86000 	C:\WINDOWS\SYSTEM32\WTSAPI32.dll
0x00007ffd554e0000 - 0x00007ffd554f3000 	C:\WINDOWS\SYSTEM32\msasn1.dll
0x00007ffd4d810000 - 0x00007ffd4d84b000 	C:\WINDOWS\SYSTEM32\cryptnet.dll
0x00007ffd563a0000 - 0x00007ffd56517000 	C:\WINDOWS\System32\CRYPT32.dll
0x00007ffd55470000 - 0x00007ffd554db000 	C:\WINDOWS\SYSTEM32\wldp.dll
0x00007ffd4d4c0000 - 0x00007ffd4d63c000 	C:\WINDOWS\SYSTEM32\drvstore.dll
0x00007ffd561c0000 - 0x00007ffd56244000 	C:\WINDOWS\System32\WINTRUST.dll
0x00007ffd54ca0000 - 0x00007ffd54cd6000 	C:\WINDOWS\SYSTEM32\ntmarta.dll
0x00007ffd57a00000 - 0x00007ffd57a20000 	C:\WINDOWS\System32\imagehlp.dll
0x00007ffd553b0000 - 0x00007ffd553cb000 	C:\WINDOWS\SYSTEM32\CRYPTSP.dll
0x00007ffd54ad0000 - 0x00007ffd54b0b000 	C:\WINDOWS\system32\rsaenh.dll
0x00007ffd55cb0000 - 0x00007ffd55cd6000 	C:\WINDOWS\SYSTEM32\bcrypt.dll
0x00007ffd3a7a0000 - 0x00007ffd3e532000 	C:\WINDOWS\System32\DriverStore\FileRepository\nv_dispi.inf_amd64_fe5f369669db2f36\nvgpucomp64.dll
0x00007ffd237e0000 - 0x00007ffd23af4000 	C:\WINDOWS\system32\nvspcap64.dll
0x00007ffd55b70000 - 0x00007ffd55bce000 	C:\WINDOWS\SYSTEM32\powrprof.dll
0x00007ffd55a60000 - 0x00007ffd55a74000 	C:\WINDOWS\SYSTEM32\UMPDC.dll
0x00007ffd559d0000 - 0x00007ffd55a37000 	C:\WINDOWS\SYSTEM32\WINSTA.dll
0x00007ffd33da0000 - 0x00007ffd33ef0000 	C:\WINDOWS\SYSTEM32\textinputframework.dll
0x00007ffd3fc90000 - 0x00007ffd3ff73000 	C:\WINDOWS\SYSTEM32\CoreUIComponents.dll
0x00007ffd058c0000 - 0x00007ffd0591d000 	C:\Users\mirek\AppData\Local\Temp\lwjgl_mirek\3.3.6+1\x64\lwjgl_opengl.dll
0x00007ffd30700000 - 0x00007ffd30710000 	C:\Program Files\Java\jdk-17\bin\verify.dll
0x00007ffcf28d0000 - 0x00007ffcf2969000 	C:\Users\mirek\AppData\Local\Temp\lwjgl_mirek\3.3.6+1\x64\lwjgl_stb.dll

dbghelp: loaded successfully - version: 4.0.5 - missing functions: none
symbol engine: initialized successfully - sym options: 0x614 - pdb path: .;C:\Program Files\Java\jdk-17\bin;C:\WINDOWS\SYSTEM32;C:\WINDOWS\WinSxS\amd64_microsoft.windows.common-controls_6595b64144ccf1df_6.0.26100.4484_none_3e0e6d4ce32ef3b3;C:\Program Files\Java\jdk-17\bin\server;C:\Users\mirek\AppData\Local\Temp\lwjgl_mirek\3.3.6+1\x64;C:\WINDOWS\System32\DriverStore\FileRepository\nv_dispi.inf_amd64_fe5f369669db2f36

VM Arguments:
jvm_args: -Dfile.encoding=UTF-8 -Duser.country=DE -Duser.language=de -Duser.variant 
java_command: engine.Main
java_class_path (initial): C:\Users\mirek\Desktop\Programming Stuff\OpenGL\Mian Engine\Mian-engine-v1\build\classes\java\main;C:\Users\mirek\Desktop\Programming Stuff\OpenGL\Mian Engine\Mian-engine-v1\build\resources\main;C:\Users\mirek\.gradle\caches\modules-2\files-2.1\org.lwjgl\lwjgl-glfw\3.3.6\7119f7d0eeb1e5502ff0ca71d2b4d47317da015\lwjgl-glfw-3.3.6.jar;C:\Users\mirek\.gradle\caches\modules-2\files-2.1\org.lwjgl\lwjgl-glfw\3.3.6\99ef08056feb9627f90425a4d2a22cd9fae8e39b\lwjgl-glfw-3.3.6-natives-windows.jar;C:\Users\mirek\.gradle\caches\modules-2\files-2.1\org.lwjgl\lwjgl-opengl\3.3.6\ac2532612a4df374e9a9282bcf8ce2573018ebbb\lwjgl-opengl-3.3.6.jar;C:\Users\mirek\.gradle\caches\modules-2\files-2.1\org.lwjgl\lwjgl-opengl\3.3.6\18dc639ebc94aa5202c2157f7490d28997b697c5\lwjgl-opengl-3.3.6-natives-windows.jar;C:\Users\mirek\.gradle\caches\modules-2\files-2.1\org.lwjgl\lwjgl-stb\3.3.6\e2d3739dcfe7b672b626ded66d94f6587083306e\lwjgl-stb-3.3.6.jar;C:\Users\mirek\.gradle\caches\modules-2\files-2.1\org.lwjgl\lwjgl-stb\3.3.6\334cf885b39e2db9070c39e70e65efb136435f10\lwjgl-stb-3.3.6-natives-windows.jar;C:\Users\mirek\.gradle\caches\modules-2\files-2.1\org.lwjgl\lwjgl\3.3.6\ce7721d30cfaf47feaed10213e0c43eb55c49d68\lwjgl-3.3.6.jar;C:\Users\mirek\.gradle\caches\modules-2\files-2.1\org.lwjgl\lwjgl\3.3.6\9a29b6a22fc5184604b8cb434ee5d5ecc4bfcbee\lwjgl-3.3.6-natives-windows.jar;C:\Users\mirek\.gradle\caches\modules-2\files-2.1\org.joml\joml\1.10.5\22566d58af70ad3d72308bab63b8339906deb649\joml-1.10.5.jar;C:\Users\mirek\.gradle\caches\modules-2\files-2.1\com.github.stephengold\jbullet\1.0.3\362f53e8aa981037c2523ac24eb4d9b190a49036\jbullet-1.0.3.jar;C:\Users\mirek\.gradle\caches\modules-2\files-2.1\javax.vecmath\vecmath\1.5.2\fd17bc3e67f909573dfc039d8e2abecf407c4e27\vecmath-1.5.2.jar;C:\Users\mirek\.gradle\caches\modules-2\files-2.1\com.github.stephengold\stack-alloc\1.0.2\13cbb10c01ec09d0f5879f988946a97998175dfc\stack-alloc-1.0.2.jar
Launcher Type: SUN_STANDARD

[Global flags]
     intx CICompilerCount                          = 12                                        {product} {ergonomic}
     uint ConcGCThreads                            = 5                                         {product} {ergonomic}
     uint G1ConcRefinementThreads                  = 18                                        {product} {ergonomic}
   size_t G1HeapRegionSize                         = 4194304                                   {product} {ergonomic}
    uintx GCDrainStackTargetSize                   = 64                                        {product} {ergonomic}
   size_t InitialHeapSize                          = 536870912                                 {product} {ergonomic}
   size_t MarkStackSize                            = 4194304                                   {product} {ergonomic}
   size_t MaxHeapSize                              = 8568963072                                {product} {ergonomic}
   size_t MaxNewSize                               = 5138022400                                {product} {ergonomic}
   size_t MinHeapDeltaBytes                        = 4194304                                   {product} {ergonomic}
   size_t MinHeapSize                              = 8388608                                   {product} {ergonomic}
    uintx NonNMethodCodeHeapSize                   = 7602480                                {pd product} {ergonomic}
    uintx NonProfiledCodeHeapSize                  = 122027880                              {pd product} {ergonomic}
    uintx ProfiledCodeHeapSize                     = 122027880                              {pd product} {ergonomic}
    uintx ReservedCodeCacheSize                    = 251658240                              {pd product} {ergonomic}
     bool SegmentedCodeCache                       = true                                      {product} {ergonomic}
   size_t SoftMaxHeapSize                          = 8568963072                             {manageable} {ergonomic}
     bool UseCompressedClassPointers               = true                           {product lp64_product} {ergonomic}
     bool UseCompressedOops                        = true                           {product lp64_product} {ergonomic}
     bool UseG1GC                                  = true                                      {product} {ergonomic}
     bool UseLargePagesIndividualAllocation        = false                                  {pd product} {ergonomic}

Logging:
Log output configuration:
 #0: stdout all=warning uptime,level,tags
 #1: stderr all=off uptime,level,tags

Environment Variables:
JAVA_HOME=C:\Users\mirek\.jdks\corretto-1.8.0_442
CLASSPATH=c:\Users\mirek\.vscode\extensions\vscjava.vscode-gradle-3.16.4\lib\gradle-server.jar
PATH=;C:\Program Files\Common Files\Oracle\Java\javapath;C:\Program Files (x86)\Common Files\Oracle\Java\java8path;C:\Program Files (x86)\Common Files\Oracle\Java\javapath;C:\Program Files\Microsoft MPI\Bin\;C:\Program Files\Eclipse Adoptium\jdk-21.0.3.9-hotspot\bin;C:\Python312\Scripts\;C:\Python312\;C:\Program Files (x86)\Razer Chroma SDK\bin;C:\Program Files\Razer Chroma SDK\bin;C:\Program Files (x86)\Razer\ChromaBroadcast\bin;C:\Program Files\Razer\ChromaBroadcast\bin;C:\Program Files\Eclipse Adoptium\jdk-17.0.10.7-hotspot\bin;C:\Windows\system32;C:\Windows;C:\Windows\System32\Wbem;C:\Windows\System32\WindowsPowerShell\v1.0\;C:\Windows\System32\OpenSSH\;C:\Program Files\dotnet\;C:\Windows\system32\config\systemprofile\AppData\Local\Microsoft\WindowsApps;C:\Users\mirek\AppData\Local\Microsoft\WindowsApps;D:\Microsoft VS Code\bin;D:\IntelliJ IDEA Community Edition 2023.3.6\bin;C:\Users\mirek\.dotnet\tools;C:\Program Files\nodejs\;C:\ProgramData\chocolatey\bin;C:\Program Files\Git\cmd;C:\Program Files\Microsoft SQL Server\150\Tools\Binn\;C:\Program Files\Microsoft SQL Server\Client SDK\ODBC\170\Tools\Binn\;C:\msys64\mingw64\bin;;C:\WINDOWS\system32;C:\WINDOWS;C:\WINDOWS\System32\Wbem;C:\WINDOWS\System32\WindowsPowerShell\v1.0\;C:\WINDOWS\System32\OpenSSH\;C:\Program Files\NVIDIA Corporation\NVIDIA App\NvDLISR;C:\Program Files (x86)\NVIDIA Corporation\PhysX\Common;C:\Users\mirek\.cargo\bin;C:\Users\mirek\AppData\Local\Programs\Python\Python311\Scripts\;C:\Users\mirek\AppData\Local\Programs\Python\Python311\;C:\Users\mirek\AppData\Local\Microsoft\WindowsApps;D:\Microsoft VS Code\bin;D:\IntelliJ IDEA Community Edition 2023.3.6\bin;;C:\Users\mirek\.dotnet\tools;C:\Users\mirek\AppData\Roaming\npm;C:\Users\mirek\AppData\Local\Muse Hub\lib;C:\msys64\mingw64\bin;C:\ffmpeg\bin;C:\Gradle\gradle-8.12-all\gradle-8.12\bin;C:\Program Files (x86)\Atmel\Flip 3.4.7\bin;C:\Program Files (x86)\Nmap;C:\maven\bin;C:\Users\mirek\AppData\Local\Microsoft\WinGet\Packages\Microsoft.devtunnel_M
USERNAME=mirek
OS=Windows_NT
PROCESSOR_IDENTIFIER=AMD64 Family 25 Model 33 Stepping 2, AuthenticAMD



---------------  S Y S T E M  ---------------

OS:
 Windows 11 , 64 bit Build 26100 (10.0.26100.4484)
OS uptime: 0 days 13:32 hours

CPU: total 24 (initial active 24) (24 cores per cpu, 2 threads per core) family 25 model 33 stepping 2 microcode 0xa201213, cx8, cmov, fxsr, ht, mmx, 3dnowpref, sse, sse2, sse3, ssse3, sse4a, sse4.1, sse4.2, popcnt, lzcnt, tsc, tscinvbit, avx, avx2, aes, erms, clmul, bmi1, bmi2, adx, sha, fma, vzeroupper, clflush, clflushopt

Memory: 4k page, system-wide physical 32681M (14917M free)
TotalPageFile size 43945M (AvailPageFile size 16621M)
current process WorkingSet (physical memory assigned to process): 650M, peak: 653M
current process commit charge ("private bytes"): 902M, peak: 905M

vm_info: Java HotSpot(TM) 64-Bit Server VM (17.0.11+7-LTS-207) for windows-amd64 JRE (17.0.11+7-LTS-207), built on Mar 11 2024 19:01:50 by "mach5one" with MS VC++ 17.6 (VS2022)

END.
