#
# A fatal error has been detected by the Java Runtime Environment:
#
#  EXCEPTION_ACCESS_VIOLATION (0xc0000005) at pc=0x0000023d6826c5dd, pid=33412, tid=18260
#
# JRE version: OpenJDK Runtime Environment Temurin-21.0.3+9 (21.0.3+9) (build 21.0.3+9-LTS)
# Java VM: OpenJDK 64-Bit Server VM Temurin-21.0.3+9 (21.0.3+9-LTS, mixed mode, sharing, tiered, compressed oops, compressed class ptrs, g1 gc, windows-amd64)
# Problematic frame:
# J 663 c2 sun.misc.Unsafe.putLong(Ljava/lang/Object;JJ)V jdk.unsupported@21.0.3 (11 bytes) @ 0x0000023d6826c5dd [0x0000023d6826c5a0+0x000000000000003d]
#
# No core dump will be written. Minidumps are not enabled by default on client versions of Windows
#
# If you would like to submit a bug report, please visit:
#   https://github.com/adoptium/adoptium-support/issues
#

---------------  S U M M A R Y ------------

Command Line: -XX:+ShowCodeDetailsInExceptionMessages engine.Main

Host: AMD Ryzen 9 5900X 12-Core Processor            , 24 cores, 31G,  Windows 11 , 64 bit Build 26100 (10.0.26100.4484)
Time: Sun Aug 24 23:38:25 2025 Mitteleuropäische Sommerzeit elapsed time: 1.924507 seconds (0d 0h 0m 1s)

---------------  T H R E A D  ---------------

Current thread (0x0000023d569ff940):  JavaThread "main"             [_thread_in_Java, id=18260, stack(0x000000579d200000,0x000000579d300000) (1024K)]

Stack: [0x000000579d200000,0x000000579d300000],  sp=0x000000579d2ff0f0,  free space=1020k
Native frames: (J=compiled Java code, j=interpreted, Vv=VM code, C=native code)
C  0x0000023d6826c5dd

The last pc belongs to nmethod (printed below).

siginfo: EXCEPTION_ACCESS_VIOLATION (0xc0000005), writing address 0x0000000000000010


Registers:
RAX=0x0000023d41139158, RBX=0x0000023d41139158, RCX=0x0000000609cd2190, RDX=0x0000000609cd2190
RSP=0x000000579d2ff0f0, RBP=0x000000579d2ff188, RSI=0x0000023d4c042f28, RDI=0x0000000041200000
R8 =0x0000000000000000, R9 =0x0000000000000010, R10=0x0000000000000000, R11=0x0000023d6826c5c0
R12=0x0000000000000000, R13=0x000000579d2ff110, R14=0x000000579d2ff1b0, R15=0x0000023d569ff940
RIP=0x0000023d6826c5dd, EFLAGS=0x0000000000010246


Register to memory mapping:

RAX={method} {0x0000023d41139160} 'putLong' '(Ljava/lang/Object;JJ)V' in 'sun/misc/Unsafe'
RBX={method} {0x0000023d41139160} 'putLong' '(Ljava/lang/Object;JJ)V' in 'sun/misc/Unsafe'
RCX=0x0000000609cd2190 is an oop: sun.misc.Unsafe 
{0x0000000609cd2190} - klass: 'sun/misc/Unsafe'
 - ---- fields (total size 2 words):
RDX=0x0000000609cd2190 is an oop: sun.misc.Unsafe 
{0x0000000609cd2190} - klass: 'sun/misc/Unsafe'
 - ---- fields (total size 2 words):
RSP=0x000000579d2ff0f0 is pointing into the stack for thread: 0x0000023d569ff940
RBP=0x000000579d2ff188 is pointing into the stack for thread: 0x0000023d569ff940
RSI=0x0000023d4c042f28 points into unknown readable memory: 0x8000070098768923 | 23 89 76 98 00 07 00 80
RDI=0x0000000041200000 is an unknown value
R8 =0x0 is null
R9 =0x0000000000000010 is an unknown value
R10=0x0 is null
R11=0x0000023d6826c5c0 is at entry_point+32 in (nmethod*)0x0000023d6826c410
Compiled method (c2)    1945  663       4       sun.misc.Unsafe::putLong (11 bytes)
 total in heap  [0x0000023d6826c410,0x0000023d6826c660] = 592
 relocation     [0x0000023d6826c570,0x0000023d6826c588] = 24
 main code      [0x0000023d6826c5a0,0x0000023d6826c618] = 120
 stub code      [0x0000023d6826c618,0x0000023d6826c630] = 24
 scopes data    [0x0000023d6826c630,0x0000023d6826c638] = 8
 scopes pcs     [0x0000023d6826c638,0x0000023d6826c658] = 32
 dependencies   [0x0000023d6826c658,0x0000023d6826c660] = 8
R12=0x0 is null
R13=0x000000579d2ff110 is pointing into the stack for thread: 0x0000023d569ff940
R14=0x000000579d2ff1b0 is pointing into the stack for thread: 0x0000023d569ff940
R15=0x0000023d569ff940 is a thread

Top of Stack: (sp=0x000000579d2ff0f0)
0x000000579d2ff0f0:   000000579d2ff188 0000023d67af893e
0x000000579d2ff100:   000000579d2ff188 0000023d67af8860
0x000000579d2ff110:   0000000041200000 0000000000000000
0x000000579d2ff120:   0000000000000010 0000000000000000
0x000000579d2ff130:   0000000000000000 0000000609cd2190
0x000000579d2ff140:   000000579d2ff140 0000023d417fc299
0x000000579d2ff150:   0000000000000005 0000023d41810000
0x000000579d2ff160:   0000000000000000 000000062d452d30
0x000000579d2ff170:   0000023d417fc2d8 000000579d2ff110
0x000000579d2ff180:   000000579d2ff1a0 000000579d2ff200
0x000000579d2ff190:   0000023d67af8860 0000000000000000
0x000000579d2ff1a0:   0000000000000010 0000000000000000
0x000000579d2ff1b0:   000000062d601558 000000579d2ff1b8
0x000000579d2ff1c0:   0000023d418028b4 0000000000000005
0x000000579d2ff1d0:   0000023d41810000 0000000000000000
0x000000579d2ff1e0:   000000062d452d30 0000023d418028f8
0x000000579d2ff1f0:   000000579d2ff1a0 000000579d2ff210
0x000000579d2ff200:   000000579d2ff278 0000023d67af8860
0x000000579d2ff210:   000000062d601650 0000000000000000
0x000000579d2ff220:   000000062d601558 000000062d5fedc8
0x000000579d2ff230:   000000579d2ff230 0000023d41785859
0x000000579d2ff240:   0000000000000003 0000023d417b8000
0x000000579d2ff250:   0000000000000000 0000000620d13348
0x000000579d2ff260:   0000023d41785880 000000579d2ff210
0x000000579d2ff270:   000000579d2ff288 000000579d2ff2e0
0x000000579d2ff280:   0000023d67af89d2 000000062d601650
0x000000579d2ff290:   000000062d601558 000000579d2ff298
0x000000579d2ff2a0:   0000023d4159ffa8 0000000000000003
0x000000579d2ff2b0:   0000023d415a8000 0000000000000000
0x000000579d2ff2c0:   0000000609c099a0 0000023d415a12d0
0x000000579d2ff2d0:   000000579d2ff288 000000579d2ff2f8
0x000000579d2ff2e0:   000000579d2ff358 0000023d67af89d2 

Instructions: (pc=0x0000023d6826c5dd)
0x0000023d6826c4dd:   00 00 00 00 00 00 00 00 00 00 00 00 00 00 00 00
0x0000023d6826c4ed:   00 00 00 a0 c5 26 68 3d 02 00 00 c0 c5 26 68 3d
0x0000023d6826c4fd:   02 00 00 a0 c5 26 68 3d 02 00 00 00 00 00 00 00
0x0000023d6826c50d:   00 00 00 ff ff ff ff 08 02 00 00 ff ff ff ff 90
0x0000023d6826c51d:   01 00 00 08 02 00 00 20 02 00 00 20 02 00 00 00
0x0000023d6826c52d:   00 00 00 28 02 00 00 48 02 00 00 50 02 00 00 50
0x0000023d6826c53d:   02 00 00 50 02 00 00 50 02 00 00 50 02 00 00 00
0x0000023d6826c54d:   00 00 00 97 02 00 00 02 00 00 00 ff ff ff ff ff
0x0000023d6826c55d:   ff ff ff 04 02 00 00 00 00 00 00 00 00 00 00 00
0x0000023d6826c56d:   00 00 00 14 30 32 58 0e 78 0e 40 11 31 05 31 0e
0x0000023d6826c57d:   00 00 31 0f 31 00 00 00 00 00 00 00 00 00 00 00
0x0000023d6826c58d:   00 00 00 00 00 00 00 00 00 00 00 00 00 00 00 00
0x0000023d6826c59d:   00 00 00 44 8b 52 08 49 bb 00 00 00 00 3d 02 00
0x0000023d6826c5ad:   00 4d 03 d3 49 3b c2 0f 85 c6 21 8d ff 66 90 0f
0x0000023d6826c5bd:   1f 40 00 48 81 ec 18 00 00 00 48 89 6c 24 10 41
0x0000023d6826c5cd:   81 7f 20 01 00 00 00 0f 85 30 00 00 00 4d 8b d0
0x0000023d6826c5dd:   4b 89 3c 0a 48 83 c4 10 5d 49 3b a7 50 04 00 00
0x0000023d6826c5ed:   0f 87 01 00 00 00 c3 49 ba e6 c5 26 68 3d 02 00
0x0000023d6826c5fd:   00 4d 89 97 68 04 00 00 e9 f6 90 8d ff e8 51 87
0x0000023d6826c60d:   8b ff e9 c6 ff ff ff f4 f4 f4 f4 e9 63 01 9a ff
0x0000023d6826c61d:   e8 00 00 00 00 48 83 2c 24 05 e9 74 83 8d ff f4
0x0000023d6826c62d:   f4 f4 f4 ff 00 00 00 00 00 00 00 ff ff ff ff 00
0x0000023d6826c63d:   00 00 00 00 00 00 00 00 00 00 00 91 00 00 00 00
0x0000023d6826c64d:   00 00 00 00 00 00 00 00 00 00 00 00 00 00 00 00
0x0000023d6826c65d:   00 00 00 00 00 00 00 00 00 00 00 00 00 00 00 00
0x0000023d6826c66d:   00 00 00 00 00 00 00 00 00 00 00 00 00 00 00 00
0x0000023d6826c67d:   00 00 00 00 00 00 00 00 00 00 00 00 00 00 00 00
0x0000023d6826c68d:   00 00 00 00 00 00 00 00 00 00 00 00 00 00 00 00
0x0000023d6826c69d:   00 00 00 00 00 00 00 00 00 00 00 00 00 00 00 00
0x0000023d6826c6ad:   00 00 00 00 00 00 00 00 00 00 00 00 00 00 00 00
0x0000023d6826c6bd:   00 00 00 00 00 00 00 00 00 00 00 00 00 00 00 00
0x0000023d6826c6cd:   00 00 00 00 00 00 00 00 00 00 00 00 00 00 00 00 


Stack slot to memory mapping:

stack at sp + 0 slots: 0x000000579d2ff188 is pointing into the stack for thread: 0x0000023d569ff940
stack at sp + 1 slots: 0x0000023d67af893e is at code_begin+1406 in an Interpreter codelet
return entry points  [0x0000023d67af83c0, 0x0000023d67af8f60]  2976 bytes
stack at sp + 2 slots: 0x000000579d2ff188 is pointing into the stack for thread: 0x0000023d569ff940
stack at sp + 3 slots: 0x0000023d67af8860 is at code_begin+1184 in an Interpreter codelet
return entry points  [0x0000023d67af83c0, 0x0000023d67af8f60]  2976 bytes
stack at sp + 4 slots: 0x0000000041200000 is an unknown value
stack at sp + 5 slots: 0x0 is null
stack at sp + 6 slots: 0x0000000000000010 is an unknown value
stack at sp + 7 slots: 0x0 is null


Compiled method (c2)    1959  663       4       sun.misc.Unsafe::putLong (11 bytes)
 total in heap  [0x0000023d6826c410,0x0000023d6826c660] = 592
 relocation     [0x0000023d6826c570,0x0000023d6826c588] = 24
 main code      [0x0000023d6826c5a0,0x0000023d6826c618] = 120
 stub code      [0x0000023d6826c618,0x0000023d6826c630] = 24
 scopes data    [0x0000023d6826c630,0x0000023d6826c638] = 8
 scopes pcs     [0x0000023d6826c638,0x0000023d6826c658] = 32
 dependencies   [0x0000023d6826c658,0x0000023d6826c660] = 8

[Constant Pool (empty)]

[MachCode]
[Entry Point]
  # {method} {0x0000023d41139160} 'putLong' '(Ljava/lang/Object;JJ)V' in 'sun/misc/Unsafe'
  # this:     rdx:rdx   = 'sun/misc/Unsafe'
  # parm0:    r8:r8     = 'java/lang/Object'
  # parm1:    r9:r9     = long
  # parm2:    rdi:rdi   = long
  #           [sp+0x20]  (sp of caller)
  0x0000023d6826c5a0: 448b 5208 | 49bb 0000 | 0000 3d02 | 0000 4d03 | d349 3bc2 

  0x0000023d6826c5b4: ;   {runtime_call ic_miss_stub}
  0x0000023d6826c5b4: 0f85 c621 | 8dff 6690 | 0f1f 4000 
[Verified Entry Point]
  0x0000023d6826c5c0: 4881 ec18 | 0000 0048 | 896c 2410 | 4181 7f20 | 0100 0000 | 0f85 3000 | 0000 4d8b | d04b 893c 
  0x0000023d6826c5e0: 0a48 83c4 

  0x0000023d6826c5e4: ;   {poll_return}
  0x0000023d6826c5e4: 105d 493b | a750 0400 | 000f 8701 | 0000 00c3 

  0x0000023d6826c5f4: ;   {internal_word}
  0x0000023d6826c5f4: 49ba e6c5 | 2668 3d02 | 0000 4d89 | 9768 0400 

  0x0000023d6826c604: ;   {runtime_call SafepointBlob}
  0x0000023d6826c604: 00e9 f690 

  0x0000023d6826c608: ;   {runtime_call StubRoutines (final stubs)}
  0x0000023d6826c608: 8dff e851 | 878b ffe9 | c6ff ffff | f4f4 f4f4 
[Exception Handler]
  0x0000023d6826c618: ;   {no_reloc}
  0x0000023d6826c618: e963 019a | ffe8 0000 | 0000 4883 

  0x0000023d6826c624: ;   {runtime_call DeoptimizationBlob}
  0x0000023d6826c624: 2c24 05e9 | 7483 8dff | f4f4 f4f4 
[/MachCode]


---------------  P R O C E S S  ---------------

Threads class SMR info:
_java_thread_list=0x0000023d4e17c540, length=16, elements={
0x0000023d569ff940, 0x0000023d7e226400, 0x0000023d7cf6cc20, 0x0000023d7cf6d880,
0x0000023d7e22d440, 0x0000023d7e22e7f0, 0x0000023d7e22e160, 0x0000023d7e23c620,
0x0000023d7e23d330, 0x0000023d7e31c680, 0x0000023d7e22cdb0, 0x0000023d7e22dad0,
0x0000023d4b9fddf0, 0x0000023d4b9fe4a0, 0x0000023d4bda3590, 0x0000023d4bf3f2d0
}

Java Threads: ( => current thread )
=>0x0000023d569ff940 JavaThread "main"                              [_thread_in_Java, id=18260, stack(0x000000579d200000,0x000000579d300000) (1024K)]
  0x0000023d7e226400 JavaThread "Reference Handler"          daemon [_thread_blocked, id=11572, stack(0x000000579da00000,0x000000579db00000) (1024K)]
  0x0000023d7cf6cc20 JavaThread "Finalizer"                  daemon [_thread_blocked, id=21996, stack(0x000000579db00000,0x000000579dc00000) (1024K)]
  0x0000023d7cf6d880 JavaThread "Signal Dispatcher"          daemon [_thread_blocked, id=8512, stack(0x000000579dc00000,0x000000579dd00000) (1024K)]
  0x0000023d7e22d440 JavaThread "Attach Listener"            daemon [_thread_blocked, id=31828, stack(0x000000579dd00000,0x000000579de00000) (1024K)]
  0x0000023d7e22e7f0 JavaThread "Service Thread"             daemon [_thread_blocked, id=34192, stack(0x000000579de00000,0x000000579df00000) (1024K)]
  0x0000023d7e22e160 JavaThread "Monitor Deflation Thread"   daemon [_thread_blocked, id=29452, stack(0x000000579df00000,0x000000579e000000) (1024K)]
  0x0000023d7e23c620 JavaThread "C2 CompilerThread0"         daemon [_thread_blocked, id=38340, stack(0x000000579e000000,0x000000579e100000) (1024K)]
  0x0000023d7e23d330 JavaThread "C1 CompilerThread0"         daemon [_thread_blocked, id=35932, stack(0x000000579e100000,0x000000579e200000) (1024K)]
  0x0000023d7e31c680 JavaThread "C1 CompilerThread1"         daemon [_thread_blocked, id=15060, stack(0x000000579e200000,0x000000579e300000) (1024K)]
  0x0000023d7e22cdb0 JavaThread "Notification Thread"        daemon [_thread_blocked, id=29576, stack(0x000000579e300000,0x000000579e400000) (1024K)]
  0x0000023d7e22dad0 JavaThread "Common-Cleaner"             daemon [_thread_blocked, id=34552, stack(0x000000579e400000,0x000000579e500000) (1024K)]
  0x0000023d4b9fddf0 JavaThread "C1 CompilerThread2"         daemon [_thread_blocked, id=3988, stack(0x000000579e500000,0x000000579e600000) (1024K)]
  0x0000023d4b9fe4a0 JavaThread "C1 CompilerThread3"         daemon [_thread_blocked, id=35504, stack(0x000000579ed00000,0x000000579ee00000) (1024K)]
  0x0000023d4bda3590 JavaThread "C2 CompilerThread1"         daemon [_thread_blocked, id=8584, stack(0x000000579ee00000,0x000000579ef00000) (1024K)]
  0x0000023d4bf3f2d0 JavaThread "C2 CompilerThread2"         daemon [_thread_blocked, id=38448, stack(0x000000579ef00000,0x000000579f000000) (1024K)]
Total: 16

Other Threads:
  0x0000023d7cf441c0 VMThread "VM Thread"                           [id=17356, stack(0x000000579d900000,0x000000579da00000) (1024K)]
  0x0000023d7cf2d950 WatcherThread "VM Periodic Task Thread"        [id=32096, stack(0x000000579d800000,0x000000579d900000) (1024K)]
  0x0000023d56aa5830 WorkerThread "GC Thread#0"                     [id=37372, stack(0x000000579d300000,0x000000579d400000) (1024K)]
  0x0000023d7cf45040 WorkerThread "GC Thread#1"                     [id=6176, stack(0x000000579f500000,0x000000579f600000) (1024K)]
  0x0000023d7cf44ca0 WorkerThread "GC Thread#2"                     [id=6112, stack(0x000000579f600000,0x000000579f700000) (1024K)]
  0x0000023d7cf43e20 WorkerThread "GC Thread#3"                     [id=14144, stack(0x000000579f700000,0x000000579f800000) (1024K)]
  0x0000023d7cf44560 WorkerThread "GC Thread#4"                     [id=27204, stack(0x000000579f800000,0x000000579f900000) (1024K)]
  0x0000023d7cf44900 WorkerThread "GC Thread#5"                     [id=37480, stack(0x000000579f900000,0x000000579fa00000) (1024K)]
  0x0000023d4c1f7b90 WorkerThread "GC Thread#6"                     [id=37556, stack(0x000000579fa00000,0x000000579fb00000) (1024K)]
  0x0000023d4c1f7450 WorkerThread "GC Thread#7"                     [id=1884, stack(0x000000579fb00000,0x000000579fc00000) (1024K)]
  0x0000023d4c1f6d10 WorkerThread "GC Thread#8"                     [id=600, stack(0x000000579fc00000,0x000000579fd00000) (1024K)]
  0x0000023d4c1f6230 WorkerThread "GC Thread#9"                     [id=29704, stack(0x000000579fd00000,0x000000579fe00000) (1024K)]
  0x0000023d4c1f9150 WorkerThread "GC Thread#10"                    [id=30268, stack(0x000000579fe00000,0x000000579ff00000) (1024K)]
  0x0000023d4c1f8db0 WorkerThread "GC Thread#11"                    [id=37804, stack(0x000000579ff00000,0x00000057a0000000) (1024K)]
  0x0000023d4c1f6970 WorkerThread "GC Thread#12"                    [id=33848, stack(0x000000579f100000,0x000000579f200000) (1024K)]
  0x0000023d56ab7df0 ConcurrentGCThread "G1 Main Marker"            [id=1440, stack(0x000000579d400000,0x000000579d500000) (1024K)]
  0x0000023d56aba900 WorkerThread "G1 Conc#0"                       [id=37328, stack(0x000000579d500000,0x000000579d600000) (1024K)]
  0x0000023d7ce660d0 ConcurrentGCThread "G1 Refine#0"               [id=4220, stack(0x000000579d600000,0x000000579d700000) (1024K)]
  0x0000023d7ce6cc30 ConcurrentGCThread "G1 Service"                [id=35684, stack(0x000000579d700000,0x000000579d800000) (1024K)]
Total: 19

Threads with active compile tasks:
Total: 0

VM state: not at safepoint (normal execution)

VM Mutex/Monitor currently owned by a thread: None

Heap address: 0x0000000601400000, size: 8172 MB, Compressed Oops mode: Zero based, Oop shift amount: 3

CDS archive(s) mapped at: [0x0000023d00000000-0x0000023d00c90000-0x0000023d00c90000), size 13172736, SharedBaseAddress: 0x0000023d00000000, ArchiveRelocationMode: 1.
Compressed class space mapped at: 0x0000023d01000000-0x0000023d41000000, reserved size: 1073741824
Narrow klass base: 0x0000023d00000000, Narrow klass shift: 0, Narrow klass range: 0x100000000

GC Precious Log:
 CardTable entry size: 512
 Card Set container configuration: InlinePtr #cards 4 size 8 Array Of Cards #cards 32 size 80 Howl #buckets 8 coarsen threshold 7372 Howl Bitmap #cards 1024 size 144 coarsen threshold 921 Card regions per heap region 1 cards per card region 8192
 CPUs: 24 total, 24 available
 Memory: 32681M
 Large Page Support: Disabled
 NUMA Support: Disabled
 Compressed Oops: Enabled (Zero based)
 Heap Region Size: 4M
 Heap Min Capacity: 8M
 Heap Initial Capacity: 512M
 Heap Max Capacity: 8172M
 Pre-touch: Disabled
 Parallel Workers: 18
 Concurrent Workers: 5
 Concurrent Refinement Workers: 18
 Periodic GC: Disabled

Heap:
 garbage-first heap   total 774144K, used 238097K [0x0000000601400000, 0x0000000800000000)
  region size 4096K, 3 young (12288K), 2 survivors (8192K)
 Metaspace       used 7667K, committed 7808K, reserved 1114112K
  class space    used 414K, committed 512K, reserved 1048576K

Heap Regions: E=young(eden), S=young(survivor), O=old, HS=humongous(starts), HC=humongous(continues), CS=collection set, F=free, TAMS=top-at-mark-start, PB=parsable bottom
|   0|0x0000000601400000, 0x0000000601800000, 0x0000000601800000|100%|HS|  |TAMS 0x0000000601400000| PB 0x0000000601400000| Complete 
|   1|0x0000000601800000, 0x0000000601c00000, 0x0000000601c00000|100%|HC|  |TAMS 0x0000000601800000| PB 0x0000000601800000| Complete 
|   2|0x0000000601c00000, 0x0000000602000000, 0x0000000602000000|100%|HS|  |TAMS 0x0000000601c00000| PB 0x0000000601c00000| Complete 
|   3|0x0000000602000000, 0x0000000602400000, 0x0000000602400000|100%|HC|  |TAMS 0x0000000602000000| PB 0x0000000602000000| Complete 
|   4|0x0000000602400000, 0x0000000602400000, 0x0000000602800000|  0%| F|  |TAMS 0x0000000602400000| PB 0x0000000602400000| Untracked 
|   5|0x0000000602800000, 0x0000000602800000, 0x0000000602c00000|  0%| F|  |TAMS 0x0000000602800000| PB 0x0000000602800000| Untracked 
|   6|0x0000000602c00000, 0x0000000602c00000, 0x0000000603000000|  0%| F|  |TAMS 0x0000000602c00000| PB 0x0000000602c00000| Untracked 
|   7|0x0000000603000000, 0x0000000603000000, 0x0000000603400000|  0%| F|  |TAMS 0x0000000603000000| PB 0x0000000603000000| Untracked 
|   8|0x0000000603400000, 0x0000000603800000, 0x0000000603800000|100%|HS|  |TAMS 0x0000000603400000| PB 0x0000000603400000| Complete 
|   9|0x0000000603800000, 0x0000000603c00000, 0x0000000603c00000|100%|HS|  |TAMS 0x0000000603800000| PB 0x0000000603800000| Complete 
|  10|0x0000000603c00000, 0x0000000604000000, 0x0000000604000000|100%|HS|  |TAMS 0x0000000603c00000| PB 0x0000000603c00000| Complete 
|  11|0x0000000604000000, 0x0000000604400000, 0x0000000604400000|100%|HC|  |TAMS 0x0000000604000000| PB 0x0000000604000000| Complete 
|  12|0x0000000604400000, 0x0000000604800000, 0x0000000604800000|100%|HS|  |TAMS 0x0000000604400000| PB 0x0000000604400000| Complete 
|  13|0x0000000604800000, 0x0000000604c00000, 0x0000000604c00000|100%|HC|  |TAMS 0x0000000604800000| PB 0x0000000604800000| Complete 
|  14|0x0000000604c00000, 0x0000000605000000, 0x0000000605000000|100%|HS|  |TAMS 0x0000000604c00000| PB 0x0000000604c00000| Complete 
|  15|0x0000000605000000, 0x0000000605400000, 0x0000000605400000|100%|HC|  |TAMS 0x0000000605000000| PB 0x0000000605000000| Complete 
|  16|0x0000000605400000, 0x0000000605800000, 0x0000000605800000|100%|HS|  |TAMS 0x0000000605400000| PB 0x0000000605400000| Complete 
|  17|0x0000000605800000, 0x0000000605c00000, 0x0000000605c00000|100%|HC|  |TAMS 0x0000000605800000| PB 0x0000000605800000| Complete 
|  18|0x0000000605c00000, 0x0000000606000000, 0x0000000606000000|100%| O|  |TAMS 0x0000000605c00000| PB 0x0000000605c00000| Untracked 
|  19|0x0000000606000000, 0x0000000606400000, 0x0000000606400000|100%| O|  |TAMS 0x0000000606000000| PB 0x0000000606000000| Untracked 
|  20|0x0000000606400000, 0x0000000606800000, 0x0000000606800000|100%|HS|  |TAMS 0x0000000606400000| PB 0x0000000606400000| Complete 
|  21|0x0000000606800000, 0x0000000606c00000, 0x0000000606c00000|100%|HS|  |TAMS 0x0000000606800000| PB 0x0000000606800000| Complete 
|  22|0x0000000606c00000, 0x0000000607000000, 0x0000000607000000|100%|HS|  |TAMS 0x0000000606c00000| PB 0x0000000606c00000| Complete 
|  23|0x0000000607000000, 0x0000000607400000, 0x0000000607400000|100%|HC|  |TAMS 0x0000000607000000| PB 0x0000000607000000| Complete 
|  24|0x0000000607400000, 0x0000000607800000, 0x0000000607800000|100%|HS|  |TAMS 0x0000000607400000| PB 0x0000000607400000| Complete 
|  25|0x0000000607800000, 0x0000000607c00000, 0x0000000607c00000|100%|HC|  |TAMS 0x0000000607800000| PB 0x0000000607800000| Complete 
|  26|0x0000000607c00000, 0x0000000608000000, 0x0000000608000000|100%| O|  |TAMS 0x0000000607c00000| PB 0x0000000607c00000| Untracked 
|  27|0x0000000608000000, 0x0000000608400000, 0x0000000608400000|100%| O|  |TAMS 0x0000000608000000| PB 0x0000000608000000| Untracked 
|  28|0x0000000608400000, 0x0000000608800000, 0x0000000608800000|100%|HS|  |TAMS 0x0000000608400000| PB 0x0000000608400000| Complete 
|  29|0x0000000608800000, 0x0000000608c00000, 0x0000000608c00000|100%|HS|  |TAMS 0x0000000608800000| PB 0x0000000608800000| Complete 
|  30|0x0000000608c00000, 0x0000000609000000, 0x0000000609000000|100%|HS|  |TAMS 0x0000000608c00000| PB 0x0000000608c00000| Complete 
|  31|0x0000000609000000, 0x0000000609400000, 0x0000000609400000|100%|HC|  |TAMS 0x0000000609000000| PB 0x0000000609000000| Complete 
|  32|0x0000000609400000, 0x0000000609800000, 0x0000000609800000|100%|HS|  |TAMS 0x0000000609400000| PB 0x0000000609400000| Complete 
|  33|0x0000000609800000, 0x0000000609c00000, 0x0000000609c00000|100%|HC|  |TAMS 0x0000000609800000| PB 0x0000000609800000| Complete 
|  34|0x0000000609c00000, 0x000000060a000000, 0x000000060a000000|100%| O|  |TAMS 0x0000000609c00000| PB 0x0000000609c00000| Untracked 
|  35|0x000000060a000000, 0x000000060a400000, 0x000000060a400000|100%| O|  |TAMS 0x000000060a000000| PB 0x000000060a000000| Untracked 
|  36|0x000000060a400000, 0x000000060a800000, 0x000000060a800000|100%| O|  |TAMS 0x000000060a400000| PB 0x000000060a400000| Untracked 
|  37|0x000000060a800000, 0x000000060ac00000, 0x000000060ac00000|100%| O|  |TAMS 0x000000060a800000| PB 0x000000060a800000| Untracked 
|  38|0x000000060ac00000, 0x000000060b000000, 0x000000060b000000|100%| O|  |TAMS 0x000000060ac00000| PB 0x000000060ac00000| Untracked 
|  39|0x000000060b000000, 0x000000060b400000, 0x000000060b400000|100%| O|  |TAMS 0x000000060b000000| PB 0x000000060b000000| Untracked 
|  40|0x000000060b400000, 0x000000060b800000, 0x000000060b800000|100%| O|  |TAMS 0x000000060b400000| PB 0x000000060b400000| Untracked 
|  41|0x000000060b800000, 0x000000060bc00000, 0x000000060bc00000|100%| O|  |TAMS 0x000000060b800000| PB 0x000000060b800000| Untracked 
|  42|0x000000060bc00000, 0x000000060bc00000, 0x000000060c000000|  0%| F|  |TAMS 0x000000060bc00000| PB 0x000000060bc00000| Untracked 
|  43|0x000000060c000000, 0x000000060c000000, 0x000000060c400000|  0%| F|  |TAMS 0x000000060c000000| PB 0x000000060c000000| Untracked 
|  44|0x000000060c400000, 0x000000060c800000, 0x000000060c800000|100%| O|  |TAMS 0x000000060c400000| PB 0x000000060c400000| Untracked 
|  45|0x000000060c800000, 0x000000060cc00000, 0x000000060cc00000|100%| O|  |TAMS 0x000000060c800000| PB 0x000000060c800000| Untracked 
|  46|0x000000060cc00000, 0x000000060d000000, 0x000000060d000000|100%| O|  |TAMS 0x000000060cc00000| PB 0x000000060cc00000| Untracked 
|  47|0x000000060d000000, 0x000000060d400000, 0x000000060d400000|100%| O|  |TAMS 0x000000060d000000| PB 0x000000060d000000| Untracked 
|  48|0x000000060d400000, 0x000000060d800000, 0x000000060d800000|100%| O|  |TAMS 0x000000060d400000| PB 0x000000060d400000| Untracked 
|  49|0x000000060d800000, 0x000000060d800000, 0x000000060dc00000|  0%| F|  |TAMS 0x000000060d800000| PB 0x000000060d800000| Untracked 
|  50|0x000000060dc00000, 0x000000060dc00000, 0x000000060e000000|  0%| F|  |TAMS 0x000000060dc00000| PB 0x000000060dc00000| Untracked 
|  51|0x000000060e000000, 0x000000060e000000, 0x000000060e400000|  0%| F|  |TAMS 0x000000060e000000| PB 0x000000060e000000| Untracked 
|  52|0x000000060e400000, 0x000000060e800000, 0x000000060e800000|100%| O|  |TAMS 0x000000060e400000| PB 0x000000060e400000| Untracked 
|  53|0x000000060e800000, 0x000000060ea5ea90, 0x000000060ec00000| 59%| O|  |TAMS 0x000000060e800000| PB 0x000000060e800000| Untracked 
|  54|0x000000060ec00000, 0x000000060ec00000, 0x000000060f000000|  0%| F|  |TAMS 0x000000060ec00000| PB 0x000000060ec00000| Untracked 
|  55|0x000000060f000000, 0x000000060f000000, 0x000000060f400000|  0%| F|  |TAMS 0x000000060f000000| PB 0x000000060f000000| Untracked 
|  56|0x000000060f400000, 0x000000060f400000, 0x000000060f800000|  0%| F|  |TAMS 0x000000060f400000| PB 0x000000060f400000| Untracked 
|  57|0x000000060f800000, 0x000000060f800000, 0x000000060fc00000|  0%| F|  |TAMS 0x000000060f800000| PB 0x000000060f800000| Untracked 
|  58|0x000000060fc00000, 0x000000060fc00000, 0x0000000610000000|  0%| F|  |TAMS 0x000000060fc00000| PB 0x000000060fc00000| Untracked 
|  59|0x0000000610000000, 0x0000000610000000, 0x0000000610400000|  0%| F|  |TAMS 0x0000000610000000| PB 0x0000000610000000| Untracked 
|  60|0x0000000610400000, 0x0000000610400000, 0x0000000610800000|  0%| F|  |TAMS 0x0000000610400000| PB 0x0000000610400000| Untracked 
|  61|0x0000000610800000, 0x0000000610800000, 0x0000000610c00000|  0%| F|  |TAMS 0x0000000610800000| PB 0x0000000610800000| Untracked 
|  62|0x0000000610c00000, 0x0000000610c00000, 0x0000000611000000|  0%| F|  |TAMS 0x0000000610c00000| PB 0x0000000610c00000| Untracked 
|  63|0x0000000611000000, 0x0000000611000000, 0x0000000611400000|  0%| F|  |TAMS 0x0000000611000000| PB 0x0000000611000000| Untracked 
|  64|0x0000000611400000, 0x0000000611400000, 0x0000000611800000|  0%| F|  |TAMS 0x0000000611400000| PB 0x0000000611400000| Untracked 
|  65|0x0000000611800000, 0x0000000611800000, 0x0000000611c00000|  0%| F|  |TAMS 0x0000000611800000| PB 0x0000000611800000| Untracked 
|  66|0x0000000611c00000, 0x0000000611c00000, 0x0000000612000000|  0%| F|  |TAMS 0x0000000611c00000| PB 0x0000000611c00000| Untracked 
|  67|0x0000000612000000, 0x0000000612000000, 0x0000000612400000|  0%| F|  |TAMS 0x0000000612000000| PB 0x0000000612000000| Untracked 
|  68|0x0000000612400000, 0x0000000612400000, 0x0000000612800000|  0%| F|  |TAMS 0x0000000612400000| PB 0x0000000612400000| Untracked 
|  69|0x0000000612800000, 0x0000000612800000, 0x0000000612c00000|  0%| F|  |TAMS 0x0000000612800000| PB 0x0000000612800000| Untracked 
|  70|0x0000000612c00000, 0x0000000612c00000, 0x0000000613000000|  0%| F|  |TAMS 0x0000000612c00000| PB 0x0000000612c00000| Untracked 
|  71|0x0000000613000000, 0x0000000613000000, 0x0000000613400000|  0%| F|  |TAMS 0x0000000613000000| PB 0x0000000613000000| Untracked 
|  72|0x0000000613400000, 0x0000000613400000, 0x0000000613800000|  0%| F|  |TAMS 0x0000000613400000| PB 0x0000000613400000| Untracked 
|  73|0x0000000613800000, 0x0000000613800000, 0x0000000613c00000|  0%| F|  |TAMS 0x0000000613800000| PB 0x0000000613800000| Untracked 
|  74|0x0000000613c00000, 0x0000000613c00000, 0x0000000614000000|  0%| F|  |TAMS 0x0000000613c00000| PB 0x0000000613c00000| Untracked 
|  75|0x0000000614000000, 0x0000000614000000, 0x0000000614400000|  0%| F|  |TAMS 0x0000000614000000| PB 0x0000000614000000| Untracked 
|  76|0x0000000614400000, 0x0000000614400000, 0x0000000614800000|  0%| F|  |TAMS 0x0000000614400000| PB 0x0000000614400000| Untracked 
|  77|0x0000000614800000, 0x0000000614800000, 0x0000000614c00000|  0%| F|  |TAMS 0x0000000614800000| PB 0x0000000614800000| Untracked 
|  78|0x0000000614c00000, 0x0000000614c00000, 0x0000000615000000|  0%| F|  |TAMS 0x0000000614c00000| PB 0x0000000614c00000| Untracked 
|  79|0x0000000615000000, 0x0000000615000000, 0x0000000615400000|  0%| F|  |TAMS 0x0000000615000000| PB 0x0000000615000000| Untracked 
|  80|0x0000000615400000, 0x0000000615400000, 0x0000000615800000|  0%| F|  |TAMS 0x0000000615400000| PB 0x0000000615400000| Untracked 
|  81|0x0000000615800000, 0x0000000615800000, 0x0000000615c00000|  0%| F|  |TAMS 0x0000000615800000| PB 0x0000000615800000| Untracked 
|  82|0x0000000615c00000, 0x0000000615c00000, 0x0000000616000000|  0%| F|  |TAMS 0x0000000615c00000| PB 0x0000000615c00000| Untracked 
|  83|0x0000000616000000, 0x0000000616000000, 0x0000000616400000|  0%| F|  |TAMS 0x0000000616000000| PB 0x0000000616000000| Untracked 
|  84|0x0000000616400000, 0x0000000616400000, 0x0000000616800000|  0%| F|  |TAMS 0x0000000616400000| PB 0x0000000616400000| Untracked 
|  85|0x0000000616800000, 0x0000000616800000, 0x0000000616c00000|  0%| F|  |TAMS 0x0000000616800000| PB 0x0000000616800000| Untracked 
|  86|0x0000000616c00000, 0x0000000616c00000, 0x0000000617000000|  0%| F|  |TAMS 0x0000000616c00000| PB 0x0000000616c00000| Untracked 
|  87|0x0000000617000000, 0x0000000617000000, 0x0000000617400000|  0%| F|  |TAMS 0x0000000617000000| PB 0x0000000617000000| Untracked 
|  88|0x0000000617400000, 0x0000000617400000, 0x0000000617800000|  0%| F|  |TAMS 0x0000000617400000| PB 0x0000000617400000| Untracked 
|  89|0x0000000617800000, 0x0000000617800000, 0x0000000617c00000|  0%| F|  |TAMS 0x0000000617800000| PB 0x0000000617800000| Untracked 
|  90|0x0000000617c00000, 0x0000000617c00000, 0x0000000618000000|  0%| F|  |TAMS 0x0000000617c00000| PB 0x0000000617c00000| Untracked 
|  91|0x0000000618000000, 0x0000000618000000, 0x0000000618400000|  0%| F|  |TAMS 0x0000000618000000| PB 0x0000000618000000| Untracked 
|  92|0x0000000618400000, 0x0000000618400000, 0x0000000618800000|  0%| F|  |TAMS 0x0000000618400000| PB 0x0000000618400000| Untracked 
|  93|0x0000000618800000, 0x0000000618800000, 0x0000000618c00000|  0%| F|  |TAMS 0x0000000618800000| PB 0x0000000618800000| Untracked 
|  94|0x0000000618c00000, 0x0000000618c00000, 0x0000000619000000|  0%| F|  |TAMS 0x0000000618c00000| PB 0x0000000618c00000| Untracked 
|  95|0x0000000619000000, 0x0000000619000000, 0x0000000619400000|  0%| F|  |TAMS 0x0000000619000000| PB 0x0000000619000000| Untracked 
|  96|0x0000000619400000, 0x0000000619400000, 0x0000000619800000|  0%| F|  |TAMS 0x0000000619400000| PB 0x0000000619400000| Untracked 
|  97|0x0000000619800000, 0x0000000619800000, 0x0000000619c00000|  0%| F|  |TAMS 0x0000000619800000| PB 0x0000000619800000| Untracked 
|  98|0x0000000619c00000, 0x0000000619c00000, 0x000000061a000000|  0%| F|  |TAMS 0x0000000619c00000| PB 0x0000000619c00000| Untracked 
|  99|0x000000061a000000, 0x000000061a000000, 0x000000061a400000|  0%| F|  |TAMS 0x000000061a000000| PB 0x000000061a000000| Untracked 
| 100|0x000000061a400000, 0x000000061a400000, 0x000000061a800000|  0%| F|  |TAMS 0x000000061a400000| PB 0x000000061a400000| Untracked 
| 101|0x000000061a800000, 0x000000061a800000, 0x000000061ac00000|  0%| F|  |TAMS 0x000000061a800000| PB 0x000000061a800000| Untracked 
| 102|0x000000061ac00000, 0x000000061ac00000, 0x000000061b000000|  0%| F|  |TAMS 0x000000061ac00000| PB 0x000000061ac00000| Untracked 
| 103|0x000000061b000000, 0x000000061b000000, 0x000000061b400000|  0%| F|  |TAMS 0x000000061b000000| PB 0x000000061b000000| Untracked 
| 104|0x000000061b400000, 0x000000061b400000, 0x000000061b800000|  0%| F|  |TAMS 0x000000061b400000| PB 0x000000061b400000| Untracked 
| 105|0x000000061b800000, 0x000000061b800000, 0x000000061bc00000|  0%| F|  |TAMS 0x000000061b800000| PB 0x000000061b800000| Untracked 
| 106|0x000000061bc00000, 0x000000061bc00000, 0x000000061c000000|  0%| F|  |TAMS 0x000000061bc00000| PB 0x000000061bc00000| Untracked 
| 107|0x000000061c000000, 0x000000061c000000, 0x000000061c400000|  0%| F|  |TAMS 0x000000061c000000| PB 0x000000061c000000| Untracked 
| 108|0x000000061c400000, 0x000000061c400000, 0x000000061c800000|  0%| F|  |TAMS 0x000000061c400000| PB 0x000000061c400000| Untracked 
| 109|0x000000061c800000, 0x000000061c800000, 0x000000061cc00000|  0%| F|  |TAMS 0x000000061c800000| PB 0x000000061c800000| Untracked 
| 110|0x000000061cc00000, 0x000000061cc00000, 0x000000061d000000|  0%| F|  |TAMS 0x000000061cc00000| PB 0x000000061cc00000| Untracked 
| 111|0x000000061d000000, 0x000000061d000000, 0x000000061d400000|  0%| F|  |TAMS 0x000000061d000000| PB 0x000000061d000000| Untracked 
| 112|0x000000061d400000, 0x000000061d400000, 0x000000061d800000|  0%| F|  |TAMS 0x000000061d400000| PB 0x000000061d400000| Untracked 
| 113|0x000000061d800000, 0x000000061d800000, 0x000000061dc00000|  0%| F|  |TAMS 0x000000061d800000| PB 0x000000061d800000| Untracked 
| 114|0x000000061dc00000, 0x000000061dc00000, 0x000000061e000000|  0%| F|  |TAMS 0x000000061dc00000| PB 0x000000061dc00000| Untracked 
| 115|0x000000061e000000, 0x000000061e000000, 0x000000061e400000|  0%| F|  |TAMS 0x000000061e000000| PB 0x000000061e000000| Untracked 
| 116|0x000000061e400000, 0x000000061e400000, 0x000000061e800000|  0%| F|  |TAMS 0x000000061e400000| PB 0x000000061e400000| Untracked 
| 117|0x000000061e800000, 0x000000061e800000, 0x000000061ec00000|  0%| F|  |TAMS 0x000000061e800000| PB 0x000000061e800000| Untracked 
| 118|0x000000061ec00000, 0x000000061ec00000, 0x000000061f000000|  0%| F|  |TAMS 0x000000061ec00000| PB 0x000000061ec00000| Untracked 
| 119|0x000000061f000000, 0x000000061f000000, 0x000000061f400000|  0%| F|  |TAMS 0x000000061f000000| PB 0x000000061f000000| Untracked 
| 120|0x000000061f400000, 0x000000061f400000, 0x000000061f800000|  0%| F|  |TAMS 0x000000061f400000| PB 0x000000061f400000| Untracked 
| 121|0x000000061f800000, 0x000000061f800000, 0x000000061fc00000|  0%| F|  |TAMS 0x000000061f800000| PB 0x000000061f800000| Untracked 
| 122|0x000000061fc00000, 0x000000061fc00000, 0x0000000620000000|  0%| F|  |TAMS 0x000000061fc00000| PB 0x000000061fc00000| Untracked 
| 123|0x0000000620000000, 0x0000000620000000, 0x0000000620400000|  0%| F|  |TAMS 0x0000000620000000| PB 0x0000000620000000| Untracked 
| 124|0x0000000620400000, 0x0000000620400000, 0x0000000620800000|  0%| F|  |TAMS 0x0000000620400000| PB 0x0000000620400000| Untracked 
| 125|0x0000000620800000, 0x0000000620a25cc0, 0x0000000620c00000| 53%| S|CS|TAMS 0x0000000620800000| PB 0x0000000620800000| Complete 
| 126|0x0000000620c00000, 0x0000000621000000, 0x0000000621000000|100%| S|CS|TAMS 0x0000000620c00000| PB 0x0000000620c00000| Complete 
| 127|0x0000000621000000, 0x0000000621000000, 0x0000000621400000|  0%| F|  |TAMS 0x0000000621000000| PB 0x0000000621000000| Untracked 
| 128|0x0000000621400000, 0x0000000621400000, 0x0000000621800000|  0%| F|  |TAMS 0x0000000621400000| PB 0x0000000621400000| Untracked 
| 129|0x0000000621800000, 0x0000000621800000, 0x0000000621c00000|  0%| F|  |TAMS 0x0000000621800000| PB 0x0000000621800000| Untracked 
| 130|0x0000000621c00000, 0x0000000621c00000, 0x0000000622000000|  0%| F|  |TAMS 0x0000000621c00000| PB 0x0000000621c00000| Untracked 
| 131|0x0000000622000000, 0x0000000622000000, 0x0000000622400000|  0%| F|  |TAMS 0x0000000622000000| PB 0x0000000622000000| Untracked 
| 132|0x0000000622400000, 0x0000000622400000, 0x0000000622800000|  0%| F|  |TAMS 0x0000000622400000| PB 0x0000000622400000| Untracked 
| 133|0x0000000622800000, 0x0000000622800000, 0x0000000622c00000|  0%| F|  |TAMS 0x0000000622800000| PB 0x0000000622800000| Untracked 
| 134|0x0000000622c00000, 0x0000000622c00000, 0x0000000623000000|  0%| F|  |TAMS 0x0000000622c00000| PB 0x0000000622c00000| Untracked 
| 135|0x0000000623000000, 0x0000000623000000, 0x0000000623400000|  0%| F|  |TAMS 0x0000000623000000| PB 0x0000000623000000| Untracked 
| 136|0x0000000623400000, 0x0000000623400000, 0x0000000623800000|  0%| F|  |TAMS 0x0000000623400000| PB 0x0000000623400000| Untracked 
| 137|0x0000000623800000, 0x0000000623800000, 0x0000000623c00000|  0%| F|  |TAMS 0x0000000623800000| PB 0x0000000623800000| Untracked 
| 138|0x0000000623c00000, 0x0000000623c00000, 0x0000000624000000|  0%| F|  |TAMS 0x0000000623c00000| PB 0x0000000623c00000| Untracked 
| 139|0x0000000624000000, 0x0000000624000000, 0x0000000624400000|  0%| F|  |TAMS 0x0000000624000000| PB 0x0000000624000000| Untracked 
| 140|0x0000000624400000, 0x0000000624400000, 0x0000000624800000|  0%| F|  |TAMS 0x0000000624400000| PB 0x0000000624400000| Untracked 
| 141|0x0000000624800000, 0x0000000624800000, 0x0000000624c00000|  0%| F|  |TAMS 0x0000000624800000| PB 0x0000000624800000| Untracked 
| 142|0x0000000624c00000, 0x0000000624c00000, 0x0000000625000000|  0%| F|  |TAMS 0x0000000624c00000| PB 0x0000000624c00000| Untracked 
| 143|0x0000000625000000, 0x0000000625000000, 0x0000000625400000|  0%| F|  |TAMS 0x0000000625000000| PB 0x0000000625000000| Untracked 
| 144|0x0000000625400000, 0x0000000625400000, 0x0000000625800000|  0%| F|  |TAMS 0x0000000625400000| PB 0x0000000625400000| Untracked 
| 145|0x0000000625800000, 0x0000000625800000, 0x0000000625c00000|  0%| F|  |TAMS 0x0000000625800000| PB 0x0000000625800000| Untracked 
| 146|0x0000000625c00000, 0x0000000625c00000, 0x0000000626000000|  0%| F|  |TAMS 0x0000000625c00000| PB 0x0000000625c00000| Untracked 
| 147|0x0000000626000000, 0x0000000626000000, 0x0000000626400000|  0%| F|  |TAMS 0x0000000626000000| PB 0x0000000626000000| Untracked 
| 148|0x0000000626400000, 0x0000000626400000, 0x0000000626800000|  0%| F|  |TAMS 0x0000000626400000| PB 0x0000000626400000| Untracked 
| 149|0x0000000626800000, 0x0000000626800000, 0x0000000626c00000|  0%| F|  |TAMS 0x0000000626800000| PB 0x0000000626800000| Untracked 
| 150|0x0000000626c00000, 0x0000000626c00000, 0x0000000627000000|  0%| F|  |TAMS 0x0000000626c00000| PB 0x0000000626c00000| Untracked 
| 151|0x0000000627000000, 0x0000000627000000, 0x0000000627400000|  0%| F|  |TAMS 0x0000000627000000| PB 0x0000000627000000| Untracked 
| 152|0x0000000627400000, 0x0000000627400000, 0x0000000627800000|  0%| F|  |TAMS 0x0000000627400000| PB 0x0000000627400000| Untracked 
| 153|0x0000000627800000, 0x0000000627800000, 0x0000000627c00000|  0%| F|  |TAMS 0x0000000627800000| PB 0x0000000627800000| Untracked 
| 154|0x0000000627c00000, 0x0000000627c00000, 0x0000000628000000|  0%| F|  |TAMS 0x0000000627c00000| PB 0x0000000627c00000| Untracked 
| 155|0x0000000628000000, 0x0000000628000000, 0x0000000628400000|  0%| F|  |TAMS 0x0000000628000000| PB 0x0000000628000000| Untracked 
| 156|0x0000000628400000, 0x0000000628400000, 0x0000000628800000|  0%| F|  |TAMS 0x0000000628400000| PB 0x0000000628400000| Untracked 
| 157|0x0000000628800000, 0x0000000628800000, 0x0000000628c00000|  0%| F|  |TAMS 0x0000000628800000| PB 0x0000000628800000| Untracked 
| 158|0x0000000628c00000, 0x0000000628c00000, 0x0000000629000000|  0%| F|  |TAMS 0x0000000628c00000| PB 0x0000000628c00000| Untracked 
| 159|0x0000000629000000, 0x0000000629000000, 0x0000000629400000|  0%| F|  |TAMS 0x0000000629000000| PB 0x0000000629000000| Untracked 
| 160|0x0000000629400000, 0x0000000629400000, 0x0000000629800000|  0%| F|  |TAMS 0x0000000629400000| PB 0x0000000629400000| Untracked 
| 161|0x0000000629800000, 0x0000000629800000, 0x0000000629c00000|  0%| F|  |TAMS 0x0000000629800000| PB 0x0000000629800000| Untracked 
| 162|0x0000000629c00000, 0x0000000629c00000, 0x000000062a000000|  0%| F|  |TAMS 0x0000000629c00000| PB 0x0000000629c00000| Untracked 
| 163|0x000000062a000000, 0x000000062a000000, 0x000000062a400000|  0%| F|  |TAMS 0x000000062a000000| PB 0x000000062a000000| Untracked 
| 164|0x000000062a400000, 0x000000062a400000, 0x000000062a800000|  0%| F|  |TAMS 0x000000062a400000| PB 0x000000062a400000| Untracked 
| 165|0x000000062a800000, 0x000000062a800000, 0x000000062ac00000|  0%| F|  |TAMS 0x000000062a800000| PB 0x000000062a800000| Untracked 
| 166|0x000000062ac00000, 0x000000062ac00000, 0x000000062b000000|  0%| F|  |TAMS 0x000000062ac00000| PB 0x000000062ac00000| Untracked 
| 167|0x000000062b000000, 0x000000062b000000, 0x000000062b400000|  0%| F|  |TAMS 0x000000062b000000| PB 0x000000062b000000| Untracked 
| 168|0x000000062b400000, 0x000000062b400000, 0x000000062b800000|  0%| F|  |TAMS 0x000000062b400000| PB 0x000000062b400000| Untracked 
| 169|0x000000062b800000, 0x000000062b800000, 0x000000062bc00000|  0%| F|  |TAMS 0x000000062b800000| PB 0x000000062b800000| Untracked 
| 170|0x000000062bc00000, 0x000000062bc00000, 0x000000062c000000|  0%| F|  |TAMS 0x000000062bc00000| PB 0x000000062bc00000| Untracked 
| 171|0x000000062c000000, 0x000000062c000000, 0x000000062c400000|  0%| F|  |TAMS 0x000000062c000000| PB 0x000000062c000000| Untracked 
| 172|0x000000062c400000, 0x000000062c400000, 0x000000062c800000|  0%| F|  |TAMS 0x000000062c400000| PB 0x000000062c400000| Untracked 
| 173|0x000000062c800000, 0x000000062c800000, 0x000000062cc00000|  0%| F|  |TAMS 0x000000062c800000| PB 0x000000062c800000| Untracked 
| 174|0x000000062cc00000, 0x000000062cc00000, 0x000000062d000000|  0%| F|  |TAMS 0x000000062cc00000| PB 0x000000062cc00000| Untracked 
| 175|0x000000062d000000, 0x000000062d000000, 0x000000062d400000|  0%| F|  |TAMS 0x000000062d000000| PB 0x000000062d000000| Untracked 
| 176|0x000000062d400000, 0x000000062d656528, 0x000000062d800000| 58%| E|  |TAMS 0x000000062d400000| PB 0x000000062d400000| Complete 
|2031|0x00000007fd000000, 0x00000007fd400000, 0x00000007fd400000|100%| O|  |TAMS 0x00000007fd000000| PB 0x00000007fd000000| Untracked 
|2032|0x00000007fd400000, 0x00000007fd800000, 0x00000007fd800000|100%| O|  |TAMS 0x00000007fd400000| PB 0x00000007fd400000| Untracked 
|2033|0x00000007fd800000, 0x00000007fdc00000, 0x00000007fdc00000|100%| O|  |TAMS 0x00000007fd800000| PB 0x00000007fd800000| Untracked 
|2034|0x00000007fdc00000, 0x00000007fe000000, 0x00000007fe000000|100%| O|  |TAMS 0x00000007fdc00000| PB 0x00000007fdc00000| Untracked 
|2035|0x00000007fe000000, 0x00000007fe400000, 0x00000007fe400000|100%| O|  |TAMS 0x00000007fe000000| PB 0x00000007fe000000| Untracked 
|2036|0x00000007fe400000, 0x00000007fe800000, 0x00000007fe800000|100%| O|  |TAMS 0x00000007fe400000| PB 0x00000007fe400000| Untracked 
|2037|0x00000007fe800000, 0x00000007fec00000, 0x00000007fec00000|100%| O|  |TAMS 0x00000007fe800000| PB 0x00000007fe800000| Untracked 
|2038|0x00000007fec00000, 0x00000007ff000000, 0x00000007ff000000|100%| O|  |TAMS 0x00000007fec00000| PB 0x00000007fec00000| Untracked 
|2039|0x00000007ff000000, 0x00000007ff400000, 0x00000007ff400000|100%| O|  |TAMS 0x00000007ff000000| PB 0x00000007ff000000| Untracked 
|2040|0x00000007ff400000, 0x00000007ff800000, 0x00000007ff800000|100%| O|  |TAMS 0x00000007ff400000| PB 0x00000007ff400000| Untracked 
|2041|0x00000007ff800000, 0x00000007ffc00000, 0x00000007ffc00000|100%| O|  |TAMS 0x00000007ff800000| PB 0x00000007ff800000| Untracked 
|2042|0x00000007ffc00000, 0x0000000800000000, 0x0000000800000000|100%| O|  |TAMS 0x00000007ffc00000| PB 0x00000007ffc00000| Untracked 

Card table byte_map: [0x0000023d71ba0000,0x0000023d72ba0000] _byte_map_base: 0x0000023d6eb96000

Marking Bits: (CMBitMap*) 0x0000023d56aa6740
 Bits: [0x0000023d72ba0000, 0x0000023d7ab50000)

Polling page: 0x0000023d566d0000

Metaspace:

Usage:
  Non-class:      7.08 MB used.
      Class:    414.16 KB used.
       Both:      7.49 MB used.

Virtual space:
  Non-class space:       64.00 MB reserved,       7.12 MB ( 11%) committed,  1 nodes.
      Class space:        1.00 GB reserved,     512.00 KB ( <1%) committed,  1 nodes.
             Both:        1.06 GB reserved,       7.62 MB ( <1%) committed. 

Chunk freelists:
   Non-Class:  6.88 MB
       Class:  15.45 MB
        Both:  22.33 MB

MaxMetaspaceSize: unlimited
CompressedClassSpaceSize: 1.00 GB
Initial GC threshold: 21.00 MB
Current GC threshold: 21.00 MB
CDS: on
 - commit_granule_bytes: 65536.
 - commit_granule_words: 8192.
 - virtual_space_node_default_size: 8388608.
 - enlarge_chunks_in_place: 1.
 - use_allocation_guard: 0.


Internal statistics:

num_allocs_failed_limit: 0.
num_arena_births: 70.
num_arena_deaths: 0.
num_vsnodes_births: 2.
num_vsnodes_deaths: 0.
num_space_committed: 120.
num_space_uncommitted: 0.
num_chunks_returned_to_freelist: 0.
num_chunks_taken_from_freelist: 285.
num_chunk_merges: 0.
num_chunk_splits: 210.
num_chunks_enlarged: 167.
num_inconsistent_stats: 0.

CodeHeap 'non-profiled nmethods': size=119168Kb used=1249Kb max_used=1249Kb free=117918Kb
 bounds [0x0000023d68240000, 0x0000023d684b0000, 0x0000023d6f6a0000]
CodeHeap 'profiled nmethods': size=119104Kb used=2931Kb max_used=2931Kb free=116172Kb
 bounds [0x0000023d606a0000, 0x0000023d60980000, 0x0000023d67af0000]
CodeHeap 'non-nmethods': size=7488Kb used=3946Kb max_used=3960Kb free=3541Kb
 bounds [0x0000023d67af0000, 0x0000023d67ee0000, 0x0000023d68240000]
 total_blobs=2687 nmethods=1486 adapters=1103
 compilation: enabled
              stopped_count=0, restarted_count=0
 full_count=0

Compilation events (20 events):
Event: 1.856 Thread 0x0000023d7e31c680 nmethod 1476 0x0000023d60976d90 code [0x0000023d60976f60, 0x0000023d609773b0]
Event: 1.882 Thread 0x0000023d4b9fe4a0 1477       3       jdk.internal.misc.Unsafe::getAndAddLong (27 bytes)
Event: 1.882 Thread 0x0000023d7e31c680 1479       3       jdk.internal.misc.Unsafe::weakCompareAndSetLong (11 bytes)
Event: 1.882 Thread 0x0000023d7e31c680 nmethod 1479 0x0000023d60977690 code [0x0000023d60977820, 0x0000023d60977948]
Event: 1.882 Thread 0x0000023d4b9fe4a0 nmethod 1477 0x0000023d60977a10 code [0x0000023d60977bc0, 0x0000023d60977e00]
Event: 1.883 Thread 0x0000023d4bf3f2d0 nmethod 1471 0x0000023d68373090 code [0x0000023d68373440, 0x0000023d68375650]
Event: 1.888 Thread 0x0000023d4b9fe4a0 1480       3       java.util.zip.ZipFile::getZipEntry (322 bytes)
Event: 1.890 Thread 0x0000023d4b9fe4a0 nmethod 1480 0x0000023d60977f10 code [0x0000023d60978480, 0x0000023d6097b540]
Event: 1.900 Thread 0x0000023d4bf3f2d0 1481       4       java.util.zip.ZipFile::ensureOpen (40 bytes)
Event: 1.901 Thread 0x0000023d4bf3f2d0 nmethod 1481 0x0000023d68376b90 code [0x0000023d68376d20, 0x0000023d68376e00]
Event: 1.915 Thread 0x0000023d4bda3590 1482       4       java.lang.String::<init> (99 bytes)
Event: 1.917 Thread 0x0000023d4bda3590 nmethod 1482 0x0000023d68376f10 code [0x0000023d683770c0, 0x0000023d68377670]
Event: 1.920 Thread 0x0000023d4b9fe4a0 1484       3       java.lang.StringCoding::countPositives (33 bytes)
Event: 1.920 Thread 0x0000023d4b9fe4a0 nmethod 1484 0x0000023d6097c790 code [0x0000023d6097c940, 0x0000023d6097cb68]
Event: 1.922 Thread 0x0000023d4b9fe4a0 1485       1       org.lwjgl.system.MemoryStack::getPointer (5 bytes)
Event: 1.922 Thread 0x0000023d4b9fe4a0 nmethod 1485 0x0000023d68377d10 code [0x0000023d68377ea0, 0x0000023d68377f68]
Event: 1.922 Thread 0x0000023d4bda3590 1486       4       sun.misc.Unsafe::getLong (9 bytes)
Event: 1.922 Thread 0x0000023d4bf3f2d0 1487       4       sun.misc.Unsafe::putInt (11 bytes)
Event: 1.922 Thread 0x0000023d4bda3590 nmethod 1486 0x0000023d68378010 code [0x0000023d683781a0, 0x0000023d68378250]
Event: 1.923 Thread 0x0000023d4bf3f2d0 nmethod 1487 0x0000023d68378310 code [0x0000023d683784a0, 0x0000023d68378548]

GC Heap History (12 events):
Event: 0.720 GC heap before
{Heap before GC invocations=0 (full 0):
 garbage-first heap   total 524288K, used 24576K [0x0000000601400000, 0x0000000800000000)
  region size 4096K, 6 young (24576K), 0 survivors (0K)
 Metaspace       used 5307K, committed 5504K, reserved 1114112K
  class space    used 317K, committed 448K, reserved 1048576K
}
Event: 0.724 GC heap after
{Heap after GC invocations=1 (full 0):
 garbage-first heap   total 524288K, used 2746K [0x0000000601400000, 0x0000000800000000)
  region size 4096K, 1 young (4096K), 1 survivors (4096K)
 Metaspace       used 5307K, committed 5504K, reserved 1114112K
  class space    used 317K, committed 448K, reserved 1048576K
}
Event: 0.774 GC heap before
{Heap before GC invocations=1 (full 0):
 garbage-first heap   total 524288K, used 39610K [0x0000000601400000, 0x0000000800000000)
  region size 4096K, 10 young (40960K), 1 survivors (4096K)
 Metaspace       used 5334K, committed 5568K, reserved 1114112K
  class space    used 317K, committed 448K, reserved 1048576K
}
Event: 0.776 GC heap after
{Heap after GC invocations=2 (full 0):
 garbage-first heap   total 524288K, used 3541K [0x0000000601400000, 0x0000000800000000)
  region size 4096K, 1 young (4096K), 1 survivors (4096K)
 Metaspace       used 5334K, committed 5568K, reserved 1114112K
  class space    used 317K, committed 448K, reserved 1048576K
}
Event: 0.954 GC heap before
{Heap before GC invocations=2 (full 0):
 garbage-first heap   total 524288K, used 310741K [0x0000000601400000, 0x0000000800000000)
  region size 4096K, 76 young (311296K), 1 survivors (4096K)
 Metaspace       used 5410K, committed 5632K, reserved 1114112K
  class space    used 319K, committed 448K, reserved 1048576K
}
Event: 0.957 GC heap after
{Heap after GC invocations=3 (full 0):
 garbage-first heap   total 524288K, used 10961K [0x0000000601400000, 0x0000000800000000)
  region size 4096K, 3 young (12288K), 3 survivors (12288K)
 Metaspace       used 5410K, committed 5632K, reserved 1114112K
  class space    used 319K, committed 448K, reserved 1048576K
}
Event: 1.295 GC heap before
{Heap before GC invocations=3 (full 0):
 garbage-first heap   total 524288K, used 367313K [0x0000000601400000, 0x0000000800000000)
  region size 4096K, 76 young (311296K), 3 survivors (12288K)
 Metaspace       used 5750K, committed 5952K, reserved 1114112K
  class space    used 346K, committed 448K, reserved 1048576K
}
Event: 1.302 GC heap after
{Heap after GC invocations=4 (full 0):
 garbage-first heap   total 524288K, used 70368K [0x0000000601400000, 0x0000000800000000)
  region size 4096K, 8 young (32768K), 8 survivors (32768K)
 Metaspace       used 5750K, committed 5952K, reserved 1114112K
  class space    used 346K, committed 448K, reserved 1048576K
}
Event: 1.779 GC heap before
{Heap before GC invocations=4 (full 0):
 garbage-first heap   total 524288K, used 443104K [0x0000000601400000, 0x0000000800000000)
  region size 4096K, 76 young (311296K), 8 survivors (32768K)
 Metaspace       used 5833K, committed 6016K, reserved 1114112K
  class space    used 352K, committed 448K, reserved 1048576K
}
Event: 1.815 GC heap after
{Heap after GC invocations=5 (full 0):
 garbage-first heap   total 573440K, used 226828K [0x0000000601400000, 0x0000000800000000)
  region size 4096K, 10 young (40960K), 10 survivors (40960K)
 Metaspace       used 5833K, committed 6016K, reserved 1114112K
  class space    used 352K, committed 448K, reserved 1048576K
}
Event: 1.861 GC heap before
{Heap before GC invocations=5 (full 0):
 garbage-first heap   total 573440K, used 247308K [0x0000000601400000, 0x0000000800000000)
  region size 4096K, 11 young (45056K), 10 survivors (40960K)
 Metaspace       used 6336K, committed 6528K, reserved 1114112K
  class space    used 371K, committed 448K, reserved 1048576K
}
Event: 1.882 GC heap after
{Heap after GC invocations=6 (full 0):
 garbage-first heap   total 774144K, used 238097K [0x0000000601400000, 0x0000000800000000)
  region size 4096K, 2 young (8192K), 2 survivors (8192K)
 Metaspace       used 6336K, committed 6528K, reserved 1114112K
  class space    used 371K, committed 448K, reserved 1048576K
}

Dll operation events (10 events):
Event: 0.007 Loaded shared library C:\Program Files\Eclipse Adoptium\jdk-21.0.3.9-hotspot\bin\java.dll
Event: 0.026 Loaded shared library C:\Program Files\Eclipse Adoptium\jdk-21.0.3.9-hotspot\bin\jsvml.dll
Event: 0.059 Loaded shared library C:\Program Files\Eclipse Adoptium\jdk-21.0.3.9-hotspot\bin\net.dll
Event: 0.062 Loaded shared library C:\Program Files\Eclipse Adoptium\jdk-21.0.3.9-hotspot\bin\nio.dll
Event: 0.066 Loaded shared library C:\Program Files\Eclipse Adoptium\jdk-21.0.3.9-hotspot\bin\zip.dll
Event: 0.106 Loaded shared library C:\Program Files\Eclipse Adoptium\jdk-21.0.3.9-hotspot\bin\jimage.dll
Event: 0.123 Loaded shared library C:\Users\mirek\AppData\Local\Temp\lwjgl_mirek\3.3.6+1\x64\lwjgl.dll
Event: 0.414 Loaded shared library C:\Users\mirek\AppData\Local\Temp\lwjgl_mirek\3.3.6+1\x64\lwjgl_opengl.dll
Event: 0.615 Loaded shared library C:\Program Files\Eclipse Adoptium\jdk-21.0.3.9-hotspot\bin\verify.dll
Event: 0.682 Loaded shared library C:\Users\mirek\AppData\Local\Temp\lwjgl_mirek\3.3.6+1\x64\lwjgl_stb.dll

Deoptimization events (20 events):
Event: 1.756 Thread 0x0000023d569ff940 DEOPT PACKING pc=0x0000023d6836f280 sp=0x000000579d2ff090
Event: 1.756 Thread 0x0000023d569ff940 DEOPT UNPACKING pc=0x0000023d67b446a2 sp=0x000000579d2ff028 mode 2
Event: 1.818 Thread 0x0000023d569ff940 DEOPT PACKING pc=0x0000023d6096edcc sp=0x000000579d2feff0
Event: 1.818 Thread 0x0000023d569ff940 DEOPT UNPACKING pc=0x0000023d67b44e42 sp=0x000000579d2fe548 mode 0
Event: 1.820 Thread 0x0000023d569ff940 Uncommon trap: trap_request=0xffffff45 fr.pc=0x0000023d68371a80 relative=0x00000000000001c0
Event: 1.820 Thread 0x0000023d569ff940 Uncommon trap: reason=unstable_if action=reinterpret pc=0x0000023d68371a80 method=engine.render.NormalBuffer.build(Lobj/Entity;)V @ 128 c2
Event: 1.820 Thread 0x0000023d569ff940 DEOPT PACKING pc=0x0000023d68371a80 sp=0x000000579d2ff090
Event: 1.820 Thread 0x0000023d569ff940 DEOPT UNPACKING pc=0x0000023d67b446a2 sp=0x000000579d2ff048 mode 2
Event: 1.838 Thread 0x0000023d569ff940 DEOPT PACKING pc=0x0000023d6097529b sp=0x000000579d2fee50
Event: 1.838 Thread 0x0000023d569ff940 DEOPT UNPACKING pc=0x0000023d67b44e42 sp=0x000000579d2fe358 mode 0
Event: 1.838 Thread 0x0000023d569ff940 DEOPT PACKING pc=0x0000023d608f461b sp=0x000000579d2ff1b0
Event: 1.838 Thread 0x0000023d569ff940 DEOPT UNPACKING pc=0x0000023d67b44e42 sp=0x000000579d2fe728 mode 0
Event: 1.841 Thread 0x0000023d569ff940 Uncommon trap: trap_request=0xffffff45 fr.pc=0x0000023d68245b4c relative=0x000000000000012c
Event: 1.841 Thread 0x0000023d569ff940 Uncommon trap: reason=unstable_if action=reinterpret pc=0x0000023d68245b4c method=java.lang.StringCoding.countPositives([BII)I @ 17 c2
Event: 1.841 Thread 0x0000023d569ff940 DEOPT PACKING pc=0x0000023d68245b4c sp=0x000000579d2fef90
Event: 1.841 Thread 0x0000023d569ff940 DEOPT UNPACKING pc=0x0000023d67b446a2 sp=0x000000579d2fef30 mode 2
Event: 1.923 Thread 0x0000023d569ff940 Uncommon trap: trap_request=0xffffff54 fr.pc=0x0000023d6837820c relative=0x000000000000006c
Event: 1.923 Thread 0x0000023d569ff940 Uncommon trap: reason=speculate_null_assert action=make_not_entrant pc=0x0000023d6837820c method=sun.misc.Unsafe.getLong(Ljava/lang/Object;J)J @ 5 c2
Event: 1.923 Thread 0x0000023d569ff940 DEOPT PACKING pc=0x0000023d6837820c sp=0x000000579d2ff160
Event: 1.923 Thread 0x0000023d569ff940 DEOPT UNPACKING pc=0x0000023d67b446a2 sp=0x000000579d2ff0e8 mode 2

Classes loaded (20 events):
Event: 0.703 Loading class jdk/internal/math/FDBigInteger
Event: 0.703 Loading class jdk/internal/math/FDBigInteger done
Event: 0.974 Loading class jdk/internal/module/ModulePatcher$PatchedModuleReader
Event: 0.974 Loading class jdk/internal/module/ModulePatcher$PatchedModuleReader done
Event: 0.974 Loading class sun/net/www/protocol/jrt/Handler
Event: 0.975 Loading class sun/net/www/protocol/jrt/Handler done
Event: 0.978 Loading class sun/util/resources/LocaleData$CommonResourceBundleProvider
Event: 0.978 Loading class sun/util/resources/LocaleData$LocaleDataResourceBundleProvider
Event: 0.978 Loading class java/util/spi/ResourceBundleProvider
Event: 0.978 Loading class java/util/spi/ResourceBundleProvider done
Event: 0.978 Loading class sun/util/resources/LocaleData$LocaleDataResourceBundleProvider done
Event: 0.978 Loading class sun/util/resources/LocaleData$CommonResourceBundleProvider done
Event: 0.979 Loading class sun/util/resources/Bundles$2
Event: 0.979 Loading class sun/util/resources/Bundles$2 done
Event: 0.984 Loading class java/lang/NumberFormatException
Event: 0.984 Loading class java/lang/NumberFormatException done
Event: 1.887 Loading class java/lang/SecurityException
Event: 1.887 Loading class java/lang/SecurityException done
Event: 1.922 Loading class java/nio/HeapFloatBuffer
Event: 1.922 Loading class java/nio/HeapFloatBuffer done

Classes unloaded (0 events):
No events

Classes redefined (0 events):
No events

Internal exceptions (20 events):
Event: 0.166 Thread 0x0000023d569ff940 Exception <a 'java/lang/NoSuchMethodError'{0x0000000620d5d718}: 'int java.lang.invoke.DirectMethodHandle$Holder.invokeStaticInit(java.lang.Object, java.lang.Object, int, long)'> (0x0000000620d5d718) 
thrown [s\src\hotspot\share\interpreter\linkResolver.cpp, line 773]
Event: 0.167 Thread 0x0000023d569ff940 Exception <a 'java/lang/NoSuchMethodError'{0x0000000620d62740}: 'java.lang.Object java.lang.invoke.DirectMethodHandle$Holder.newInvokeSpecial(java.lang.Object, java.lang.Object, int)'> (0x0000000620d62740) 
thrown [s\src\hotspot\share\interpreter\linkResolver.cpp, line 773]
Event: 0.169 Thread 0x0000023d569ff940 Exception <a 'java/lang/NoSuchMethodError'{0x0000000620d70f48}: 'int java.lang.invoke.DirectMethodHandle$Holder.invokeStaticInit(java.lang.Object, java.lang.Object, long, long)'> (0x0000000620d70f48) 
thrown [s\src\hotspot\share\interpreter\linkResolver.cpp, line 773]
Event: 0.169 Thread 0x0000023d569ff940 Exception <a 'java/lang/NoSuchMethodError'{0x0000000620d767b0}: 'java.lang.Object java.lang.invoke.DirectMethodHandle$Holder.newInvokeSpecial(java.lang.Object, java.lang.Object, long)'> (0x0000000620d767b0) 
thrown [s\src\hotspot\share\interpreter\linkResolver.cpp, line 773]
Event: 0.169 Thread 0x0000023d569ff940 Exception <a 'java/lang/NoSuchMethodError'{0x0000000620d7a850}: 'java.lang.Object java.lang.invoke.Invokers$Holder.linkToTargetMethod(java.lang.Object, long, java.lang.Object)'> (0x0000000620d7a850) 
thrown [s\src\hotspot\share\interpreter\linkResolver.cpp, line 773]
Event: 0.170 Thread 0x0000023d569ff940 Exception <a 'java/lang/NoSuchMethodError'{0x0000000620d818d8}: 'int java.lang.invoke.DirectMethodHandle$Holder.invokeStaticInit(java.lang.Object, java.lang.Object, java.lang.Object, long)'> (0x0000000620d818d8) 
thrown [s\src\hotspot\share\interpreter\linkResolver.cpp, line 773]
Event: 0.185 Thread 0x0000023d569ff940 Exception <a 'sun/nio/fs/WindowsException'{0x0000000620e2d850}> (0x0000000620e2d850) 
thrown [s\src\hotspot\share\prims\jni.cpp, line 520]
Event: 0.185 Thread 0x0000023d569ff940 Exception <a 'sun/nio/fs/WindowsException'{0x0000000620e2dbb0}> (0x0000000620e2dbb0) 
thrown [s\src\hotspot\share\prims\jni.cpp, line 520]
Event: 0.190 Thread 0x0000023d569ff940 Exception <a 'java/lang/NoSuchMethodError'{0x0000000620e444e0}: 'int java.lang.invoke.Invokers$Holder.invokeExact_MT(java.lang.Object, java.lang.Object)'> (0x0000000620e444e0) 
thrown [s\src\hotspot\share\interpreter\linkResolver.cpp, line 773]
Event: 0.409 Thread 0x0000023d569ff940 Exception <a 'java/lang/NoSuchMethodError'{0x0000000620ead108}: 'void java.lang.System.load(java.lang.String, java.lang.Class)'> (0x0000000620ead108) 
thrown [s\src\hotspot\share\interpreter\linkResolver.cpp, line 773]
Event: 0.409 Thread 0x0000023d569ff940 Exception <a 'java/lang/NoSuchMethodError'{0x0000000620eafaa8}: 'void java.lang.System.loadLibrary(java.lang.String, java.lang.Class)'> (0x0000000620eafaa8) 
thrown [s\src\hotspot\share\interpreter\linkResolver.cpp, line 773]
Event: 0.412 Thread 0x0000023d569ff940 Exception <a 'sun/nio/fs/WindowsException'{0x0000000620ebec58}> (0x0000000620ebec58) 
thrown [s\src\hotspot\share\prims\jni.cpp, line 520]
Event: 0.412 Thread 0x0000023d569ff940 Exception <a 'sun/nio/fs/WindowsException'{0x0000000620ebeff8}> (0x0000000620ebeff8) 
thrown [s\src\hotspot\share\prims\jni.cpp, line 520]
Event: 0.416 Thread 0x0000023d569ff940 Exception <a 'sun/nio/fs/WindowsException'{0x0000000620ec94e0}> (0x0000000620ec94e0) 
thrown [s\src\hotspot\share\prims\jni.cpp, line 520]
Event: 0.416 Thread 0x0000023d569ff940 Exception <a 'sun/nio/fs/WindowsException'{0x0000000620ec97b0}> (0x0000000620ec97b0) 
thrown [s\src\hotspot\share\prims\jni.cpp, line 520]
Event: 0.675 Thread 0x0000023d569ff940 Exception <a 'java/lang/NoSuchMethodError'{0x0000000620520d20}: 'void java.lang.System.load(java.lang.String, java.lang.Class)'> (0x0000000620520d20) 
thrown [s\src\hotspot\share\interpreter\linkResolver.cpp, line 773]
Event: 0.676 Thread 0x0000023d569ff940 Exception <a 'java/lang/NoSuchMethodError'{0x00000006205236c0}: 'void java.lang.System.loadLibrary(java.lang.String, java.lang.Class)'> (0x00000006205236c0) 
thrown [s\src\hotspot\share\interpreter\linkResolver.cpp, line 773]
Event: 0.680 Thread 0x0000023d569ff940 Exception <a 'sun/nio/fs/WindowsException'{0x0000000620532420}> (0x0000000620532420) 
thrown [s\src\hotspot\share\prims\jni.cpp, line 520]
Event: 0.680 Thread 0x0000023d569ff940 Exception <a 'sun/nio/fs/WindowsException'{0x00000006205327a0}> (0x00000006205327a0) 
thrown [s\src\hotspot\share\prims\jni.cpp, line 520]
Event: 1.923 Thread 0x0000023d569ff940 Implicit null exception at 0x0000023d6826c5dd to 0x0000000000000000

ZGC Phase Switch (0 events):
No events

VM Operations (20 events):
Event: 0.067 Executing VM operation: HandshakeAllThreads (Deoptimize)
Event: 0.067 Executing VM operation: HandshakeAllThreads (Deoptimize) done
Event: 0.719 Executing VM operation: G1CollectForAllocation (G1 Evacuation Pause)
Event: 0.724 Executing VM operation: G1CollectForAllocation (G1 Evacuation Pause) done
Event: 0.774 Executing VM operation: G1CollectForAllocation (G1 Evacuation Pause)
Event: 0.776 Executing VM operation: G1CollectForAllocation (G1 Evacuation Pause) done
Event: 0.954 Executing VM operation: G1CollectForAllocation (G1 Evacuation Pause)
Event: 0.957 Executing VM operation: G1CollectForAllocation (G1 Evacuation Pause) done
Event: 0.973 Executing VM operation: HandshakeAllThreads (Deoptimize)
Event: 0.973 Executing VM operation: HandshakeAllThreads (Deoptimize) done
Event: 1.164 Executing VM operation: HandshakeAllThreads (Deoptimize)
Event: 1.164 Executing VM operation: HandshakeAllThreads (Deoptimize) done
Event: 1.295 Executing VM operation: G1CollectForAllocation (G1 Evacuation Pause)
Event: 1.302 Executing VM operation: G1CollectForAllocation (G1 Evacuation Pause) done
Event: 1.779 Executing VM operation: G1CollectForAllocation (G1 Evacuation Pause)
Event: 1.815 Executing VM operation: G1CollectForAllocation (G1 Evacuation Pause) done
Event: 1.861 Executing VM operation: G1CollectForAllocation (G1 Evacuation Pause)
Event: 1.882 Executing VM operation: G1CollectForAllocation (G1 Evacuation Pause) done
Event: 1.923 Executing VM operation: HandshakeAllThreads (Deoptimize)
Event: 1.923 Executing VM operation: HandshakeAllThreads (Deoptimize) done

Events (20 events):
Event: 0.025 Thread 0x0000023d7e23d330 Thread added: 0x0000023d7e23d330
Event: 0.028 Thread 0x0000023d7e31c680 Thread added: 0x0000023d7e31c680
Event: 0.049 Thread 0x0000023d7e22cdb0 Thread added: 0x0000023d7e22cdb0
Event: 0.052 Thread 0x0000023d7e22dad0 Thread added: 0x0000023d7e22dad0
Event: 0.162 Thread 0x0000023d7e8b8770 Thread added: 0x0000023d7e8b8770
Event: 0.407 Thread 0x0000023d7e8b8770 Thread exited: 0x0000023d7e8b8770
Event: 0.415 Thread 0x0000023d4b9fddf0 Thread added: 0x0000023d4b9fddf0
Event: 0.415 Thread 0x0000023d4b9fe4a0 Thread added: 0x0000023d4b9fe4a0
Event: 0.692 Thread 0x0000023d4bda3590 Thread added: 0x0000023d4bda3590
Event: 0.695 Thread 0x0000023d4bf3f2d0 Thread added: 0x0000023d4bf3f2d0
Event: 0.698 Thread 0x0000023d4bd9deb0 Thread added: 0x0000023d4bd9deb0
Event: 0.699 Thread 0x0000023d4bd99430 Thread added: 0x0000023d4bd99430
Event: 0.700 Thread 0x0000023d4bda7c50 Thread added: 0x0000023d4bda7c50
Event: 0.704 Thread 0x0000023d4bf78010 Thread added: 0x0000023d4bf78010
Event: 0.705 Thread 0x0000023d4bf786c0 Thread added: 0x0000023d4bf786c0
Event: 1.585 Thread 0x0000023d4bf786c0 Thread exited: 0x0000023d4bf786c0
Event: 1.585 Thread 0x0000023d4bf78010 Thread exited: 0x0000023d4bf78010
Event: 1.586 Thread 0x0000023d4bda7c50 Thread exited: 0x0000023d4bda7c50
Event: 1.586 Thread 0x0000023d4bd99430 Thread exited: 0x0000023d4bd99430
Event: 1.920 Thread 0x0000023d4bd9deb0 Thread exited: 0x0000023d4bd9deb0


Dynamic libraries:
0x00007ff60d2f0000 - 0x00007ff60d2fe000 	C:\Program Files\Eclipse Adoptium\jdk-21.0.3.9-hotspot\bin\java.exe
0x00007ffd58c80000 - 0x00007ffd58ee8000 	C:\WINDOWS\SYSTEM32\ntdll.dll
0x00007ffd58710000 - 0x00007ffd587d9000 	C:\WINDOWS\System32\KERNEL32.DLL
0x00007ffd55dd0000 - 0x00007ffd561bd000 	C:\WINDOWS\System32\KERNELBASE.dll
0x00007ffd56790000 - 0x00007ffd568db000 	C:\WINDOWS\System32\ucrtbase.dll
0x00007ffd30b80000 - 0x00007ffd30b98000 	C:\Program Files\Eclipse Adoptium\jdk-21.0.3.9-hotspot\bin\jli.dll
0x00007ffd30b60000 - 0x00007ffd30b7b000 	C:\Program Files\Eclipse Adoptium\jdk-21.0.3.9-hotspot\bin\VCRUNTIME140.dll
0x00007ffd56a20000 - 0x00007ffd56bec000 	C:\WINDOWS\System32\USER32.dll
0x00007ffd565e0000 - 0x00007ffd56607000 	C:\WINDOWS\System32\win32u.dll
0x00007ffd576d0000 - 0x00007ffd576fb000 	C:\WINDOWS\System32\GDI32.dll
0x00007ffd43350000 - 0x00007ffd435ea000 	C:\WINDOWS\WinSxS\amd64_microsoft.windows.common-controls_6595b64144ccf1df_6.0.26100.4484_none_3e0e6d4ce32ef3b3\COMCTL32.dll
0x00007ffd568e0000 - 0x00007ffd56a17000 	C:\WINDOWS\System32\gdi32full.dll
0x00007ffd57dd0000 - 0x00007ffd57e79000 	C:\WINDOWS\System32\msvcrt.dll
0x00007ffd562f0000 - 0x00007ffd56393000 	C:\WINDOWS\System32\msvcp_win.dll
0x00007ffd58c00000 - 0x00007ffd58c2f000 	C:\WINDOWS\System32\IMM32.DLL
0x00007ffd2f3e0000 - 0x00007ffd2f3ec000 	C:\Program Files\Eclipse Adoptium\jdk-21.0.3.9-hotspot\bin\vcruntime140_1.dll
0x00007ffceca10000 - 0x00007ffceca9e000 	C:\Program Files\Eclipse Adoptium\jdk-21.0.3.9-hotspot\bin\msvcp140.dll
0x00007ffc750a0000 - 0x00007ffc75e22000 	C:\Program Files\Eclipse Adoptium\jdk-21.0.3.9-hotspot\bin\server\jvm.dll
0x00007ffd57f00000 - 0x00007ffd57fb4000 	C:\WINDOWS\System32\ADVAPI32.dll
0x00007ffd58940000 - 0x00007ffd589e6000 	C:\WINDOWS\System32\sechost.dll
0x00007ffd57700000 - 0x00007ffd57818000 	C:\WINDOWS\System32\RPCRT4.dll
0x00007ffd57e80000 - 0x00007ffd57ef4000 	C:\WINDOWS\System32\WS2_32.dll
0x00007ffd55b70000 - 0x00007ffd55bce000 	C:\WINDOWS\SYSTEM32\POWRPROF.dll
0x00007ffd4af50000 - 0x00007ffd4af85000 	C:\WINDOWS\SYSTEM32\WINMM.dll
0x00007ffd4d850000 - 0x00007ffd4d85b000 	C:\WINDOWS\SYSTEM32\VERSION.dll
0x00007ffd55a60000 - 0x00007ffd55a74000 	C:\WINDOWS\SYSTEM32\UMPDC.dll
0x00007ffd54b70000 - 0x00007ffd54b8b000 	C:\WINDOWS\SYSTEM32\kernel.appcore.dll
0x00007ffd2f370000 - 0x00007ffd2f37a000 	C:\Program Files\Eclipse Adoptium\jdk-21.0.3.9-hotspot\bin\jimage.dll
0x00007ffd48850000 - 0x00007ffd48a91000 	C:\WINDOWS\SYSTEM32\DBGHELP.DLL
0x00007ffd57a30000 - 0x00007ffd57db6000 	C:\WINDOWS\System32\combase.dll
0x00007ffd58b10000 - 0x00007ffd58bf0000 	C:\WINDOWS\System32\OLEAUT32.dll
0x00007ffd31830000 - 0x00007ffd31873000 	C:\WINDOWS\SYSTEM32\dbgcore.DLL
0x00007ffd56250000 - 0x00007ffd562e9000 	C:\WINDOWS\System32\bcryptPrimitives.dll
0x00007ffd2ef40000 - 0x00007ffd2ef5f000 	C:\Program Files\Eclipse Adoptium\jdk-21.0.3.9-hotspot\bin\java.dll
0x00007ffd57fc0000 - 0x00007ffd5870a000 	C:\WINDOWS\System32\SHELL32.dll
0x00007ffd56610000 - 0x00007ffd56784000 	C:\WINDOWS\System32\wintypes.dll
0x00007ffd53a50000 - 0x00007ffd542ab000 	C:\WINDOWS\SYSTEM32\windows.storage.dll
0x00007ffd57390000 - 0x00007ffd57485000 	C:\WINDOWS\System32\SHCORE.dll
0x00007ffd58aa0000 - 0x00007ffd58b0a000 	C:\WINDOWS\System32\shlwapi.dll
0x00007ffd55ce0000 - 0x00007ffd55d0f000 	C:\WINDOWS\SYSTEM32\profapi.dll
0x00007ffce96d0000 - 0x00007ffce97a7000 	C:\Program Files\Eclipse Adoptium\jdk-21.0.3.9-hotspot\bin\jsvml.dll
0x00007ffd2f360000 - 0x00007ffd2f370000 	C:\Program Files\Eclipse Adoptium\jdk-21.0.3.9-hotspot\bin\net.dll
0x00007ffd4f790000 - 0x00007ffd4f8ae000 	C:\WINDOWS\SYSTEM32\WINHTTP.dll
0x00007ffd55100000 - 0x00007ffd5516a000 	C:\WINDOWS\system32\mswsock.dll
0x00007ffd2ed50000 - 0x00007ffd2ed66000 	C:\Program Files\Eclipse Adoptium\jdk-21.0.3.9-hotspot\bin\nio.dll
0x00007ffd2ebe0000 - 0x00007ffd2ebf8000 	C:\Program Files\Eclipse Adoptium\jdk-21.0.3.9-hotspot\bin\zip.dll
0x00007ffceb490000 - 0x00007ffceb50e000 	C:\Users\mirek\AppData\Local\Temp\lwjgl_mirek\3.3.6+1\x64\lwjgl.dll
0x00007ffcead70000 - 0x00007ffceadf9000 	C:\Users\mirek\AppData\Local\Temp\lwjgl_mirek\3.3.6+1\x64\glfw.dll
0x00007ffd21c40000 - 0x00007ffd21c8b000 	C:\WINDOWS\SYSTEM32\dinput8.dll
0x00007ffd2cb50000 - 0x00007ffd2cb62000 	C:\WINDOWS\SYSTEM32\xinput1_4.dll
0x00007ffd55940000 - 0x00007ffd55997000 	C:\WINDOWS\SYSTEM32\cfgmgr32.dll
0x00007ffd55910000 - 0x00007ffd5593d000 	C:\WINDOWS\SYSTEM32\DEVOBJ.dll
0x00007ffd535b0000 - 0x00007ffd535e6000 	C:\WINDOWS\SYSTEM32\dwmapi.dll
0x00007ffd33fa0000 - 0x00007ffd34183000 	C:\WINDOWS\SYSTEM32\inputhost.dll
0x00007ffd51430000 - 0x00007ffd51555000 	C:\WINDOWS\SYSTEM32\CoreMessaging.dll
0x00007ffd52fd0000 - 0x00007ffd5307f000 	C:\WINDOWS\system32\uxtheme.dll
0x00007ffd553d0000 - 0x00007ffd553dc000 	C:\WINDOWS\SYSTEM32\CRYPTBASE.DLL
0x00007ffd57890000 - 0x00007ffd579f0000 	C:\WINDOWS\System32\MSCTF.dll
0x00007ffcbfe70000 - 0x00007ffcbff88000 	C:\WINDOWS\SYSTEM32\opengl32.dll
0x00007ffcbfe40000 - 0x00007ffcbfe6d000 	C:\WINDOWS\SYSTEM32\GLU32.dll
0x00007ffd53180000 - 0x00007ffd531cd000 	C:\WINDOWS\SYSTEM32\dxcore.dll
0x00007ffd46360000 - 0x00007ffd4637a000 	C:\WINDOWS\SYSTEM32\windows.staterepositorycore.dll
0x00007ffcbd4f0000 - 0x00007ffcbfe34000 	C:\WINDOWS\System32\DriverStore\FileRepository\nv_dispi.inf_amd64_fe5f369669db2f36\nvoglv64.dll
0x00007ffd56f00000 - 0x00007ffd57386000 	C:\WINDOWS\System32\SETUPAPI.dll
0x00007ffd57520000 - 0x00007ffd576be000 	C:\WINDOWS\System32\ole32.dll
0x00007ffd51e70000 - 0x00007ffd51e86000 	C:\WINDOWS\SYSTEM32\WTSAPI32.dll
0x00007ffd554e0000 - 0x00007ffd554f3000 	C:\WINDOWS\SYSTEM32\msasn1.dll
0x00007ffd4d810000 - 0x00007ffd4d84b000 	C:\WINDOWS\SYSTEM32\cryptnet.dll
0x00007ffd563a0000 - 0x00007ffd56517000 	C:\WINDOWS\System32\CRYPT32.dll
0x00007ffd55470000 - 0x00007ffd554db000 	C:\WINDOWS\SYSTEM32\wldp.dll
0x00007ffd4d4c0000 - 0x00007ffd4d63c000 	C:\WINDOWS\SYSTEM32\drvstore.dll
0x00007ffd561c0000 - 0x00007ffd56244000 	C:\WINDOWS\System32\WINTRUST.dll
0x00007ffd54ca0000 - 0x00007ffd54cd6000 	C:\WINDOWS\SYSTEM32\ntmarta.dll
0x00007ffd57a00000 - 0x00007ffd57a20000 	C:\WINDOWS\System32\imagehlp.dll
0x00007ffd553b0000 - 0x00007ffd553cb000 	C:\WINDOWS\SYSTEM32\CRYPTSP.dll
0x00007ffd54ad0000 - 0x00007ffd54b0b000 	C:\WINDOWS\system32\rsaenh.dll
0x00007ffd55cb0000 - 0x00007ffd55cd6000 	C:\WINDOWS\SYSTEM32\bcrypt.dll
0x00007ffd3a7a0000 - 0x00007ffd3e532000 	C:\WINDOWS\System32\DriverStore\FileRepository\nv_dispi.inf_amd64_fe5f369669db2f36\nvgpucomp64.dll
0x00007ffd237e0000 - 0x00007ffd23af4000 	C:\WINDOWS\system32\nvspcap64.dll
0x00007ffd559d0000 - 0x00007ffd55a37000 	C:\WINDOWS\SYSTEM32\WINSTA.dll
0x00007ffd33da0000 - 0x00007ffd33ef0000 	C:\WINDOWS\SYSTEM32\textinputframework.dll
0x00007ffd3fc90000 - 0x00007ffd3ff73000 	C:\WINDOWS\SYSTEM32\CoreUIComponents.dll
0x00007ffceb840000 - 0x00007ffceb89d000 	C:\Users\mirek\AppData\Local\Temp\lwjgl_mirek\3.3.6+1\x64\lwjgl_opengl.dll
0x00007ffd2ed80000 - 0x00007ffd2ed90000 	C:\Program Files\Eclipse Adoptium\jdk-21.0.3.9-hotspot\bin\verify.dll
0x00007ffce8a70000 - 0x00007ffce8b09000 	C:\Users\mirek\AppData\Local\Temp\lwjgl_mirek\3.3.6+1\x64\lwjgl_stb.dll

dbghelp: loaded successfully - version: 4.0.5 - missing functions: none
symbol engine: initialized successfully - sym options: 0x614 - pdb path: .;C:\Program Files\Eclipse Adoptium\jdk-21.0.3.9-hotspot\bin;C:\WINDOWS\SYSTEM32;C:\WINDOWS\WinSxS\amd64_microsoft.windows.common-controls_6595b64144ccf1df_6.0.26100.4484_none_3e0e6d4ce32ef3b3;C:\Program Files\Eclipse Adoptium\jdk-21.0.3.9-hotspot\bin\server;C:\Users\mirek\AppData\Local\Temp\lwjgl_mirek\3.3.6+1\x64;C:\WINDOWS\System32\DriverStore\FileRepository\nv_dispi.inf_amd64_fe5f369669db2f36

VM Arguments:
jvm_args: -XX:+ShowCodeDetailsInExceptionMessages 
java_command: engine.Main
java_class_path (initial): \Mian-engine-v1\build\resources\main;C:\Users\mirek\Desktop\Programming Stuff\OpenGL\Mian Engine\Mian-engine-v1\build\classes\java\main;C:\Users\mirek\.gradle\caches\modules-2\files-2.1\org.lwjgl\lwjgl\3.3.6\ce7721d30cfaf47feaed10213e0c43eb55c49d68\lwjgl-3.3.6.jar;C:\Users\mirek\.gradle\caches\modules-2\files-2.1\com.github.stephengold\stack-alloc\1.0.2\13cbb10c01ec09d0f5879f988946a97998175dfc\stack-alloc-1.0.2.jar;C:\Users\mirek\.gradle\caches\modules-2\files-2.1\javax.vecmath\vecmath\1.5.2\fd17bc3e67f909573dfc039d8e2abecf407c4e27\vecmath-1.5.2.jar;C:\Users\mirek\.gradle\caches\modules-2\files-2.1\org.lwjgl\lwjgl\3.3.6\9a29b6a22fc5184604b8cb434ee5d5ecc4bfcbee\lwjgl-3.3.6-natives-windows.jar;C:\Users\mirek\.gradle\caches\modules-2\files-2.1\org.lwjgl\lwjgl-opengl\3.3.6\ac2532612a4df374e9a9282bcf8ce2573018ebbb\lwjgl-opengl-3.3.6.jar;C:\Users\mirek\.gradle\caches\modules-2\files-2.1\org.joml\joml\1.10.5\22566d58af70ad3d72308bab63b8339906deb649\joml-1.10.5.jar;C:\Users\mirek\.gradle\caches\modules-2\files-2.1\org.lwjgl\lwjgl-stb\3.3.6\334cf885b39e2db9070c39e70e65efb136435f10\lwjgl-stb-3.3.6-natives-windows.jar;C:\Users\mirek\.gradle\caches\modules-2\files-2.1\org.lwjgl\lwjgl-glfw\3.3.6\99ef08056feb9627f90425a4d2a22cd9fae8e39b\lwjgl-glfw-3.3.6-natives-windows.jar;C:\Users\mirek\.gradle\caches\modules-2\files-2.1\org.lwjgl\lwjgl-opengl\3.3.6\18dc639ebc94aa5202c2157f7490d28997b697c5\lwjgl-opengl-3.3.6-natives-windows.jar;C:\Users\mirek\.gradle\caches\modules-2\files-2.1\com.github.stephengold\jbullet\1.0.3\362f53e8aa981037c2523ac24eb4d9b190a49036\jbullet-1.0.3.jar;C:\Users\mirek\.gradle\caches\modules-2\files-2.1\org.lwjgl\lwjgl-glfw\3.3.6\7119f7d0eeb1e5502ff0ca71d2b4d47317da015\lwjgl-glfw-3.3.6.jar;C:\Users\mirek\.gradle\caches\modules-2\files-2.1\org.lwjgl\lwjgl-stb\3.3.6\e2d3739dcfe7b672b626ded66d94f6587083306e\lwjgl-stb-3.3.6.jar
Launcher Type: SUN_STANDARD

[Global flags]
     intx CICompilerCount                          = 12                                        {product} {ergonomic}
     uint ConcGCThreads                            = 5                                         {product} {ergonomic}
     uint G1ConcRefinementThreads                  = 18                                        {product} {ergonomic}
   size_t G1HeapRegionSize                         = 4194304                                   {product} {ergonomic}
    uintx GCDrainStackTargetSize                   = 64                                        {product} {ergonomic}
   size_t InitialHeapSize                          = 536870912                                 {product} {ergonomic}
   size_t MarkStackSize                            = 4194304                                   {product} {ergonomic}
   size_t MaxHeapSize                              = 8568963072                                {product} {ergonomic}
   size_t MaxNewSize                               = 5138022400                                {product} {ergonomic}
   size_t MinHeapDeltaBytes                        = 4194304                                   {product} {ergonomic}
   size_t MinHeapSize                              = 8388608                                   {product} {ergonomic}
    uintx NonNMethodCodeHeapSize                   = 7602480                                {pd product} {ergonomic}
    uintx NonProfiledCodeHeapSize                  = 122027880                              {pd product} {ergonomic}
    uintx ProfiledCodeHeapSize                     = 122027880                              {pd product} {ergonomic}
    uintx ReservedCodeCacheSize                    = 251658240                              {pd product} {ergonomic}
     bool SegmentedCodeCache                       = true                                      {product} {ergonomic}
     bool ShowCodeDetailsInExceptionMessages       = true                                   {manageable} {command line}
   size_t SoftMaxHeapSize                          = 8568963072                             {manageable} {ergonomic}
     bool UseCompressedOops                        = true                           {product lp64_product} {ergonomic}
     bool UseG1GC                                  = true                                      {product} {ergonomic}
     bool UseLargePagesIndividualAllocation        = false                                  {pd product} {ergonomic}

Logging:
Log output configuration:
 #0: stdout all=warning uptime,level,tags foldmultilines=false
 #1: stderr all=off uptime,level,tags foldmultilines=false

Environment Variables:
JAVA_HOME=C:\Users\mirek\.jdks\corretto-1.8.0_442
PATH=;C:\Program Files\Common Files\Oracle\Java\javapath;C:\Program Files (x86)\Common Files\Oracle\Java\java8path;C:\Program Files (x86)\Common Files\Oracle\Java\javapath;C:\Program Files\Microsoft MPI\Bin\;C:\Program Files\Eclipse Adoptium\jdk-21.0.3.9-hotspot\bin;C:\Python312\Scripts\;C:\Python312\;C:\Program Files (x86)\Razer Chroma SDK\bin;C:\Program Files\Razer Chroma SDK\bin;C:\Program Files (x86)\Razer\ChromaBroadcast\bin;C:\Program Files\Razer\ChromaBroadcast\bin;C:\Program Files\Eclipse Adoptium\jdk-17.0.10.7-hotspot\bin;C:\Windows\system32;C:\Windows;C:\Windows\System32\Wbem;C:\Windows\System32\WindowsPowerShell\v1.0\;C:\Windows\System32\OpenSSH\;C:\Program Files\dotnet\;C:\Windows\system32\config\systemprofile\AppData\Local\Microsoft\WindowsApps;C:\Users\mirek\AppData\Local\Microsoft\WindowsApps;D:\Microsoft VS Code\bin;D:\IntelliJ IDEA Community Edition 2023.3.6\bin;C:\Users\mirek\.dotnet\tools;C:\Program Files\nodejs\;C:\ProgramData\chocolatey\bin;C:\Program Files\Git\cmd;C:\Program Files\Microsoft SQL Server\150\Tools\Binn\;C:\Program Files\Microsoft SQL Server\Client SDK\ODBC\170\Tools\Binn\;C:\msys64\mingw64\bin;;C:\WINDOWS\system32;C:\WINDOWS;C:\WINDOWS\System32\Wbem;C:\WINDOWS\System32\WindowsPowerShell\v1.0\;C:\WINDOWS\System32\OpenSSH\;C:\Program Files\NVIDIA Corporation\NVIDIA App\NvDLISR;C:\Program Files (x86)\NVIDIA Corporation\PhysX\Common;C:\Users\mirek\.cargo\bin;C:\Users\mirek\AppData\Local\Programs\Python\Python311\Scripts\;C:\Users\mirek\AppData\Local\Programs\Python\Python311\;C:\Users\mirek\AppData\Local\Microsoft\WindowsApps;D:\Microsoft VS Code\bin;D:\IntelliJ IDEA Community Edition 2023.3.6\bin;;C:\Users\mirek\.dotnet\tools;C:\Users\mirek\AppData\Roaming\npm;C:\Users\mirek\AppData\Local\Muse Hub\lib;C:\msys64\mingw64\bin;C:\ffmpeg\bin;C:\Gradle\gradle-8.12-all\gradle-8.12\bin;C:\Program Files (x86)\Atmel\Flip 3.4.7\bin;C:\Program Files (x86)\Nmap;C:\maven\bin;C:\Users\mirek\AppData\Local\Microsoft\WinGet\Packages\Microsoft.devtunnel_Microsoft.Winget.Source_8wekyb3d8bbwe;C:\Program Files\NVIDIA GPU Computing Toolkit\CUDA\v11.8\bin;C:\Program Files\NVIDIA GPU Computing Toolkit\CUDA\v11.8\lib\x64;
USERNAME=mirek
LANG=en_US.UTF-8
OS=Windows_NT
PROCESSOR_IDENTIFIER=AMD64 Family 25 Model 33 Stepping 2, AuthenticAMD
TMP=C:\Users\mirek\AppData\Local\Temp
TEMP=C:\Users\mirek\AppData\Local\Temp




Periodic native trim disabled

---------------  S Y S T E M  ---------------

OS:
 Windows 11 , 64 bit Build 26100 (10.0.26100.4484)
OS uptime: 0 days 13:11 hours

CPU: total 24 (initial active 24) (24 cores per cpu, 2 threads per core) family 25 model 33 stepping 2 microcode 0xa201213, cx8, cmov, fxsr, ht, mmx, 3dnowpref, sse, sse2, sse3, ssse3, sse4a, sse4.1, sse4.2, popcnt, lzcnt, tsc, tscinvbit, avx, avx2, aes, erms, clmul, bmi1, bmi2, adx, sha, fma, vzeroupper, clflush, clflushopt, rdtscp, rdpid, fsrm, f16c, pku, cet_ss
Processor Information for all 24 processors :
  Max Mhz: 3701, Current Mhz: 3701, Mhz Limit: 3701

Memory: 4k page, system-wide physical 32681M (14760M free)
TotalPageFile size 43945M (AvailPageFile size 16494M)
current process WorkingSet (physical memory assigned to process): 724M, peak: 733M
current process commit charge ("private bytes"): 1129M, peak: 1141M

vm_info: OpenJDK 64-Bit Server VM (21.0.3+9-LTS) for windows-amd64 JRE (21.0.3+9-LTS), built on 2024-04-16T00:00:00Z by "admin" with MS VC++ 17.7 (VS2022)

END.
