#
# A fatal error has been detected by the Java Runtime Environment:
#
#  EXCEPTION_ACCESS_VIOLATION (0xc0000005) at pc=0x000001a8c84a702f, pid=33524, tid=35096
#
# JRE version: Java(TM) SE Runtime Environment (17.0.11+7) (build 17.0.11+7-LTS-207)
# Java VM: Java HotSpot(TM) 64-Bit Server VM (17.0.11+7-LTS-207, mixed mode, sharing, tiered, compressed oops, compressed class ptrs, g1 gc, windows-amd64)
# Problematic frame:
# J 1407 c2 sun.misc.Unsafe.putLong(Ljava/lang/Object;JJ)V jdk.unsupported@17.0.11 (11 bytes) @ 0x000001a8c84a702f [0x000001a8c84a7000+0x000000000000002f]
#
# No core dump will be written. Minidumps are not enabled by default on client versions of Windows
#
# If you would like to submit a bug report, please visit:
#   https://bugreport.java.com/bugreport/crash.jsp
#

---------------  S U M M A R Y ------------

Command Line: -Dfile.encoding=UTF-8 -Duser.country=DE -Duser.language=de -Duser.variant engine.Main

Host: AMD Ryzen 9 5900X 12-Core Processor            , 24 cores, 31G,  Windows 11 , 64 bit Build 26100 (10.0.26100.4484)
Time: Mon Aug 25 00:03:07 2025 Mitteleuropäische Sommerzeit elapsed time: 1.602933 seconds (0d 0h 0m 1s)

---------------  T H R E A D  ---------------

Current thread (0x000001a8b8f662a0):  JavaThread "main" [_thread_in_Java, id=35096, stack(0x0000007592f00000,0x0000007593000000)]

Stack: [0x0000007592f00000,0x0000007593000000],  sp=0x0000007592fff3c0,  free space=1020k
Native frames: (J=compiled Java code, j=interpreted, Vv=VM code, C=native code)
C  0x000001a8c84a702f


siginfo: EXCEPTION_ACCESS_VIOLATION (0xc0000005), writing address 0x0000000000000010


Registers:
RAX=0x000001a928156000, RBX=0x000001a928156000, RCX=0x000000060ecda9d8, RDX=0x000000060ecda9d8
RSP=0x0000007592fff3c0, RBP=0x0000007592fff468, RSI=0x00000000000001c0, RDI=0x0000000041200000
R8 =0x0000000000000000, R9 =0x0000000000000010, R10=0x0000000000000000, R11=0x000001a8c84a7020
R12=0x0000000000000000, R13=0x0000007592fff3f0, R14=0x0000007592fff490, R15=0x000001a8b8f662a0
RIP=0x000001a8c84a702f, EFLAGS=0x0000000000010206


Register to memory mapping:

RIP=0x000001a8c84a702f is at entry_point+47 in (nmethod*)0x000001a8c84a6e90
Compiled method (c2)    1610 1407       4       sun.misc.Unsafe::putLong (11 bytes)
 total in heap  [0x000001a8c84a6e90,0x000001a8c84a70a8] = 536
 relocation     [0x000001a8c84a6fe8,0x000001a8c84a6ff8] = 16
 main code      [0x000001a8c84a7000,0x000001a8c84a7060] = 96
 stub code      [0x000001a8c84a7060,0x000001a8c84a7078] = 24
 scopes data    [0x000001a8c84a7078,0x000001a8c84a7080] = 8
 scopes pcs     [0x000001a8c84a7080,0x000001a8c84a70a0] = 32
 dependencies   [0x000001a8c84a70a0,0x000001a8c84a70a8] = 8
RAX={method} {0x000001a928156008} 'putLong' '(Ljava/lang/Object;JJ)V' in 'sun/misc/Unsafe'
RBX={method} {0x000001a928156008} 'putLong' '(Ljava/lang/Object;JJ)V' in 'sun/misc/Unsafe'
RCX=0x000000060ecda9d8 is an oop: sun.misc.Unsafe 
{0x000000060ecda9d8} - klass: 'sun/misc/Unsafe'
 - ---- fields (total size 2 words):
RDX=0x000000060ecda9d8 is an oop: sun.misc.Unsafe 
{0x000000060ecda9d8} - klass: 'sun/misc/Unsafe'
 - ---- fields (total size 2 words):
RSP=0x0000007592fff3c0 is pointing into the stack for thread: 0x000001a8b8f662a0
RBP=0x0000007592fff468 is pointing into the stack for thread: 0x000001a8b8f662a0
RSI=0x00000000000001c0 is an unknown value
RDI=0x0000000041200000 is an unknown value
R8 =0x0 is NULL
R9 =0x0000000000000010 is an unknown value
R10=0x0 is NULL
R11=0x000001a8c84a7020 is at entry_point+32 in (nmethod*)0x000001a8c84a6e90
Compiled method (c2)    1622 1407       4       sun.misc.Unsafe::putLong (11 bytes)
 total in heap  [0x000001a8c84a6e90,0x000001a8c84a70a8] = 536
 relocation     [0x000001a8c84a6fe8,0x000001a8c84a6ff8] = 16
 main code      [0x000001a8c84a7000,0x000001a8c84a7060] = 96
 stub code      [0x000001a8c84a7060,0x000001a8c84a7078] = 24
 scopes data    [0x000001a8c84a7078,0x000001a8c84a7080] = 8
 scopes pcs     [0x000001a8c84a7080,0x000001a8c84a70a0] = 32
 dependencies   [0x000001a8c84a70a0,0x000001a8c84a70a8] = 8
R12=0x0 is NULL
R13=0x0000007592fff3f0 is pointing into the stack for thread: 0x000001a8b8f662a0
R14=0x0000007592fff490 is pointing into the stack for thread: 0x000001a8b8f662a0
R15=0x000001a8b8f662a0 is a thread


Top of Stack: (sp=0x0000007592fff3c0)
0x0000007592fff3c0:   0000007592fff468 000001a8c7c795ef
0x0000007592fff3d0:   0000007592fff468 000001a8c7c79520
0x0000007592fff3e0:   000000000000000c 000001a8c7c79520
0x0000007592fff3f0:   0000000041200000 0000000000000000
0x0000007592fff400:   0000000000000010 0000000000000000
0x0000007592fff410:   0000000000000000 000000060ecda9d8
0x0000007592fff420:   0000007592fff420 000001a9287e78a9
0x0000007592fff430:   0000007592fff490 000001a9287faca0
0x0000007592fff440:   0000000000000000 000000061264dbc0
0x0000007592fff450:   000001a9287e78e8 0000007592fff3f0
0x0000007592fff460:   0000007592fff480 0000007592fff4e0
0x0000007592fff470:   000001a8c7c79520 0000000000000000
0x0000007592fff480:   0000000000000010 0000000000000000
0x0000007592fff490:   000000061200d1b8 0000007592fff498
0x0000007592fff4a0:   000001a9287edbd4 0000007592fff508
0x0000007592fff4b0:   000001a9287faca0 0000000000000000 

Instructions: (pc=0x000001a8c84a702f)
0x000001a8c84a6f2f:   00 80 70 4a c8 a8 01 00 00 80 70 4a c8 a8 01 00
0x000001a8c84a6f3f:   00 00 00 00 00 00 00 00 00 00 00 00 00 00 00 00
0x000001a8c84a6f4f:   00 ff ff ff ff 00 00 00 00 00 00 00 00 00 00 00
0x000001a8c84a6f5f:   00 00 00 00 00 00 00 00 00 00 70 4a c8 a8 01 00
0x000001a8c84a6f6f:   00 20 70 4a c8 a8 01 00 00 00 70 4a c8 a8 01 00
0x000001a8c84a6f7f:   00 d0 01 00 00 ff ff ff ff 70 01 00 00 d0 01 00
0x000001a8c84a6f8f:   00 e8 01 00 00 e8 01 00 00 00 00 00 00 f0 01 00
0x000001a8c84a6f9f:   00 10 02 00 00 18 02 00 00 18 02 00 00 18 02 00
0x000001a8c84a6faf:   00 18 02 00 00 18 02 00 00 18 02 00 00 00 00 00
0x000001a8c84a6fbf:   00 7f 05 00 00 04 00 00 00 00 00 00 00 02 00 00
0x000001a8c84a6fcf:   00 00 00 00 00 00 00 00 00 e0 01 00 00 02 00 00
0x000001a8c84a6fdf:   00 ff ff ff ff ff ff ff ff 14 60 24 b0 0e f0 0e
0x000001a8c84a6fef:   80 11 64 09 00 00 64 0f 64 00 00 00 00 00 00 00
0x000001a8c84a6fff:   00 44 8b 52 08 49 bb 00 00 00 e7 a8 01 00 00 4d
0x000001a8c84a700f:   03 d3 49 3b c2 0f 85 66 5a 81 ff 66 90 0f 1f 40
0x000001a8c84a701f:   00 48 81 ec 18 00 00 00 48 89 6c 24 10 4d 8b d0
0x000001a8c84a702f:   4b 89 3c 0a 48 83 c4 10 5d 49 3b a7 48 03 00 00
0x000001a8c84a703f:   0f 87 01 00 00 00 c3 49 ba 38 70 4a c8 a8 01 00
0x000001a8c84a704f:   00 4d 89 97 60 03 00 00 e9 a4 c3 81 ff f4 f4 f4
0x000001a8c84a705f:   f4 e9 1b cc 8b ff e8 00 00 00 00 48 83 2c 24 05
0x000001a8c84a706f:   e9 2c b6 81 ff f4 f4 f4 f4 ff 00 00 00 00 00 00
0x000001a8c84a707f:   00 ff ff ff ff 00 00 00 00 00 00 00 00 00 00 00
0x000001a8c84a708f:   00 79 00 00 00 00 00 00 00 00 00 00 00 00 00 00
0x000001a8c84a709f:   00 00 00 00 00 00 00 00 00 00 00 00 00 00 00 00
0x000001a8c84a70af:   00 00 00 00 00 00 00 00 00 00 00 00 00 00 00 00
0x000001a8c84a70bf:   00 00 00 00 00 00 00 00 00 00 00 00 00 00 00 00
0x000001a8c84a70cf:   00 00 00 00 00 00 00 00 00 00 00 00 00 00 00 00
0x000001a8c84a70df:   00 00 00 00 00 00 00 00 00 00 00 00 00 00 00 00
0x000001a8c84a70ef:   00 00 00 00 00 00 00 00 00 00 00 00 00 00 00 00
0x000001a8c84a70ff:   00 00 00 00 00 00 00 00 00 00 00 00 00 00 00 00
0x000001a8c84a710f:   00 00 00 00 00 00 00 00 00 00 00 00 00 00 00 00
0x000001a8c84a711f:   00 00 00 00 00 00 00 00 00 00 00 00 00 00 00 00 


Stack slot to memory mapping:
stack at sp + 0 slots: 0x0000007592fff468 is pointing into the stack for thread: 0x000001a8b8f662a0
stack at sp + 1 slots: 0x000001a8c7c795ef is at code_begin+1359 in an Interpreter codelet
return entry points  [0x000001a8c7c790a0, 0x000001a8c7c79c00]  2912 bytes
stack at sp + 2 slots: 0x0000007592fff468 is pointing into the stack for thread: 0x000001a8b8f662a0
stack at sp + 3 slots: 0x000001a8c7c79520 is at code_begin+1152 in an Interpreter codelet
return entry points  [0x000001a8c7c790a0, 0x000001a8c7c79c00]  2912 bytes
stack at sp + 4 slots: 0x000000000000000c is an unknown value
stack at sp + 5 slots: 0x000001a8c7c79520 is at code_begin+1152 in an Interpreter codelet
return entry points  [0x000001a8c7c790a0, 0x000001a8c7c79c00]  2912 bytes
stack at sp + 6 slots: 0x0000000041200000 is an unknown value
stack at sp + 7 slots: 0x0 is NULL


Compiled method (c2)    1636 1407       4       sun.misc.Unsafe::putLong (11 bytes)
 total in heap  [0x000001a8c84a6e90,0x000001a8c84a70a8] = 536
 relocation     [0x000001a8c84a6fe8,0x000001a8c84a6ff8] = 16
 main code      [0x000001a8c84a7000,0x000001a8c84a7060] = 96
 stub code      [0x000001a8c84a7060,0x000001a8c84a7078] = 24
 scopes data    [0x000001a8c84a7078,0x000001a8c84a7080] = 8
 scopes pcs     [0x000001a8c84a7080,0x000001a8c84a70a0] = 32
 dependencies   [0x000001a8c84a70a0,0x000001a8c84a70a8] = 8

[Constant Pool (empty)]

[MachCode]
[Entry Point]
  # {method} {0x000001a928156008} 'putLong' '(Ljava/lang/Object;JJ)V' in 'sun/misc/Unsafe'
  # this:     rdx:rdx   = 'sun/misc/Unsafe'
  # parm0:    r8:r8     = 'java/lang/Object'
  # parm1:    r9:r9     = long
  # parm2:    rdi:rdi   = long
  #           [sp+0x20]  (sp of caller)
  0x000001a8c84a7000: 448b 5208 | 49bb 0000 | 00e7 a801 | 0000 4d03 | d349 3bc2 

  0x000001a8c84a7014: ;   {runtime_call ic_miss_stub}
  0x000001a8c84a7014: 0f85 665a | 81ff 6690 | 0f1f 4000 
[Verified Entry Point]
  0x000001a8c84a7020: 4881 ec18 | 0000 0048 | 896c 2410 | 4d8b d04b | 893c 0a48 | 83c4 105d 

  0x000001a8c84a7038: ;   {poll_return}
  0x000001a8c84a7038: 493b a748 | 0300 000f | 8701 0000 

  0x000001a8c84a7044: ;   {internal_word}
  0x000001a8c84a7044: 00c3 49ba | 3870 4ac8 | a801 0000 | 4d89 9760 

  0x000001a8c84a7054: ;   {runtime_call SafepointBlob}
  0x000001a8c84a7054: 0300 00e9 | a4c3 81ff | f4f4 f4f4 
[Exception Handler]
  0x000001a8c84a7060: ;   {no_reloc}
  0x000001a8c84a7060: e91b cc8b | ffe8 0000 | 0000 4883 

  0x000001a8c84a706c: ;   {runtime_call DeoptimizationBlob}
  0x000001a8c84a706c: 2c24 05e9 | 2cb6 81ff | f4f4 f4f4 
[/MachCode]


---------------  P R O C E S S  ---------------

Threads class SMR info:
_java_thread_list=0x000001a933d6f540, length=16, elements={
0x000001a8b8f662a0, 0x000001a8e6c38240, 0x000001a8e6c38e00, 0x000001a8e6c4a1b0,
0x000001a8e6c4cb80, 0x000001a8e6c4d540, 0x000001a8e6c4df00, 0x000001a8e6c521a0,
0x000001a8e6c6dc00, 0x000001a8e6c797b0, 0x000001a8e6c6d160, 0x000001a8e6dc5fc0,
0x000001a8e6dd44f0, 0x000001a8e6c6d6b0, 0x000001a8e6c6c170, 0x000001a8e6c6e150
}

Java Threads: ( => current thread )
=>0x000001a8b8f662a0 JavaThread "main" [_thread_in_Java, id=35096, stack(0x0000007592f00000,0x0000007593000000)]
  0x000001a8e6c38240 JavaThread "Reference Handler" daemon [_thread_blocked, id=31344, stack(0x0000007593600000,0x0000007593700000)]
  0x000001a8e6c38e00 JavaThread "Finalizer" daemon [_thread_blocked, id=17336, stack(0x0000007593700000,0x0000007593800000)]
  0x000001a8e6c4a1b0 JavaThread "Signal Dispatcher" daemon [_thread_blocked, id=3228, stack(0x0000007593800000,0x0000007593900000)]
  0x000001a8e6c4cb80 JavaThread "Attach Listener" daemon [_thread_blocked, id=8432, stack(0x0000007593900000,0x0000007593a00000)]
  0x000001a8e6c4d540 JavaThread "Service Thread" daemon [_thread_blocked, id=30632, stack(0x0000007593a00000,0x0000007593b00000)]
  0x000001a8e6c4df00 JavaThread "Monitor Deflation Thread" daemon [_thread_blocked, id=30900, stack(0x0000007593b00000,0x0000007593c00000)]
  0x000001a8e6c521a0 JavaThread "C2 CompilerThread0" daemon [_thread_blocked, id=37996, stack(0x0000007593c00000,0x0000007593d00000)]
  0x000001a8e6c6dc00 JavaThread "C1 CompilerThread0" daemon [_thread_blocked, id=34968, stack(0x0000007593d00000,0x0000007593e00000)]
  0x000001a8e6c797b0 JavaThread "Sweeper thread" daemon [_thread_blocked, id=14908, stack(0x0000007593e00000,0x0000007593f00000)]
  0x000001a8e6c6d160 JavaThread "C1 CompilerThread1" daemon [_thread_blocked, id=4468, stack(0x0000007593f00000,0x0000007594000000)]
  0x000001a8e6dc5fc0 JavaThread "Notification Thread" daemon [_thread_blocked, id=37644, stack(0x0000007594000000,0x0000007594100000)]
  0x000001a8e6dd44f0 JavaThread "Common-Cleaner" daemon [_thread_blocked, id=2696, stack(0x0000007594200000,0x0000007594300000)]
  0x000001a8e6c6d6b0 JavaThread "C1 CompilerThread2" daemon [_thread_blocked, id=9808, stack(0x0000007594300000,0x0000007594400000)]
  0x000001a8e6c6c170 JavaThread "C1 CompilerThread3" daemon [_thread_blocked, id=32180, stack(0x0000007594b00000,0x0000007594c00000)]
  0x000001a8e6c6e150 JavaThread "C2 CompilerThread1" daemon [_thread_blocked, id=33780, stack(0x0000007594c00000,0x0000007594d00000)]

Other Threads:
  0x000001a8e6c347a0 VMThread "VM Thread" [stack: 0x0000007593500000,0x0000007593600000] [id=37120]
  0x000001a8e36e37d0 WatcherThread [stack: 0x0000007594100000,0x0000007594200000] [id=34780]
  0x000001a8b90179d0 GCTaskThread "GC Thread#0" [stack: 0x0000007593000000,0x0000007593100000] [id=35988]
  0x000001a93349e370 GCTaskThread "GC Thread#1" [stack: 0x0000007595100000,0x0000007595200000] [id=10188]
  0x000001a93349e630 GCTaskThread "GC Thread#2" [stack: 0x0000007595200000,0x0000007595300000] [id=3060]
  0x000001a93349e8f0 GCTaskThread "GC Thread#3" [stack: 0x0000007595300000,0x0000007595400000] [id=6256]
  0x000001a93345f750 GCTaskThread "GC Thread#4" [stack: 0x0000007595400000,0x0000007595500000] [id=24684]
  0x000001a93345fa10 GCTaskThread "GC Thread#5" [stack: 0x0000007595500000,0x0000007595600000] [id=37684]
  0x000001a9336b59f0 GCTaskThread "GC Thread#6" [stack: 0x0000007595600000,0x0000007595700000] [id=37056]
  0x000001a93390a120 GCTaskThread "GC Thread#7" [stack: 0x0000007595700000,0x0000007595800000] [id=38280]
  0x000001a933909ba0 GCTaskThread "GC Thread#8" [stack: 0x0000007595800000,0x0000007595900000] [id=34296]
  0x000001a93390b460 GCTaskThread "GC Thread#9" [stack: 0x0000007595900000,0x0000007595a00000] [id=9956]
  0x000001a93390a6a0 GCTaskThread "GC Thread#10" [stack: 0x0000007595a00000,0x0000007595b00000] [id=35480]
  0x000001a93390ac20 GCTaskThread "GC Thread#11" [stack: 0x0000007595b00000,0x0000007595c00000] [id=36196]
  0x000001a8b8f833d0 ConcurrentGCThread "G1 Main Marker" [stack: 0x0000007593100000,0x0000007593200000] [id=10796]
  0x000001a8e36a3580 ConcurrentGCThread "G1 Conc#0" [stack: 0x0000007593200000,0x0000007593300000] [id=35792]
  0x000001a8e37a8a00 ConcurrentGCThread "G1 Refine#0" [stack: 0x0000007593300000,0x0000007593400000] [id=36492]
  0x000001a933b27a00 ConcurrentGCThread "G1 Refine#1" [stack: 0x0000007594d00000,0x0000007594e00000] [id=36280]
  0x000001a934df4700 ConcurrentGCThread "G1 Refine#2" [stack: 0x0000007594e00000,0x0000007594f00000] [id=37864]
  0x000001a934df2b60 ConcurrentGCThread "G1 Refine#3" [stack: 0x0000007594f00000,0x0000007595000000] [id=19364]
  0x000001a934d5c950 ConcurrentGCThread "G1 Refine#4" [stack: 0x0000007595000000,0x0000007595100000] [id=38720]
  0x000001a934ba35f0 ConcurrentGCThread "G1 Refine#5" [stack: 0x0000007595c00000,0x0000007595d00000] [id=16008]
  0x000001a934ba38e0 ConcurrentGCThread "G1 Refine#6" [stack: 0x0000007595d00000,0x0000007595e00000] [id=34472]
  0x000001a934df1780 ConcurrentGCThread "G1 Refine#7" [stack: 0x0000007595e00000,0x0000007595f00000] [id=5244]
  0x000001a933d09d40 ConcurrentGCThread "G1 Refine#8" [stack: 0x0000007595f00000,0x0000007596000000] [id=32160]
  0x000001a9339d1a70 ConcurrentGCThread "G1 Refine#9" [stack: 0x0000007596000000,0x0000007596100000] [id=34932]
  0x000001a9339cd260 ConcurrentGCThread "G1 Refine#10" [stack: 0x0000007596100000,0x0000007596200000] [id=3824]
  0x000001a9339cd550 ConcurrentGCThread "G1 Refine#11" [stack: 0x0000007596200000,0x0000007596300000] [id=30568]
  0x000001a9339cc6a0 ConcurrentGCThread "G1 Refine#12" [stack: 0x0000007596300000,0x0000007596400000] [id=23324]
  0x000001a8e37aa6e0 ConcurrentGCThread "G1 Service" [stack: 0x0000007593400000,0x0000007593500000] [id=35268]

Threads with active compile tasks:

VM state: not at safepoint (normal execution)

VM Mutex/Monitor currently owned by a thread: None

Heap address: 0x0000000601400000, size: 8172 MB, Compressed Oops mode: Zero based, Oop shift amount: 3

CDS archive(s) mapped at: [0x000001a8e7000000-0x000001a8e7bd0000-0x000001a8e7bd0000), size 12386304, SharedBaseAddress: 0x000001a8e7000000, ArchiveRelocationMode: 1.
Compressed class space mapped at: 0x000001a8e8000000-0x000001a928000000, reserved size: 1073741824
Narrow klass base: 0x000001a8e7000000, Narrow klass shift: 0, Narrow klass range: 0x100000000

GC Precious Log:
 CPUs: 24 total, 24 available
 Memory: 32681M
 Large Page Support: Disabled
 NUMA Support: Disabled
 Compressed Oops: Enabled (Zero based)
 Heap Region Size: 4M
 Heap Min Capacity: 8M
 Heap Initial Capacity: 512M
 Heap Max Capacity: 8172M
 Pre-touch: Disabled
 Parallel Workers: 18
 Concurrent Workers: 5
 Concurrent Refinement Workers: 18
 Periodic GC: Disabled

Heap:
 garbage-first heap   total 524288K, used 429960K [0x0000000601400000, 0x0000000800000000)
  region size 4096K, 68 young (278528K), 7 survivors (28672K)
 Metaspace       used 7546K, committed 7744K, reserved 1114112K
  class space    used 422K, committed 512K, reserved 1048576K

Heap Regions: E=young(eden), S=young(survivor), O=old, HS=humongous(starts), HC=humongous(continues), CS=collection set, F=free, OA=open archive, CA=closed archive, TAMS=top-at-mark-start (previous, next)
|   0|0x0000000601400000, 0x0000000601800000, 0x0000000601800000|100%|HS|  |TAMS 0x0000000601400000, 0x0000000601400000| Complete 
|   1|0x0000000601800000, 0x0000000601c00000, 0x0000000601c00000|100%|HC|  |TAMS 0x0000000601800000, 0x0000000601800000| Complete 
|   2|0x0000000601c00000, 0x0000000602000000, 0x0000000602000000|100%|HS|  |TAMS 0x0000000601c00000, 0x0000000601c00000| Complete 
|   3|0x0000000602000000, 0x0000000602400000, 0x0000000602400000|100%|HC|  |TAMS 0x0000000602000000, 0x0000000602000000| Complete 
|   4|0x0000000602400000, 0x0000000602800000, 0x0000000602800000|100%|HS|  |TAMS 0x0000000602400000, 0x0000000602400000| Complete 
|   5|0x0000000602800000, 0x0000000602c00000, 0x0000000602c00000|100%|HC|  |TAMS 0x0000000602800000, 0x0000000602800000| Complete 
|   6|0x0000000602c00000, 0x0000000603000000, 0x0000000603000000|100%|HS|  |TAMS 0x0000000602c00000, 0x0000000602c00000| Complete 
|   7|0x0000000603000000, 0x0000000603400000, 0x0000000603400000|100%|HC|  |TAMS 0x0000000603000000, 0x0000000603000000| Complete 
|   8|0x0000000603400000, 0x0000000603800000, 0x0000000603800000|100%|HS|  |TAMS 0x0000000603400000, 0x0000000603400000| Complete 
|   9|0x0000000603800000, 0x0000000603c00000, 0x0000000603c00000|100%|HS|  |TAMS 0x0000000603800000, 0x0000000603800000| Complete 
|  10|0x0000000603c00000, 0x0000000604000000, 0x0000000604000000|100%|HS|  |TAMS 0x0000000603c00000, 0x0000000603c00000| Complete 
|  11|0x0000000604000000, 0x0000000604400000, 0x0000000604400000|100%|HC|  |TAMS 0x0000000604000000, 0x0000000604000000| Complete 
|  12|0x0000000604400000, 0x0000000604800000, 0x0000000604800000|100%|HS|  |TAMS 0x0000000604400000, 0x0000000604400000| Complete 
|  13|0x0000000604800000, 0x0000000604c00000, 0x0000000604c00000|100%|HC|  |TAMS 0x0000000604800000, 0x0000000604800000| Complete 
|  14|0x0000000604c00000, 0x0000000605000000, 0x0000000605000000|100%|HS|  |TAMS 0x0000000604c00000, 0x0000000604c00000| Complete 
|  15|0x0000000605000000, 0x0000000605400000, 0x0000000605400000|100%|HC|  |TAMS 0x0000000605000000, 0x0000000605000000| Complete 
|  16|0x0000000605400000, 0x0000000605800000, 0x0000000605800000|100%|HS|  |TAMS 0x0000000605400000, 0x0000000605400000| Complete 
|  17|0x0000000605800000, 0x0000000605c00000, 0x0000000605c00000|100%|HC|  |TAMS 0x0000000605800000, 0x0000000605800000| Complete 
|  18|0x0000000605c00000, 0x0000000606000000, 0x0000000606000000|100%|HS|  |TAMS 0x0000000605c00000, 0x0000000605c00000| Complete 
|  19|0x0000000606000000, 0x0000000606400000, 0x0000000606400000|100%|HC|  |TAMS 0x0000000606000000, 0x0000000606000000| Complete 
|  20|0x0000000606400000, 0x0000000606800000, 0x0000000606800000|100%|HS|  |TAMS 0x0000000606400000, 0x0000000606400000| Complete 
|  21|0x0000000606800000, 0x0000000606c00000, 0x0000000606c00000|100%|HS|  |TAMS 0x0000000606800000, 0x0000000606800000| Complete 
|  22|0x0000000606c00000, 0x0000000607000000, 0x0000000607000000|100%|HS|  |TAMS 0x0000000606c00000, 0x0000000606c00000| Complete 
|  23|0x0000000607000000, 0x0000000607400000, 0x0000000607400000|100%|HC|  |TAMS 0x0000000607000000, 0x0000000607000000| Complete 
|  24|0x0000000607400000, 0x0000000607800000, 0x0000000607800000|100%|HS|  |TAMS 0x0000000607400000, 0x0000000607400000| Complete 
|  25|0x0000000607800000, 0x0000000607c00000, 0x0000000607c00000|100%|HC|  |TAMS 0x0000000607800000, 0x0000000607800000| Complete 
|  26|0x0000000607c00000, 0x0000000608000000, 0x0000000608000000|100%|HS|  |TAMS 0x0000000607c00000, 0x0000000607c00000| Complete 
|  27|0x0000000608000000, 0x0000000608400000, 0x0000000608400000|100%|HC|  |TAMS 0x0000000608000000, 0x0000000608000000| Complete 
|  28|0x0000000608400000, 0x0000000608800000, 0x0000000608800000|100%|HS|  |TAMS 0x0000000608400000, 0x0000000608400000| Complete 
|  29|0x0000000608800000, 0x0000000608c00000, 0x0000000608c00000|100%|HS|  |TAMS 0x0000000608800000, 0x0000000608800000| Complete 
|  30|0x0000000608c00000, 0x0000000609000000, 0x0000000609000000|100%|HS|  |TAMS 0x0000000608c00000, 0x0000000608c00000| Complete 
|  31|0x0000000609000000, 0x0000000609400000, 0x0000000609400000|100%|HC|  |TAMS 0x0000000609000000, 0x0000000609000000| Complete 
|  32|0x0000000609400000, 0x0000000609800000, 0x0000000609800000|100%|HS|  |TAMS 0x0000000609400000, 0x0000000609400000| Complete 
|  33|0x0000000609800000, 0x0000000609c00000, 0x0000000609c00000|100%|HC|  |TAMS 0x0000000609800000, 0x0000000609800000| Complete 
|  34|0x0000000609c00000, 0x000000060a000000, 0x000000060a000000|100%|HS|  |TAMS 0x0000000609c00000, 0x0000000609c00000| Complete 
|  35|0x000000060a000000, 0x000000060a400000, 0x000000060a400000|100%|HC|  |TAMS 0x000000060a000000, 0x000000060a000000| Complete 
|  36|0x000000060a400000, 0x000000060a800000, 0x000000060a800000|100%|HS|  |TAMS 0x000000060a400000, 0x000000060a400000| Complete 
|  37|0x000000060a800000, 0x000000060ac00000, 0x000000060ac00000|100%|HC|  |TAMS 0x000000060a800000, 0x000000060a800000| Complete 
|  38|0x000000060ac00000, 0x000000060ac00000, 0x000000060b000000|  0%| F|  |TAMS 0x000000060ac00000, 0x000000060ac00000| Untracked 
|  39|0x000000060b000000, 0x000000060b000000, 0x000000060b400000|  0%| F|  |TAMS 0x000000060b000000, 0x000000060b000000| Untracked 
|  40|0x000000060b400000, 0x000000060b400000, 0x000000060b800000|  0%| F|  |TAMS 0x000000060b400000, 0x000000060b400000| Untracked 
|  41|0x000000060b800000, 0x000000060b800000, 0x000000060bc00000|  0%| F|  |TAMS 0x000000060b800000, 0x000000060b800000| Untracked 
|  42|0x000000060bc00000, 0x000000060bc00000, 0x000000060c000000|  0%| F|  |TAMS 0x000000060bc00000, 0x000000060bc00000| Untracked 
|  43|0x000000060c000000, 0x000000060c000000, 0x000000060c400000|  0%| F|  |TAMS 0x000000060c000000, 0x000000060c000000| Untracked 
|  44|0x000000060c400000, 0x000000060c400000, 0x000000060c800000|  0%| F|  |TAMS 0x000000060c400000, 0x000000060c400000| Untracked 
|  45|0x000000060c800000, 0x000000060cbe2100, 0x000000060cc00000| 97%| S|CS|TAMS 0x000000060c800000, 0x000000060c800000| Complete 
|  46|0x000000060cc00000, 0x000000060d000000, 0x000000060d000000|100%| S|CS|TAMS 0x000000060cc00000, 0x000000060cc00000| Complete 
|  47|0x000000060d000000, 0x000000060d400000, 0x000000060d400000|100%| S|CS|TAMS 0x000000060d000000, 0x000000060d000000| Complete 
|  48|0x000000060d400000, 0x000000060d800000, 0x000000060d800000|100%| S|CS|TAMS 0x000000060d400000, 0x000000060d400000| Complete 
|  49|0x000000060d800000, 0x000000060d800000, 0x000000060dc00000|  0%| F|  |TAMS 0x000000060d800000, 0x000000060d800000| Untracked 
|  50|0x000000060dc00000, 0x000000060dc00000, 0x000000060e000000|  0%| F|  |TAMS 0x000000060dc00000, 0x000000060dc00000| Untracked 
|  51|0x000000060e000000, 0x000000060e000000, 0x000000060e400000|  0%| F|  |TAMS 0x000000060e000000, 0x000000060e000000| Untracked 
|  52|0x000000060e400000, 0x000000060e800000, 0x000000060e800000|100%| S|CS|TAMS 0x000000060e400000, 0x000000060e400000| Complete 
|  53|0x000000060e800000, 0x000000060ec00000, 0x000000060ec00000|100%| S|CS|TAMS 0x000000060e800000, 0x000000060e800000| Complete 
|  54|0x000000060ec00000, 0x000000060f000000, 0x000000060f000000|100%| S|CS|TAMS 0x000000060ec00000, 0x000000060ec00000| Complete 
|  55|0x000000060f000000, 0x000000060f000000, 0x000000060f400000|  0%| F|  |TAMS 0x000000060f000000, 0x000000060f000000| Untracked 
|  56|0x000000060f400000, 0x000000060f400000, 0x000000060f800000|  0%| F|  |TAMS 0x000000060f400000, 0x000000060f400000| Untracked 
|  57|0x000000060f800000, 0x000000060f800000, 0x000000060fc00000|  0%| F|  |TAMS 0x000000060f800000, 0x000000060f800000| Untracked 
|  58|0x000000060fc00000, 0x000000060fc00000, 0x0000000610000000|  0%| F|  |TAMS 0x000000060fc00000, 0x000000060fc00000| Untracked 
|  59|0x0000000610000000, 0x0000000610000000, 0x0000000610400000|  0%| F|  |TAMS 0x0000000610000000, 0x0000000610000000| Untracked 
|  60|0x0000000610400000, 0x0000000610400000, 0x0000000610800000|  0%| F|  |TAMS 0x0000000610400000, 0x0000000610400000| Untracked 
|  61|0x0000000610800000, 0x0000000610800000, 0x0000000610c00000|  0%| F|  |TAMS 0x0000000610800000, 0x0000000610800000| Untracked 
|  62|0x0000000610c00000, 0x0000000610c00000, 0x0000000611000000|  0%| F|  |TAMS 0x0000000610c00000, 0x0000000610c00000| Untracked 
|  63|0x0000000611000000, 0x0000000611000000, 0x0000000611400000|  0%| F|  |TAMS 0x0000000611000000, 0x0000000611000000| Untracked 
|  64|0x0000000611400000, 0x0000000611400000, 0x0000000611800000|  0%| F|  |TAMS 0x0000000611400000, 0x0000000611400000| Untracked 
|  65|0x0000000611800000, 0x0000000611800000, 0x0000000611c00000|  0%| F|  |TAMS 0x0000000611800000, 0x0000000611800000| Untracked 
|  66|0x0000000611c00000, 0x0000000611c00000, 0x0000000612000000|  0%| F|  |TAMS 0x0000000611c00000, 0x0000000611c00000| Untracked 
|  67|0x0000000612000000, 0x0000000612203208, 0x0000000612400000| 50%| E|  |TAMS 0x0000000612000000, 0x0000000612000000| Complete 
|  68|0x0000000612400000, 0x0000000612800000, 0x0000000612800000|100%| E|CS|TAMS 0x0000000612400000, 0x0000000612400000| Complete 
|  69|0x0000000612800000, 0x0000000612c00000, 0x0000000612c00000|100%| E|CS|TAMS 0x0000000612800000, 0x0000000612800000| Complete 
|  70|0x0000000612c00000, 0x0000000613000000, 0x0000000613000000|100%| E|CS|TAMS 0x0000000612c00000, 0x0000000612c00000| Complete 
|  71|0x0000000613000000, 0x0000000613400000, 0x0000000613400000|100%| E|CS|TAMS 0x0000000613000000, 0x0000000613000000| Complete 
|  72|0x0000000613400000, 0x0000000613800000, 0x0000000613800000|100%| E|CS|TAMS 0x0000000613400000, 0x0000000613400000| Complete 
|  73|0x0000000613800000, 0x0000000613c00000, 0x0000000613c00000|100%| E|CS|TAMS 0x0000000613800000, 0x0000000613800000| Complete 
|  74|0x0000000613c00000, 0x0000000614000000, 0x0000000614000000|100%| E|CS|TAMS 0x0000000613c00000, 0x0000000613c00000| Complete 
|  75|0x0000000614000000, 0x0000000614400000, 0x0000000614400000|100%| E|CS|TAMS 0x0000000614000000, 0x0000000614000000| Complete 
|  76|0x0000000614400000, 0x0000000614800000, 0x0000000614800000|100%| E|CS|TAMS 0x0000000614400000, 0x0000000614400000| Complete 
|  77|0x0000000614800000, 0x0000000614c00000, 0x0000000614c00000|100%| E|CS|TAMS 0x0000000614800000, 0x0000000614800000| Complete 
|  78|0x0000000614c00000, 0x0000000615000000, 0x0000000615000000|100%| E|CS|TAMS 0x0000000614c00000, 0x0000000614c00000| Complete 
|  79|0x0000000615000000, 0x0000000615400000, 0x0000000615400000|100%| E|CS|TAMS 0x0000000615000000, 0x0000000615000000| Complete 
|  80|0x0000000615400000, 0x0000000615800000, 0x0000000615800000|100%| E|CS|TAMS 0x0000000615400000, 0x0000000615400000| Complete 
|  81|0x0000000615800000, 0x0000000615c00000, 0x0000000615c00000|100%| E|CS|TAMS 0x0000000615800000, 0x0000000615800000| Complete 
|  82|0x0000000615c00000, 0x0000000616000000, 0x0000000616000000|100%| E|CS|TAMS 0x0000000615c00000, 0x0000000615c00000| Complete 
|  83|0x0000000616000000, 0x0000000616400000, 0x0000000616400000|100%| E|CS|TAMS 0x0000000616000000, 0x0000000616000000| Complete 
|  84|0x0000000616400000, 0x0000000616800000, 0x0000000616800000|100%| E|CS|TAMS 0x0000000616400000, 0x0000000616400000| Complete 
|  85|0x0000000616800000, 0x0000000616c00000, 0x0000000616c00000|100%| E|CS|TAMS 0x0000000616800000, 0x0000000616800000| Complete 
|  86|0x0000000616c00000, 0x0000000617000000, 0x0000000617000000|100%| E|CS|TAMS 0x0000000616c00000, 0x0000000616c00000| Complete 
|  87|0x0000000617000000, 0x0000000617400000, 0x0000000617400000|100%| E|CS|TAMS 0x0000000617000000, 0x0000000617000000| Complete 
|  88|0x0000000617400000, 0x0000000617800000, 0x0000000617800000|100%| E|CS|TAMS 0x0000000617400000, 0x0000000617400000| Complete 
|  89|0x0000000617800000, 0x0000000617c00000, 0x0000000617c00000|100%| E|CS|TAMS 0x0000000617800000, 0x0000000617800000| Complete 
|  90|0x0000000617c00000, 0x0000000618000000, 0x0000000618000000|100%| E|CS|TAMS 0x0000000617c00000, 0x0000000617c00000| Complete 
|  91|0x0000000618000000, 0x0000000618400000, 0x0000000618400000|100%| E|CS|TAMS 0x0000000618000000, 0x0000000618000000| Complete 
|  92|0x0000000618400000, 0x0000000618800000, 0x0000000618800000|100%| E|CS|TAMS 0x0000000618400000, 0x0000000618400000| Complete 
|  93|0x0000000618800000, 0x0000000618c00000, 0x0000000618c00000|100%| E|CS|TAMS 0x0000000618800000, 0x0000000618800000| Complete 
|  94|0x0000000618c00000, 0x0000000619000000, 0x0000000619000000|100%| E|CS|TAMS 0x0000000618c00000, 0x0000000618c00000| Complete 
|  95|0x0000000619000000, 0x0000000619400000, 0x0000000619400000|100%| E|CS|TAMS 0x0000000619000000, 0x0000000619000000| Complete 
|  96|0x0000000619400000, 0x0000000619800000, 0x0000000619800000|100%| E|CS|TAMS 0x0000000619400000, 0x0000000619400000| Complete 
|  97|0x0000000619800000, 0x0000000619c00000, 0x0000000619c00000|100%| E|CS|TAMS 0x0000000619800000, 0x0000000619800000| Complete 
|  98|0x0000000619c00000, 0x000000061a000000, 0x000000061a000000|100%| E|CS|TAMS 0x0000000619c00000, 0x0000000619c00000| Complete 
|  99|0x000000061a000000, 0x000000061a400000, 0x000000061a400000|100%| E|CS|TAMS 0x000000061a000000, 0x000000061a000000| Complete 
| 100|0x000000061a400000, 0x000000061a800000, 0x000000061a800000|100%| E|CS|TAMS 0x000000061a400000, 0x000000061a400000| Complete 
| 101|0x000000061a800000, 0x000000061ac00000, 0x000000061ac00000|100%| E|CS|TAMS 0x000000061a800000, 0x000000061a800000| Complete 
| 102|0x000000061ac00000, 0x000000061b000000, 0x000000061b000000|100%| E|CS|TAMS 0x000000061ac00000, 0x000000061ac00000| Complete 
| 103|0x000000061b000000, 0x000000061b400000, 0x000000061b400000|100%| E|CS|TAMS 0x000000061b000000, 0x000000061b000000| Complete 
| 104|0x000000061b400000, 0x000000061b800000, 0x000000061b800000|100%| E|CS|TAMS 0x000000061b400000, 0x000000061b400000| Complete 
| 105|0x000000061b800000, 0x000000061bc00000, 0x000000061bc00000|100%| E|CS|TAMS 0x000000061b800000, 0x000000061b800000| Complete 
| 106|0x000000061bc00000, 0x000000061c000000, 0x000000061c000000|100%| E|CS|TAMS 0x000000061bc00000, 0x000000061bc00000| Complete 
| 107|0x000000061c000000, 0x000000061c400000, 0x000000061c400000|100%| E|CS|TAMS 0x000000061c000000, 0x000000061c000000| Complete 
| 108|0x000000061c400000, 0x000000061c800000, 0x000000061c800000|100%| E|CS|TAMS 0x000000061c400000, 0x000000061c400000| Complete 
| 109|0x000000061c800000, 0x000000061cc00000, 0x000000061cc00000|100%| E|CS|TAMS 0x000000061c800000, 0x000000061c800000| Complete 
| 110|0x000000061cc00000, 0x000000061d000000, 0x000000061d000000|100%| E|CS|TAMS 0x000000061cc00000, 0x000000061cc00000| Complete 
| 111|0x000000061d000000, 0x000000061d400000, 0x000000061d400000|100%| E|CS|TAMS 0x000000061d000000, 0x000000061d000000| Complete 
| 112|0x000000061d400000, 0x000000061d800000, 0x000000061d800000|100%| E|CS|TAMS 0x000000061d400000, 0x000000061d400000| Complete 
| 113|0x000000061d800000, 0x000000061dc00000, 0x000000061dc00000|100%| E|CS|TAMS 0x000000061d800000, 0x000000061d800000| Complete 
| 114|0x000000061dc00000, 0x000000061e000000, 0x000000061e000000|100%| E|CS|TAMS 0x000000061dc00000, 0x000000061dc00000| Complete 
| 115|0x000000061e000000, 0x000000061e400000, 0x000000061e400000|100%| E|CS|TAMS 0x000000061e000000, 0x000000061e000000| Complete 
| 116|0x000000061e400000, 0x000000061e800000, 0x000000061e800000|100%| E|CS|TAMS 0x000000061e400000, 0x000000061e400000| Complete 
| 117|0x000000061e800000, 0x000000061ec00000, 0x000000061ec00000|100%| E|CS|TAMS 0x000000061e800000, 0x000000061e800000| Complete 
| 118|0x000000061ec00000, 0x000000061f000000, 0x000000061f000000|100%| E|CS|TAMS 0x000000061ec00000, 0x000000061ec00000| Complete 
| 119|0x000000061f000000, 0x000000061f400000, 0x000000061f400000|100%| E|CS|TAMS 0x000000061f000000, 0x000000061f000000| Complete 
| 120|0x000000061f400000, 0x000000061f800000, 0x000000061f800000|100%| E|CS|TAMS 0x000000061f400000, 0x000000061f400000| Complete 
| 121|0x000000061f800000, 0x000000061fc00000, 0x000000061fc00000|100%| E|CS|TAMS 0x000000061f800000, 0x000000061f800000| Complete 
| 122|0x000000061fc00000, 0x0000000620000000, 0x0000000620000000|100%| E|CS|TAMS 0x000000061fc00000, 0x000000061fc00000| Complete 
| 123|0x0000000620000000, 0x0000000620400000, 0x0000000620400000|100%| E|CS|TAMS 0x0000000620000000, 0x0000000620000000| Complete 
| 124|0x0000000620400000, 0x0000000620800000, 0x0000000620800000|100%| E|CS|TAMS 0x0000000620400000, 0x0000000620400000| Complete 
| 125|0x0000000620800000, 0x0000000620c00000, 0x0000000620c00000|100%| E|CS|TAMS 0x0000000620800000, 0x0000000620800000| Complete 
| 126|0x0000000620c00000, 0x0000000621000000, 0x0000000621000000|100%| E|CS|TAMS 0x0000000620c00000, 0x0000000620c00000| Complete 
| 127|0x0000000621000000, 0x0000000621400000, 0x0000000621400000|100%| E|CS|TAMS 0x0000000621000000, 0x0000000621000000| Complete 

Card table byte_map: [0x000001a8d15f0000,0x000001a8d25f0000] _byte_map_base: 0x000001a8ce5e6000

Marking Bits (Prev, Next): (CMBitMap*) 0x000001a8b9017ff0, (CMBitMap*) 0x000001a8b9018030
 Prev Bits: [0x000001a8d35f0000, 0x000001a8db5a0000)
 Next Bits: [0x000001a8db5a0000, 0x000001a8e3550000)

Polling page: 0x000001a8b6c40000

Metaspace:

Usage:
  Non-class:      6.96 MB used.
      Class:    422.56 KB used.
       Both:      7.37 MB used.

Virtual space:
  Non-class space:       64.00 MB reserved,       7.06 MB ( 11%) committed,  1 nodes.
      Class space:        1.00 GB reserved,     512.00 KB ( <1%) committed,  1 nodes.
             Both:        1.06 GB reserved,       7.56 MB ( <1%) committed. 

Chunk freelists:
   Non-Class:  6.98 MB
       Class:  15.47 MB
        Both:  22.45 MB

MaxMetaspaceSize: unlimited
CompressedClassSpaceSize: 1.00 GB
Initial GC threshold: 21.00 MB
Current GC threshold: 21.00 MB
CDS: on
MetaspaceReclaimPolicy: balanced
 - commit_granule_bytes: 65536.
 - commit_granule_words: 8192.
 - virtual_space_node_default_size: 8388608.
 - enlarge_chunks_in_place: 1.
 - new_chunks_are_fully_committed: 0.
 - uncommit_free_chunks: 1.
 - use_allocation_guard: 0.
 - handle_deallocations: 1.


Internal statistics:

num_allocs_failed_limit: 0.
num_arena_births: 66.
num_arena_deaths: 0.
num_vsnodes_births: 2.
num_vsnodes_deaths: 0.
num_space_committed: 119.
num_space_uncommitted: 0.
num_chunks_returned_to_freelist: 0.
num_chunks_taken_from_freelist: 269.
num_chunk_merges: 0.
num_chunk_splits: 202.
num_chunks_enlarged: 169.
num_inconsistent_stats: 0.

CodeHeap 'non-profiled nmethods': size=119168Kb used=931Kb max_used=931Kb free=118236Kb
 bounds [0x000001a8c83c0000, 0x000001a8c8630000, 0x000001a8cf820000]
CodeHeap 'profiled nmethods': size=119104Kb used=2827Kb max_used=2827Kb free=116276Kb
 bounds [0x000001a8c0820000, 0x000001a8c0af0000, 0x000001a8c7c70000]
CodeHeap 'non-nmethods': size=7488Kb used=3401Kb max_used=3415Kb free=4086Kb
 bounds [0x000001a8c7c70000, 0x000001a8c7fd0000, 0x000001a8c83c0000]
 total_blobs=2595 nmethods=1416 adapters=1089
 compilation: enabled
              stopped_count=0, restarted_count=0
 full_count=0

Compilation events (20 events):
Event: 1.542 Thread 0x000001a8e6c6e150 1406       4       sun.misc.Unsafe::putInt (11 bytes)
Event: 1.542 Thread 0x000001a8e6c6e150 nmethod 1406 0x000001a8c84a6b90 code [0x000001a8c84a6d00, 0x000001a8c84a6d98]
Event: 1.543 Thread 0x000001a8e6c521a0 1407       4       sun.misc.Unsafe::putLong (11 bytes)
Event: 1.544 Thread 0x000001a8e6c521a0 nmethod 1407 0x000001a8c84a6e90 code [0x000001a8c84a7000, 0x000001a8c84a7078]
Event: 1.544 Thread 0x000001a8e6c6dc00 1408       3       jdk.internal.loader.NativeLibraries$NativeLibraryImpl::find (6 bytes)
Event: 1.544 Thread 0x000001a8e6c6dc00 nmethod 1408 0x000001a8c0ae0b90 code [0x000001a8c0ae0d20, 0x000001a8c0ae0e48]
Event: 1.545 Thread 0x000001a8e6c6d6b0 1410   !   3       java.util.zip.ZipFile$Source::readFullyAt (74 bytes)
Event: 1.545 Thread 0x000001a8e6c6d6b0 nmethod 1410 0x000001a8c0ae0f10 code [0x000001a8c0ae1100, 0x000001a8c0ae16c8]
Event: 1.568 Thread 0x000001a8e6c6d6b0 1411       1       java.lang.reflect.Field::getName (5 bytes)
Event: 1.568 Thread 0x000001a8e6c6d6b0 nmethod 1411 0x000001a8c84a7590 code [0x000001a8c84a7720, 0x000001a8c84a77f8]
Event: 1.581 Thread 0x000001a8e6c521a0 1412       4       java.util.HashMap::get (19 bytes)
Event: 1.585 Thread 0x000001a8e6c521a0 nmethod 1412 0x000001a8c84a7890 code [0x000001a8c84a7a40, 0x000001a8c84a8098]
Event: 1.597 Thread 0x000001a8e6c6dc00 1413   !   3       jdk.internal.loader.URLClassPath$JarLoader::checkResource (78 bytes)
Event: 1.598 Thread 0x000001a8e6c6dc00 nmethod 1413 0x000001a8c0ae1a90 code [0x000001a8c0ae1ce0, 0x000001a8c0ae2728]
Event: 1.599 Thread 0x000001a8e6c6e150 1415       4       java.lang.AbstractStringBuilder::<init> (39 bytes)
Event: 1.600 Thread 0x000001a8e6c6e150 nmethod 1415 0x000001a8c84a8810 code [0x000001a8c84a89a0, 0x000001a8c84a8bf8]
Event: 1.601 Thread 0x000001a8e6c6d160 1416       1       org.lwjgl.system.MemoryStack::getPointer (5 bytes)
Event: 1.601 Thread 0x000001a8e6c6d160 nmethod 1416 0x000001a8c84a8c90 code [0x000001a8c84a8e20, 0x000001a8c84a8ef8]
Event: 1.601 Thread 0x000001a8e6c6d160 1417       3       org.lwjgl.system.MemoryUtil::address (11 bytes)
Event: 1.601 Thread 0x000001a8e6c6d160 nmethod 1417 0x000001a8c0ae2b90 code [0x000001a8c0ae2d20, 0x000001a8c0ae2e18]

GC Heap History (8 events):
Event: 0.534 GC heap before
{Heap before GC invocations=0 (full 0):
 garbage-first heap   total 524288K, used 24576K [0x0000000601400000, 0x0000000800000000)
  region size 4096K, 6 young (24576K), 0 survivors (0K)
 Metaspace       used 4702K, committed 4928K, reserved 1114112K
  class space    used 316K, committed 448K, reserved 1048576K
}
Event: 0.536 GC heap after
{Heap after GC invocations=1 (full 0):
 garbage-first heap   total 524288K, used 2748K [0x0000000601400000, 0x0000000800000000)
  region size 4096K, 1 young (4096K), 1 survivors (4096K)
 Metaspace       used 4702K, committed 4928K, reserved 1114112K
  class space    used 316K, committed 448K, reserved 1048576K
}
Event: 0.581 GC heap before
{Heap before GC invocations=1 (full 0):
 garbage-first heap   total 524288K, used 35516K [0x0000000601400000, 0x0000000800000000)
  region size 4096K, 9 young (36864K), 1 survivors (4096K)
 Metaspace       used 4725K, committed 4928K, reserved 1114112K
  class space    used 316K, committed 448K, reserved 1048576K
}
Event: 0.582 GC heap after
{Heap after GC invocations=2 (full 0):
 garbage-first heap   total 524288K, used 3405K [0x0000000601400000, 0x0000000800000000)
  region size 4096K, 1 young (4096K), 1 survivors (4096K)
 Metaspace       used 4725K, committed 4928K, reserved 1114112K
  class space    used 316K, committed 448K, reserved 1048576K
}
Event: 0.740 GC heap before
{Heap before GC invocations=2 (full 0):
 garbage-first heap   total 524288K, used 310605K [0x0000000601400000, 0x0000000800000000)
  region size 4096K, 76 young (311296K), 1 survivors (4096K)
 Metaspace       used 4793K, committed 5056K, reserved 1114112K
  class space    used 319K, committed 448K, reserved 1048576K
}
Event: 0.744 GC heap after
{Heap after GC invocations=3 (full 0):
 garbage-first heap   total 524288K, used 10882K [0x0000000601400000, 0x0000000800000000)
  region size 4096K, 3 young (12288K), 3 survivors (12288K)
 Metaspace       used 4793K, committed 5056K, reserved 1114112K
  class space    used 319K, committed 448K, reserved 1048576K
}
Event: 1.092 GC heap before
{Heap before GC invocations=3 (full 0):
 garbage-first heap   total 524288K, used 367234K [0x0000000601400000, 0x0000000800000000)
  region size 4096K, 76 young (311296K), 3 survivors (12288K)
 Metaspace       used 5112K, committed 5312K, reserved 1114112K
  class space    used 345K, committed 448K, reserved 1048576K
}
Event: 1.099 GC heap after
{Heap after GC invocations=4 (full 0):
 garbage-first heap   total 524288K, used 69512K [0x0000000601400000, 0x0000000800000000)
  region size 4096K, 7 young (28672K), 7 survivors (28672K)
 Metaspace       used 5112K, committed 5312K, reserved 1114112K
  class space    used 345K, committed 448K, reserved 1048576K
}

Deoptimization events (20 events):
Event: 1.452 Thread 0x000001a8b8f662a0 DEOPT PACKING pc=0x000001a8c849c5b0 sp=0x0000007592fff340
Event: 1.452 Thread 0x000001a8b8f662a0 DEOPT UNPACKING pc=0x000001a8c7cc23a3 sp=0x0000007592fff310 mode 2
Event: 1.455 Thread 0x000001a8b8f662a0 DEOPT PACKING pc=0x000001a8c0acc5de sp=0x0000007592fff2c0
Event: 1.455 Thread 0x000001a8b8f662a0 DEOPT UNPACKING pc=0x000001a8c7cc2b43 sp=0x0000007592ffe810 mode 0
Event: 1.457 Thread 0x000001a8b8f662a0 Uncommon trap: trap_request=0xffffff45 fr.pc=0x000001a8c849e93c relative=0x000000000000019c
Event: 1.457 Thread 0x000001a8b8f662a0 Uncommon trap: reason=unstable_if action=reinterpret pc=0x000001a8c849e93c method=engine.render.VertexBuffer.build(Lobj/Entity;)V @ 106 c2
Event: 1.457 Thread 0x000001a8b8f662a0 DEOPT PACKING pc=0x000001a8c849e93c sp=0x0000007592fff370
Event: 1.457 Thread 0x000001a8b8f662a0 DEOPT UNPACKING pc=0x000001a8c7cc23a3 sp=0x0000007592fff310 mode 2
Event: 1.488 Thread 0x000001a8b8f662a0 DEOPT PACKING pc=0x000001a8c0ad1e14 sp=0x0000007592fff2b0
Event: 1.488 Thread 0x000001a8b8f662a0 DEOPT UNPACKING pc=0x000001a8c7cc2b43 sp=0x0000007592ffe808 mode 0
Event: 1.488 Thread 0x000001a8b8f662a0 Uncommon trap: trap_request=0xffffff45 fr.pc=0x000001a8c84a20bc relative=0x000000000000019c
Event: 1.488 Thread 0x000001a8b8f662a0 Uncommon trap: reason=unstable_if action=reinterpret pc=0x000001a8c84a20bc method=engine.render.ColorBuffer.build(Lobj/Entity;)V @ 201 c2
Event: 1.488 Thread 0x000001a8b8f662a0 DEOPT PACKING pc=0x000001a8c84a20bc sp=0x0000007592fff370
Event: 1.488 Thread 0x000001a8b8f662a0 DEOPT UNPACKING pc=0x000001a8c7cc23a3 sp=0x0000007592fff308 mode 2
Event: 1.521 Thread 0x000001a8b8f662a0 DEOPT PACKING pc=0x000001a8c0adad18 sp=0x0000007592fff2c0
Event: 1.521 Thread 0x000001a8b8f662a0 DEOPT UNPACKING pc=0x000001a8c7cc2b43 sp=0x0000007592ffe828 mode 0
Event: 1.522 Thread 0x000001a8b8f662a0 Uncommon trap: trap_request=0xffffff45 fr.pc=0x000001a8c84a51bc relative=0x000000000000019c
Event: 1.522 Thread 0x000001a8b8f662a0 Uncommon trap: reason=unstable_if action=reinterpret pc=0x000001a8c84a51bc method=engine.render.NormalBuffer.build(Lobj/Entity;)V @ 128 c2
Event: 1.522 Thread 0x000001a8b8f662a0 DEOPT PACKING pc=0x000001a8c84a51bc sp=0x0000007592fff370
Event: 1.522 Thread 0x000001a8b8f662a0 DEOPT UNPACKING pc=0x000001a8c7cc23a3 sp=0x0000007592fff328 mode 2

Classes unloaded (0 events):
No events

Classes redefined (0 events):
No events

Internal exceptions (20 events):
Event: 0.092 Thread 0x000001a8b8f662a0 Exception <a 'java/lang/NoSuchMethodError'{0x00000006213b2b18}: 'java.lang.Object java.lang.invoke.DirectMethodHandle$Holder.invokeStatic(java.lang.Object, java.lang.Object, int)'> (0x00000006213b2b18) 
thrown [s\open\src\hotspot\share\interpreter\linkResolver.cpp, line 759]
Event: 0.093 Thread 0x000001a8b8f662a0 Exception <a 'java/lang/NoSuchMethodError'{0x00000006213be888}: 'void java.lang.invoke.DelegatingMethodHandle$Holder.delegate(java.lang.Object, java.lang.Object, int, java.lang.Object)'> (0x00000006213be888) 
thrown [s\open\src\hotspot\share\interpreter\linkResolver.cpp, line 759]
Event: 0.093 Thread 0x000001a8b8f662a0 Exception <a 'java/lang/NoSuchMethodError'{0x00000006213c2ac8}: 'int java.lang.invoke.DirectMethodHandle$Holder.invokeSpecial(java.lang.Object, java.lang.Object, java.lang.Object)'> (0x00000006213c2ac8) 
thrown [s\open\src\hotspot\share\interpreter\linkResolver.cpp, line 759]
Event: 0.120 Thread 0x000001a8b8f662a0 Exception <a 'sun/nio/fs/WindowsException'{0x0000000620c39198}> (0x0000000620c39198) 
thrown [s\open\src\hotspot\share\prims\jni.cpp, line 516]
Event: 0.120 Thread 0x000001a8b8f662a0 Exception <a 'sun/nio/fs/WindowsException'{0x0000000620c396e8}> (0x0000000620c396e8) 
thrown [s\open\src\hotspot\share\prims\jni.cpp, line 516]
Event: 0.151 Thread 0x000001a8b8f662a0 Exception <a 'java/lang/NoSuchMethodError'{0x0000000620d030d8}: 'int java.lang.invoke.DirectMethodHandle$Holder.invokeStaticInit(java.lang.Object, java.lang.Object, int, long)'> (0x0000000620d030d8) 
thrown [s\open\src\hotspot\share\interpreter\linkResolver.cpp, line 759]
Event: 0.152 Thread 0x000001a8b8f662a0 Exception <a 'java/lang/NoSuchMethodError'{0x0000000620d089a0}: 'java.lang.Object java.lang.invoke.DirectMethodHandle$Holder.newInvokeSpecial(java.lang.Object, java.lang.Object, int)'> (0x0000000620d089a0) 
thrown [s\open\src\hotspot\share\interpreter\linkResolver.cpp, line 759]
Event: 0.153 Thread 0x000001a8b8f662a0 Exception <a 'java/lang/NoSuchMethodError'{0x0000000620d18658}: 'int java.lang.invoke.DirectMethodHandle$Holder.invokeStaticInit(java.lang.Object, java.lang.Object, long, long)'> (0x0000000620d18658) 
thrown [s\open\src\hotspot\share\interpreter\linkResolver.cpp, line 759]
Event: 0.153 Thread 0x000001a8b8f662a0 Exception <a 'java/lang/NoSuchMethodError'{0x0000000620d1e768}: 'java.lang.Object java.lang.invoke.DirectMethodHandle$Holder.newInvokeSpecial(java.lang.Object, java.lang.Object, long)'> (0x0000000620d1e768) 
thrown [s\open\src\hotspot\share\interpreter\linkResolver.cpp, line 759]
Event: 0.153 Thread 0x000001a8b8f662a0 Exception <a 'java/lang/NoSuchMethodError'{0x0000000620d22a58}: 'java.lang.Object java.lang.invoke.Invokers$Holder.linkToTargetMethod(java.lang.Object, long, java.lang.Object)'> (0x0000000620d22a58) 
thrown [s\open\src\hotspot\share\interpreter\linkResolver.cpp, line 759]
Event: 0.154 Thread 0x000001a8b8f662a0 Exception <a 'java/lang/NoSuchMethodError'{0x0000000620d2a170}: 'int java.lang.invoke.DirectMethodHandle$Holder.invokeStaticInit(java.lang.Object, java.lang.Object, java.lang.Object, long)'> (0x0000000620d2a170) 
thrown [s\open\src\hotspot\share\interpreter\linkResolver.cpp, line 759]
Event: 0.167 Thread 0x000001a8b8f662a0 Exception <a 'sun/nio/fs/WindowsException'{0x0000000620de6ba0}> (0x0000000620de6ba0) 
thrown [s\open\src\hotspot\share\prims\jni.cpp, line 516]
Event: 0.167 Thread 0x000001a8b8f662a0 Exception <a 'sun/nio/fs/WindowsException'{0x0000000620de6f00}> (0x0000000620de6f00) 
thrown [s\open\src\hotspot\share\prims\jni.cpp, line 516]
Event: 0.392 Thread 0x000001a8b8f662a0 Exception <a 'sun/nio/fs/WindowsException'{0x0000000620e67140}> (0x0000000620e67140) 
thrown [s\open\src\hotspot\share\prims\jni.cpp, line 516]
Event: 0.392 Thread 0x000001a8b8f662a0 Exception <a 'sun/nio/fs/WindowsException'{0x0000000620e674e0}> (0x0000000620e674e0) 
thrown [s\open\src\hotspot\share\prims\jni.cpp, line 516]
Event: 0.397 Thread 0x000001a8b8f662a0 Exception <a 'sun/nio/fs/WindowsException'{0x0000000620e74a50}> (0x0000000620e74a50) 
thrown [s\open\src\hotspot\share\prims\jni.cpp, line 516]
Event: 0.397 Thread 0x000001a8b8f662a0 Exception <a 'sun/nio/fs/WindowsException'{0x0000000620e74d20}> (0x0000000620e74d20) 
thrown [s\open\src\hotspot\share\prims\jni.cpp, line 516]
Event: 0.498 Thread 0x000001a8b8f662a0 Exception <a 'sun/nio/fs/WindowsException'{0x000000062048e580}> (0x000000062048e580) 
thrown [s\open\src\hotspot\share\prims\jni.cpp, line 516]
Event: 0.498 Thread 0x000001a8b8f662a0 Exception <a 'sun/nio/fs/WindowsException'{0x000000062048e900}> (0x000000062048e900) 
thrown [s\open\src\hotspot\share\prims\jni.cpp, line 516]
Event: 1.602 Thread 0x000001a8b8f662a0 Implicit null exception at 0x000001a8c84a702f to 0x0000000000000000

VM Operations (16 events):
Event: 0.061 Executing VM operation: HandshakeAllThreads
Event: 0.061 Executing VM operation: HandshakeAllThreads done
Event: 0.131 Executing VM operation: HandshakeAllThreads
Event: 0.131 Executing VM operation: HandshakeAllThreads done
Event: 0.534 Executing VM operation: G1CollectForAllocation
Event: 0.536 Executing VM operation: G1CollectForAllocation done
Event: 0.581 Executing VM operation: G1CollectForAllocation
Event: 0.582 Executing VM operation: G1CollectForAllocation done
Event: 0.740 Executing VM operation: G1CollectForAllocation
Event: 0.744 Executing VM operation: G1CollectForAllocation done
Event: 0.929 Executing VM operation: HandshakeAllThreads
Event: 0.929 Executing VM operation: HandshakeAllThreads done
Event: 1.092 Executing VM operation: G1CollectForAllocation
Event: 1.099 Executing VM operation: G1CollectForAllocation done
Event: 1.601 Executing VM operation: HandshakeAllThreads
Event: 1.602 Executing VM operation: HandshakeAllThreads done

Events (20 events):
Event: 0.759 loading class java/util/spi/ResourceBundleProvider
Event: 0.759 loading class java/util/spi/ResourceBundleProvider done
Event: 0.759 loading class sun/util/resources/LocaleData$LocaleDataResourceBundleProvider done
Event: 0.759 loading class sun/util/resources/LocaleData$CommonResourceBundleProvider done
Event: 0.759 loading class sun/util/resources/Bundles$2
Event: 0.759 loading class sun/util/resources/Bundles$2 done
Event: 0.763 loading class java/lang/NumberFormatException
Event: 0.763 loading class java/lang/NumberFormatException done
Event: 0.897 Thread 0x000001a933762200 Thread exited: 0x000001a933762200
Event: 1.304 Thread 0x000001a8e6c6c6c0 Thread exited: 0x000001a8e6c6c6c0
Event: 1.304 Thread 0x000001a8e6c6bc20 Thread exited: 0x000001a8e6c6bc20
Event: 1.304 Thread 0x000001a8e6c6ebf0 Thread exited: 0x000001a8e6c6ebf0
Event: 1.304 Thread 0x000001a8e6c6e6a0 Thread exited: 0x000001a8e6c6e6a0
Event: 1.304 Thread 0x000001a8e6c6e150 Thread exited: 0x000001a8e6c6e150
Event: 1.304 Thread 0x000001a8e6c6f140 Thread exited: 0x000001a8e6c6f140
Event: 1.308 Thread 0x000001a8e6c6e150 Thread added: 0x000001a8e6c6e150
Event: 1.567 loading class java/lang/SecurityException
Event: 1.567 loading class java/lang/SecurityException done
Event: 1.601 loading class java/nio/HeapFloatBuffer
Event: 1.601 loading class java/nio/HeapFloatBuffer done


Dynamic libraries:
0x00007ff6f11f0000 - 0x00007ff6f1200000 	C:\Program Files\Java\jdk-17\bin\java.exe
0x00007ffd58c80000 - 0x00007ffd58ee8000 	C:\WINDOWS\SYSTEM32\ntdll.dll
0x00007ffd58710000 - 0x00007ffd587d9000 	C:\WINDOWS\System32\KERNEL32.DLL
0x00007ffd55dd0000 - 0x00007ffd561bd000 	C:\WINDOWS\System32\KERNELBASE.dll
0x00007ffd56790000 - 0x00007ffd568db000 	C:\WINDOWS\System32\ucrtbase.dll
0x00007ffd4e120000 - 0x00007ffd4e139000 	C:\Program Files\Java\jdk-17\bin\jli.dll
0x00007ffd30720000 - 0x00007ffd3073b000 	C:\Program Files\Java\jdk-17\bin\VCRUNTIME140.dll
0x00007ffd57f00000 - 0x00007ffd57fb4000 	C:\WINDOWS\System32\ADVAPI32.dll
0x00007ffd57dd0000 - 0x00007ffd57e79000 	C:\WINDOWS\System32\msvcrt.dll
0x00007ffd58940000 - 0x00007ffd589e6000 	C:\WINDOWS\System32\sechost.dll
0x00007ffd57700000 - 0x00007ffd57818000 	C:\WINDOWS\System32\RPCRT4.dll
0x00007ffd56a20000 - 0x00007ffd56bec000 	C:\WINDOWS\System32\USER32.dll
0x00007ffd565e0000 - 0x00007ffd56607000 	C:\WINDOWS\System32\win32u.dll
0x00007ffd576d0000 - 0x00007ffd576fb000 	C:\WINDOWS\System32\GDI32.dll
0x00007ffd568e0000 - 0x00007ffd56a17000 	C:\WINDOWS\System32\gdi32full.dll
0x00007ffd43350000 - 0x00007ffd435ea000 	C:\WINDOWS\WinSxS\amd64_microsoft.windows.common-controls_6595b64144ccf1df_6.0.26100.4484_none_3e0e6d4ce32ef3b3\COMCTL32.dll
0x00007ffd562f0000 - 0x00007ffd56393000 	C:\WINDOWS\System32\msvcp_win.dll
0x00007ffd4d850000 - 0x00007ffd4d85b000 	C:\WINDOWS\SYSTEM32\VERSION.dll
0x00007ffd58c00000 - 0x00007ffd58c2f000 	C:\WINDOWS\System32\IMM32.DLL
0x00007ffd462e0000 - 0x00007ffd462ec000 	C:\Program Files\Java\jdk-17\bin\vcruntime140_1.dll
0x00007ffd04b60000 - 0x00007ffd04bee000 	C:\Program Files\Java\jdk-17\bin\msvcp140.dll
0x00007ffcde140000 - 0x00007ffcded20000 	C:\Program Files\Java\jdk-17\bin\server\jvm.dll
0x00007ffd56ef0000 - 0x00007ffd56ef8000 	C:\WINDOWS\System32\PSAPI.DLL
0x00007ffd412b0000 - 0x00007ffd412ba000 	C:\WINDOWS\SYSTEM32\WSOCK32.dll
0x00007ffd4af50000 - 0x00007ffd4af85000 	C:\WINDOWS\SYSTEM32\WINMM.dll
0x00007ffd57e80000 - 0x00007ffd57ef4000 	C:\WINDOWS\System32\WS2_32.dll
0x00007ffd54b70000 - 0x00007ffd54b8b000 	C:\WINDOWS\SYSTEM32\kernel.appcore.dll
0x00007ffd41070000 - 0x00007ffd4107a000 	C:\Program Files\Java\jdk-17\bin\jimage.dll
0x00007ffd48850000 - 0x00007ffd48a91000 	C:\WINDOWS\SYSTEM32\DBGHELP.DLL
0x00007ffd57a30000 - 0x00007ffd57db6000 	C:\WINDOWS\System32\combase.dll
0x00007ffd58b10000 - 0x00007ffd58bf0000 	C:\WINDOWS\System32\OLEAUT32.dll
0x00007ffd31830000 - 0x00007ffd31873000 	C:\WINDOWS\SYSTEM32\dbgcore.DLL
0x00007ffd56250000 - 0x00007ffd562e9000 	C:\WINDOWS\System32\bcryptPrimitives.dll
0x00007ffd30320000 - 0x00007ffd30345000 	C:\Program Files\Java\jdk-17\bin\java.dll
0x00007ffd04a80000 - 0x00007ffd04b57000 	C:\Program Files\Java\jdk-17\bin\jsvml.dll
0x00007ffd57fc0000 - 0x00007ffd5870a000 	C:\WINDOWS\System32\SHELL32.dll
0x00007ffd56610000 - 0x00007ffd56784000 	C:\WINDOWS\System32\wintypes.dll
0x00007ffd53a50000 - 0x00007ffd542ab000 	C:\WINDOWS\SYSTEM32\windows.storage.dll
0x00007ffd57390000 - 0x00007ffd57485000 	C:\WINDOWS\System32\SHCORE.dll
0x00007ffd58aa0000 - 0x00007ffd58b0a000 	C:\WINDOWS\System32\shlwapi.dll
0x00007ffd55ce0000 - 0x00007ffd55d0f000 	C:\WINDOWS\SYSTEM32\profapi.dll
0x00007ffd2fa90000 - 0x00007ffd2faa9000 	C:\Program Files\Java\jdk-17\bin\net.dll
0x00007ffd4f790000 - 0x00007ffd4f8ae000 	C:\WINDOWS\SYSTEM32\WINHTTP.dll
0x00007ffd55100000 - 0x00007ffd5516a000 	C:\WINDOWS\system32\mswsock.dll
0x00007ffd2f430000 - 0x00007ffd2f446000 	C:\Program Files\Java\jdk-17\bin\nio.dll
0x00007ffd2fab0000 - 0x00007ffd2fac8000 	C:\Program Files\Java\jdk-17\bin\zip.dll
0x00007ffd2ecd0000 - 0x00007ffd2ed4e000 	C:\Users\mirek\AppData\Local\Temp\lwjgl_mirek\3.3.6+1\x64\lwjgl.dll
0x00007ffd2ca20000 - 0x00007ffd2caa9000 	C:\Users\mirek\AppData\Local\Temp\lwjgl_mirek\3.3.6+1\x64\glfw.dll
0x00007ffd21c40000 - 0x00007ffd21c8b000 	C:\WINDOWS\SYSTEM32\dinput8.dll
0x00007ffd4c980000 - 0x00007ffd4c992000 	C:\WINDOWS\SYSTEM32\xinput1_4.dll
0x00007ffd55940000 - 0x00007ffd55997000 	C:\WINDOWS\SYSTEM32\cfgmgr32.dll
0x00007ffd55910000 - 0x00007ffd5593d000 	C:\WINDOWS\SYSTEM32\DEVOBJ.dll
0x00007ffd535b0000 - 0x00007ffd535e6000 	C:\WINDOWS\SYSTEM32\dwmapi.dll
0x00007ffd33fa0000 - 0x00007ffd34183000 	C:\WINDOWS\SYSTEM32\inputhost.dll
0x00007ffd51430000 - 0x00007ffd51555000 	C:\WINDOWS\SYSTEM32\CoreMessaging.dll
0x00007ffd52fd0000 - 0x00007ffd5307f000 	C:\WINDOWS\system32\uxtheme.dll
0x00007ffd553d0000 - 0x00007ffd553dc000 	C:\WINDOWS\SYSTEM32\CRYPTBASE.DLL
0x00007ffd57890000 - 0x00007ffd579f0000 	C:\WINDOWS\System32\MSCTF.dll
0x00007ffcbfe70000 - 0x00007ffcbff88000 	C:\WINDOWS\SYSTEM32\opengl32.dll
0x00007ffcbfe40000 - 0x00007ffcbfe6d000 	C:\WINDOWS\SYSTEM32\GLU32.dll
0x00007ffd53180000 - 0x00007ffd531cd000 	C:\WINDOWS\SYSTEM32\dxcore.dll
0x00007ffd46360000 - 0x00007ffd4637a000 	C:\WINDOWS\SYSTEM32\windows.staterepositorycore.dll
0x00007ffcbd4f0000 - 0x00007ffcbfe34000 	C:\WINDOWS\System32\DriverStore\FileRepository\nv_dispi.inf_amd64_fe5f369669db2f36\nvoglv64.dll
0x00007ffd56f00000 - 0x00007ffd57386000 	C:\WINDOWS\System32\SETUPAPI.dll
0x00007ffd57520000 - 0x00007ffd576be000 	C:\WINDOWS\System32\ole32.dll
0x00007ffd51e70000 - 0x00007ffd51e86000 	C:\WINDOWS\SYSTEM32\WTSAPI32.dll
0x00007ffd554e0000 - 0x00007ffd554f3000 	C:\WINDOWS\SYSTEM32\msasn1.dll
0x00007ffd4d810000 - 0x00007ffd4d84b000 	C:\WINDOWS\SYSTEM32\cryptnet.dll
0x00007ffd563a0000 - 0x00007ffd56517000 	C:\WINDOWS\System32\CRYPT32.dll
0x00007ffd55470000 - 0x00007ffd554db000 	C:\WINDOWS\SYSTEM32\wldp.dll
0x00007ffd4d4c0000 - 0x00007ffd4d63c000 	C:\WINDOWS\SYSTEM32\drvstore.dll
0x00007ffd561c0000 - 0x00007ffd56244000 	C:\WINDOWS\System32\WINTRUST.dll
0x00007ffd54ca0000 - 0x00007ffd54cd6000 	C:\WINDOWS\SYSTEM32\ntmarta.dll
0x00007ffd57a00000 - 0x00007ffd57a20000 	C:\WINDOWS\System32\imagehlp.dll
0x00007ffd553b0000 - 0x00007ffd553cb000 	C:\WINDOWS\SYSTEM32\CRYPTSP.dll
0x00007ffd54ad0000 - 0x00007ffd54b0b000 	C:\WINDOWS\system32\rsaenh.dll
0x00007ffd55cb0000 - 0x00007ffd55cd6000 	C:\WINDOWS\SYSTEM32\bcrypt.dll
0x00007ffd3a7a0000 - 0x00007ffd3e532000 	C:\WINDOWS\System32\DriverStore\FileRepository\nv_dispi.inf_amd64_fe5f369669db2f36\nvgpucomp64.dll
0x00007ffd237e0000 - 0x00007ffd23af4000 	C:\WINDOWS\system32\nvspcap64.dll
0x00007ffd55b70000 - 0x00007ffd55bce000 	C:\WINDOWS\SYSTEM32\powrprof.dll
0x00007ffd55a60000 - 0x00007ffd55a74000 	C:\WINDOWS\SYSTEM32\UMPDC.dll
0x00007ffd559d0000 - 0x00007ffd55a37000 	C:\WINDOWS\SYSTEM32\WINSTA.dll
0x00007ffd33da0000 - 0x00007ffd33ef0000 	C:\WINDOWS\SYSTEM32\textinputframework.dll
0x00007ffd3fc90000 - 0x00007ffd3ff73000 	C:\WINDOWS\SYSTEM32\CoreUIComponents.dll
0x00007ffd2ec70000 - 0x00007ffd2eccd000 	C:\Users\mirek\AppData\Local\Temp\lwjgl_mirek\3.3.6+1\x64\lwjgl_opengl.dll
0x00007ffd30700000 - 0x00007ffd30710000 	C:\Program Files\Java\jdk-17\bin\verify.dll
0x00007ffd2c170000 - 0x00007ffd2c209000 	C:\Users\mirek\AppData\Local\Temp\lwjgl_mirek\3.3.6+1\x64\lwjgl_stb.dll

dbghelp: loaded successfully - version: 4.0.5 - missing functions: none
symbol engine: initialized successfully - sym options: 0x614 - pdb path: .;C:\Program Files\Java\jdk-17\bin;C:\WINDOWS\SYSTEM32;C:\WINDOWS\WinSxS\amd64_microsoft.windows.common-controls_6595b64144ccf1df_6.0.26100.4484_none_3e0e6d4ce32ef3b3;C:\Program Files\Java\jdk-17\bin\server;C:\Users\mirek\AppData\Local\Temp\lwjgl_mirek\3.3.6+1\x64;C:\WINDOWS\System32\DriverStore\FileRepository\nv_dispi.inf_amd64_fe5f369669db2f36

VM Arguments:
jvm_args: -Dfile.encoding=UTF-8 -Duser.country=DE -Duser.language=de -Duser.variant 
java_command: engine.Main
java_class_path (initial): C:\Users\mirek\Desktop\Programming Stuff\OpenGL\Mian Engine\Mian-engine-v1\build\classes\java\main;C:\Users\mirek\Desktop\Programming Stuff\OpenGL\Mian Engine\Mian-engine-v1\build\resources\main;C:\Users\mirek\.gradle\caches\modules-2\files-2.1\org.lwjgl\lwjgl-glfw\3.3.6\7119f7d0eeb1e5502ff0ca71d2b4d47317da015\lwjgl-glfw-3.3.6.jar;C:\Users\mirek\.gradle\caches\modules-2\files-2.1\org.lwjgl\lwjgl-glfw\3.3.6\99ef08056feb9627f90425a4d2a22cd9fae8e39b\lwjgl-glfw-3.3.6-natives-windows.jar;C:\Users\mirek\.gradle\caches\modules-2\files-2.1\org.lwjgl\lwjgl-opengl\3.3.6\ac2532612a4df374e9a9282bcf8ce2573018ebbb\lwjgl-opengl-3.3.6.jar;C:\Users\mirek\.gradle\caches\modules-2\files-2.1\org.lwjgl\lwjgl-opengl\3.3.6\18dc639ebc94aa5202c2157f7490d28997b697c5\lwjgl-opengl-3.3.6-natives-windows.jar;C:\Users\mirek\.gradle\caches\modules-2\files-2.1\org.lwjgl\lwjgl-stb\3.3.6\e2d3739dcfe7b672b626ded66d94f6587083306e\lwjgl-stb-3.3.6.jar;C:\Users\mirek\.gradle\caches\modules-2\files-2.1\org.lwjgl\lwjgl-stb\3.3.6\334cf885b39e2db9070c39e70e65efb136435f10\lwjgl-stb-3.3.6-natives-windows.jar;C:\Users\mirek\.gradle\caches\modules-2\files-2.1\org.lwjgl\lwjgl\3.3.6\ce7721d30cfaf47feaed10213e0c43eb55c49d68\lwjgl-3.3.6.jar;C:\Users\mirek\.gradle\caches\modules-2\files-2.1\org.lwjgl\lwjgl\3.3.6\9a29b6a22fc5184604b8cb434ee5d5ecc4bfcbee\lwjgl-3.3.6-natives-windows.jar;C:\Users\mirek\.gradle\caches\modules-2\files-2.1\org.joml\joml\1.10.5\22566d58af70ad3d72308bab63b8339906deb649\joml-1.10.5.jar;C:\Users\mirek\.gradle\caches\modules-2\files-2.1\com.github.stephengold\jbullet\1.0.3\362f53e8aa981037c2523ac24eb4d9b190a49036\jbullet-1.0.3.jar;C:\Users\mirek\.gradle\caches\modules-2\files-2.1\javax.vecmath\vecmath\1.5.2\fd17bc3e67f909573dfc039d8e2abecf407c4e27\vecmath-1.5.2.jar;C:\Users\mirek\.gradle\caches\modules-2\files-2.1\com.github.stephengold\stack-alloc\1.0.2\13cbb10c01ec09d0f5879f988946a97998175dfc\stack-alloc-1.0.2.jar
Launcher Type: SUN_STANDARD

[Global flags]
     intx CICompilerCount                          = 12                                        {product} {ergonomic}
     uint ConcGCThreads                            = 5                                         {product} {ergonomic}
     uint G1ConcRefinementThreads                  = 18                                        {product} {ergonomic}
   size_t G1HeapRegionSize                         = 4194304                                   {product} {ergonomic}
    uintx GCDrainStackTargetSize                   = 64                                        {product} {ergonomic}
   size_t InitialHeapSize                          = 536870912                                 {product} {ergonomic}
   size_t MarkStackSize                            = 4194304                                   {product} {ergonomic}
   size_t MaxHeapSize                              = 8568963072                                {product} {ergonomic}
   size_t MaxNewSize                               = 5138022400                                {product} {ergonomic}
   size_t MinHeapDeltaBytes                        = 4194304                                   {product} {ergonomic}
   size_t MinHeapSize                              = 8388608                                   {product} {ergonomic}
    uintx NonNMethodCodeHeapSize                   = 7602480                                {pd product} {ergonomic}
    uintx NonProfiledCodeHeapSize                  = 122027880                              {pd product} {ergonomic}
    uintx ProfiledCodeHeapSize                     = 122027880                              {pd product} {ergonomic}
    uintx ReservedCodeCacheSize                    = 251658240                              {pd product} {ergonomic}
     bool SegmentedCodeCache                       = true                                      {product} {ergonomic}
   size_t SoftMaxHeapSize                          = 8568963072                             {manageable} {ergonomic}
     bool UseCompressedClassPointers               = true                           {product lp64_product} {ergonomic}
     bool UseCompressedOops                        = true                           {product lp64_product} {ergonomic}
     bool UseG1GC                                  = true                                      {product} {ergonomic}
     bool UseLargePagesIndividualAllocation        = false                                  {pd product} {ergonomic}

Logging:
Log output configuration:
 #0: stdout all=warning uptime,level,tags
 #1: stderr all=off uptime,level,tags

Environment Variables:
JAVA_HOME=C:\Users\mirek\.jdks\corretto-1.8.0_442
CLASSPATH=c:\Users\mirek\.vscode\extensions\vscjava.vscode-gradle-3.16.4\lib\gradle-server.jar
PATH=;C:\Program Files\Common Files\Oracle\Java\javapath;C:\Program Files (x86)\Common Files\Oracle\Java\java8path;C:\Program Files (x86)\Common Files\Oracle\Java\javapath;C:\Program Files\Microsoft MPI\Bin\;C:\Program Files\Eclipse Adoptium\jdk-21.0.3.9-hotspot\bin;C:\Python312\Scripts\;C:\Python312\;C:\Program Files (x86)\Razer Chroma SDK\bin;C:\Program Files\Razer Chroma SDK\bin;C:\Program Files (x86)\Razer\ChromaBroadcast\bin;C:\Program Files\Razer\ChromaBroadcast\bin;C:\Program Files\Eclipse Adoptium\jdk-17.0.10.7-hotspot\bin;C:\Windows\system32;C:\Windows;C:\Windows\System32\Wbem;C:\Windows\System32\WindowsPowerShell\v1.0\;C:\Windows\System32\OpenSSH\;C:\Program Files\dotnet\;C:\Windows\system32\config\systemprofile\AppData\Local\Microsoft\WindowsApps;C:\Users\mirek\AppData\Local\Microsoft\WindowsApps;D:\Microsoft VS Code\bin;D:\IntelliJ IDEA Community Edition 2023.3.6\bin;C:\Users\mirek\.dotnet\tools;C:\Program Files\nodejs\;C:\ProgramData\chocolatey\bin;C:\Program Files\Git\cmd;C:\Program Files\Microsoft SQL Server\150\Tools\Binn\;C:\Program Files\Microsoft SQL Server\Client SDK\ODBC\170\Tools\Binn\;C:\msys64\mingw64\bin;;C:\WINDOWS\system32;C:\WINDOWS;C:\WINDOWS\System32\Wbem;C:\WINDOWS\System32\WindowsPowerShell\v1.0\;C:\WINDOWS\System32\OpenSSH\;C:\Program Files\NVIDIA Corporation\NVIDIA App\NvDLISR;C:\Program Files (x86)\NVIDIA Corporation\PhysX\Common;C:\Users\mirek\.cargo\bin;C:\Users\mirek\AppData\Local\Programs\Python\Python311\Scripts\;C:\Users\mirek\AppData\Local\Programs\Python\Python311\;C:\Users\mirek\AppData\Local\Microsoft\WindowsApps;D:\Microsoft VS Code\bin;D:\IntelliJ IDEA Community Edition 2023.3.6\bin;;C:\Users\mirek\.dotnet\tools;C:\Users\mirek\AppData\Roaming\npm;C:\Users\mirek\AppData\Local\Muse Hub\lib;C:\msys64\mingw64\bin;C:\ffmpeg\bin;C:\Gradle\gradle-8.12-all\gradle-8.12\bin;C:\Program Files (x86)\Atmel\Flip 3.4.7\bin;C:\Program Files (x86)\Nmap;C:\maven\bin;C:\Users\mirek\AppData\Local\Microsoft\WinGet\Packages\Microsoft.devtunnel_M
USERNAME=mirek
OS=Windows_NT
PROCESSOR_IDENTIFIER=AMD64 Family 25 Model 33 Stepping 2, AuthenticAMD



---------------  S Y S T E M  ---------------

OS:
 Windows 11 , 64 bit Build 26100 (10.0.26100.4484)
OS uptime: 0 days 13:35 hours

CPU: total 24 (initial active 24) (24 cores per cpu, 2 threads per core) family 25 model 33 stepping 2 microcode 0xa201213, cx8, cmov, fxsr, ht, mmx, 3dnowpref, sse, sse2, sse3, ssse3, sse4a, sse4.1, sse4.2, popcnt, lzcnt, tsc, tscinvbit, avx, avx2, aes, erms, clmul, bmi1, bmi2, adx, sha, fma, vzeroupper, clflush, clflushopt

Memory: 4k page, system-wide physical 32681M (14449M free)
TotalPageFile size 43945M (AvailPageFile size 16117M)
current process WorkingSet (physical memory assigned to process): 651M, peak: 652M
current process commit charge ("private bytes"): 901M, peak: 905M

vm_info: Java HotSpot(TM) 64-Bit Server VM (17.0.11+7-LTS-207) for windows-amd64 JRE (17.0.11+7-LTS-207), built on Mar 11 2024 19:01:50 by "mach5one" with MS VC++ 17.6 (VS2022)

END.
