#
# A fatal error has been detected by the Java Runtime Environment:
#
#  EXCEPTION_ACCESS_VIOLATION (0xc0000005) at pc=0x00007ff8b4377b74, pid=22660, tid=29996
#
# JRE version: OpenJDK Runtime Environment Temurin-21.0.8+9 (21.0.8+9) (build 21.0.8+9-LTS)
# Java VM: OpenJDK 64-Bit Server VM Temurin-21.0.8+9 (21.0.8+9-LTS, mixed mode, sharing, tiered, compressed oops, compressed class ptrs, g1 gc, windows-amd64)
# Problematic frame:
# C  [lwjgl_stb.dll+0x27b74]
#
# No core dump will be written. Minidumps are not enabled by default on client versions of Windows
#
# If you would like to submit a bug report, please visit:
#   https://github.com/adoptium/adoptium-support/issues
# The crash happened outside the Java Virtual Machine in native code.
# See problematic frame for where to report the bug.
#

---------------  S U M M A R Y ------------

Command Line: -Dfile.encoding=UTF-8 -Duser.country=DE -Duser.language=de -Duser.variant engine.Main

Host: AMD Ryzen 9 5900X 12-Core Processor            , 24 cores, 31G,  Windows 11 , 64 bit Build 26100 (10.0.26100.4484)
Time: Mon Aug 18 12:49:33 2025 Mitteleuropäische Sommerzeit elapsed time: 0.632206 seconds (0d 0h 0m 0s)

---------------  T H R E A D  ---------------

Current thread (0x0000019e0e13b750):  JavaThread "main"             [_thread_in_native, id=29996, stack(0x0000005b45700000,0x0000005b45800000) (1024K)]

Stack: [0x0000005b45700000,0x0000005b45800000],  sp=0x0000005b457fefb8,  free space=1019k
Native frames: (J=compiled Java code, j=interpreted, Vv=VM code, C=native code)
C  [lwjgl_stb.dll+0x27b74]

Java frames: (J=compiled Java code, j=interpreted, Vv=VM code)
j  org.lwjgl.stb.STBTruetype.nstbtt_InitFont(JJI)I+0
j  org.lwjgl.stb.STBTruetype.stbtt_InitFont(Lorg/lwjgl/stb/STBTTFontinfo;Ljava/nio/ByteBuffer;)Z+9
j  text.Font.<init>(Ljava/lang/String;)V+31
j  text.Text.<init>(Ljava/lang/String;)V+16
j  engine.Renderer.init()V+37
j  engine.Main.main([Ljava/lang/String;)V+45
v  ~StubRoutines::call_stub 0x0000019e1aba100d

siginfo: EXCEPTION_ACCESS_VIOLATION (0xc0000005), reading address 0x0000000000000014


Registers:
RAX=0x0000000000000000, RBX=0x0000000000000000, RCX=0x0000000000000010, RDX=0x0000000000000000
RSP=0x0000005b457fefb8, RBP=0x0000005b457ff038, RSI=0x0000000000000010, RDI=0x000000000000000c
R8 =0x00007ff8b43ba184, R9 =0x0000000000000010, R10=0x0000019e1abace1c, R11=0x0000000000000010
R12=0x0000000000000000, R13=0x0000000000000000, R14=0x0000005b457ff150, R15=0x0000000000000010
RIP=0x00007ff8b4377b74, EFLAGS=0x0000000000010246

XMM[0]=0x0000000000000000 0x0000000000000000
XMM[1]=0x0000000000000000 0x0000000000000000
XMM[2]=0x2525252525252525 0x2525252525252525
XMM[3]=0x4808ec83489cf0e4 0x834824048b48ec8b
XMM[4]=0x4850246c89486024 0x5c89486824548948
XMM[5]=0x5f65707974657572 0x544254535f627473
XMM[6]=0x0000000000000000 0x0000000000000074
XMM[7]=0x0000000000000000 0x000000000000006f
XMM[8]=0x0000000000000000 0x0000000000000000
XMM[9]=0x0000000000000000 0x000000000000006f
XMM[10]=0x0000000000000000 0x0000000000000000
XMM[11]=0x0000000000000000 0x0000000000000061
XMM[12]=0x0000000000000000 0x0000000000000000
XMM[13]=0x0000000000000000 0x0000000000000000
XMM[14]=0x0000000000000000 0x0000000000000000
XMM[15]=0x0000000000000000 0x0000000000000000
  MXCSR=0x00001fa0


Register to memory mapping:

RAX=0x0 is null
RBX=0x0 is null
RCX=0x0000000000000010 is an unknown value
RDX=0x0 is null
RSP=0x0000005b457fefb8 is pointing into the stack for thread: 0x0000019e0e13b750
RBP=0x0000005b457ff038 is pointing into the stack for thread: 0x0000019e0e13b750
RSI=0x0000000000000010 is an unknown value
RDI=0x000000000000000c is an unknown value
R8 =0x00007ff8b43ba184 lwjgl_stb.dll
R9 =0x0000000000000010 is an unknown value
R10=0x0000019e1abace1c is at code_begin+1020 in an Interpreter codelet
native method entry point (kind = native)  [0x0000019e1abaca20, 0x0000019e1abad548]  2856 bytes
R11=0x0000000000000010 is an unknown value
R12=0x0 is null
R13=0x0 is null
R14=0x0000005b457ff150 is pointing into the stack for thread: 0x0000019e0e13b750
R15=0x0000000000000010 is an unknown value

Top of Stack: (sp=0x0000005b457fefb8)
0x0000005b457fefb8:   00007ff8b4377dbd 0000000000000000
0x0000005b457fefc8:   0000019e7ce7ccd0 0000019e0e13b750
0x0000005b457fefd8:   0000019e72627ec0 0000000000000000
0x0000005b457fefe8:   0000000000000010 0000000000000010
0x0000005b457feff8:   0000019e0e13b750 0000000000000000
0x0000005b457ff008:   0000000000000000 0000005b457ff030
0x0000005b457ff018:   0000019e0e13b750 0000000000015775
0x0000005b457ff028:   0000019e0e13b750 0000019e72627ec0
0x0000005b457ff038:   0000019e0e13b750 0000005b457ff150
0x0000005b457ff048:   0000019e72627ec0 0000000000000000
0x0000005b457ff058:   0000000000000010 0000000000000010
0x0000005b457ff068:   0000019e72627ec0 0000005b457ff110
0x0000005b457ff078:   0000019e1abace4b 0000019e72627ec0
0x0000005b457ff088:   0000005b457ff150 0000000000000000
0x0000005b457ff098:   0000019e1abacb37 0000019e00000000
0x0000005b457ff0a8:   0000000000000010 0000019e1aba8860
0x0000005b457ff0b8:   00007ff84218f4bf 0000019e1abacadf
0x0000005b457ff0c8:   0000005b457ff0c8 0000019e72627ec0
0x0000005b457ff0d8:   0000000000000008 0000019e726336d8
0x0000005b457ff0e8:   0000000000000000 00000006210cce28
0x0000005b457ff0f8:   0000019e72627ec0 0000000000000000
0x0000005b457ff108:   0000005b457ff130 0000005b457ff1a0
0x0000005b457ff118:   0000019e1aba8988 00000006210cce28
0x0000005b457ff128:   0000019e1abaa3d5 0000000000000000
0x0000005b457ff138:   0000000000000010 0000000000000000
0x0000005b457ff148:   0000019e7ce7ccd0 0000000000000000
0x0000005b457ff158:   0000005b457ff158 0000019e72625099
0x0000005b457ff168:   0000000000000003 0000019e726336d8
0x0000005b457ff178:   0000000000000000 00000006210cce28
0x0000005b457ff188:   0000019e726250d8 0000005b457ff130
0x0000005b457ff198:   0000005b457ff1b0 0000005b457ff208
0x0000005b457ff1a8:   0000019e1aba8988 00000006210586f0 

Instructions: (pc=0x00007ff8b4377b74)
0x00007ff8b4377a74:   db eb 03 45 33 c0 8d 46 01 48 c7 04 24 00 00 00
0x00007ff8b4377a84:   00 0f af c7 41 8d 4a 02 45 2b c2 48 c7 44 24 08
0x00007ff8b4377a94:   00 00 00 00 03 c8 78 21 45 85 c0 78 1c 41 3b c9
0x00007ff8b4377aa4:   7f 17 44 2b c9 45 3b c1 7f 0f 48 63 c1 49 03 03
0x00007ff8b4377ab4:   48 89 04 24 44 89 44 24 0c 0f 10 04 24 48 8b 5c
0x00007ff8b4377ac4:   24 20 48 8b c5 48 8b 74 24 30 0f 11 45 00 48 8b
0x00007ff8b4377ad4:   6c 24 28 48 83 c4 10 5f c3 cc cc cc 0f b6 01 3c
0x00007ff8b4377ae4:   31 75 12 80 79 01 00 75 67 80 79 02 00 75 61 80
0x00007ff8b4377af4:   79 03 00 eb 53 3c 74 75 12 80 79 01 79 75 0c 80
0x00007ff8b4377b04:   79 02 70 75 06 80 79 03 31 74 3f 3c 4f 75 11 80
0x00007ff8b4377b14:   79 01 54 75 3b 80 79 02 54 75 35 38 41 03 eb 28
0x00007ff8b4377b24:   84 c0 75 10 80 79 01 01 75 26 38 41 02 75 21 38
0x00007ff8b4377b34:   41 03 eb 14 3c 74 75 18 80 79 01 72 75 12 80 79
0x00007ff8b4377b44:   02 75 75 0c 80 79 03 65 75 06 b8 01 00 00 00 c3
0x00007ff8b4377b54:   33 c0 c3 cc cc cc cc cc cc cc cc cc 48 89 5c 24
0x00007ff8b4377b64:   08 48 89 7c 24 10 8b c2 8d 7a 0c 33 d2 4c 8b d9
0x00007ff8b4377b74:   44 0f b6 54 08 04 0f b6 44 08 05 41 c1 e2 08 44
0x00007ff8b4377b84:   03 d0 74 4f 41 0f be 18 0f 1f 40 00 8b c2 c1 e0
0x00007ff8b4377b94:   04 03 c7 44 8b c8 42 0f b6 04 18 3b c3 75 2d 43
0x00007ff8b4377ba4:   0f b6 4c 19 01 41 0f be 40 01 3b c8 75 1e 43 0f
0x00007ff8b4377bb4:   b6 4c 19 02 41 0f be 40 02 3b c8 75 0f 43 0f b6
0x00007ff8b4377bc4:   4c 19 03 41 0f be 40 03 3b c8 74 14 ff c2 41 3b
0x00007ff8b4377bd4:   d2 7c b9 33 c0 48 8b 5c 24 08 48 8b 7c 24 10 c3
0x00007ff8b4377be4:   43 0f b6 4c 19 09 43 0f b6 44 19 08 48 8b 5c 24
0x00007ff8b4377bf4:   08 48 8b 7c 24 10 c1 e0 08 03 c1 43 0f b6 4c 19
0x00007ff8b4377c04:   0a c1 e0 08 03 c1 43 0f b6 4c 19 0b c1 e0 08 03
0x00007ff8b4377c14:   c1 c3 cc cc cc cc cc cc cc cc cc cc 48 89 5c 24
0x00007ff8b4377c24:   10 48 89 6c 24 18 56 57 41 56 48 83 ec 40 45 33
0x00007ff8b4377c34:   f6 49 8b c0 48 8b ea 44 89 74 24 60 48 8b f9 4c
0x00007ff8b4377c44:   89 74 24 78 48 8b d0 48 8d 4c 24 20 45 8d 46 12
0x00007ff8b4377c54:   e8 97 fb ff ff 41 8b de 0f 10 00 0f 11 44 24 20
0x00007ff8b4377c64:   8b 44 24 2c 39 44 24 28 7d 17 48 8d 4c 24 20 e8 


Stack slot to memory mapping:

stack at sp + 0 slots: 0x00007ff8b4377dbd lwjgl_stb.dll
stack at sp + 1 slots: 0x0 is null
stack at sp + 2 slots: 0x0000019e7ce7ccd0 points into unknown readable memory: 0x0000000000000000 | 00 00 00 00 00 00 00 00
stack at sp + 3 slots: 0x0000019e0e13b750 is a thread
stack at sp + 4 slots: {method} {0x0000019e72627ec8} 'nstbtt_InitFont' '(JJI)I' in 'org/lwjgl/stb/STBTruetype'
stack at sp + 5 slots: 0x0 is null
stack at sp + 6 slots: 0x0000000000000010 is an unknown value
stack at sp + 7 slots: 0x0000000000000010 is an unknown value


---------------  P R O C E S S  ---------------

Threads class SMR info:
_java_thread_list=0x0000019e7677a3c0, length=21, elements={
0x0000019e0e13b750, 0x0000019e2d7dc050, 0x0000019e2d7dd810, 0x0000019e30b88470,
0x0000019e30b88ff0, 0x0000019e30b8a5b0, 0x0000019e30b8be30, 0x0000019e30b8f990,
0x0000019e30b9c5d0, 0x0000019e30c3f070, 0x0000019e30d631e0, 0x0000019e30d69c80,
0x0000019e76771610, 0x0000019e76063010, 0x0000019e7ce80920, 0x0000019e7d028a60,
0x0000019e767b1650, 0x0000019e7ceb1630, 0x0000019e7ceb1cd0, 0x0000019e7ceb2370,
0x0000019e7ceb2a10
}

Java Threads: ( => current thread )
=>0x0000019e0e13b750 JavaThread "main"                              [_thread_in_native, id=29996, stack(0x0000005b45700000,0x0000005b45800000) (1024K)]
  0x0000019e2d7dc050 JavaThread "Reference Handler"          daemon [_thread_blocked, id=8244, stack(0x0000005b45f00000,0x0000005b46000000) (1024K)]
  0x0000019e2d7dd810 JavaThread "Finalizer"                  daemon [_thread_blocked, id=14988, stack(0x0000005b46000000,0x0000005b46100000) (1024K)]
  0x0000019e30b88470 JavaThread "Signal Dispatcher"          daemon [_thread_blocked, id=31540, stack(0x0000005b46100000,0x0000005b46200000) (1024K)]
  0x0000019e30b88ff0 JavaThread "Attach Listener"            daemon [_thread_blocked, id=17464, stack(0x0000005b46200000,0x0000005b46300000) (1024K)]
  0x0000019e30b8a5b0 JavaThread "Service Thread"             daemon [_thread_blocked, id=13236, stack(0x0000005b46300000,0x0000005b46400000) (1024K)]
  0x0000019e30b8be30 JavaThread "Monitor Deflation Thread"   daemon [_thread_blocked, id=29736, stack(0x0000005b46400000,0x0000005b46500000) (1024K)]
  0x0000019e30b8f990 JavaThread "C2 CompilerThread0"         daemon [_thread_blocked, id=30000, stack(0x0000005b46500000,0x0000005b46600000) (1024K)]
  0x0000019e30b9c5d0 JavaThread "C1 CompilerThread0"         daemon [_thread_blocked, id=27892, stack(0x0000005b46600000,0x0000005b46700000) (1024K)]
  0x0000019e30c3f070 JavaThread "C1 CompilerThread1"         daemon [_thread_blocked, id=2356, stack(0x0000005b46700000,0x0000005b46800000) (1024K)]
  0x0000019e30d631e0 JavaThread "Notification Thread"        daemon [_thread_blocked, id=9976, stack(0x0000005b46800000,0x0000005b46900000) (1024K)]
  0x0000019e30d69c80 JavaThread "Common-Cleaner"             daemon [_thread_blocked, id=13176, stack(0x0000005b46900000,0x0000005b46a00000) (1024K)]
  0x0000019e76771610 JavaThread "C2 CompilerThread1"         daemon [_thread_blocked, id=35328, stack(0x0000005b47100000,0x0000005b47200000) (1024K)]
  0x0000019e76063010 JavaThread "C1 CompilerThread2"         daemon [_thread_blocked, id=20772, stack(0x0000005b47200000,0x0000005b47300000) (1024K)]
  0x0000019e7ce80920 JavaThread "C1 CompilerThread3"         daemon [_thread_blocked, id=21712, stack(0x0000005b47300000,0x0000005b47400000) (1024K)]
  0x0000019e7d028a60 JavaThread "C2 CompilerThread2"         daemon [_thread_blocked, id=26544, stack(0x0000005b47400000,0x0000005b47500000) (1024K)]
  0x0000019e767b1650 JavaThread "C2 CompilerThread3"         daemon [_thread_in_native, id=14824, stack(0x0000005b47500000,0x0000005b47600000) (1024K)]
  0x0000019e7ceb1630 JavaThread "C2 CompilerThread4"         daemon [_thread_in_native, id=11608, stack(0x0000005b47600000,0x0000005b47700000) (1024K)]
  0x0000019e7ceb1cd0 JavaThread "C2 CompilerThread5"         daemon [_thread_blocked, id=28056, stack(0x0000005b47700000,0x0000005b47800000) (1024K)]
  0x0000019e7ceb2370 JavaThread "C2 CompilerThread6"         daemon [_thread_blocked, id=21264, stack(0x0000005b47800000,0x0000005b47900000) (1024K)]
  0x0000019e7ceb2a10 JavaThread "C2 CompilerThread7"         daemon [_thread_blocked, id=4552, stack(0x0000005b47900000,0x0000005b47a00000) (1024K)]
Total: 21

Other Threads:
  0x0000019e0e112380 VMThread "VM Thread"                           [id=31536, stack(0x0000005b45e00000,0x0000005b45f00000) (1024K)]
  0x0000019e30b81b00 WatcherThread "VM Periodic Task Thread"        [id=20840, stack(0x0000005b45d00000,0x0000005b45e00000) (1024K)]
  0x0000019e0e112ac0 WorkerThread "GC Thread#0"                     [id=26276, stack(0x0000005b45800000,0x0000005b45900000) (1024K)]
  0x0000019e0e112720 WorkerThread "GC Thread#1"                     [id=23268, stack(0x0000005b47a00000,0x0000005b47b00000) (1024K)]
  0x0000019e7d433ef0 WorkerThread "GC Thread#2"                     [id=34624, stack(0x0000005b47b00000,0x0000005b47c00000) (1024K)]
  0x0000019e7d433070 WorkerThread "GC Thread#3"                     [id=29892, stack(0x0000005b47c00000,0x0000005b47d00000) (1024K)]
  0x0000019e7d434290 WorkerThread "GC Thread#4"                     [id=12296, stack(0x0000005b47d00000,0x0000005b47e00000) (1024K)]
  0x0000019e7d433b50 WorkerThread "GC Thread#5"                     [id=28420, stack(0x0000005b47e00000,0x0000005b47f00000) (1024K)]
  0x0000019e7d4354b0 WorkerThread "GC Thread#6"                     [id=16680, stack(0x0000005b47f00000,0x0000005b48000000) (1024K)]
  0x0000019e7d4321f0 WorkerThread "GC Thread#7"                     [id=34024, stack(0x0000005b48000000,0x0000005b48100000) (1024K)]
  0x0000019e7d432cd0 WorkerThread "GC Thread#8"                     [id=28564, stack(0x0000005b48100000,0x0000005b48200000) (1024K)]
  0x0000019e7d433410 WorkerThread "GC Thread#9"                     [id=19796, stack(0x0000005b48200000,0x0000005b48300000) (1024K)]
  0x0000019e7d4349d0 WorkerThread "GC Thread#10"                    [id=33288, stack(0x0000005b48300000,0x0000005b48400000) (1024K)]
  0x0000019e7d432590 WorkerThread "GC Thread#11"                    [id=6444, stack(0x0000005b48400000,0x0000005b48500000) (1024K)]
  0x0000019e2d5e4060 ConcurrentGCThread "G1 Main Marker"            [id=31884, stack(0x0000005b45900000,0x0000005b45a00000) (1024K)]
  0x0000019e0e1135a0 WorkerThread "G1 Conc#0"                       [id=34696, stack(0x0000005b45a00000,0x0000005b45b00000) (1024K)]
  0x0000019e2d6e6280 ConcurrentGCThread "G1 Refine#0"               [id=35140, stack(0x0000005b45b00000,0x0000005b45c00000) (1024K)]
  0x0000019e2d6e6d00 ConcurrentGCThread "G1 Service"                [id=4588, stack(0x0000005b45c00000,0x0000005b45d00000) (1024K)]
Total: 18

Threads with active compile tasks:
C2 CompilerThread3  691  817       4       java.lang.String::split (148 bytes)
C2 CompilerThread4  691  816       4       java.lang.String::split (8 bytes)
Total: 2

VM state: not at safepoint (normal execution)

VM Mutex/Monitor currently owned by a thread: None

Heap address: 0x0000000601400000, size: 8172 MB, Compressed Oops mode: Zero based, Oop shift amount: 3

CDS archive(s) mapped at: [0x0000019e31000000-0x0000019e31ba0000-0x0000019e31ba0000), size 12189696, SharedBaseAddress: 0x0000019e31000000, ArchiveRelocationMode: 1.
Compressed class space mapped at: 0x0000019e32000000-0x0000019e72000000, reserved size: 1073741824
Narrow klass base: 0x0000019e31000000, Narrow klass shift: 0, Narrow klass range: 0x100000000

GC Precious Log:
 CardTable entry size: 512
 Card Set container configuration: InlinePtr #cards 4 size 8 Array Of Cards #cards 32 size 80 Howl #buckets 8 coarsen threshold 7372 Howl Bitmap #cards 1024 size 144 coarsen threshold 921 Card regions per heap region 1 cards per card region 8192
 CPUs: 24 total, 24 available
 Memory: 32681M
 Large Page Support: Disabled
 NUMA Support: Disabled
 Compressed Oops: Enabled (Zero based)
 Heap Region Size: 4M
 Heap Min Capacity: 8M
 Heap Initial Capacity: 512M
 Heap Max Capacity: 8172M
 Pre-touch: Disabled
 Parallel Workers: 18
 Concurrent Workers: 5
 Concurrent Refinement Workers: 18
 Periodic GC: Disabled

Heap:
 garbage-first heap   total 524288K, used 2988K [0x0000000601400000, 0x0000000800000000)
  region size 4096K, 2 young (8192K), 1 survivors (4096K)
 Metaspace       used 3838K, committed 3968K, reserved 1114112K
  class space    used 208K, committed 256K, reserved 1048576K

Heap Regions: E=young(eden), S=young(survivor), O=old, HS=humongous(starts), HC=humongous(continues), CS=collection set, F=free, TAMS=top-at-mark-start, PB=parsable bottom
|   0|0x0000000601400000, 0x0000000601400000, 0x0000000601800000|  0%| F|  |TAMS 0x0000000601400000| PB 0x0000000601400000| Untracked 
|   1|0x0000000601800000, 0x0000000601800000, 0x0000000601c00000|  0%| F|  |TAMS 0x0000000601800000| PB 0x0000000601800000| Untracked 
|   2|0x0000000601c00000, 0x0000000601c00000, 0x0000000602000000|  0%| F|  |TAMS 0x0000000601c00000| PB 0x0000000601c00000| Untracked 
|   3|0x0000000602000000, 0x0000000602000000, 0x0000000602400000|  0%| F|  |TAMS 0x0000000602000000| PB 0x0000000602000000| Untracked 
|   4|0x0000000602400000, 0x0000000602400000, 0x0000000602800000|  0%| F|  |TAMS 0x0000000602400000| PB 0x0000000602400000| Untracked 
|   5|0x0000000602800000, 0x0000000602800000, 0x0000000602c00000|  0%| F|  |TAMS 0x0000000602800000| PB 0x0000000602800000| Untracked 
|   6|0x0000000602c00000, 0x0000000602c00000, 0x0000000603000000|  0%| F|  |TAMS 0x0000000602c00000| PB 0x0000000602c00000| Untracked 
|   7|0x0000000603000000, 0x0000000603000000, 0x0000000603400000|  0%| F|  |TAMS 0x0000000603000000| PB 0x0000000603000000| Untracked 
|   8|0x0000000603400000, 0x0000000603400000, 0x0000000603800000|  0%| F|  |TAMS 0x0000000603400000| PB 0x0000000603400000| Untracked 
|   9|0x0000000603800000, 0x0000000603800000, 0x0000000603c00000|  0%| F|  |TAMS 0x0000000603800000| PB 0x0000000603800000| Untracked 
|  10|0x0000000603c00000, 0x0000000603c00000, 0x0000000604000000|  0%| F|  |TAMS 0x0000000603c00000| PB 0x0000000603c00000| Untracked 
|  11|0x0000000604000000, 0x0000000604000000, 0x0000000604400000|  0%| F|  |TAMS 0x0000000604000000| PB 0x0000000604000000| Untracked 
|  12|0x0000000604400000, 0x0000000604400000, 0x0000000604800000|  0%| F|  |TAMS 0x0000000604400000| PB 0x0000000604400000| Untracked 
|  13|0x0000000604800000, 0x0000000604800000, 0x0000000604c00000|  0%| F|  |TAMS 0x0000000604800000| PB 0x0000000604800000| Untracked 
|  14|0x0000000604c00000, 0x0000000604c00000, 0x0000000605000000|  0%| F|  |TAMS 0x0000000604c00000| PB 0x0000000604c00000| Untracked 
|  15|0x0000000605000000, 0x0000000605000000, 0x0000000605400000|  0%| F|  |TAMS 0x0000000605000000| PB 0x0000000605000000| Untracked 
|  16|0x0000000605400000, 0x0000000605400000, 0x0000000605800000|  0%| F|  |TAMS 0x0000000605400000| PB 0x0000000605400000| Untracked 
|  17|0x0000000605800000, 0x0000000605800000, 0x0000000605c00000|  0%| F|  |TAMS 0x0000000605800000| PB 0x0000000605800000| Untracked 
|  18|0x0000000605c00000, 0x0000000605c00000, 0x0000000606000000|  0%| F|  |TAMS 0x0000000605c00000| PB 0x0000000605c00000| Untracked 
|  19|0x0000000606000000, 0x0000000606000000, 0x0000000606400000|  0%| F|  |TAMS 0x0000000606000000| PB 0x0000000606000000| Untracked 
|  20|0x0000000606400000, 0x0000000606400000, 0x0000000606800000|  0%| F|  |TAMS 0x0000000606400000| PB 0x0000000606400000| Untracked 
|  21|0x0000000606800000, 0x0000000606800000, 0x0000000606c00000|  0%| F|  |TAMS 0x0000000606800000| PB 0x0000000606800000| Untracked 
|  22|0x0000000606c00000, 0x0000000606c00000, 0x0000000607000000|  0%| F|  |TAMS 0x0000000606c00000| PB 0x0000000606c00000| Untracked 
|  23|0x0000000607000000, 0x0000000607000000, 0x0000000607400000|  0%| F|  |TAMS 0x0000000607000000| PB 0x0000000607000000| Untracked 
|  24|0x0000000607400000, 0x0000000607400000, 0x0000000607800000|  0%| F|  |TAMS 0x0000000607400000| PB 0x0000000607400000| Untracked 
|  25|0x0000000607800000, 0x0000000607800000, 0x0000000607c00000|  0%| F|  |TAMS 0x0000000607800000| PB 0x0000000607800000| Untracked 
|  26|0x0000000607c00000, 0x0000000607c00000, 0x0000000608000000|  0%| F|  |TAMS 0x0000000607c00000| PB 0x0000000607c00000| Untracked 
|  27|0x0000000608000000, 0x0000000608000000, 0x0000000608400000|  0%| F|  |TAMS 0x0000000608000000| PB 0x0000000608000000| Untracked 
|  28|0x0000000608400000, 0x0000000608400000, 0x0000000608800000|  0%| F|  |TAMS 0x0000000608400000| PB 0x0000000608400000| Untracked 
|  29|0x0000000608800000, 0x0000000608800000, 0x0000000608c00000|  0%| F|  |TAMS 0x0000000608800000| PB 0x0000000608800000| Untracked 
|  30|0x0000000608c00000, 0x0000000608c00000, 0x0000000609000000|  0%| F|  |TAMS 0x0000000608c00000| PB 0x0000000608c00000| Untracked 
|  31|0x0000000609000000, 0x0000000609000000, 0x0000000609400000|  0%| F|  |TAMS 0x0000000609000000| PB 0x0000000609000000| Untracked 
|  32|0x0000000609400000, 0x0000000609400000, 0x0000000609800000|  0%| F|  |TAMS 0x0000000609400000| PB 0x0000000609400000| Untracked 
|  33|0x0000000609800000, 0x0000000609800000, 0x0000000609c00000|  0%| F|  |TAMS 0x0000000609800000| PB 0x0000000609800000| Untracked 
|  34|0x0000000609c00000, 0x0000000609c00000, 0x000000060a000000|  0%| F|  |TAMS 0x0000000609c00000| PB 0x0000000609c00000| Untracked 
|  35|0x000000060a000000, 0x000000060a000000, 0x000000060a400000|  0%| F|  |TAMS 0x000000060a000000| PB 0x000000060a000000| Untracked 
|  36|0x000000060a400000, 0x000000060a400000, 0x000000060a800000|  0%| F|  |TAMS 0x000000060a400000| PB 0x000000060a400000| Untracked 
|  37|0x000000060a800000, 0x000000060a800000, 0x000000060ac00000|  0%| F|  |TAMS 0x000000060a800000| PB 0x000000060a800000| Untracked 
|  38|0x000000060ac00000, 0x000000060ac00000, 0x000000060b000000|  0%| F|  |TAMS 0x000000060ac00000| PB 0x000000060ac00000| Untracked 
|  39|0x000000060b000000, 0x000000060b000000, 0x000000060b400000|  0%| F|  |TAMS 0x000000060b000000| PB 0x000000060b000000| Untracked 
|  40|0x000000060b400000, 0x000000060b400000, 0x000000060b800000|  0%| F|  |TAMS 0x000000060b400000| PB 0x000000060b400000| Untracked 
|  41|0x000000060b800000, 0x000000060b800000, 0x000000060bc00000|  0%| F|  |TAMS 0x000000060b800000| PB 0x000000060b800000| Untracked 
|  42|0x000000060bc00000, 0x000000060bc00000, 0x000000060c000000|  0%| F|  |TAMS 0x000000060bc00000| PB 0x000000060bc00000| Untracked 
|  43|0x000000060c000000, 0x000000060c000000, 0x000000060c400000|  0%| F|  |TAMS 0x000000060c000000| PB 0x000000060c000000| Untracked 
|  44|0x000000060c400000, 0x000000060c400000, 0x000000060c800000|  0%| F|  |TAMS 0x000000060c400000| PB 0x000000060c400000| Untracked 
|  45|0x000000060c800000, 0x000000060c800000, 0x000000060cc00000|  0%| F|  |TAMS 0x000000060c800000| PB 0x000000060c800000| Untracked 
|  46|0x000000060cc00000, 0x000000060cc00000, 0x000000060d000000|  0%| F|  |TAMS 0x000000060cc00000| PB 0x000000060cc00000| Untracked 
|  47|0x000000060d000000, 0x000000060d000000, 0x000000060d400000|  0%| F|  |TAMS 0x000000060d000000| PB 0x000000060d000000| Untracked 
|  48|0x000000060d400000, 0x000000060d400000, 0x000000060d800000|  0%| F|  |TAMS 0x000000060d400000| PB 0x000000060d400000| Untracked 
|  49|0x000000060d800000, 0x000000060d800000, 0x000000060dc00000|  0%| F|  |TAMS 0x000000060d800000| PB 0x000000060d800000| Untracked 
|  50|0x000000060dc00000, 0x000000060dc00000, 0x000000060e000000|  0%| F|  |TAMS 0x000000060dc00000| PB 0x000000060dc00000| Untracked 
|  51|0x000000060e000000, 0x000000060e000000, 0x000000060e400000|  0%| F|  |TAMS 0x000000060e000000| PB 0x000000060e000000| Untracked 
|  52|0x000000060e400000, 0x000000060e400000, 0x000000060e800000|  0%| F|  |TAMS 0x000000060e400000| PB 0x000000060e400000| Untracked 
|  53|0x000000060e800000, 0x000000060e800000, 0x000000060ec00000|  0%| F|  |TAMS 0x000000060e800000| PB 0x000000060e800000| Untracked 
|  54|0x000000060ec00000, 0x000000060ec00000, 0x000000060f000000|  0%| F|  |TAMS 0x000000060ec00000| PB 0x000000060ec00000| Untracked 
|  55|0x000000060f000000, 0x000000060f000000, 0x000000060f400000|  0%| F|  |TAMS 0x000000060f000000| PB 0x000000060f000000| Untracked 
|  56|0x000000060f400000, 0x000000060f400000, 0x000000060f800000|  0%| F|  |TAMS 0x000000060f400000| PB 0x000000060f400000| Untracked 
|  57|0x000000060f800000, 0x000000060f800000, 0x000000060fc00000|  0%| F|  |TAMS 0x000000060f800000| PB 0x000000060f800000| Untracked 
|  58|0x000000060fc00000, 0x000000060fc00000, 0x0000000610000000|  0%| F|  |TAMS 0x000000060fc00000| PB 0x000000060fc00000| Untracked 
|  59|0x0000000610000000, 0x0000000610000000, 0x0000000610400000|  0%| F|  |TAMS 0x0000000610000000| PB 0x0000000610000000| Untracked 
|  60|0x0000000610400000, 0x0000000610400000, 0x0000000610800000|  0%| F|  |TAMS 0x0000000610400000| PB 0x0000000610400000| Untracked 
|  61|0x0000000610800000, 0x0000000610800000, 0x0000000610c00000|  0%| F|  |TAMS 0x0000000610800000| PB 0x0000000610800000| Untracked 
|  62|0x0000000610c00000, 0x0000000610c00000, 0x0000000611000000|  0%| F|  |TAMS 0x0000000610c00000| PB 0x0000000610c00000| Untracked 
|  63|0x0000000611000000, 0x0000000611000000, 0x0000000611400000|  0%| F|  |TAMS 0x0000000611000000| PB 0x0000000611000000| Untracked 
|  64|0x0000000611400000, 0x0000000611400000, 0x0000000611800000|  0%| F|  |TAMS 0x0000000611400000| PB 0x0000000611400000| Untracked 
|  65|0x0000000611800000, 0x0000000611800000, 0x0000000611c00000|  0%| F|  |TAMS 0x0000000611800000| PB 0x0000000611800000| Untracked 
|  66|0x0000000611c00000, 0x0000000611c00000, 0x0000000612000000|  0%| F|  |TAMS 0x0000000611c00000| PB 0x0000000611c00000| Untracked 
|  67|0x0000000612000000, 0x0000000612000000, 0x0000000612400000|  0%| F|  |TAMS 0x0000000612000000| PB 0x0000000612000000| Untracked 
|  68|0x0000000612400000, 0x0000000612400000, 0x0000000612800000|  0%| F|  |TAMS 0x0000000612400000| PB 0x0000000612400000| Untracked 
|  69|0x0000000612800000, 0x0000000612800000, 0x0000000612c00000|  0%| F|  |TAMS 0x0000000612800000| PB 0x0000000612800000| Untracked 
|  70|0x0000000612c00000, 0x0000000612c00000, 0x0000000613000000|  0%| F|  |TAMS 0x0000000612c00000| PB 0x0000000612c00000| Untracked 
|  71|0x0000000613000000, 0x0000000613000000, 0x0000000613400000|  0%| F|  |TAMS 0x0000000613000000| PB 0x0000000613000000| Untracked 
|  72|0x0000000613400000, 0x0000000613400000, 0x0000000613800000|  0%| F|  |TAMS 0x0000000613400000| PB 0x0000000613400000| Untracked 
|  73|0x0000000613800000, 0x0000000613800000, 0x0000000613c00000|  0%| F|  |TAMS 0x0000000613800000| PB 0x0000000613800000| Untracked 
|  74|0x0000000613c00000, 0x0000000613c00000, 0x0000000614000000|  0%| F|  |TAMS 0x0000000613c00000| PB 0x0000000613c00000| Untracked 
|  75|0x0000000614000000, 0x0000000614000000, 0x0000000614400000|  0%| F|  |TAMS 0x0000000614000000| PB 0x0000000614000000| Untracked 
|  76|0x0000000614400000, 0x0000000614400000, 0x0000000614800000|  0%| F|  |TAMS 0x0000000614400000| PB 0x0000000614400000| Untracked 
|  77|0x0000000614800000, 0x0000000614800000, 0x0000000614c00000|  0%| F|  |TAMS 0x0000000614800000| PB 0x0000000614800000| Untracked 
|  78|0x0000000614c00000, 0x0000000614c00000, 0x0000000615000000|  0%| F|  |TAMS 0x0000000614c00000| PB 0x0000000614c00000| Untracked 
|  79|0x0000000615000000, 0x0000000615000000, 0x0000000615400000|  0%| F|  |TAMS 0x0000000615000000| PB 0x0000000615000000| Untracked 
|  80|0x0000000615400000, 0x0000000615400000, 0x0000000615800000|  0%| F|  |TAMS 0x0000000615400000| PB 0x0000000615400000| Untracked 
|  81|0x0000000615800000, 0x0000000615800000, 0x0000000615c00000|  0%| F|  |TAMS 0x0000000615800000| PB 0x0000000615800000| Untracked 
|  82|0x0000000615c00000, 0x0000000615c00000, 0x0000000616000000|  0%| F|  |TAMS 0x0000000615c00000| PB 0x0000000615c00000| Untracked 
|  83|0x0000000616000000, 0x0000000616000000, 0x0000000616400000|  0%| F|  |TAMS 0x0000000616000000| PB 0x0000000616000000| Untracked 
|  84|0x0000000616400000, 0x0000000616400000, 0x0000000616800000|  0%| F|  |TAMS 0x0000000616400000| PB 0x0000000616400000| Untracked 
|  85|0x0000000616800000, 0x0000000616800000, 0x0000000616c00000|  0%| F|  |TAMS 0x0000000616800000| PB 0x0000000616800000| Untracked 
|  86|0x0000000616c00000, 0x0000000616c00000, 0x0000000617000000|  0%| F|  |TAMS 0x0000000616c00000| PB 0x0000000616c00000| Untracked 
|  87|0x0000000617000000, 0x0000000617000000, 0x0000000617400000|  0%| F|  |TAMS 0x0000000617000000| PB 0x0000000617000000| Untracked 
|  88|0x0000000617400000, 0x0000000617400000, 0x0000000617800000|  0%| F|  |TAMS 0x0000000617400000| PB 0x0000000617400000| Untracked 
|  89|0x0000000617800000, 0x0000000617800000, 0x0000000617c00000|  0%| F|  |TAMS 0x0000000617800000| PB 0x0000000617800000| Untracked 
|  90|0x0000000617c00000, 0x0000000617c00000, 0x0000000618000000|  0%| F|  |TAMS 0x0000000617c00000| PB 0x0000000617c00000| Untracked 
|  91|0x0000000618000000, 0x0000000618000000, 0x0000000618400000|  0%| F|  |TAMS 0x0000000618000000| PB 0x0000000618000000| Untracked 
|  92|0x0000000618400000, 0x0000000618400000, 0x0000000618800000|  0%| F|  |TAMS 0x0000000618400000| PB 0x0000000618400000| Untracked 
|  93|0x0000000618800000, 0x0000000618800000, 0x0000000618c00000|  0%| F|  |TAMS 0x0000000618800000| PB 0x0000000618800000| Untracked 
|  94|0x0000000618c00000, 0x0000000618c00000, 0x0000000619000000|  0%| F|  |TAMS 0x0000000618c00000| PB 0x0000000618c00000| Untracked 
|  95|0x0000000619000000, 0x0000000619000000, 0x0000000619400000|  0%| F|  |TAMS 0x0000000619000000| PB 0x0000000619000000| Untracked 
|  96|0x0000000619400000, 0x0000000619400000, 0x0000000619800000|  0%| F|  |TAMS 0x0000000619400000| PB 0x0000000619400000| Untracked 
|  97|0x0000000619800000, 0x0000000619800000, 0x0000000619c00000|  0%| F|  |TAMS 0x0000000619800000| PB 0x0000000619800000| Untracked 
|  98|0x0000000619c00000, 0x0000000619c00000, 0x000000061a000000|  0%| F|  |TAMS 0x0000000619c00000| PB 0x0000000619c00000| Untracked 
|  99|0x000000061a000000, 0x000000061a000000, 0x000000061a400000|  0%| F|  |TAMS 0x000000061a000000| PB 0x000000061a000000| Untracked 
| 100|0x000000061a400000, 0x000000061a400000, 0x000000061a800000|  0%| F|  |TAMS 0x000000061a400000| PB 0x000000061a400000| Untracked 
| 101|0x000000061a800000, 0x000000061a800000, 0x000000061ac00000|  0%| F|  |TAMS 0x000000061a800000| PB 0x000000061a800000| Untracked 
| 102|0x000000061ac00000, 0x000000061ac00000, 0x000000061b000000|  0%| F|  |TAMS 0x000000061ac00000| PB 0x000000061ac00000| Untracked 
| 103|0x000000061b000000, 0x000000061b000000, 0x000000061b400000|  0%| F|  |TAMS 0x000000061b000000| PB 0x000000061b000000| Untracked 
| 104|0x000000061b400000, 0x000000061b400000, 0x000000061b800000|  0%| F|  |TAMS 0x000000061b400000| PB 0x000000061b400000| Untracked 
| 105|0x000000061b800000, 0x000000061b800000, 0x000000061bc00000|  0%| F|  |TAMS 0x000000061b800000| PB 0x000000061b800000| Untracked 
| 106|0x000000061bc00000, 0x000000061bc00000, 0x000000061c000000|  0%| F|  |TAMS 0x000000061bc00000| PB 0x000000061bc00000| Untracked 
| 107|0x000000061c000000, 0x000000061c000000, 0x000000061c400000|  0%| F|  |TAMS 0x000000061c000000| PB 0x000000061c000000| Untracked 
| 108|0x000000061c400000, 0x000000061c400000, 0x000000061c800000|  0%| F|  |TAMS 0x000000061c400000| PB 0x000000061c400000| Untracked 
| 109|0x000000061c800000, 0x000000061c800000, 0x000000061cc00000|  0%| F|  |TAMS 0x000000061c800000| PB 0x000000061c800000| Untracked 
| 110|0x000000061cc00000, 0x000000061cc00000, 0x000000061d000000|  0%| F|  |TAMS 0x000000061cc00000| PB 0x000000061cc00000| Untracked 
| 111|0x000000061d000000, 0x000000061d000000, 0x000000061d400000|  0%| F|  |TAMS 0x000000061d000000| PB 0x000000061d000000| Untracked 
| 112|0x000000061d400000, 0x000000061d400000, 0x000000061d800000|  0%| F|  |TAMS 0x000000061d400000| PB 0x000000061d400000| Untracked 
| 113|0x000000061d800000, 0x000000061d800000, 0x000000061dc00000|  0%| F|  |TAMS 0x000000061d800000| PB 0x000000061d800000| Untracked 
| 114|0x000000061dc00000, 0x000000061dc00000, 0x000000061e000000|  0%| F|  |TAMS 0x000000061dc00000| PB 0x000000061dc00000| Untracked 
| 115|0x000000061e000000, 0x000000061e000000, 0x000000061e400000|  0%| F|  |TAMS 0x000000061e000000| PB 0x000000061e000000| Untracked 
| 116|0x000000061e400000, 0x000000061e400000, 0x000000061e800000|  0%| F|  |TAMS 0x000000061e400000| PB 0x000000061e400000| Untracked 
| 117|0x000000061e800000, 0x000000061e800000, 0x000000061ec00000|  0%| F|  |TAMS 0x000000061e800000| PB 0x000000061e800000| Untracked 
| 118|0x000000061ec00000, 0x000000061ec00000, 0x000000061f000000|  0%| F|  |TAMS 0x000000061ec00000| PB 0x000000061ec00000| Untracked 
| 119|0x000000061f000000, 0x000000061f000000, 0x000000061f400000|  0%| F|  |TAMS 0x000000061f000000| PB 0x000000061f000000| Untracked 
| 120|0x000000061f400000, 0x000000061f400000, 0x000000061f800000|  0%| F|  |TAMS 0x000000061f400000| PB 0x000000061f400000| Untracked 
| 121|0x000000061f800000, 0x000000061faeb070, 0x000000061fc00000| 72%| S|CS|TAMS 0x000000061f800000| PB 0x000000061f800000| Complete 
| 122|0x000000061fc00000, 0x000000061fc00000, 0x0000000620000000|  0%| F|  |TAMS 0x000000061fc00000| PB 0x000000061fc00000| Untracked 
| 123|0x0000000620000000, 0x0000000620000000, 0x0000000620400000|  0%| F|  |TAMS 0x0000000620000000| PB 0x0000000620000000| Untracked 
| 124|0x0000000620400000, 0x0000000620400000, 0x0000000620800000|  0%| F|  |TAMS 0x0000000620400000| PB 0x0000000620400000| Untracked 
| 125|0x0000000620800000, 0x0000000620800000, 0x0000000620c00000|  0%| F|  |TAMS 0x0000000620800000| PB 0x0000000620800000| Untracked 
| 126|0x0000000620c00000, 0x0000000620c00000, 0x0000000621000000|  0%| F|  |TAMS 0x0000000620c00000| PB 0x0000000620c00000| Untracked 
| 127|0x0000000621000000, 0x00000006210fa798, 0x0000000621400000| 24%| E|  |TAMS 0x0000000621000000| PB 0x0000000621000000| Complete 

Card table byte_map: [0x0000019e24520000,0x0000019e25520000] _byte_map_base: 0x0000019e21516000

Marking Bits: (CMBitMap*) 0x0000019e1060f0d0
 Bits: [0x0000019e25520000, 0x0000019e2d4d0000)

Polling page: 0x0000019e0e5e0000

Metaspace:

Usage:
  Non-class:      3.55 MB used.
      Class:    208.05 KB used.
       Both:      3.75 MB used.

Virtual space:
  Non-class space:       64.00 MB reserved,       3.62 MB (  6%) committed,  1 nodes.
      Class space:        1.00 GB reserved,     256.00 KB ( <1%) committed,  1 nodes.
             Both:        1.06 GB reserved,       3.88 MB ( <1%) committed. 

Chunk freelists:
   Non-Class:  9.78 MB
       Class:  15.63 MB
        Both:  25.41 MB

MaxMetaspaceSize: unlimited
CompressedClassSpaceSize: 1.00 GB
Initial GC threshold: 21.00 MB
Current GC threshold: 21.00 MB
CDS: on
 - commit_granule_bytes: 65536.
 - commit_granule_words: 8192.
 - virtual_space_node_default_size: 8388608.
 - enlarge_chunks_in_place: 1.
 - use_allocation_guard: 0.


Internal statistics:

num_allocs_failed_limit: 0.
num_arena_births: 68.
num_arena_deaths: 0.
num_vsnodes_births: 2.
num_vsnodes_deaths: 0.
num_space_committed: 60.
num_space_uncommitted: 0.
num_chunks_returned_to_freelist: 0.
num_chunks_taken_from_freelist: 170.
num_chunk_merges: 0.
num_chunk_splits: 112.
num_chunks_enlarged: 79.
num_inconsistent_stats: 0.

CodeHeap 'non-profiled nmethods': size=119168Kb used=326Kb max_used=326Kb free=118841Kb
 bounds [0x0000019e1b2f0000, 0x0000019e1b560000, 0x0000019e22750000]
CodeHeap 'profiled nmethods': size=119104Kb used=1334Kb max_used=1334Kb free=117769Kb
 bounds [0x0000019e13750000, 0x0000019e139c0000, 0x0000019e1aba0000]
CodeHeap 'non-nmethods': size=7488Kb used=3743Kb max_used=3765Kb free=3744Kb
 bounds [0x0000019e1aba0000, 0x0000019e1af50000, 0x0000019e1b2f0000]
CodeCache: size=245760Kb, used=5403Kb, max_used=5425Kb, free=240354Kb
 total_blobs=1883, nmethods=851, adapters=934, full_count=0
Compilation: enabled, stopped_count=0, restarted_count=0

Compilation events (20 events):
Event: 0.615 Thread 0x0000019e7ceb2370 nmethod 824 0x0000019e1b33bf90 code [0x0000019e1b33c160, 0x0000019e1b33c488]
Event: 0.615 Thread 0x0000019e30b8f990  845       4       java.lang.String::equals (56 bytes)
Event: 0.615 Thread 0x0000019e76063010 nmethod 844 0x0000019e1389af10 code [0x0000019e1389b0c0, 0x0000019e1389b328]
Event: 0.615 Thread 0x0000019e7ce80920  846       3       java.lang.invoke.MethodHandle::asType (32 bytes)
Event: 0.615 Thread 0x0000019e76063010  847       3       jdk.internal.jimage.BasicImageReader::verifyLocation (39 bytes)
Event: 0.615 Thread 0x0000019e7ce80920 nmethod 846 0x0000019e1389b410 code [0x0000019e1389b640, 0x0000019e1389bd60]
Event: 0.615 Thread 0x0000019e7ceb2a10  848   !   4       jdk.internal.misc.ScopedMemoryAccess::getByte (16 bytes)
Event: 0.616 Thread 0x0000019e76063010 nmethod 847 0x0000019e1389bf90 code [0x0000019e1389c160, 0x0000019e1389c448]
Event: 0.616 Thread 0x0000019e30b8f990 nmethod 845 0x0000019e1b33c910 code [0x0000019e1b33caa0, 0x0000019e1b33cc90]
Event: 0.616 Thread 0x0000019e7d028a60  849       4       java.lang.StringBuilder::append (8 bytes)
Event: 0.616 Thread 0x0000019e30c3f070  850       3       sun.nio.fs.WindowsPathParser::nextNonSlash (24 bytes)
Event: 0.616 Thread 0x0000019e7ceb2a10 nmethod 848 0x0000019e1b33cd90 code [0x0000019e1b33cf20, 0x0000019e1b33cff8]
Event: 0.616 Thread 0x0000019e30c3f070 nmethod 850 0x0000019e1389c590 code [0x0000019e1389c7a0, 0x0000019e1389ceb0]
Event: 0.618 Thread 0x0000019e7d028a60 nmethod 849 0x0000019e1b33d110 code [0x0000019e1b33d2e0, 0x0000019e1b33d870]
Event: 0.618 Thread 0x0000019e30b9c5d0  851       3       java.nio.Buffer::flip (20 bytes)
Event: 0.618 Thread 0x0000019e7ce80920  852       3       java.nio.ByteBuffer::flip (7 bytes)
Event: 0.619 Thread 0x0000019e30b9c5d0 nmethod 851 0x0000019e1389d190 code [0x0000019e1389d320, 0x0000019e1389d440]
Event: 0.619 Thread 0x0000019e7ce80920 nmethod 852 0x0000019e1389d510 code [0x0000019e1389d6c0, 0x0000019e1389d840]
Event: 0.623 Thread 0x0000019e76063010  853       1       java.net.URLStreamHandler::getDefaultPort (2 bytes)
Event: 0.623 Thread 0x0000019e76063010 nmethod 853 0x0000019e1b33db10 code [0x0000019e1b33dca0, 0x0000019e1b33dd68]

GC Heap History (2 events):
Event: 0.600 GC heap before
{Heap before GC invocations=0 (full 0):
 garbage-first heap   total 524288K, used 24576K [0x0000000601400000, 0x0000000800000000)
  region size 4096K, 6 young (24576K), 0 survivors (0K)
 Metaspace       used 3628K, committed 3776K, reserved 1114112K
  class space    used 195K, committed 256K, reserved 1048576K
}
Event: 0.604 GC heap after
{Heap after GC invocations=1 (full 0):
 garbage-first heap   total 524288K, used 2988K [0x0000000601400000, 0x0000000800000000)
  region size 4096K, 1 young (4096K), 1 survivors (4096K)
 Metaspace       used 3628K, committed 3776K, reserved 1114112K
  class space    used 195K, committed 256K, reserved 1048576K
}

Dll operation events (10 events):
Event: 0.006 Loaded shared library C:\Users\mirek\.vscode\extensions\redhat.java-1.44.0-win32-x64\jre\21.0.8-win32-x86_64\bin\java.dll
Event: 0.040 Loaded shared library C:\Users\mirek\.vscode\extensions\redhat.java-1.44.0-win32-x64\jre\21.0.8-win32-x86_64\bin\zip.dll
Event: 0.047 Loaded shared library C:\Users\mirek\.vscode\extensions\redhat.java-1.44.0-win32-x64\jre\21.0.8-win32-x86_64\bin\net.dll
Event: 0.049 Loaded shared library C:\Users\mirek\.vscode\extensions\redhat.java-1.44.0-win32-x64\jre\21.0.8-win32-x86_64\bin\nio.dll
Event: 0.051 Loaded shared library C:\Users\mirek\.vscode\extensions\redhat.java-1.44.0-win32-x64\jre\21.0.8-win32-x86_64\bin\zip.dll
Event: 0.087 Loaded shared library C:\Users\mirek\.vscode\extensions\redhat.java-1.44.0-win32-x64\jre\21.0.8-win32-x86_64\bin\jimage.dll
Event: 0.105 Loaded shared library C:\Users\mirek\AppData\Local\Temp\lwjglmirek\3.3.1-build-7\lwjgl.dll
Event: 0.353 Loaded shared library C:\Users\mirek\AppData\Local\Temp\lwjglmirek\3.3.1-build-7\lwjgl_opengl.dll
Event: 0.543 Loaded shared library C:\Users\mirek\.vscode\extensions\redhat.java-1.44.0-win32-x64\jre\21.0.8-win32-x86_64\bin\verify.dll
Event: 0.621 Loaded shared library C:\Users\mirek\AppData\Local\Temp\lwjglmirek\3.3.1-build-7\lwjgl_stb.dll

Deoptimization events (20 events):
Event: 0.580 Thread 0x0000019e0e13b750 DEOPT PACKING pc=0x0000019e137bc543 sp=0x0000005b457fe920
Event: 0.580 Thread 0x0000019e0e13b750 DEOPT UNPACKING pc=0x0000019e1abf4e42 sp=0x0000005b457fddc0 mode 0
Event: 0.580 Thread 0x0000019e0e13b750 DEOPT PACKING pc=0x0000019e137bc543 sp=0x0000005b457fe920
Event: 0.580 Thread 0x0000019e0e13b750 DEOPT UNPACKING pc=0x0000019e1abf4e42 sp=0x0000005b457fddc0 mode 0
Event: 0.581 Thread 0x0000019e0e13b750 DEOPT PACKING pc=0x0000019e137bc543 sp=0x0000005b457fe920
Event: 0.581 Thread 0x0000019e0e13b750 DEOPT UNPACKING pc=0x0000019e1abf4e42 sp=0x0000005b457fddc0 mode 0
Event: 0.582 Thread 0x0000019e0e13b750 DEOPT PACKING pc=0x0000019e137bc543 sp=0x0000005b457fe920
Event: 0.582 Thread 0x0000019e0e13b750 DEOPT UNPACKING pc=0x0000019e1abf4e42 sp=0x0000005b457fddc0 mode 0
Event: 0.590 Thread 0x0000019e0e13b750 Uncommon trap: trap_request=0xffffff45 fr.pc=0x0000019e1b2f6a4c relative=0x000000000000012c
Event: 0.590 Thread 0x0000019e0e13b750 Uncommon trap: reason=unstable_if action=reinterpret pc=0x0000019e1b2f6a4c method=java.lang.StringCoding.countPositives([BII)I @ 17 c2
Event: 0.590 Thread 0x0000019e0e13b750 DEOPT PACKING pc=0x0000019e1b2f6a4c sp=0x0000005b457feed0
Event: 0.590 Thread 0x0000019e0e13b750 DEOPT UNPACKING pc=0x0000019e1abf46a2 sp=0x0000005b457fee70 mode 2
Event: 0.619 Thread 0x0000019e0e13b750 Uncommon trap: trap_request=0xffffffde fr.pc=0x0000019e1b338060 relative=0x0000000000000520
Event: 0.619 Thread 0x0000019e0e13b750 Uncommon trap: reason=class_check action=maybe_recompile pc=0x0000019e1b338060 method=java.util.regex.Pattern$Start.match(Ljava/util/regex/Matcher;ILjava/lang/CharSequence;)Z @ 44 c2
Event: 0.619 Thread 0x0000019e0e13b750 DEOPT PACKING pc=0x0000019e1b338060 sp=0x0000005b457fd4d0
Event: 0.619 Thread 0x0000019e0e13b750 DEOPT UNPACKING pc=0x0000019e1abf46a2 sp=0x0000005b457fd3d0 mode 2
Event: 0.619 Thread 0x0000019e0e13b750 Uncommon trap: trap_request=0xffffffde fr.pc=0x0000019e1b338060 relative=0x0000000000000520
Event: 0.619 Thread 0x0000019e0e13b750 Uncommon trap: reason=class_check action=maybe_recompile pc=0x0000019e1b338060 method=java.util.regex.Pattern$Start.match(Ljava/util/regex/Matcher;ILjava/lang/CharSequence;)Z @ 44 c2
Event: 0.619 Thread 0x0000019e0e13b750 DEOPT PACKING pc=0x0000019e1b338060 sp=0x0000005b457fd4d0
Event: 0.619 Thread 0x0000019e0e13b750 DEOPT UNPACKING pc=0x0000019e1abf46a2 sp=0x0000005b457fd3d0 mode 2

Classes loaded (20 events):
Event: 0.547 Loading class sun/nio/cs/StreamDecoder
Event: 0.547 Loading class sun/nio/cs/StreamDecoder done
Event: 0.547 Loading class jdk/internal/math/FloatingDecimal
Event: 0.547 Loading class jdk/internal/math/FloatingDecimal done
Event: 0.547 Loading class jdk/internal/math/FloatingDecimal$ExceptionalBinaryToASCIIBuffer
Event: 0.547 Loading class jdk/internal/math/FloatingDecimal$BinaryToASCIIConverter
Event: 0.547 Loading class jdk/internal/math/FloatingDecimal$BinaryToASCIIConverter done
Event: 0.547 Loading class jdk/internal/math/FloatingDecimal$ExceptionalBinaryToASCIIBuffer done
Event: 0.547 Loading class jdk/internal/math/FloatingDecimal$BinaryToASCIIBuffer
Event: 0.548 Loading class jdk/internal/math/FloatingDecimal$BinaryToASCIIBuffer done
Event: 0.548 Loading class jdk/internal/math/FloatingDecimal$1
Event: 0.548 Loading class jdk/internal/math/FloatingDecimal$1 done
Event: 0.548 Loading class jdk/internal/math/FloatingDecimal$PreparedASCIIToBinaryBuffer
Event: 0.548 Loading class jdk/internal/math/FloatingDecimal$ASCIIToBinaryConverter
Event: 0.548 Loading class jdk/internal/math/FloatingDecimal$ASCIIToBinaryConverter done
Event: 0.548 Loading class jdk/internal/math/FloatingDecimal$PreparedASCIIToBinaryBuffer done
Event: 0.548 Loading class jdk/internal/math/FloatingDecimal$ASCIIToBinaryBuffer
Event: 0.548 Loading class jdk/internal/math/FloatingDecimal$ASCIIToBinaryBuffer done
Event: 0.560 Loading class java/lang/NumberFormatException
Event: 0.560 Loading class java/lang/NumberFormatException done

Classes unloaded (0 events):
No events

Classes redefined (0 events):
No events

Internal exceptions (20 events):
Event: 0.103 Thread 0x0000019e0e13b750 Exception <a 'sun/nio/fs/WindowsException'{0x0000000620cae690}> (0x0000000620cae690) 
thrown [s\src\hotspot\share\prims\jni.cpp, line 520]
Event: 0.110 Thread 0x0000019e0e13b750 Exception <a 'java/lang/NoSuchMethodError'{0x0000000620cdf440}: 'int java.lang.invoke.DirectMethodHandle$Holder.invokeStaticInit(java.lang.Object, java.lang.Object, int, long)'> (0x0000000620cdf440) 
thrown [s\src\hotspot\share\interpreter\linkResolver.cpp, line 773]
Event: 0.110 Thread 0x0000019e0e13b750 Exception <a 'java/lang/NoSuchMethodError'{0x0000000620ce4568}: 'java.lang.Object java.lang.invoke.DirectMethodHandle$Holder.newInvokeSpecial(java.lang.Object, java.lang.Object, int)'> (0x0000000620ce4568) 
thrown [s\src\hotspot\share\interpreter\linkResolver.cpp, line 773]
Event: 0.111 Thread 0x0000019e0e13b750 Exception <a 'java/lang/NoSuchMethodError'{0x0000000620cf3440}: 'int java.lang.invoke.DirectMethodHandle$Holder.invokeStaticInit(java.lang.Object, java.lang.Object, long, long)'> (0x0000000620cf3440) 
thrown [s\src\hotspot\share\interpreter\linkResolver.cpp, line 773]
Event: 0.112 Thread 0x0000019e0e13b750 Exception <a 'java/lang/NoSuchMethodError'{0x0000000620cf9148}: 'java.lang.Object java.lang.invoke.DirectMethodHandle$Holder.newInvokeSpecial(java.lang.Object, java.lang.Object, long)'> (0x0000000620cf9148) 
thrown [s\src\hotspot\share\interpreter\linkResolver.cpp, line 773]
Event: 0.112 Thread 0x0000019e0e13b750 Exception <a 'java/lang/NoSuchMethodError'{0x0000000620cfd000}: 'java.lang.Object java.lang.invoke.Invokers$Holder.linkToTargetMethod(java.lang.Object, long, java.lang.Object)'> (0x0000000620cfd000) 
thrown [s\src\hotspot\share\interpreter\linkResolver.cpp, line 773]
Event: 0.112 Thread 0x0000019e0e13b750 Exception <a 'java/lang/NoSuchMethodError'{0x0000000620d04280}: 'int java.lang.invoke.DirectMethodHandle$Holder.invokeStaticInit(java.lang.Object, java.lang.Object, java.lang.Object, long)'> (0x0000000620d04280) 
thrown [s\src\hotspot\share\interpreter\linkResolver.cpp, line 773]
Event: 0.125 Thread 0x0000019e0e13b750 Exception <a 'sun/nio/fs/WindowsException'{0x0000000620da60a0}> (0x0000000620da60a0) 
thrown [s\src\hotspot\share\prims\jni.cpp, line 520]
Event: 0.125 Thread 0x0000019e0e13b750 Exception <a 'sun/nio/fs/WindowsException'{0x0000000620da6400}> (0x0000000620da6400) 
thrown [s\src\hotspot\share\prims\jni.cpp, line 520]
Event: 0.129 Thread 0x0000019e0e13b750 Exception <a 'java/lang/NoSuchMethodError'{0x0000000620dbaf88}: 'int java.lang.invoke.Invokers$Holder.invokeExact_MT(java.lang.Object, java.lang.Object)'> (0x0000000620dbaf88) 
thrown [s\src\hotspot\share\interpreter\linkResolver.cpp, line 773]
Event: 0.348 Thread 0x0000019e0e13b750 Exception <a 'java/lang/NoSuchMethodError'{0x0000000620e21500}: 'void java.lang.System.load(java.lang.String, java.lang.Class)'> (0x0000000620e21500) 
thrown [s\src\hotspot\share\interpreter\linkResolver.cpp, line 773]
Event: 0.349 Thread 0x0000019e0e13b750 Exception <a 'java/lang/NoSuchMethodError'{0x0000000620e23f70}: 'void java.lang.System.loadLibrary(java.lang.String, java.lang.Class)'> (0x0000000620e23f70) 
thrown [s\src\hotspot\share\interpreter\linkResolver.cpp, line 773]
Event: 0.352 Thread 0x0000019e0e13b750 Exception <a 'sun/nio/fs/WindowsException'{0x0000000620e32de8}> (0x0000000620e32de8) 
thrown [s\src\hotspot\share\prims\jni.cpp, line 520]
Event: 0.352 Thread 0x0000019e0e13b750 Exception <a 'sun/nio/fs/WindowsException'{0x0000000620e33190}> (0x0000000620e33190) 
thrown [s\src\hotspot\share\prims\jni.cpp, line 520]
Event: 0.355 Thread 0x0000019e0e13b750 Exception <a 'sun/nio/fs/WindowsException'{0x0000000620e382e8}> (0x0000000620e382e8) 
thrown [s\src\hotspot\share\prims\jni.cpp, line 520]
Event: 0.355 Thread 0x0000019e0e13b750 Exception <a 'sun/nio/fs/WindowsException'{0x0000000620e385c8}> (0x0000000620e385c8) 
thrown [s\src\hotspot\share\prims\jni.cpp, line 520]
Event: 0.614 Thread 0x0000019e0e13b750 Exception <a 'java/lang/NoSuchMethodError'{0x0000000621062fd0}: 'void java.lang.System.load(java.lang.String, java.lang.Class)'> (0x0000000621062fd0) 
thrown [s\src\hotspot\share\interpreter\linkResolver.cpp, line 773]
Event: 0.615 Thread 0x0000019e0e13b750 Exception <a 'java/lang/NoSuchMethodError'{0x0000000621065ab8}: 'void java.lang.System.loadLibrary(java.lang.String, java.lang.Class)'> (0x0000000621065ab8) 
thrown [s\src\hotspot\share\interpreter\linkResolver.cpp, line 773]
Event: 0.619 Thread 0x0000019e0e13b750 Exception <a 'sun/nio/fs/WindowsException'{0x00000006210a7ff8}> (0x00000006210a7ff8) 
thrown [s\src\hotspot\share\prims\jni.cpp, line 520]
Event: 0.619 Thread 0x0000019e0e13b750 Exception <a 'sun/nio/fs/WindowsException'{0x00000006210a8378}> (0x00000006210a8378) 
thrown [s\src\hotspot\share\prims\jni.cpp, line 520]

ZGC Phase Switch (0 events):
No events

VM Operations (6 events):
Event: 0.051 Executing VM operation: HandshakeAllThreads (Deoptimize)
Event: 0.051 Executing VM operation: HandshakeAllThreads (Deoptimize) done
Event: 0.559 Executing VM operation: HandshakeAllThreads (Deoptimize)
Event: 0.559 Executing VM operation: HandshakeAllThreads (Deoptimize) done
Event: 0.600 Executing VM operation: G1CollectForAllocation (G1 Evacuation Pause)
Event: 0.604 Executing VM operation: G1CollectForAllocation (G1 Evacuation Pause) done

Memory protections (0 events):
No events

Nmethod flushes (0 events):
No events

Events (20 events):
Event: 0.022 Thread 0x0000019e0e13b750 Thread added: 0x0000019e2d7dc050
Event: 0.022 Thread 0x0000019e0e13b750 Thread added: 0x0000019e2d7dd810
Event: 0.022 Thread 0x0000019e0e13b750 Thread added: 0x0000019e30b88470
Event: 0.022 Thread 0x0000019e0e13b750 Thread added: 0x0000019e30b88ff0
Event: 0.022 Thread 0x0000019e0e13b750 Thread added: 0x0000019e30b8a5b0
Event: 0.022 Thread 0x0000019e0e13b750 Thread added: 0x0000019e30b8be30
Event: 0.022 Thread 0x0000019e0e13b750 Thread added: 0x0000019e30b8f990
Event: 0.022 Thread 0x0000019e0e13b750 Thread added: 0x0000019e30b9c5d0
Event: 0.024 Thread 0x0000019e30b9c5d0 Thread added: 0x0000019e30c3f070
Event: 0.040 Thread 0x0000019e0e13b750 Thread added: 0x0000019e30d631e0
Event: 0.042 Thread 0x0000019e0e13b750 Thread added: 0x0000019e30d69c80
Event: 0.367 Thread 0x0000019e30b9c5d0 Thread added: 0x0000019e76771610
Event: 0.555 Thread 0x0000019e76771610 Thread added: 0x0000019e76063010
Event: 0.555 Thread 0x0000019e76771610 Thread added: 0x0000019e7ce80920
Event: 0.563 Thread 0x0000019e76063010 Thread added: 0x0000019e7d028a60
Event: 0.563 Thread 0x0000019e7ce80920 Thread added: 0x0000019e767b1650
Event: 0.566 Thread 0x0000019e767b1650 Thread added: 0x0000019e7ceb1630
Event: 0.569 Thread 0x0000019e7d028a60 Thread added: 0x0000019e7ceb1cd0
Event: 0.569 Thread 0x0000019e7d028a60 Thread added: 0x0000019e7ceb2370
Event: 0.572 Thread 0x0000019e30b8f990 Thread added: 0x0000019e7ceb2a10


Dynamic libraries:
0x00007ff763240000 - 0x00007ff76324e000 	C:\Users\mirek\.vscode\extensions\redhat.java-1.44.0-win32-x64\jre\21.0.8-win32-x86_64\bin\java.exe
0x00007ff8d3720000 - 0x00007ff8d3988000 	C:\WINDOWS\SYSTEM32\ntdll.dll
0x00007ff8d2720000 - 0x00007ff8d27e9000 	C:\WINDOWS\System32\KERNEL32.DLL
0x00007ff8d1010000 - 0x00007ff8d13fd000 	C:\WINDOWS\System32\KERNELBASE.dll
0x00007ff8d0a50000 - 0x00007ff8d0b9b000 	C:\WINDOWS\System32\ucrtbase.dll
0x00007ff8bb1e0000 - 0x00007ff8bb1f8000 	C:\Users\mirek\.vscode\extensions\redhat.java-1.44.0-win32-x64\jre\21.0.8-win32-x86_64\bin\jli.dll
0x00007ff8b5750000 - 0x00007ff8b576e000 	C:\Users\mirek\.vscode\extensions\redhat.java-1.44.0-win32-x64\jre\21.0.8-win32-x86_64\bin\VCRUNTIME140.dll
0x00007ff8d19a0000 - 0x00007ff8d1b6c000 	C:\WINDOWS\System32\USER32.dll
0x00007ff8d0d20000 - 0x00007ff8d0d47000 	C:\WINDOWS\System32\win32u.dll
0x00007ff8d32a0000 - 0x00007ff8d32cb000 	C:\WINDOWS\System32\GDI32.dll
0x00007ff8b7550000 - 0x00007ff8b77ea000 	C:\WINDOWS\WinSxS\amd64_microsoft.windows.common-controls_6595b64144ccf1df_6.0.26100.4484_none_3e0e6d4ce32ef3b3\COMCTL32.dll
0x00007ff8d0ed0000 - 0x00007ff8d1007000 	C:\WINDOWS\System32\gdi32full.dll
0x00007ff8d3450000 - 0x00007ff8d34f9000 	C:\WINDOWS\System32\msvcrt.dll
0x00007ff8d0910000 - 0x00007ff8d09b3000 	C:\WINDOWS\System32\msvcp_win.dll
0x00007ff8d2230000 - 0x00007ff8d225f000 	C:\WINDOWS\System32\IMM32.DLL
0x00007ff8cc1b0000 - 0x00007ff8cc1bc000 	C:\Users\mirek\.vscode\extensions\redhat.java-1.44.0-win32-x64\jre\21.0.8-win32-x86_64\bin\vcruntime140_1.dll
0x00007ff893330000 - 0x00007ff8933bd000 	C:\Users\mirek\.vscode\extensions\redhat.java-1.44.0-win32-x64\jre\21.0.8-win32-x86_64\bin\msvcp140.dll
0x00007ff841b10000 - 0x00007ff8428a7000 	C:\Users\mirek\.vscode\extensions\redhat.java-1.44.0-win32-x64\jre\21.0.8-win32-x86_64\bin\server\jvm.dll
0x00007ff8d2550000 - 0x00007ff8d2604000 	C:\WINDOWS\System32\ADVAPI32.dll
0x00007ff8d1fd0000 - 0x00007ff8d2076000 	C:\WINDOWS\System32\sechost.dll
0x00007ff8d2080000 - 0x00007ff8d2198000 	C:\WINDOWS\System32\RPCRT4.dll
0x00007ff8d26a0000 - 0x00007ff8d2714000 	C:\WINDOWS\System32\WS2_32.dll
0x00007ff8d06c0000 - 0x00007ff8d071e000 	C:\WINDOWS\SYSTEM32\POWRPROF.dll
0x00007ff8c1f60000 - 0x00007ff8c1f95000 	C:\WINDOWS\SYSTEM32\WINMM.dll
0x00007ff8c8990000 - 0x00007ff8c899b000 	C:\WINDOWS\SYSTEM32\VERSION.dll
0x00007ff8d06a0000 - 0x00007ff8d06b4000 	C:\WINDOWS\SYSTEM32\UMPDC.dll
0x00007ff8cf610000 - 0x00007ff8cf62b000 	C:\WINDOWS\SYSTEM32\kernel.appcore.dll
0x00007ff8cc110000 - 0x00007ff8cc11a000 	C:\Users\mirek\.vscode\extensions\redhat.java-1.44.0-win32-x64\jre\21.0.8-win32-x86_64\bin\jimage.dll
0x00007ff8b8b30000 - 0x00007ff8b8d71000 	C:\WINDOWS\SYSTEM32\DBGHELP.DLL
0x00007ff8d1b90000 - 0x00007ff8d1f16000 	C:\WINDOWS\System32\combase.dll
0x00007ff8d2280000 - 0x00007ff8d2360000 	C:\WINDOWS\System32\OLEAUT32.dll
0x00007ff8ae3d0000 - 0x00007ff8ae413000 	C:\WINDOWS\SYSTEM32\dbgcore.DLL
0x00007ff8d0870000 - 0x00007ff8d0909000 	C:\WINDOWS\System32\bcryptPrimitives.dll
0x00007ff8ae8b0000 - 0x00007ff8ae8cf000 	C:\Users\mirek\.vscode\extensions\redhat.java-1.44.0-win32-x64\jre\21.0.8-win32-x86_64\bin\java.dll
0x00007ff8d2a50000 - 0x00007ff8d319a000 	C:\WINDOWS\System32\SHELL32.dll
0x00007ff8d0ba0000 - 0x00007ff8d0d14000 	C:\WINDOWS\System32\wintypes.dll
0x00007ff8ce4f0000 - 0x00007ff8ced4b000 	C:\WINDOWS\SYSTEM32\windows.storage.dll
0x00007ff8d3350000 - 0x00007ff8d3445000 	C:\WINDOWS\System32\SHCORE.dll
0x00007ff8d21c0000 - 0x00007ff8d222a000 	C:\WINDOWS\System32\shlwapi.dll
0x00007ff8d0780000 - 0x00007ff8d07af000 	C:\WINDOWS\SYSTEM32\profapi.dll
0x00007ff8a0b30000 - 0x00007ff8a0b48000 	C:\Users\mirek\.vscode\extensions\redhat.java-1.44.0-win32-x64\jre\21.0.8-win32-x86_64\bin\zip.dll
0x00007ff8cc100000 - 0x00007ff8cc110000 	C:\Users\mirek\.vscode\extensions\redhat.java-1.44.0-win32-x64\jre\21.0.8-win32-x86_64\bin\net.dll
0x00007ff8c9320000 - 0x00007ff8c943e000 	C:\WINDOWS\SYSTEM32\WINHTTP.dll
0x00007ff8cfba0000 - 0x00007ff8cfc0a000 	C:\WINDOWS\system32\mswsock.dll
0x00007ff8a09d0000 - 0x00007ff8a09e6000 	C:\Users\mirek\.vscode\extensions\redhat.java-1.44.0-win32-x64\jre\21.0.8-win32-x86_64\bin\nio.dll
0x00007ff8b44a0000 - 0x00007ff8b4515000 	C:\Users\mirek\AppData\Local\Temp\lwjglmirek\3.3.1-build-7\lwjgl.dll
0x00007ff8b5ee0000 - 0x00007ff8b5f41000 	C:\Users\mirek\AppData\Local\Temp\lwjglmirek\3.3.1-build-7\glfw.dll
0x00007ff8abe50000 - 0x00007ff8abe9b000 	C:\WINDOWS\SYSTEM32\dinput8.dll
0x00007ff89ca00000 - 0x00007ff89ca12000 	C:\WINDOWS\SYSTEM32\xinput1_4.dll
0x00007ff8d03e0000 - 0x00007ff8d0437000 	C:\WINDOWS\SYSTEM32\cfgmgr32.dll
0x00007ff8d03b0000 - 0x00007ff8d03dd000 	C:\WINDOWS\SYSTEM32\DEVOBJ.dll
0x00007ff8cde40000 - 0x00007ff8cde76000 	C:\WINDOWS\SYSTEM32\dwmapi.dll
0x00007ff8ac620000 - 0x00007ff8ac803000 	C:\WINDOWS\SYSTEM32\inputhost.dll
0x00007ff8cd5e0000 - 0x00007ff8cd705000 	C:\WINDOWS\SYSTEM32\CoreMessaging.dll
0x00007ff8cdb20000 - 0x00007ff8cdbcf000 	C:\WINDOWS\system32\uxtheme.dll
0x00007ff8cfe70000 - 0x00007ff8cfe7c000 	C:\WINDOWS\SYSTEM32\CRYPTBASE.DLL
0x00007ff8d28e0000 - 0x00007ff8d2a40000 	C:\WINDOWS\System32\MSCTF.dll
0x00007ff8603d0000 - 0x00007ff8604e8000 	C:\WINDOWS\SYSTEM32\opengl32.dll
0x00007ff86a4a0000 - 0x00007ff86a4cd000 	C:\WINDOWS\SYSTEM32\GLU32.dll
0x00007ff8cdc20000 - 0x00007ff8cdc6d000 	C:\WINDOWS\SYSTEM32\dxcore.dll
0x00007ff8b7030000 - 0x00007ff8b704a000 	C:\WINDOWS\SYSTEM32\windows.staterepositorycore.dll
0x00007ff856cf0000 - 0x00007ff859634000 	C:\WINDOWS\System32\DriverStore\FileRepository\nv_dispi.inf_amd64_fe5f369669db2f36\nvoglv64.dll
0x00007ff8d1510000 - 0x00007ff8d1996000 	C:\WINDOWS\System32\SETUPAPI.dll
0x00007ff8d2370000 - 0x00007ff8d250e000 	C:\WINDOWS\System32\ole32.dll
0x00007ff8cd9f0000 - 0x00007ff8cda06000 	C:\WINDOWS\SYSTEM32\WTSAPI32.dll
0x00007ff8cff80000 - 0x00007ff8cff93000 	C:\WINDOWS\SYSTEM32\msasn1.dll
0x00007ff8c8540000 - 0x00007ff8c857b000 	C:\WINDOWS\SYSTEM32\cryptnet.dll
0x00007ff8d0d50000 - 0x00007ff8d0ec7000 	C:\WINDOWS\System32\CRYPT32.dll
0x00007ff8cff10000 - 0x00007ff8cff7b000 	C:\WINDOWS\SYSTEM32\wldp.dll
0x00007ff8c8200000 - 0x00007ff8c837c000 	C:\WINDOWS\SYSTEM32\drvstore.dll
0x00007ff8d09c0000 - 0x00007ff8d0a44000 	C:\WINDOWS\System32\WINTRUST.dll
0x00007ff8cf740000 - 0x00007ff8cf776000 	C:\WINDOWS\SYSTEM32\ntmarta.dll
0x00007ff8d2520000 - 0x00007ff8d2540000 	C:\WINDOWS\System32\imagehlp.dll
0x00007ff8cfe50000 - 0x00007ff8cfe6b000 	C:\WINDOWS\SYSTEM32\CRYPTSP.dll
0x00007ff8cf570000 - 0x00007ff8cf5ab000 	C:\WINDOWS\system32\rsaenh.dll
0x00007ff8d0750000 - 0x00007ff8d0776000 	C:\WINDOWS\SYSTEM32\bcrypt.dll
0x00007ff8c3720000 - 0x00007ff8c74b2000 	C:\WINDOWS\System32\DriverStore\FileRepository\nv_dispi.inf_amd64_fe5f369669db2f36\nvgpucomp64.dll
0x00007ff8a2d70000 - 0x00007ff8a3084000 	C:\WINDOWS\system32\nvspcap64.dll
0x00007ff8d0470000 - 0x00007ff8d04d7000 	C:\WINDOWS\SYSTEM32\WINSTA.dll
0x00007ff8c7860000 - 0x00007ff8c79b0000 	C:\WINDOWS\SYSTEM32\textinputframework.dll
0x00007ff8c9980000 - 0x00007ff8c9c63000 	C:\WINDOWS\SYSTEM32\CoreUIComponents.dll
0x00007ff8b4440000 - 0x00007ff8b449d000 	C:\Users\mirek\AppData\Local\Temp\lwjglmirek\3.3.1-build-7\lwjgl_opengl.dll
0x00007ff8a8cb0000 - 0x00007ff8a8cc0000 	C:\Users\mirek\.vscode\extensions\redhat.java-1.44.0-win32-x64\jre\21.0.8-win32-x86_64\bin\verify.dll
0x00007ff8b4350000 - 0x00007ff8b43d1000 	C:\Users\mirek\AppData\Local\Temp\lwjglmirek\3.3.1-build-7\lwjgl_stb.dll

JVMTI agents: none

dbghelp: loaded successfully - version: 4.0.5 - missing functions: none
symbol engine: initialized successfully - sym options: 0x614 - pdb path: .;C:\Users\mirek\.vscode\extensions\redhat.java-1.44.0-win32-x64\jre\21.0.8-win32-x86_64\bin;C:\WINDOWS\SYSTEM32;C:\WINDOWS\WinSxS\amd64_microsoft.windows.common-controls_6595b64144ccf1df_6.0.26100.4484_none_3e0e6d4ce32ef3b3;C:\Users\mirek\.vscode\extensions\redhat.java-1.44.0-win32-x64\jre\21.0.8-win32-x86_64\bin\server;C:\Users\mirek\AppData\Local\Temp\lwjglmirek\3.3.1-build-7;C:\WINDOWS\System32\DriverStore\FileRepository\nv_dispi.inf_amd64_fe5f369669db2f36

VM Arguments:
jvm_args: -Dfile.encoding=UTF-8 -Duser.country=DE -Duser.language=de -Duser.variant 
java_command: engine.Main
java_class_path (initial): C:\Users\mirek\Desktop\Programming Stuff\OpenGL\Mian Engine\Mian-engine-v1\build\classes\java\main;C:\Users\mirek\Desktop\Programming Stuff\OpenGL\Mian Engine\Mian-engine-v1\build\resources\main;C:\Users\mirek\.gradle\caches\modules-2\files-2.1\org.lwjgl\lwjgl-glfw\3.3.1\cbac1b8d30cb4795149c1ef540f912671a8616d0\lwjgl-glfw-3.3.1.jar;C:\Users\mirek\.gradle\caches\modules-2\files-2.1\org.lwjgl\lwjgl-glfw\3.3.1\ed892f945cf7e79c8756796f32d00fa4ceaf573b\lwjgl-glfw-3.3.1-natives-windows.jar;C:\Users\mirek\.gradle\caches\modules-2\files-2.1\org.lwjgl\lwjgl-opengl\3.3.1\831a5533a21a5f4f81bbc51bb13e9899319b5411\lwjgl-opengl-3.3.1.jar;C:\Users\mirek\.gradle\caches\modules-2\files-2.1\org.lwjgl\lwjgl-opengl\3.3.1\c1807e9bd571402787d7e37e3029776ae2513bb8\lwjgl-opengl-3.3.1-natives-windows.jar;C:\Users\mirek\.gradle\caches\modules-2\files-2.1\org.lwjgl\lwjgl-stb\3.3.1\b119297cf8ed01f247abe8685857f8e7fcf5980f\lwjgl-stb-3.3.1.jar;C:\Users\mirek\.gradle\caches\modules-2\files-2.1\org.lwjgl\lwjgl-stb\3.3.1\86315914ac119efdb02dc9e8e978ade84f1702af\lwjgl-stb-3.3.1-natives-windows.jar;C:\Users\mirek\.gradle\caches\modules-2\files-2.1\org.lwjgl\lwjgl\3.3.1\ae58664f88e18a9bb2c77b063833ca7aaec484cb\lwjgl-3.3.1.jar;C:\Users\mirek\.gradle\caches\modules-2\files-2.1\org.lwjgl\lwjgl\3.3.1\36c37f16ab611b3aa11f3bcf80b1d509b4ce6b\lwjgl-3.3.1-natives-windows.jar;C:\Users\mirek\.gradle\caches\modules-2\files-2.1\org.joml\joml\1.10.5\22566d58af70ad3d72308bab63b8339906deb649\joml-1.10.5.jar
Launcher Type: SUN_STANDARD

[Global flags]
     intx CICompilerCount                          = 12                                        {product} {ergonomic}
     uint ConcGCThreads                            = 5                                         {product} {ergonomic}
     uint G1ConcRefinementThreads                  = 18                                        {product} {ergonomic}
   size_t G1HeapRegionSize                         = 4194304                                   {product} {ergonomic}
    uintx GCDrainStackTargetSize                   = 64                                        {product} {ergonomic}
   size_t InitialHeapSize                          = 536870912                                 {product} {ergonomic}
   size_t MarkStackSize                            = 4194304                                   {product} {ergonomic}
   size_t MaxHeapSize                              = 8568963072                                {product} {ergonomic}
   size_t MaxNewSize                               = 5138022400                                {product} {ergonomic}
   size_t MinHeapDeltaBytes                        = 4194304                                   {product} {ergonomic}
   size_t MinHeapSize                              = 8388608                                   {product} {ergonomic}
    uintx NonNMethodCodeHeapSize                   = 7602480                                {pd product} {ergonomic}
    uintx NonProfiledCodeHeapSize                  = 122027880                              {pd product} {ergonomic}
    uintx ProfiledCodeHeapSize                     = 122027880                              {pd product} {ergonomic}
    uintx ReservedCodeCacheSize                    = 251658240                              {pd product} {ergonomic}
     bool SegmentedCodeCache                       = true                                      {product} {ergonomic}
   size_t SoftMaxHeapSize                          = 8568963072                             {manageable} {ergonomic}
     bool UseCompressedOops                        = true                           {product lp64_product} {ergonomic}
     bool UseG1GC                                  = true                                      {product} {ergonomic}
     bool UseLargePagesIndividualAllocation        = false                                  {pd product} {ergonomic}

Logging:
Log output configuration:
 #0: stdout all=warning uptime,level,tags foldmultilines=false
 #1: stderr all=off uptime,level,tags foldmultilines=false

Environment Variables:
JAVA_HOME=C:\Users\mirek\.jdks\corretto-1.8.0_442
CLASSPATH=c:\Users\mirek\.vscode\extensions\vscjava.vscode-gradle-3.16.4\lib\gradle-server.jar
PATH=;C:\Program Files\Common Files\Oracle\Java\javapath;C:\Program Files (x86)\Common Files\Oracle\Java\java8path;C:\Program Files (x86)\Common Files\Oracle\Java\javapath;C:\Program Files\Microsoft MPI\Bin\;C:\Program Files\Eclipse Adoptium\jdk-21.0.3.9-hotspot\bin;C:\Python312\Scripts\;C:\Python312\;C:\Program Files (x86)\Razer Chroma SDK\bin;C:\Program Files\Razer Chroma SDK\bin;C:\Program Files (x86)\Razer\ChromaBroadcast\bin;C:\Program Files\Razer\ChromaBroadcast\bin;C:\Program Files\Eclipse Adoptium\jdk-17.0.10.7-hotspot\bin;C:\Windows\system32;C:\Windows;C:\Windows\System32\Wbem;C:\Windows\System32\WindowsPowerShell\v1.0\;C:\Windows\System32\OpenSSH\;C:\Program Files\dotnet\;C:\Windows\system32\config\systemprofile\AppData\Local\Microsoft\WindowsApps;C:\Users\mirek\AppData\Local\Microsoft\WindowsApps;D:\Microsoft VS Code\bin;D:\IntelliJ IDEA Community Edition 2023.3.6\bin;C:\Users\mirek\.dotnet\tools;C:\Program Files\nodejs\;C:\ProgramData\chocolatey\bin;C:\Program Files\Git\cmd;C:\Program Files\Microsoft SQL Server\150\Tools\Binn\;C:\Program Files\Microsoft SQL Server\Client SDK\ODBC\170\Tools\Binn\;C:\msys64\mingw64\bin;;C:\WINDOWS\system32;C:\WINDOWS;C:\WINDOWS\System32\Wbem;C:\WINDOWS\System32\WindowsPowerShell\v1.0\;C:\WINDOWS\System32\OpenSSH\;C:\Program Files\NVIDIA Corporation\NVIDIA App\NvDLISR;C:\Program Files (x86)\NVIDIA Corporation\PhysX\Common;C:\Users\mirek\.cargo\bin;C:\Users\mirek\AppData\Local\Programs\Python\Python311\Scripts\;C:\Users\mirek\AppData\Local\Programs\Python\Python311\;C:\Users\mirek\AppData\Local\Microsoft\WindowsApps;D:\Microsoft VS Code\bin;D:\IntelliJ IDEA Community Edition 2023.3.6\bin;;C:\Users\mirek\.dotnet\tools;C:\Users\mirek\AppData\Roaming\npm;C:\Users\mirek\AppData\Local\Muse Hub\lib;C:\msys64\mingw64\bin;C:\ffmpeg\bin;C:\Gradle\gradle-8.12-all\gradle-8.12\bin;C:\Program Files (x86)\Atmel\Flip 3.4.7\bin;C:\Program Files (x86)\Nmap;C:\maven\bin;C:\Users\mirek\AppData\Local\Microsoft\WinGet\Packages\Microsoft.devtunnel_Microsoft.Winget.Source_8wekyb3d8bbwe;C:\Program Files\NVIDIA GPU Computing Toolkit\CUDA\v11.8\bin;C:\Program Files\NVIDIA GPU Computing Toolkit\CUDA\v11.8\lib\x64;
USERNAME=mirek
OS=Windows_NT
PROCESSOR_IDENTIFIER=AMD64 Family 25 Model 33 Stepping 2, AuthenticAMD
TMP=C:\Users\mirek\AppData\Local\Temp
TEMP=C:\Users\mirek\AppData\Local\Temp




Periodic native trim disabled

---------------  S Y S T E M  ---------------

OS:
 Windows 11 , 64 bit Build 26100 (10.0.26100.4484)
OS uptime: 2 days 14:45 hours

CPU: total 24 (initial active 24) (24 cores per cpu, 2 threads per core) family 25 model 33 stepping 2 microcode 0xa201213, cx8, cmov, fxsr, ht, mmx, 3dnowpref, sse, sse2, sse3, ssse3, sse4a, sse4.1, sse4.2, popcnt, lzcnt, tsc, tscinvbit, avx, avx2, aes, erms, clmul, bmi1, bmi2, adx, sha, fma, vzeroupper, clflush, clflushopt, rdtscp, rdpid, fsrm, f16c, pku, cet_ss
Processor Information for the first 24 processors :
  Max Mhz: 3701, Current Mhz: 3701, Mhz Limit: 3701

Memory: 4k page, system-wide physical 32681M (15859M free)
TotalPageFile size 43945M (AvailPageFile size 19243M)
current process WorkingSet (physical memory assigned to process): 138M, peak: 150M
current process commit charge ("private bytes"): 728M, peak: 741M

vm_info: OpenJDK 64-Bit Server VM (21.0.8+9-LTS) for windows-amd64 JRE (21.0.8+9-LTS), built on 2025-07-15T00:00:00Z by "admin" with MS VC++ 17.7 (VS2022)

END.
