#
# A fatal error has been detected by the Java Runtime Environment:
#
#  EXCEPTION_ACCESS_VIOLATION (0xc0000005) at pc=0x000002c5d63022dd, pid=14296, tid=2404
#
# JRE version: OpenJDK Runtime Environment Temurin-21.0.3+9 (21.0.3+9) (build 21.0.3+9-LTS)
# Java VM: OpenJDK 64-Bit Server VM Temurin-21.0.3+9 (21.0.3+9-LTS, mixed mode, sharing, tiered, compressed oops, compressed class ptrs, g1 gc, windows-amd64)
# Problematic frame:
# J 1494 c2 sun.misc.Unsafe.putLong(Ljava/lang/Object;JJ)V jdk.unsupported@21.0.3 (11 bytes) @ 0x000002c5d63022dd [0x000002c5d63022a0+0x000000000000003d]
#
# No core dump will be written. Minidumps are not enabled by default on client versions of Windows
#
# If you would like to submit a bug report, please visit:
#   https://github.com/adoptium/adoptium-support/issues
#

---------------  S U M M A R Y ------------

Command Line: -XX:+ShowCodeDetailsInExceptionMessages engine.Main

Host: AMD Ryzen 9 5900X 12-Core Processor            , 24 cores, 31G,  Windows 11 , 64 bit Build 26100 (10.0.26100.4484)
Time: Sun Aug 24 23:43:23 2025 Mitteleuropäische Sommerzeit elapsed time: 1.863840 seconds (0d 0h 0m 1s)

---------------  T H R E A D  ---------------

Current thread (0x000002c5c43b50e0):  JavaThread "main"             [_thread_in_Java, id=2404, stack(0x000000defe400000,0x000000defe500000) (1024K)]

Stack: [0x000000defe400000,0x000000defe500000],  sp=0x000000defe4ff0a0,  free space=1020k
Native frames: (J=compiled Java code, j=interpreted, Vv=VM code, C=native code)
C  0x000002c5d63022dd

The last pc belongs to nmethod (printed below).

siginfo: EXCEPTION_ACCESS_VIOLATION (0xc0000005), writing address 0x0000000000000010


Registers:
RAX=0x000002c5ed139140, RBX=0x000002c5ed139140, RCX=0x00000006094d2230, RDX=0x00000006094d2230
RSP=0x000000defe4ff0a0, RBP=0x000000defe4ff138, RSI=0x000002c5eca23fc8, RDI=0x0000000041200000
R8 =0x0000000000000000, R9 =0x0000000000000010, R10=0x0000000000000000, R11=0x000002c5d63022c0
R12=0x0000000000000000, R13=0x000000defe4ff0c0, R14=0x000000defe4ff160, R15=0x000002c5c43b50e0
RIP=0x000002c5d63022dd, EFLAGS=0x0000000000010246


Register to memory mapping:

RAX={method} {0x000002c5ed139148} 'putLong' '(Ljava/lang/Object;JJ)V' in 'sun/misc/Unsafe'
RBX={method} {0x000002c5ed139148} 'putLong' '(Ljava/lang/Object;JJ)V' in 'sun/misc/Unsafe'
RCX=0x00000006094d2230 is an oop: sun.misc.Unsafe 
{0x00000006094d2230} - klass: 'sun/misc/Unsafe'
 - ---- fields (total size 2 words):
RDX=0x00000006094d2230 is an oop: sun.misc.Unsafe 
{0x00000006094d2230} - klass: 'sun/misc/Unsafe'
 - ---- fields (total size 2 words):
RSP=0x000000defe4ff0a0 is pointing into the stack for thread: 0x000002c5c43b50e0
RBP=0x000000defe4ff138 is pointing into the stack for thread: 0x000002c5c43b50e0
RSI=0x000002c5eca23fc8 points into unknown readable memory: 0x880029009521eef7 | f7 ee 21 95 00 29 00 88
RDI=0x0000000041200000 is an unknown value
R8 =0x0 is null
R9 =0x0000000000000010 is an unknown value
R10=0x0 is null
R11=0x000002c5d63022c0 is at entry_point+32 in (nmethod*)0x000002c5d6302110
Compiled method (c2)    1883 1494       4       sun.misc.Unsafe::putLong (11 bytes)
 total in heap  [0x000002c5d6302110,0x000002c5d6302360] = 592
 relocation     [0x000002c5d6302270,0x000002c5d6302288] = 24
 main code      [0x000002c5d63022a0,0x000002c5d6302318] = 120
 stub code      [0x000002c5d6302318,0x000002c5d6302330] = 24
 scopes data    [0x000002c5d6302330,0x000002c5d6302338] = 8
 scopes pcs     [0x000002c5d6302338,0x000002c5d6302358] = 32
 dependencies   [0x000002c5d6302358,0x000002c5d6302360] = 8
R12=0x0 is null
R13=0x000000defe4ff0c0 is pointing into the stack for thread: 0x000002c5c43b50e0
R14=0x000000defe4ff160 is pointing into the stack for thread: 0x000002c5c43b50e0
R15=0x000002c5c43b50e0 is a thread

Top of Stack: (sp=0x000000defe4ff0a0)
0x000000defe4ff0a0:   000000defe4ff138 000002c5d5a9893e
0x000000defe4ff0b0:   000000defe4ff138 000002c5d5a98860
0x000000defe4ff0c0:   0000000041200000 0000000000000000
0x000000defe4ff0d0:   0000000000000010 0000000000000000
0x000000defe4ff0e0:   0000000000000000 00000006094d2230
0x000000defe4ff0f0:   000000defe4ff0f0 000002c5ed7fc1d9
0x000000defe4ff100:   0000000000000005 000002c5ed810000
0x000000defe4ff110:   0000000000000000 000000062f0ede98
0x000000defe4ff120:   000002c5ed7fc218 000000defe4ff0c0
0x000000defe4ff130:   000000defe4ff150 000000defe4ff1b0
0x000000defe4ff140:   000002c5d5a98860 0000000000000000
0x000000defe4ff150:   0000000000000010 0000000000000000
0x000000defe4ff160:   000000062f29a708 000000defe4ff168
0x000000defe4ff170:   000002c5ed8027d4 0000000000000005
0x000000defe4ff180:   000002c5ed810000 0000000000000000
0x000000defe4ff190:   000000062f0ede98 000002c5ed802818
0x000000defe4ff1a0:   000000defe4ff150 000000defe4ff1c0
0x000000defe4ff1b0:   000000defe4ff228 000002c5d5a98860
0x000000defe4ff1c0:   000000062f29a800 0000000000000000
0x000000defe4ff1d0:   000000062f29a708 000000062f297f78
0x000000defe4ff1e0:   000000defe4ff1e0 000002c5ed785719
0x000000defe4ff1f0:   0000000000000003 000002c5ed7b8000
0x000000defe4ff200:   0000000000000000 000000062f7f1830
0x000000defe4ff210:   000002c5ed785740 000000defe4ff1c0
0x000000defe4ff220:   000000defe4ff238 000000defe4ff290
0x000000defe4ff230:   000002c5d5a989d2 000000062f29a800
0x000000defe4ff240:   000000062f29a708 000000defe4ff248
0x000000defe4ff250:   000002c5ed59ffa8 0000000000000003
0x000000defe4ff260:   000002c5ed5a8000 0000000000000000
0x000000defe4ff270:   000000060940c800 000002c5ed5a12d0
0x000000defe4ff280:   000000defe4ff238 000000defe4ff2a8
0x000000defe4ff290:   000000defe4ff308 000002c5d5a989d2 

Instructions: (pc=0x000002c5d63022dd)
0x000002c5d63021dd:   00 00 00 00 00 00 00 00 00 00 00 00 00 00 00 00
0x000002c5d63021ed:   00 00 00 a0 22 30 d6 c5 02 00 00 c0 22 30 d6 c5
0x000002c5d63021fd:   02 00 00 a0 22 30 d6 c5 02 00 00 00 00 00 00 00
0x000002c5d630220d:   00 00 00 ff ff ff ff 08 02 00 00 ff ff ff ff 90
0x000002c5d630221d:   01 00 00 08 02 00 00 20 02 00 00 20 02 00 00 00
0x000002c5d630222d:   00 00 00 28 02 00 00 48 02 00 00 50 02 00 00 50
0x000002c5d630223d:   02 00 00 50 02 00 00 50 02 00 00 50 02 00 00 00
0x000002c5d630224d:   00 00 00 d6 05 00 00 02 00 00 00 ff ff ff ff ff
0x000002c5d630225d:   ff ff ff 04 02 00 00 00 00 00 00 00 00 00 00 00
0x000002c5d630226d:   00 00 00 14 30 32 58 0e 78 0e 40 11 31 05 31 0e
0x000002c5d630227d:   00 00 31 0f 31 00 00 00 00 00 00 00 00 00 00 00
0x000002c5d630228d:   00 00 00 00 00 00 00 00 00 00 00 00 00 00 00 00
0x000002c5d630229d:   00 00 00 44 8b 52 08 49 bb 00 00 00 80 c5 02 00
0x000002c5d63022ad:   00 4d 03 d3 49 3b c2 0f 85 c6 c4 7d ff 66 90 0f
0x000002c5d63022bd:   1f 40 00 48 81 ec 18 00 00 00 48 89 6c 24 10 41
0x000002c5d63022cd:   81 7f 20 01 00 00 00 0f 85 30 00 00 00 4d 8b d0
0x000002c5d63022dd:   4b 89 3c 0a 48 83 c4 10 5d 49 3b a7 50 04 00 00
0x000002c5d63022ed:   0f 87 01 00 00 00 c3 49 ba e6 22 30 d6 c5 02 00
0x000002c5d63022fd:   00 4d 89 97 68 04 00 00 e9 f6 33 7e ff e8 51 2a
0x000002c5d630230d:   7c ff e9 c6 ff ff ff f4 f4 f4 f4 e9 63 a4 8a ff
0x000002c5d630231d:   e8 00 00 00 00 48 83 2c 24 05 e9 74 26 7e ff f4
0x000002c5d630232d:   f4 f4 f4 ff 00 00 00 00 00 00 00 ff ff ff ff 00
0x000002c5d630233d:   00 00 00 00 00 00 00 00 00 00 00 91 00 00 00 00
0x000002c5d630234d:   00 00 00 00 00 00 00 00 00 00 00 00 00 00 00 00
0x000002c5d630235d:   00 00 00 00 00 00 00 00 00 00 00 00 00 00 00 00
0x000002c5d630236d:   00 00 00 00 00 00 00 00 00 00 00 00 00 00 00 00
0x000002c5d630237d:   00 00 00 00 00 00 00 00 00 00 00 00 00 00 00 00
0x000002c5d630238d:   00 00 00 00 00 00 00 00 00 00 00 00 00 00 00 00
0x000002c5d630239d:   00 00 00 00 00 00 00 00 00 00 00 00 00 00 00 00
0x000002c5d63023ad:   00 00 00 00 00 00 00 00 00 00 00 00 00 00 00 00
0x000002c5d63023bd:   00 00 00 00 00 00 00 00 00 00 00 00 00 00 00 00
0x000002c5d63023cd:   00 00 00 00 00 00 00 00 00 00 00 00 00 00 00 00 


Stack slot to memory mapping:

stack at sp + 0 slots: 0x000000defe4ff138 is pointing into the stack for thread: 0x000002c5c43b50e0
stack at sp + 1 slots: 0x000002c5d5a9893e is at code_begin+1406 in an Interpreter codelet
return entry points  [0x000002c5d5a983c0, 0x000002c5d5a98f60]  2976 bytes
stack at sp + 2 slots: 0x000000defe4ff138 is pointing into the stack for thread: 0x000002c5c43b50e0
stack at sp + 3 slots: 0x000002c5d5a98860 is at code_begin+1184 in an Interpreter codelet
return entry points  [0x000002c5d5a983c0, 0x000002c5d5a98f60]  2976 bytes
stack at sp + 4 slots: 0x0000000041200000 is an unknown value
stack at sp + 5 slots: 0x0 is null
stack at sp + 6 slots: 0x0000000000000010 is an unknown value
stack at sp + 7 slots: 0x0 is null


Compiled method (c2)    1899 1494       4       sun.misc.Unsafe::putLong (11 bytes)
 total in heap  [0x000002c5d6302110,0x000002c5d6302360] = 592
 relocation     [0x000002c5d6302270,0x000002c5d6302288] = 24
 main code      [0x000002c5d63022a0,0x000002c5d6302318] = 120
 stub code      [0x000002c5d6302318,0x000002c5d6302330] = 24
 scopes data    [0x000002c5d6302330,0x000002c5d6302338] = 8
 scopes pcs     [0x000002c5d6302338,0x000002c5d6302358] = 32
 dependencies   [0x000002c5d6302358,0x000002c5d6302360] = 8

[Constant Pool (empty)]

[MachCode]
[Entry Point]
  # {method} {0x000002c5ed139148} 'putLong' '(Ljava/lang/Object;JJ)V' in 'sun/misc/Unsafe'
  # this:     rdx:rdx   = 'sun/misc/Unsafe'
  # parm0:    r8:r8     = 'java/lang/Object'
  # parm1:    r9:r9     = long
  # parm2:    rdi:rdi   = long
  #           [sp+0x20]  (sp of caller)
  0x000002c5d63022a0: 448b 5208 | 49bb 0000 | 0080 c502 | 0000 4d03 | d349 3bc2 

  0x000002c5d63022b4: ;   {runtime_call ic_miss_stub}
  0x000002c5d63022b4: 0f85 c6c4 | 7dff 6690 | 0f1f 4000 
[Verified Entry Point]
  0x000002c5d63022c0: 4881 ec18 | 0000 0048 | 896c 2410 | 4181 7f20 | 0100 0000 | 0f85 3000 | 0000 4d8b | d04b 893c 
  0x000002c5d63022e0: 0a48 83c4 

  0x000002c5d63022e4: ;   {poll_return}
  0x000002c5d63022e4: 105d 493b | a750 0400 | 000f 8701 | 0000 00c3 

  0x000002c5d63022f4: ;   {internal_word}
  0x000002c5d63022f4: 49ba e622 | 30d6 c502 | 0000 4d89 | 9768 0400 

  0x000002c5d6302304: ;   {runtime_call SafepointBlob}
  0x000002c5d6302304: 00e9 f633 

  0x000002c5d6302308: ;   {runtime_call StubRoutines (final stubs)}
  0x000002c5d6302308: 7eff e851 | 2a7c ffe9 | c6ff ffff | f4f4 f4f4 
[Exception Handler]
  0x000002c5d6302318: ;   {no_reloc}
  0x000002c5d6302318: e963 a48a | ffe8 0000 | 0000 4883 

  0x000002c5d6302324: ;   {runtime_call DeoptimizationBlob}
  0x000002c5d6302324: 2c24 05e9 | 7426 7eff | f4f4 f4f4 
[/MachCode]


---------------  P R O C E S S  ---------------

Threads class SMR info:
_java_thread_list=0x000002c5fa6a7130, length=18, elements={
0x000002c5c43b50e0, 0x000002c5eaf2ae70, 0x000002c5eaf2dae0, 0x000002c5ec1c5ff0,
0x000002c5ec1cab20, 0x000002c5ec1c83c0, 0x000002c5ec1c7d30, 0x000002c5ec1d0c40,
0x000002c5ec1d3f40, 0x000002c5ec1d6ef0, 0x000002c5ec1c9e00, 0x000002c5ec1ca490,
0x000002c5ec1d5a80, 0x000002c5ec1d3870, 0x000002c5ec1d4610, 0x000002c5ec1d6150,
0x000002c5ec1d6820, 0x000002c5ec1d4ce0
}

Java Threads: ( => current thread )
=>0x000002c5c43b50e0 JavaThread "main"                              [_thread_in_Java, id=2404, stack(0x000000defe400000,0x000000defe500000) (1024K)]
  0x000002c5eaf2ae70 JavaThread "Reference Handler"          daemon [_thread_blocked, id=29896, stack(0x000000defec00000,0x000000defed00000) (1024K)]
  0x000002c5eaf2dae0 JavaThread "Finalizer"                  daemon [_thread_blocked, id=31276, stack(0x000000defed00000,0x000000defee00000) (1024K)]
  0x000002c5ec1c5ff0 JavaThread "Signal Dispatcher"          daemon [_thread_blocked, id=30172, stack(0x000000defee00000,0x000000defef00000) (1024K)]
  0x000002c5ec1cab20 JavaThread "Attach Listener"            daemon [_thread_blocked, id=37264, stack(0x000000defef00000,0x000000deff000000) (1024K)]
  0x000002c5ec1c83c0 JavaThread "Service Thread"             daemon [_thread_blocked, id=4764, stack(0x000000deff000000,0x000000deff100000) (1024K)]
  0x000002c5ec1c7d30 JavaThread "Monitor Deflation Thread"   daemon [_thread_blocked, id=14056, stack(0x000000deff100000,0x000000deff200000) (1024K)]
  0x000002c5ec1d0c40 JavaThread "C2 CompilerThread0"         daemon [_thread_blocked, id=36576, stack(0x000000deff200000,0x000000deff300000) (1024K)]
  0x000002c5ec1d3f40 JavaThread "C1 CompilerThread0"         daemon [_thread_blocked, id=30920, stack(0x000000deff300000,0x000000deff400000) (1024K)]
  0x000002c5ec1d6ef0 JavaThread "C1 CompilerThread1"         daemon [_thread_blocked, id=11360, stack(0x000000deff400000,0x000000deff500000) (1024K)]
  0x000002c5ec1c9e00 JavaThread "Notification Thread"        daemon [_thread_blocked, id=22080, stack(0x000000deff500000,0x000000deff600000) (1024K)]
  0x000002c5ec1ca490 JavaThread "Common-Cleaner"             daemon [_thread_blocked, id=12788, stack(0x000000deff600000,0x000000deff700000) (1024K)]
  0x000002c5ec1d5a80 JavaThread "C1 CompilerThread2"         daemon [_thread_blocked, id=32716, stack(0x000000deff700000,0x000000deff800000) (1024K)]
  0x000002c5ec1d3870 JavaThread "C1 CompilerThread3"         daemon [_thread_blocked, id=29892, stack(0x000000defff00000,0x000000df00000000) (1024K)]
  0x000002c5ec1d4610 JavaThread "C2 CompilerThread1"         daemon [_thread_blocked, id=25604, stack(0x000000de80000000,0x000000de80100000) (1024K)]
  0x000002c5ec1d6150 JavaThread "C2 CompilerThread2"         daemon [_thread_blocked, id=37792, stack(0x000000de80100000,0x000000de80200000) (1024K)]
  0x000002c5ec1d6820 JavaThread "C2 CompilerThread3"         daemon [_thread_blocked, id=14896, stack(0x000000de80200000,0x000000de80300000) (1024K)]
  0x000002c5ec1d4ce0 JavaThread "C2 CompilerThread4"         daemon [_thread_blocked, id=37548, stack(0x000000de80300000,0x000000de80400000) (1024K)]
Total: 18

Other Threads:
  0x000002c5eaf0b3e0 VMThread "VM Thread"                           [id=36680, stack(0x000000defeb00000,0x000000defec00000) (1024K)]
  0x000002c5ec1c09d0 WatcherThread "VM Periodic Task Thread"        [id=16008, stack(0x000000defea00000,0x000000defeb00000) (1024K)]
  0x000002c5c49f7710 WorkerThread "GC Thread#0"                     [id=38496, stack(0x000000defe500000,0x000000defe600000) (1024K)]
  0x000002c5f7b565e0 WorkerThread "GC Thread#1"                     [id=1748, stack(0x000000de80700000,0x000000de80800000) (1024K)]
  0x000002c5f7edd6b0 WorkerThread "GC Thread#2"                     [id=29220, stack(0x000000de80800000,0x000000de80900000) (1024K)]
  0x000002c5f77af050 WorkerThread "GC Thread#3"                     [id=25416, stack(0x000000de80900000,0x000000de80a00000) (1024K)]
  0x000002c5f7b2de30 WorkerThread "GC Thread#4"                     [id=21936, stack(0x000000de80a00000,0x000000de80b00000) (1024K)]
  0x000002c5f7edda50 WorkerThread "GC Thread#5"                     [id=37756, stack(0x000000de80b00000,0x000000de80c00000) (1024K)]
  0x000002c5f7684840 WorkerThread "GC Thread#6"                     [id=19516, stack(0x000000de80c00000,0x000000de80d00000) (1024K)]
  0x000002c5f7684be0 WorkerThread "GC Thread#7"                     [id=32556, stack(0x000000de80d00000,0x000000de80e00000) (1024K)]
  0x000002c5f7bc9ea0 WorkerThread "GC Thread#8"                     [id=7632, stack(0x000000de80e00000,0x000000de80f00000) (1024K)]
  0x000002c5f7bca5e0 WorkerThread "GC Thread#9"                     [id=25864, stack(0x000000de80f00000,0x000000de81000000) (1024K)]
  0x000002c5f7bca240 WorkerThread "GC Thread#10"                    [id=33892, stack(0x000000de81000000,0x000000de81100000) (1024K)]
  0x000002c5f7bca980 WorkerThread "GC Thread#11"                    [id=35400, stack(0x000000de81100000,0x000000de81200000) (1024K)]
  0x000002c5f7bcb460 WorkerThread "GC Thread#12"                    [id=8628, stack(0x000000de80500000,0x000000de80600000) (1024K)]
  0x000002c5c4a092d0 ConcurrentGCThread "G1 Main Marker"            [id=26928, stack(0x000000defe600000,0x000000defe700000) (1024K)]
  0x000002c5c4a09ce0 WorkerThread "G1 Conc#0"                       [id=14144, stack(0x000000defe700000,0x000000defe800000) (1024K)]
  0x000002c5eae25a90 ConcurrentGCThread "G1 Refine#0"               [id=34764, stack(0x000000defe800000,0x000000defe900000) (1024K)]
  0x000002c5eae263b0 ConcurrentGCThread "G1 Service"                [id=36020, stack(0x000000defe900000,0x000000defea00000) (1024K)]
Total: 19

Threads with active compile tasks:
Total: 0

VM state: not at safepoint (normal execution)

VM Mutex/Monitor currently owned by a thread: None

Heap address: 0x0000000601400000, size: 8172 MB, Compressed Oops mode: Zero based, Oop shift amount: 3

CDS archive(s) mapped at: [0x000002c580000000-0x000002c580c90000-0x000002c580c90000), size 13172736, SharedBaseAddress: 0x000002c580000000, ArchiveRelocationMode: 1.
Compressed class space mapped at: 0x000002c581000000-0x000002c5c1000000, reserved size: 1073741824
Narrow klass base: 0x000002c580000000, Narrow klass shift: 0, Narrow klass range: 0x100000000

GC Precious Log:
 CardTable entry size: 512
 Card Set container configuration: InlinePtr #cards 4 size 8 Array Of Cards #cards 32 size 80 Howl #buckets 8 coarsen threshold 7372 Howl Bitmap #cards 1024 size 144 coarsen threshold 921 Card regions per heap region 1 cards per card region 8192
 CPUs: 24 total, 24 available
 Memory: 32681M
 Large Page Support: Disabled
 NUMA Support: Disabled
 Compressed Oops: Enabled (Zero based)
 Heap Region Size: 4M
 Heap Min Capacity: 8M
 Heap Initial Capacity: 512M
 Heap Max Capacity: 8172M
 Pre-touch: Disabled
 Parallel Workers: 18
 Concurrent Workers: 5
 Concurrent Refinement Workers: 18
 Periodic GC: Disabled

Heap:
 garbage-first heap   total 794624K, used 251460K [0x0000000601400000, 0x0000000800000000)
  region size 4096K, 3 young (12288K), 1 survivors (4096K)
 Metaspace       used 7670K, committed 7808K, reserved 1114112K
  class space    used 414K, committed 512K, reserved 1048576K

Heap Regions: E=young(eden), S=young(survivor), O=old, HS=humongous(starts), HC=humongous(continues), CS=collection set, F=free, TAMS=top-at-mark-start, PB=parsable bottom
|   0|0x0000000601400000, 0x0000000601800000, 0x0000000601800000|100%|HS|  |TAMS 0x0000000601400000| PB 0x0000000601400000| Complete 
|   1|0x0000000601800000, 0x0000000601c00000, 0x0000000601c00000|100%|HC|  |TAMS 0x0000000601800000| PB 0x0000000601800000| Complete 
|   2|0x0000000601c00000, 0x0000000602000000, 0x0000000602000000|100%|HS|  |TAMS 0x0000000601c00000| PB 0x0000000601c00000| Complete 
|   3|0x0000000602000000, 0x0000000602400000, 0x0000000602400000|100%|HC|  |TAMS 0x0000000602000000| PB 0x0000000602000000| Complete 
|   4|0x0000000602400000, 0x0000000602800000, 0x0000000602800000|100%|HS|  |TAMS 0x0000000602400000| PB 0x0000000602400000| Complete 
|   5|0x0000000602800000, 0x0000000602c00000, 0x0000000602c00000|100%|HC|  |TAMS 0x0000000602800000| PB 0x0000000602800000| Complete 
|   6|0x0000000602c00000, 0x0000000603000000, 0x0000000603000000|100%| O|  |TAMS 0x0000000602c00000| PB 0x0000000602c00000| Untracked 
|   7|0x0000000603000000, 0x0000000603400000, 0x0000000603400000|100%| O|  |TAMS 0x0000000603000000| PB 0x0000000603000000| Untracked 
|   8|0x0000000603400000, 0x0000000603800000, 0x0000000603800000|100%|HS|  |TAMS 0x0000000603400000| PB 0x0000000603400000| Complete 
|   9|0x0000000603800000, 0x0000000603c00000, 0x0000000603c00000|100%|HS|  |TAMS 0x0000000603800000| PB 0x0000000603800000| Complete 
|  10|0x0000000603c00000, 0x0000000604000000, 0x0000000604000000|100%|HS|  |TAMS 0x0000000603c00000| PB 0x0000000603c00000| Complete 
|  11|0x0000000604000000, 0x0000000604400000, 0x0000000604400000|100%|HC|  |TAMS 0x0000000604000000| PB 0x0000000604000000| Complete 
|  12|0x0000000604400000, 0x0000000604800000, 0x0000000604800000|100%|HS|  |TAMS 0x0000000604400000| PB 0x0000000604400000| Complete 
|  13|0x0000000604800000, 0x0000000604c00000, 0x0000000604c00000|100%|HC|  |TAMS 0x0000000604800000| PB 0x0000000604800000| Complete 
|  14|0x0000000604c00000, 0x0000000605000000, 0x0000000605000000|100%|HS|  |TAMS 0x0000000604c00000| PB 0x0000000604c00000| Complete 
|  15|0x0000000605000000, 0x0000000605400000, 0x0000000605400000|100%|HC|  |TAMS 0x0000000605000000| PB 0x0000000605000000| Complete 
|  16|0x0000000605400000, 0x0000000605800000, 0x0000000605800000|100%|HS|  |TAMS 0x0000000605400000| PB 0x0000000605400000| Complete 
|  17|0x0000000605800000, 0x0000000605c00000, 0x0000000605c00000|100%|HC|  |TAMS 0x0000000605800000| PB 0x0000000605800000| Complete 
|  18|0x0000000605c00000, 0x0000000606000000, 0x0000000606000000|100%| O|  |TAMS 0x0000000605c00000| PB 0x0000000605c00000| Untracked 
|  19|0x0000000606000000, 0x0000000606400000, 0x0000000606400000|100%| O|  |TAMS 0x0000000606000000| PB 0x0000000606000000| Untracked 
|  20|0x0000000606400000, 0x0000000606800000, 0x0000000606800000|100%|HS|  |TAMS 0x0000000606400000| PB 0x0000000606400000| Complete 
|  21|0x0000000606800000, 0x0000000606c00000, 0x0000000606c00000|100%|HS|  |TAMS 0x0000000606800000| PB 0x0000000606800000| Complete 
|  22|0x0000000606c00000, 0x0000000607000000, 0x0000000607000000|100%|HS|  |TAMS 0x0000000606c00000| PB 0x0000000606c00000| Complete 
|  23|0x0000000607000000, 0x0000000607400000, 0x0000000607400000|100%|HC|  |TAMS 0x0000000607000000| PB 0x0000000607000000| Complete 
|  24|0x0000000607400000, 0x0000000607800000, 0x0000000607800000|100%|HS|  |TAMS 0x0000000607400000| PB 0x0000000607400000| Complete 
|  25|0x0000000607800000, 0x0000000607c00000, 0x0000000607c00000|100%|HC|  |TAMS 0x0000000607800000| PB 0x0000000607800000| Complete 
|  26|0x0000000607c00000, 0x0000000608000000, 0x0000000608000000|100%| O|  |TAMS 0x0000000607c00000| PB 0x0000000607c00000| Untracked 
|  27|0x0000000608000000, 0x0000000608400000, 0x0000000608400000|100%| O|  |TAMS 0x0000000608000000| PB 0x0000000608000000| Untracked 
|  28|0x0000000608400000, 0x0000000608800000, 0x0000000608800000|100%|HS|  |TAMS 0x0000000608400000| PB 0x0000000608400000| Complete 
|  29|0x0000000608800000, 0x0000000608c00000, 0x0000000608c00000|100%|HS|  |TAMS 0x0000000608800000| PB 0x0000000608800000| Complete 
|  30|0x0000000608c00000, 0x0000000609000000, 0x0000000609000000|100%|HS|  |TAMS 0x0000000608c00000| PB 0x0000000608c00000| Complete 
|  31|0x0000000609000000, 0x0000000609400000, 0x0000000609400000|100%|HC|  |TAMS 0x0000000609000000| PB 0x0000000609000000| Complete 
|  32|0x0000000609400000, 0x0000000609800000, 0x0000000609800000|100%| O|  |TAMS 0x0000000609400000| PB 0x0000000609400000| Untracked 
|  33|0x0000000609800000, 0x0000000609c00000, 0x0000000609c00000|100%| O|  |TAMS 0x0000000609800000| PB 0x0000000609800000| Untracked 
|  34|0x0000000609c00000, 0x000000060a000000, 0x000000060a000000|100%| O|  |TAMS 0x0000000609c00000| PB 0x0000000609c00000| Untracked 
|  35|0x000000060a000000, 0x000000060a400000, 0x000000060a400000|100%| O|  |TAMS 0x000000060a000000| PB 0x000000060a000000| Untracked 
|  36|0x000000060a400000, 0x000000060a800000, 0x000000060a800000|100%| O|  |TAMS 0x000000060a400000| PB 0x000000060a400000| Untracked 
|  37|0x000000060a800000, 0x000000060ac00000, 0x000000060ac00000|100%| O|  |TAMS 0x000000060a800000| PB 0x000000060a800000| Untracked 
|  38|0x000000060ac00000, 0x000000060b000000, 0x000000060b000000|100%| O|  |TAMS 0x000000060ac00000| PB 0x000000060ac00000| Untracked 
|  39|0x000000060b000000, 0x000000060b400000, 0x000000060b400000|100%| O|  |TAMS 0x000000060b000000| PB 0x000000060b000000| Untracked 
|  40|0x000000060b400000, 0x000000060b800000, 0x000000060b800000|100%| O|  |TAMS 0x000000060b400000| PB 0x000000060b400000| Untracked 
|  41|0x000000060b800000, 0x000000060bc00000, 0x000000060bc00000|100%| O|  |TAMS 0x000000060b800000| PB 0x000000060b800000| Untracked 
|  42|0x000000060bc00000, 0x000000060c000000, 0x000000060c000000|100%|HS|  |TAMS 0x000000060bc00000| PB 0x000000060bc00000| Complete 
|  43|0x000000060c000000, 0x000000060c400000, 0x000000060c400000|100%|HC|  |TAMS 0x000000060c000000| PB 0x000000060c000000| Complete 
|  44|0x000000060c400000, 0x000000060c800000, 0x000000060c800000|100%| O|  |TAMS 0x000000060c400000| PB 0x000000060c400000| Untracked 
|  45|0x000000060c800000, 0x000000060cc00000, 0x000000060cc00000|100%| O|  |TAMS 0x000000060c800000| PB 0x000000060c800000| Untracked 
|  46|0x000000060cc00000, 0x000000060d000000, 0x000000060d000000|100%| O|  |TAMS 0x000000060cc00000| PB 0x000000060cc00000| Untracked 
|  47|0x000000060d000000, 0x000000060d400000, 0x000000060d400000|100%| O|  |TAMS 0x000000060d000000| PB 0x000000060d000000| Untracked 
|  48|0x000000060d400000, 0x000000060d800000, 0x000000060d800000|100%| O|  |TAMS 0x000000060d400000| PB 0x000000060d400000| Untracked 
|  49|0x000000060d800000, 0x000000060dc00000, 0x000000060dc00000|100%|HS|  |TAMS 0x000000060d800000| PB 0x000000060d800000| Complete 
|  50|0x000000060dc00000, 0x000000060e000000, 0x000000060e000000|100%|HC|  |TAMS 0x000000060dc00000| PB 0x000000060dc00000| Complete 
|  51|0x000000060e000000, 0x000000060e000000, 0x000000060e400000|  0%| F|  |TAMS 0x000000060e000000| PB 0x000000060e000000| Untracked 
|  52|0x000000060e400000, 0x000000060e591030, 0x000000060e800000| 39%| O|  |TAMS 0x000000060e400000| PB 0x000000060e400000| Untracked 
|  53|0x000000060e800000, 0x000000060e800000, 0x000000060ec00000|  0%| F|  |TAMS 0x000000060e800000| PB 0x000000060e800000| Untracked 
|  54|0x000000060ec00000, 0x000000060ec00000, 0x000000060f000000|  0%| F|  |TAMS 0x000000060ec00000| PB 0x000000060ec00000| Untracked 
|  55|0x000000060f000000, 0x000000060f000000, 0x000000060f400000|  0%| F|  |TAMS 0x000000060f000000| PB 0x000000060f000000| Untracked 
|  56|0x000000060f400000, 0x000000060f400000, 0x000000060f800000|  0%| F|  |TAMS 0x000000060f400000| PB 0x000000060f400000| Untracked 
|  57|0x000000060f800000, 0x000000060f800000, 0x000000060fc00000|  0%| F|  |TAMS 0x000000060f800000| PB 0x000000060f800000| Untracked 
|  58|0x000000060fc00000, 0x000000060fc00000, 0x0000000610000000|  0%| F|  |TAMS 0x000000060fc00000| PB 0x000000060fc00000| Untracked 
|  59|0x0000000610000000, 0x0000000610000000, 0x0000000610400000|  0%| F|  |TAMS 0x0000000610000000| PB 0x0000000610000000| Untracked 
|  60|0x0000000610400000, 0x0000000610400000, 0x0000000610800000|  0%| F|  |TAMS 0x0000000610400000| PB 0x0000000610400000| Untracked 
|  61|0x0000000610800000, 0x0000000610800000, 0x0000000610c00000|  0%| F|  |TAMS 0x0000000610800000| PB 0x0000000610800000| Untracked 
|  62|0x0000000610c00000, 0x0000000610c00000, 0x0000000611000000|  0%| F|  |TAMS 0x0000000610c00000| PB 0x0000000610c00000| Untracked 
|  63|0x0000000611000000, 0x0000000611000000, 0x0000000611400000|  0%| F|  |TAMS 0x0000000611000000| PB 0x0000000611000000| Untracked 
|  64|0x0000000611400000, 0x0000000611400000, 0x0000000611800000|  0%| F|  |TAMS 0x0000000611400000| PB 0x0000000611400000| Untracked 
|  65|0x0000000611800000, 0x0000000611800000, 0x0000000611c00000|  0%| F|  |TAMS 0x0000000611800000| PB 0x0000000611800000| Untracked 
|  66|0x0000000611c00000, 0x0000000611c00000, 0x0000000612000000|  0%| F|  |TAMS 0x0000000611c00000| PB 0x0000000611c00000| Untracked 
|  67|0x0000000612000000, 0x0000000612000000, 0x0000000612400000|  0%| F|  |TAMS 0x0000000612000000| PB 0x0000000612000000| Untracked 
|  68|0x0000000612400000, 0x0000000612400000, 0x0000000612800000|  0%| F|  |TAMS 0x0000000612400000| PB 0x0000000612400000| Untracked 
|  69|0x0000000612800000, 0x0000000612800000, 0x0000000612c00000|  0%| F|  |TAMS 0x0000000612800000| PB 0x0000000612800000| Untracked 
|  70|0x0000000612c00000, 0x0000000612c00000, 0x0000000613000000|  0%| F|  |TAMS 0x0000000612c00000| PB 0x0000000612c00000| Untracked 
|  71|0x0000000613000000, 0x0000000613000000, 0x0000000613400000|  0%| F|  |TAMS 0x0000000613000000| PB 0x0000000613000000| Untracked 
|  72|0x0000000613400000, 0x0000000613400000, 0x0000000613800000|  0%| F|  |TAMS 0x0000000613400000| PB 0x0000000613400000| Untracked 
|  73|0x0000000613800000, 0x0000000613800000, 0x0000000613c00000|  0%| F|  |TAMS 0x0000000613800000| PB 0x0000000613800000| Untracked 
|  74|0x0000000613c00000, 0x0000000613c00000, 0x0000000614000000|  0%| F|  |TAMS 0x0000000613c00000| PB 0x0000000613c00000| Untracked 
|  75|0x0000000614000000, 0x0000000614000000, 0x0000000614400000|  0%| F|  |TAMS 0x0000000614000000| PB 0x0000000614000000| Untracked 
|  76|0x0000000614400000, 0x0000000614400000, 0x0000000614800000|  0%| F|  |TAMS 0x0000000614400000| PB 0x0000000614400000| Untracked 
|  77|0x0000000614800000, 0x0000000614800000, 0x0000000614c00000|  0%| F|  |TAMS 0x0000000614800000| PB 0x0000000614800000| Untracked 
|  78|0x0000000614c00000, 0x0000000614c00000, 0x0000000615000000|  0%| F|  |TAMS 0x0000000614c00000| PB 0x0000000614c00000| Untracked 
|  79|0x0000000615000000, 0x0000000615000000, 0x0000000615400000|  0%| F|  |TAMS 0x0000000615000000| PB 0x0000000615000000| Untracked 
|  80|0x0000000615400000, 0x0000000615400000, 0x0000000615800000|  0%| F|  |TAMS 0x0000000615400000| PB 0x0000000615400000| Untracked 
|  81|0x0000000615800000, 0x0000000615800000, 0x0000000615c00000|  0%| F|  |TAMS 0x0000000615800000| PB 0x0000000615800000| Untracked 
|  82|0x0000000615c00000, 0x0000000615c00000, 0x0000000616000000|  0%| F|  |TAMS 0x0000000615c00000| PB 0x0000000615c00000| Untracked 
|  83|0x0000000616000000, 0x0000000616000000, 0x0000000616400000|  0%| F|  |TAMS 0x0000000616000000| PB 0x0000000616000000| Untracked 
|  84|0x0000000616400000, 0x0000000616400000, 0x0000000616800000|  0%| F|  |TAMS 0x0000000616400000| PB 0x0000000616400000| Untracked 
|  85|0x0000000616800000, 0x0000000616800000, 0x0000000616c00000|  0%| F|  |TAMS 0x0000000616800000| PB 0x0000000616800000| Untracked 
|  86|0x0000000616c00000, 0x0000000616c00000, 0x0000000617000000|  0%| F|  |TAMS 0x0000000616c00000| PB 0x0000000616c00000| Untracked 
|  87|0x0000000617000000, 0x0000000617000000, 0x0000000617400000|  0%| F|  |TAMS 0x0000000617000000| PB 0x0000000617000000| Untracked 
|  88|0x0000000617400000, 0x0000000617400000, 0x0000000617800000|  0%| F|  |TAMS 0x0000000617400000| PB 0x0000000617400000| Untracked 
|  89|0x0000000617800000, 0x0000000617800000, 0x0000000617c00000|  0%| F|  |TAMS 0x0000000617800000| PB 0x0000000617800000| Untracked 
|  90|0x0000000617c00000, 0x0000000617c00000, 0x0000000618000000|  0%| F|  |TAMS 0x0000000617c00000| PB 0x0000000617c00000| Untracked 
|  91|0x0000000618000000, 0x0000000618000000, 0x0000000618400000|  0%| F|  |TAMS 0x0000000618000000| PB 0x0000000618000000| Untracked 
|  92|0x0000000618400000, 0x0000000618400000, 0x0000000618800000|  0%| F|  |TAMS 0x0000000618400000| PB 0x0000000618400000| Untracked 
|  93|0x0000000618800000, 0x0000000618800000, 0x0000000618c00000|  0%| F|  |TAMS 0x0000000618800000| PB 0x0000000618800000| Untracked 
|  94|0x0000000618c00000, 0x0000000618c00000, 0x0000000619000000|  0%| F|  |TAMS 0x0000000618c00000| PB 0x0000000618c00000| Untracked 
|  95|0x0000000619000000, 0x0000000619000000, 0x0000000619400000|  0%| F|  |TAMS 0x0000000619000000| PB 0x0000000619000000| Untracked 
|  96|0x0000000619400000, 0x0000000619400000, 0x0000000619800000|  0%| F|  |TAMS 0x0000000619400000| PB 0x0000000619400000| Untracked 
|  97|0x0000000619800000, 0x0000000619800000, 0x0000000619c00000|  0%| F|  |TAMS 0x0000000619800000| PB 0x0000000619800000| Untracked 
|  98|0x0000000619c00000, 0x0000000619c00000, 0x000000061a000000|  0%| F|  |TAMS 0x0000000619c00000| PB 0x0000000619c00000| Untracked 
|  99|0x000000061a000000, 0x000000061a000000, 0x000000061a400000|  0%| F|  |TAMS 0x000000061a000000| PB 0x000000061a000000| Untracked 
| 100|0x000000061a400000, 0x000000061a400000, 0x000000061a800000|  0%| F|  |TAMS 0x000000061a400000| PB 0x000000061a400000| Untracked 
| 101|0x000000061a800000, 0x000000061a800000, 0x000000061ac00000|  0%| F|  |TAMS 0x000000061a800000| PB 0x000000061a800000| Untracked 
| 102|0x000000061ac00000, 0x000000061ac00000, 0x000000061b000000|  0%| F|  |TAMS 0x000000061ac00000| PB 0x000000061ac00000| Untracked 
| 103|0x000000061b000000, 0x000000061b000000, 0x000000061b400000|  0%| F|  |TAMS 0x000000061b000000| PB 0x000000061b000000| Untracked 
| 104|0x000000061b400000, 0x000000061b400000, 0x000000061b800000|  0%| F|  |TAMS 0x000000061b400000| PB 0x000000061b400000| Untracked 
| 105|0x000000061b800000, 0x000000061b800000, 0x000000061bc00000|  0%| F|  |TAMS 0x000000061b800000| PB 0x000000061b800000| Untracked 
| 106|0x000000061bc00000, 0x000000061bc00000, 0x000000061c000000|  0%| F|  |TAMS 0x000000061bc00000| PB 0x000000061bc00000| Untracked 
| 107|0x000000061c000000, 0x000000061c000000, 0x000000061c400000|  0%| F|  |TAMS 0x000000061c000000| PB 0x000000061c000000| Untracked 
| 108|0x000000061c400000, 0x000000061c400000, 0x000000061c800000|  0%| F|  |TAMS 0x000000061c400000| PB 0x000000061c400000| Untracked 
| 109|0x000000061c800000, 0x000000061c800000, 0x000000061cc00000|  0%| F|  |TAMS 0x000000061c800000| PB 0x000000061c800000| Untracked 
| 110|0x000000061cc00000, 0x000000061cc00000, 0x000000061d000000|  0%| F|  |TAMS 0x000000061cc00000| PB 0x000000061cc00000| Untracked 
| 111|0x000000061d000000, 0x000000061d000000, 0x000000061d400000|  0%| F|  |TAMS 0x000000061d000000| PB 0x000000061d000000| Untracked 
| 112|0x000000061d400000, 0x000000061d400000, 0x000000061d800000|  0%| F|  |TAMS 0x000000061d400000| PB 0x000000061d400000| Untracked 
| 113|0x000000061d800000, 0x000000061d800000, 0x000000061dc00000|  0%| F|  |TAMS 0x000000061d800000| PB 0x000000061d800000| Untracked 
| 114|0x000000061dc00000, 0x000000061dc00000, 0x000000061e000000|  0%| F|  |TAMS 0x000000061dc00000| PB 0x000000061dc00000| Untracked 
| 115|0x000000061e000000, 0x000000061e000000, 0x000000061e400000|  0%| F|  |TAMS 0x000000061e000000| PB 0x000000061e000000| Untracked 
| 116|0x000000061e400000, 0x000000061e400000, 0x000000061e800000|  0%| F|  |TAMS 0x000000061e400000| PB 0x000000061e400000| Untracked 
| 117|0x000000061e800000, 0x000000061e800000, 0x000000061ec00000|  0%| F|  |TAMS 0x000000061e800000| PB 0x000000061e800000| Untracked 
| 118|0x000000061ec00000, 0x000000061ec00000, 0x000000061f000000|  0%| F|  |TAMS 0x000000061ec00000| PB 0x000000061ec00000| Untracked 
| 119|0x000000061f000000, 0x000000061f000000, 0x000000061f400000|  0%| F|  |TAMS 0x000000061f000000| PB 0x000000061f000000| Untracked 
| 120|0x000000061f400000, 0x000000061f400000, 0x000000061f800000|  0%| F|  |TAMS 0x000000061f400000| PB 0x000000061f400000| Untracked 
| 121|0x000000061f800000, 0x000000061f800000, 0x000000061fc00000|  0%| F|  |TAMS 0x000000061f800000| PB 0x000000061f800000| Untracked 
| 122|0x000000061fc00000, 0x000000061fc00000, 0x0000000620000000|  0%| F|  |TAMS 0x000000061fc00000| PB 0x000000061fc00000| Untracked 
| 123|0x0000000620000000, 0x0000000620000000, 0x0000000620400000|  0%| F|  |TAMS 0x0000000620000000| PB 0x0000000620000000| Untracked 
| 124|0x0000000620400000, 0x0000000620400000, 0x0000000620800000|  0%| F|  |TAMS 0x0000000620400000| PB 0x0000000620400000| Untracked 
| 125|0x0000000620800000, 0x0000000620800000, 0x0000000620c00000|  0%| F|  |TAMS 0x0000000620800000| PB 0x0000000620800000| Untracked 
| 126|0x0000000620c00000, 0x0000000621000000, 0x0000000621000000|100%| S|CS|TAMS 0x0000000620c00000| PB 0x0000000620c00000| Complete 
| 127|0x0000000621000000, 0x0000000621000000, 0x0000000621400000|  0%| F|  |TAMS 0x0000000621000000| PB 0x0000000621000000| Untracked 
| 128|0x0000000621400000, 0x0000000621400000, 0x0000000621800000|  0%| F|  |TAMS 0x0000000621400000| PB 0x0000000621400000| Untracked 
| 129|0x0000000621800000, 0x0000000621800000, 0x0000000621c00000|  0%| F|  |TAMS 0x0000000621800000| PB 0x0000000621800000| Untracked 
| 130|0x0000000621c00000, 0x0000000621c00000, 0x0000000622000000|  0%| F|  |TAMS 0x0000000621c00000| PB 0x0000000621c00000| Untracked 
| 131|0x0000000622000000, 0x0000000622000000, 0x0000000622400000|  0%| F|  |TAMS 0x0000000622000000| PB 0x0000000622000000| Untracked 
| 132|0x0000000622400000, 0x0000000622400000, 0x0000000622800000|  0%| F|  |TAMS 0x0000000622400000| PB 0x0000000622400000| Untracked 
| 133|0x0000000622800000, 0x0000000622800000, 0x0000000622c00000|  0%| F|  |TAMS 0x0000000622800000| PB 0x0000000622800000| Untracked 
| 134|0x0000000622c00000, 0x0000000622c00000, 0x0000000623000000|  0%| F|  |TAMS 0x0000000622c00000| PB 0x0000000622c00000| Untracked 
| 135|0x0000000623000000, 0x0000000623000000, 0x0000000623400000|  0%| F|  |TAMS 0x0000000623000000| PB 0x0000000623000000| Untracked 
| 136|0x0000000623400000, 0x0000000623400000, 0x0000000623800000|  0%| F|  |TAMS 0x0000000623400000| PB 0x0000000623400000| Untracked 
| 137|0x0000000623800000, 0x0000000623800000, 0x0000000623c00000|  0%| F|  |TAMS 0x0000000623800000| PB 0x0000000623800000| Untracked 
| 138|0x0000000623c00000, 0x0000000623c00000, 0x0000000624000000|  0%| F|  |TAMS 0x0000000623c00000| PB 0x0000000623c00000| Untracked 
| 139|0x0000000624000000, 0x0000000624000000, 0x0000000624400000|  0%| F|  |TAMS 0x0000000624000000| PB 0x0000000624000000| Untracked 
| 140|0x0000000624400000, 0x0000000624400000, 0x0000000624800000|  0%| F|  |TAMS 0x0000000624400000| PB 0x0000000624400000| Untracked 
| 141|0x0000000624800000, 0x0000000624800000, 0x0000000624c00000|  0%| F|  |TAMS 0x0000000624800000| PB 0x0000000624800000| Untracked 
| 142|0x0000000624c00000, 0x0000000624c00000, 0x0000000625000000|  0%| F|  |TAMS 0x0000000624c00000| PB 0x0000000624c00000| Untracked 
| 143|0x0000000625000000, 0x0000000625000000, 0x0000000625400000|  0%| F|  |TAMS 0x0000000625000000| PB 0x0000000625000000| Untracked 
| 144|0x0000000625400000, 0x0000000625400000, 0x0000000625800000|  0%| F|  |TAMS 0x0000000625400000| PB 0x0000000625400000| Untracked 
| 145|0x0000000625800000, 0x0000000625800000, 0x0000000625c00000|  0%| F|  |TAMS 0x0000000625800000| PB 0x0000000625800000| Untracked 
| 146|0x0000000625c00000, 0x0000000625c00000, 0x0000000626000000|  0%| F|  |TAMS 0x0000000625c00000| PB 0x0000000625c00000| Untracked 
| 147|0x0000000626000000, 0x0000000626000000, 0x0000000626400000|  0%| F|  |TAMS 0x0000000626000000| PB 0x0000000626000000| Untracked 
| 148|0x0000000626400000, 0x0000000626400000, 0x0000000626800000|  0%| F|  |TAMS 0x0000000626400000| PB 0x0000000626400000| Untracked 
| 149|0x0000000626800000, 0x0000000626800000, 0x0000000626c00000|  0%| F|  |TAMS 0x0000000626800000| PB 0x0000000626800000| Untracked 
| 150|0x0000000626c00000, 0x0000000626c00000, 0x0000000627000000|  0%| F|  |TAMS 0x0000000626c00000| PB 0x0000000626c00000| Untracked 
| 151|0x0000000627000000, 0x0000000627000000, 0x0000000627400000|  0%| F|  |TAMS 0x0000000627000000| PB 0x0000000627000000| Untracked 
| 152|0x0000000627400000, 0x0000000627400000, 0x0000000627800000|  0%| F|  |TAMS 0x0000000627400000| PB 0x0000000627400000| Untracked 
| 153|0x0000000627800000, 0x0000000627800000, 0x0000000627c00000|  0%| F|  |TAMS 0x0000000627800000| PB 0x0000000627800000| Untracked 
| 154|0x0000000627c00000, 0x0000000627c00000, 0x0000000628000000|  0%| F|  |TAMS 0x0000000627c00000| PB 0x0000000627c00000| Untracked 
| 155|0x0000000628000000, 0x0000000628000000, 0x0000000628400000|  0%| F|  |TAMS 0x0000000628000000| PB 0x0000000628000000| Untracked 
| 156|0x0000000628400000, 0x0000000628400000, 0x0000000628800000|  0%| F|  |TAMS 0x0000000628400000| PB 0x0000000628400000| Untracked 
| 157|0x0000000628800000, 0x0000000628800000, 0x0000000628c00000|  0%| F|  |TAMS 0x0000000628800000| PB 0x0000000628800000| Untracked 
| 158|0x0000000628c00000, 0x0000000628c00000, 0x0000000629000000|  0%| F|  |TAMS 0x0000000628c00000| PB 0x0000000628c00000| Untracked 
| 159|0x0000000629000000, 0x0000000629000000, 0x0000000629400000|  0%| F|  |TAMS 0x0000000629000000| PB 0x0000000629000000| Untracked 
| 160|0x0000000629400000, 0x0000000629400000, 0x0000000629800000|  0%| F|  |TAMS 0x0000000629400000| PB 0x0000000629400000| Untracked 
| 161|0x0000000629800000, 0x0000000629800000, 0x0000000629c00000|  0%| F|  |TAMS 0x0000000629800000| PB 0x0000000629800000| Untracked 
| 162|0x0000000629c00000, 0x0000000629c00000, 0x000000062a000000|  0%| F|  |TAMS 0x0000000629c00000| PB 0x0000000629c00000| Untracked 
| 163|0x000000062a000000, 0x000000062a000000, 0x000000062a400000|  0%| F|  |TAMS 0x000000062a000000| PB 0x000000062a000000| Untracked 
| 164|0x000000062a400000, 0x000000062a400000, 0x000000062a800000|  0%| F|  |TAMS 0x000000062a400000| PB 0x000000062a400000| Untracked 
| 165|0x000000062a800000, 0x000000062a800000, 0x000000062ac00000|  0%| F|  |TAMS 0x000000062a800000| PB 0x000000062a800000| Untracked 
| 166|0x000000062ac00000, 0x000000062ac00000, 0x000000062b000000|  0%| F|  |TAMS 0x000000062ac00000| PB 0x000000062ac00000| Untracked 
| 167|0x000000062b000000, 0x000000062b000000, 0x000000062b400000|  0%| F|  |TAMS 0x000000062b000000| PB 0x000000062b000000| Untracked 
| 168|0x000000062b400000, 0x000000062b400000, 0x000000062b800000|  0%| F|  |TAMS 0x000000062b400000| PB 0x000000062b400000| Untracked 
| 169|0x000000062b800000, 0x000000062b800000, 0x000000062bc00000|  0%| F|  |TAMS 0x000000062b800000| PB 0x000000062b800000| Untracked 
| 170|0x000000062bc00000, 0x000000062bc00000, 0x000000062c000000|  0%| F|  |TAMS 0x000000062bc00000| PB 0x000000062bc00000| Untracked 
| 171|0x000000062c000000, 0x000000062c000000, 0x000000062c400000|  0%| F|  |TAMS 0x000000062c000000| PB 0x000000062c000000| Untracked 
| 172|0x000000062c400000, 0x000000062c400000, 0x000000062c800000|  0%| F|  |TAMS 0x000000062c400000| PB 0x000000062c400000| Untracked 
| 173|0x000000062c800000, 0x000000062c800000, 0x000000062cc00000|  0%| F|  |TAMS 0x000000062c800000| PB 0x000000062c800000| Untracked 
| 174|0x000000062cc00000, 0x000000062cc00000, 0x000000062d000000|  0%| F|  |TAMS 0x000000062cc00000| PB 0x000000062cc00000| Untracked 
| 175|0x000000062d000000, 0x000000062d000000, 0x000000062d400000|  0%| F|  |TAMS 0x000000062d000000| PB 0x000000062d000000| Untracked 
| 176|0x000000062d400000, 0x000000062d400000, 0x000000062d800000|  0%| F|  |TAMS 0x000000062d400000| PB 0x000000062d400000| Untracked 
| 177|0x000000062d800000, 0x000000062d800000, 0x000000062dc00000|  0%| F|  |TAMS 0x000000062d800000| PB 0x000000062d800000| Untracked 
| 178|0x000000062dc00000, 0x000000062dc00000, 0x000000062e000000|  0%| F|  |TAMS 0x000000062dc00000| PB 0x000000062dc00000| Untracked 
| 179|0x000000062e000000, 0x000000062e000000, 0x000000062e400000|  0%| F|  |TAMS 0x000000062e000000| PB 0x000000062e000000| Untracked 
| 180|0x000000062e400000, 0x000000062e400000, 0x000000062e800000|  0%| F|  |TAMS 0x000000062e400000| PB 0x000000062e400000| Untracked 
| 181|0x000000062e800000, 0x000000062e800000, 0x000000062ec00000|  0%| F|  |TAMS 0x000000062e800000| PB 0x000000062e800000| Untracked 
| 182|0x000000062ec00000, 0x000000062ec00000, 0x000000062f000000|  0%| F|  |TAMS 0x000000062ec00000| PB 0x000000062ec00000| Untracked 
| 183|0x000000062f000000, 0x000000062f353630, 0x000000062f400000| 83%| E|  |TAMS 0x000000062f000000| PB 0x000000062f000000| Complete 
| 184|0x000000062f400000, 0x000000062f800000, 0x000000062f800000|100%| E|  |TAMS 0x000000062f400000| PB 0x000000062f400000| Complete 
|2034|0x00000007fdc00000, 0x00000007fe000000, 0x00000007fe000000|100%| O|  |TAMS 0x00000007fdc00000| PB 0x00000007fdc00000| Untracked 
|2035|0x00000007fe000000, 0x00000007fe400000, 0x00000007fe400000|100%| O|  |TAMS 0x00000007fe000000| PB 0x00000007fe000000| Untracked 
|2036|0x00000007fe400000, 0x00000007fe800000, 0x00000007fe800000|100%| O|  |TAMS 0x00000007fe400000| PB 0x00000007fe400000| Untracked 
|2037|0x00000007fe800000, 0x00000007fec00000, 0x00000007fec00000|100%| O|  |TAMS 0x00000007fe800000| PB 0x00000007fe800000| Untracked 
|2038|0x00000007fec00000, 0x00000007ff000000, 0x00000007ff000000|100%| O|  |TAMS 0x00000007fec00000| PB 0x00000007fec00000| Untracked 
|2039|0x00000007ff000000, 0x00000007ff400000, 0x00000007ff400000|100%| O|  |TAMS 0x00000007ff000000| PB 0x00000007ff000000| Untracked 
|2040|0x00000007ff400000, 0x00000007ff800000, 0x00000007ff800000|100%| O|  |TAMS 0x00000007ff400000| PB 0x00000007ff400000| Untracked 
|2041|0x00000007ff800000, 0x00000007ffc00000, 0x00000007ffc00000|100%| O|  |TAMS 0x00000007ff800000| PB 0x00000007ff800000| Untracked 
|2042|0x00000007ffc00000, 0x0000000800000000, 0x0000000800000000|100%| O|  |TAMS 0x00000007ffc00000| PB 0x00000007ffc00000| Untracked 

Card table byte_map: [0x000002c5dfb50000,0x000002c5e0b50000] _byte_map_base: 0x000002c5dcb46000

Marking Bits: (CMBitMap*) 0x000002c5c49f7c20
 Bits: [0x000002c5e0b50000, 0x000002c5e8b00000)

Polling page: 0x000002c5c4340000

Metaspace:

Usage:
  Non-class:      7.09 MB used.
      Class:    414.16 KB used.
       Both:      7.49 MB used.

Virtual space:
  Non-class space:       64.00 MB reserved,       7.12 MB ( 11%) committed,  1 nodes.
      Class space:        1.00 GB reserved,     512.00 KB ( <1%) committed,  1 nodes.
             Both:        1.06 GB reserved,       7.62 MB ( <1%) committed. 

Chunk freelists:
   Non-Class:  6.88 MB
       Class:  15.45 MB
        Both:  22.33 MB

MaxMetaspaceSize: unlimited
CompressedClassSpaceSize: 1.00 GB
Initial GC threshold: 21.00 MB
Current GC threshold: 21.00 MB
CDS: on
 - commit_granule_bytes: 65536.
 - commit_granule_words: 8192.
 - virtual_space_node_default_size: 8388608.
 - enlarge_chunks_in_place: 1.
 - use_allocation_guard: 0.


Internal statistics:

num_allocs_failed_limit: 0.
num_arena_births: 70.
num_arena_deaths: 0.
num_vsnodes_births: 2.
num_vsnodes_deaths: 0.
num_space_committed: 120.
num_space_uncommitted: 0.
num_chunks_returned_to_freelist: 0.
num_chunks_taken_from_freelist: 285.
num_chunk_merges: 0.
num_chunk_splits: 210.
num_chunks_enlarged: 167.
num_inconsistent_stats: 0.

CodeHeap 'non-profiled nmethods': size=119168Kb used=1163Kb max_used=1163Kb free=118004Kb
 bounds [0x000002c5d61e0000, 0x000002c5d6450000, 0x000002c5dd640000]
CodeHeap 'profiled nmethods': size=119104Kb used=2948Kb max_used=2948Kb free=116156Kb
 bounds [0x000002c5ce640000, 0x000002c5ce930000, 0x000002c5d5a90000]
CodeHeap 'non-nmethods': size=7488Kb used=3948Kb max_used=3961Kb free=3539Kb
 bounds [0x000002c5d5a90000, 0x000002c5d5e80000, 0x000002c5d61e0000]
 total_blobs=2697 nmethods=1496 adapters=1103
 compilation: enabled
              stopped_count=0, restarted_count=0
 full_count=0

Compilation events (20 events):
Event: 1.795 Thread 0x000002c5ec1d6ef0 1486       3       jdk.internal.loader.NativeLibraries$NativeLibraryImpl::find (9 bytes)
Event: 1.795 Thread 0x000002c5ec1d6ef0 nmethod 1486 0x000002c5ce91b610 code [0x000002c5ce91b7c0, 0x000002c5ce91b900]
Event: 1.811 Thread 0x000002c5ec1d3f40 1488   !   3       java.util.zip.ZipFile$Source::readFullyAt (74 bytes)
Event: 1.812 Thread 0x000002c5ec1d3f40 nmethod 1488 0x000002c5ce91b990 code [0x000002c5ce91bb60, 0x000002c5ce91bfb0]
Event: 1.823 Thread 0x000002c5ec1d6ef0 1489       3       java.lang.StringCoding::countPositives (33 bytes)
Event: 1.823 Thread 0x000002c5ec1d3870 1490       3       java.util.zip.ZipFile::getZipEntry (322 bytes)
Event: 1.823 Thread 0x000002c5ec1d6ef0 nmethod 1489 0x000002c5ce91c290 code [0x000002c5ce91c440, 0x000002c5ce91c668]
Event: 1.824 Thread 0x000002c5ec1d3870 nmethod 1490 0x000002c5ce91c790 code [0x000002c5ce91cd00, 0x000002c5ce91fdc0]
Event: 1.837 Thread 0x000002c5ec1d4ce0 1491       4       java.util.zip.ZipFile::ensureOpen (40 bytes)
Event: 1.838 Thread 0x000002c5ec1d4ce0 nmethod 1491 0x000002c5d6300f90 code [0x000002c5d6301120, 0x000002c5d6301200]
Event: 1.854 Thread 0x000002c5ec1d6150 1492       4       java.lang.String::<init> (99 bytes)
Event: 1.857 Thread 0x000002c5ec1d6150 nmethod 1492 0x000002c5d6301310 code [0x000002c5d63014c0, 0x000002c5d6301a70]
Event: 1.860 Thread 0x000002c5ec1d6820 1494       4       sun.misc.Unsafe::putLong (11 bytes)
Event: 1.860 Thread 0x000002c5ec1d6820 nmethod 1494 0x000002c5d6302110 code [0x000002c5d63022a0, 0x000002c5d6302330]
Event: 1.861 Thread 0x000002c5ec1d6ef0 1495       1       org.lwjgl.system.MemoryStack::getPointer (5 bytes)
Event: 1.861 Thread 0x000002c5ec1d6ef0 nmethod 1495 0x000002c5d6302410 code [0x000002c5d63025a0, 0x000002c5d6302668]
Event: 1.861 Thread 0x000002c5ec1d4610 1496       4       sun.misc.Unsafe::getLong (9 bytes)
Event: 1.861 Thread 0x000002c5ec1d0c40 1497       4       sun.misc.Unsafe::putInt (11 bytes)
Event: 1.861 Thread 0x000002c5ec1d4610 nmethod 1496 0x000002c5d6302710 code [0x000002c5d63028a0, 0x000002c5d6302950]
Event: 1.861 Thread 0x000002c5ec1d0c40 nmethod 1497 0x000002c5d6302a10 code [0x000002c5d6302ba0, 0x000002c5d6302c48]

GC Heap History (12 events):
Event: 0.667 GC heap before
{Heap before GC invocations=0 (full 0):
 garbage-first heap   total 524288K, used 24576K [0x0000000601400000, 0x0000000800000000)
  region size 4096K, 6 young (24576K), 0 survivors (0K)
 Metaspace       used 5319K, committed 5568K, reserved 1114112K
  class space    used 317K, committed 448K, reserved 1048576K
}
Event: 0.670 GC heap after
{Heap after GC invocations=1 (full 0):
 garbage-first heap   total 524288K, used 2757K [0x0000000601400000, 0x0000000800000000)
  region size 4096K, 1 young (4096K), 1 survivors (4096K)
 Metaspace       used 5319K, committed 5568K, reserved 1114112K
  class space    used 317K, committed 448K, reserved 1048576K
}
Event: 0.719 GC heap before
{Heap before GC invocations=1 (full 0):
 garbage-first heap   total 524288K, used 39621K [0x0000000601400000, 0x0000000800000000)
  region size 4096K, 10 young (40960K), 1 survivors (4096K)
 Metaspace       used 5344K, committed 5568K, reserved 1114112K
  class space    used 317K, committed 448K, reserved 1048576K
}
Event: 0.721 GC heap after
{Heap after GC invocations=2 (full 0):
 garbage-first heap   total 524288K, used 3409K [0x0000000601400000, 0x0000000800000000)
  region size 4096K, 1 young (4096K), 1 survivors (4096K)
 Metaspace       used 5344K, committed 5568K, reserved 1114112K
  class space    used 317K, committed 448K, reserved 1048576K
}
Event: 0.896 GC heap before
{Heap before GC invocations=2 (full 0):
 garbage-first heap   total 524288K, used 306513K [0x0000000601400000, 0x0000000800000000)
  region size 4096K, 76 young (311296K), 1 survivors (4096K)
 Metaspace       used 5416K, committed 5632K, reserved 1114112K
  class space    used 319K, committed 448K, reserved 1048576K
}
Event: 0.900 GC heap after
{Heap after GC invocations=3 (full 0):
 garbage-first heap   total 524288K, used 10977K [0x0000000601400000, 0x0000000800000000)
  region size 4096K, 3 young (12288K), 3 survivors (12288K)
 Metaspace       used 5416K, committed 5632K, reserved 1114112K
  class space    used 319K, committed 448K, reserved 1048576K
}
Event: 1.257 GC heap before
{Heap before GC invocations=3 (full 0):
 garbage-first heap   total 524288K, used 367329K [0x0000000601400000, 0x0000000800000000)
  region size 4096K, 76 young (311296K), 3 survivors (12288K)
 Metaspace       used 5751K, committed 5952K, reserved 1114112K
  class space    used 346K, committed 448K, reserved 1048576K
}
Event: 1.265 GC heap after
{Heap after GC invocations=4 (full 0):
 garbage-first heap   total 524288K, used 70611K [0x0000000601400000, 0x0000000800000000)
  region size 4096K, 8 young (32768K), 8 survivors (32768K)
 Metaspace       used 5751K, committed 5952K, reserved 1114112K
  class space    used 346K, committed 448K, reserved 1048576K
}
Event: 1.698 GC heap before
{Heap before GC invocations=4 (full 0):
 garbage-first heap   total 524288K, used 435155K [0x0000000601400000, 0x0000000800000000)
  region size 4096K, 76 young (311296K), 8 survivors (32768K)
 Metaspace       used 5838K, committed 6016K, reserved 1114112K
  class space    used 352K, committed 448K, reserved 1048576K
}
Event: 1.739 GC heap after
{Heap after GC invocations=5 (full 0):
 garbage-first heap   total 561152K, used 214798K [0x0000000601400000, 0x0000000800000000)
  region size 4096K, 10 young (40960K), 10 survivors (40960K)
 Metaspace       used 5838K, committed 6016K, reserved 1114112K
  class space    used 352K, committed 448K, reserved 1048576K
}
Event: 1.749 GC heap before
{Heap before GC invocations=5 (full 0):
 garbage-first heap   total 561152K, used 227086K [0x0000000601400000, 0x0000000800000000)
  region size 4096K, 11 young (45056K), 10 survivors (40960K)
 Metaspace       used 5838K, committed 6016K, reserved 1114112K
  class space    used 352K, committed 448K, reserved 1048576K
}
Event: 1.765 GC heap after
{Heap after GC invocations=6 (full 0):
 garbage-first heap   total 794624K, used 235076K [0x0000000601400000, 0x0000000800000000)
  region size 4096K, 1 young (4096K), 1 survivors (4096K)
 Metaspace       used 5838K, committed 6016K, reserved 1114112K
  class space    used 352K, committed 448K, reserved 1048576K
}

Dll operation events (10 events):
Event: 0.007 Loaded shared library C:\Program Files\Eclipse Adoptium\jdk-21.0.3.9-hotspot\bin\java.dll
Event: 0.026 Loaded shared library C:\Program Files\Eclipse Adoptium\jdk-21.0.3.9-hotspot\bin\jsvml.dll
Event: 0.056 Loaded shared library C:\Program Files\Eclipse Adoptium\jdk-21.0.3.9-hotspot\bin\net.dll
Event: 0.058 Loaded shared library C:\Program Files\Eclipse Adoptium\jdk-21.0.3.9-hotspot\bin\nio.dll
Event: 0.061 Loaded shared library C:\Program Files\Eclipse Adoptium\jdk-21.0.3.9-hotspot\bin\zip.dll
Event: 0.096 Loaded shared library C:\Program Files\Eclipse Adoptium\jdk-21.0.3.9-hotspot\bin\jimage.dll
Event: 0.112 Loaded shared library C:\Users\mirek\AppData\Local\Temp\lwjgl_mirek\3.3.6+1\x64\lwjgl.dll
Event: 0.362 Loaded shared library C:\Users\mirek\AppData\Local\Temp\lwjgl_mirek\3.3.6+1\x64\lwjgl_opengl.dll
Event: 0.570 Loaded shared library C:\Program Files\Eclipse Adoptium\jdk-21.0.3.9-hotspot\bin\verify.dll
Event: 0.632 Loaded shared library C:\Users\mirek\AppData\Local\Temp\lwjgl_mirek\3.3.6+1\x64\lwjgl_stb.dll

Deoptimization events (20 events):
Event: 1.767 Thread 0x000002c5c43b50e0 Uncommon trap: trap_request=0xffffff45 fr.pc=0x000002c5d62fe350 relative=0x0000000000001410
Event: 1.767 Thread 0x000002c5c43b50e0 Uncommon trap: reason=unstable_if action=reinterpret pc=0x000002c5d62fe350 method=engine.render.NormalBuffer.build(Lobj/Entity;)V @ 24 c2
Event: 1.767 Thread 0x000002c5c43b50e0 DEOPT PACKING pc=0x000002c5d62fe350 sp=0x000000defe4ff020
Event: 1.767 Thread 0x000002c5c43b50e0 DEOPT UNPACKING pc=0x000002c5d5ae46a2 sp=0x000000defe4feff8 mode 2
Event: 1.770 Thread 0x000002c5c43b50e0 DEOPT PACKING pc=0x000002c5ce91746d sp=0x000000defe4fefa0
Event: 1.770 Thread 0x000002c5c43b50e0 DEOPT UNPACKING pc=0x000002c5d5ae4e42 sp=0x000000defe4fe4f8 mode 0
Event: 1.772 Thread 0x000002c5c43b50e0 Uncommon trap: trap_request=0xffffff45 fr.pc=0x000002c5d62ff180 relative=0x00000000000001c0
Event: 1.772 Thread 0x000002c5c43b50e0 Uncommon trap: reason=unstable_if action=reinterpret pc=0x000002c5d62ff180 method=engine.render.NormalBuffer.build(Lobj/Entity;)V @ 128 c2
Event: 1.772 Thread 0x000002c5c43b50e0 DEOPT PACKING pc=0x000002c5d62ff180 sp=0x000000defe4ff040
Event: 1.772 Thread 0x000002c5c43b50e0 DEOPT UNPACKING pc=0x000002c5d5ae46a2 sp=0x000000defe4feff8 mode 2
Event: 1.792 Thread 0x000002c5c43b50e0 DEOPT PACKING pc=0x000002c5ce91a31b sp=0x000000defe4fee00
Event: 1.792 Thread 0x000002c5c43b50e0 DEOPT UNPACKING pc=0x000002c5d5ae4e42 sp=0x000000defe4fe308 mode 0
Event: 1.794 Thread 0x000002c5c43b50e0 Uncommon trap: trap_request=0xffffff45 fr.pc=0x000002c5d61e584c relative=0x000000000000012c
Event: 1.794 Thread 0x000002c5c43b50e0 Uncommon trap: reason=unstable_if action=reinterpret pc=0x000002c5d61e584c method=java.lang.StringCoding.countPositives([BII)I @ 17 c2
Event: 1.794 Thread 0x000002c5c43b50e0 DEOPT PACKING pc=0x000002c5d61e584c sp=0x000000defe4fef40
Event: 1.794 Thread 0x000002c5c43b50e0 DEOPT UNPACKING pc=0x000002c5d5ae46a2 sp=0x000000defe4feee0 mode 2
Event: 1.862 Thread 0x000002c5c43b50e0 Uncommon trap: trap_request=0xffffff54 fr.pc=0x000002c5d630290c relative=0x000000000000006c
Event: 1.862 Thread 0x000002c5c43b50e0 Uncommon trap: reason=speculate_null_assert action=make_not_entrant pc=0x000002c5d630290c method=sun.misc.Unsafe.getLong(Ljava/lang/Object;J)J @ 5 c2
Event: 1.862 Thread 0x000002c5c43b50e0 DEOPT PACKING pc=0x000002c5d630290c sp=0x000000defe4ff110
Event: 1.862 Thread 0x000002c5c43b50e0 DEOPT UNPACKING pc=0x000002c5d5ae46a2 sp=0x000000defe4ff098 mode 2

Classes loaded (20 events):
Event: 0.653 Loading class jdk/internal/math/FDBigInteger
Event: 0.653 Loading class jdk/internal/math/FDBigInteger done
Event: 0.917 Loading class jdk/internal/module/ModulePatcher$PatchedModuleReader
Event: 0.917 Loading class jdk/internal/module/ModulePatcher$PatchedModuleReader done
Event: 0.917 Loading class sun/net/www/protocol/jrt/Handler
Event: 0.917 Loading class sun/net/www/protocol/jrt/Handler done
Event: 0.920 Loading class sun/util/resources/LocaleData$CommonResourceBundleProvider
Event: 0.920 Loading class sun/util/resources/LocaleData$LocaleDataResourceBundleProvider
Event: 0.920 Loading class java/util/spi/ResourceBundleProvider
Event: 0.920 Loading class java/util/spi/ResourceBundleProvider done
Event: 0.920 Loading class sun/util/resources/LocaleData$LocaleDataResourceBundleProvider done
Event: 0.920 Loading class sun/util/resources/LocaleData$CommonResourceBundleProvider done
Event: 0.920 Loading class sun/util/resources/Bundles$2
Event: 0.920 Loading class sun/util/resources/Bundles$2 done
Event: 0.925 Loading class java/lang/NumberFormatException
Event: 0.925 Loading class java/lang/NumberFormatException done
Event: 1.821 Loading class java/lang/SecurityException
Event: 1.821 Loading class java/lang/SecurityException done
Event: 1.861 Loading class java/nio/HeapFloatBuffer
Event: 1.861 Loading class java/nio/HeapFloatBuffer done

Classes unloaded (0 events):
No events

Classes redefined (0 events):
No events

Internal exceptions (20 events):
Event: 0.151 Thread 0x000002c5c43b50e0 Exception <a 'java/lang/NoSuchMethodError'{0x0000000620d5d718}: 'int java.lang.invoke.DirectMethodHandle$Holder.invokeStaticInit(java.lang.Object, java.lang.Object, int, long)'> (0x0000000620d5d718) 
thrown [s\src\hotspot\share\interpreter\linkResolver.cpp, line 773]
Event: 0.151 Thread 0x000002c5c43b50e0 Exception <a 'java/lang/NoSuchMethodError'{0x0000000620d62740}: 'java.lang.Object java.lang.invoke.DirectMethodHandle$Holder.newInvokeSpecial(java.lang.Object, java.lang.Object, int)'> (0x0000000620d62740) 
thrown [s\src\hotspot\share\interpreter\linkResolver.cpp, line 773]
Event: 0.153 Thread 0x000002c5c43b50e0 Exception <a 'java/lang/NoSuchMethodError'{0x0000000620d70f48}: 'int java.lang.invoke.DirectMethodHandle$Holder.invokeStaticInit(java.lang.Object, java.lang.Object, long, long)'> (0x0000000620d70f48) 
thrown [s\src\hotspot\share\interpreter\linkResolver.cpp, line 773]
Event: 0.153 Thread 0x000002c5c43b50e0 Exception <a 'java/lang/NoSuchMethodError'{0x0000000620d767b0}: 'java.lang.Object java.lang.invoke.DirectMethodHandle$Holder.newInvokeSpecial(java.lang.Object, java.lang.Object, long)'> (0x0000000620d767b0) 
thrown [s\src\hotspot\share\interpreter\linkResolver.cpp, line 773]
Event: 0.154 Thread 0x000002c5c43b50e0 Exception <a 'java/lang/NoSuchMethodError'{0x0000000620d7a850}: 'java.lang.Object java.lang.invoke.Invokers$Holder.linkToTargetMethod(java.lang.Object, long, java.lang.Object)'> (0x0000000620d7a850) 
thrown [s\src\hotspot\share\interpreter\linkResolver.cpp, line 773]
Event: 0.154 Thread 0x000002c5c43b50e0 Exception <a 'java/lang/NoSuchMethodError'{0x0000000620d818d8}: 'int java.lang.invoke.DirectMethodHandle$Holder.invokeStaticInit(java.lang.Object, java.lang.Object, java.lang.Object, long)'> (0x0000000620d818d8) 
thrown [s\src\hotspot\share\interpreter\linkResolver.cpp, line 773]
Event: 0.168 Thread 0x000002c5c43b50e0 Exception <a 'sun/nio/fs/WindowsException'{0x0000000620e2d6a8}> (0x0000000620e2d6a8) 
thrown [s\src\hotspot\share\prims\jni.cpp, line 520]
Event: 0.168 Thread 0x000002c5c43b50e0 Exception <a 'sun/nio/fs/WindowsException'{0x0000000620e2da08}> (0x0000000620e2da08) 
thrown [s\src\hotspot\share\prims\jni.cpp, line 520]
Event: 0.172 Thread 0x000002c5c43b50e0 Exception <a 'java/lang/NoSuchMethodError'{0x0000000620e44338}: 'int java.lang.invoke.Invokers$Holder.invokeExact_MT(java.lang.Object, java.lang.Object)'> (0x0000000620e44338) 
thrown [s\src\hotspot\share\interpreter\linkResolver.cpp, line 773]
Event: 0.357 Thread 0x000002c5c43b50e0 Exception <a 'java/lang/NoSuchMethodError'{0x0000000620ead108}: 'void java.lang.System.load(java.lang.String, java.lang.Class)'> (0x0000000620ead108) 
thrown [s\src\hotspot\share\interpreter\linkResolver.cpp, line 773]
Event: 0.358 Thread 0x000002c5c43b50e0 Exception <a 'java/lang/NoSuchMethodError'{0x0000000620eafaa8}: 'void java.lang.System.loadLibrary(java.lang.String, java.lang.Class)'> (0x0000000620eafaa8) 
thrown [s\src\hotspot\share\interpreter\linkResolver.cpp, line 773]
Event: 0.360 Thread 0x000002c5c43b50e0 Exception <a 'sun/nio/fs/WindowsException'{0x0000000620ebec58}> (0x0000000620ebec58) 
thrown [s\src\hotspot\share\prims\jni.cpp, line 520]
Event: 0.361 Thread 0x000002c5c43b50e0 Exception <a 'sun/nio/fs/WindowsException'{0x0000000620ebeff8}> (0x0000000620ebeff8) 
thrown [s\src\hotspot\share\prims\jni.cpp, line 520]
Event: 0.365 Thread 0x000002c5c43b50e0 Exception <a 'sun/nio/fs/WindowsException'{0x0000000620ec94e0}> (0x0000000620ec94e0) 
thrown [s\src\hotspot\share\prims\jni.cpp, line 520]
Event: 0.365 Thread 0x000002c5c43b50e0 Exception <a 'sun/nio/fs/WindowsException'{0x0000000620ec97b0}> (0x0000000620ec97b0) 
thrown [s\src\hotspot\share\prims\jni.cpp, line 520]
Event: 0.626 Thread 0x000002c5c43b50e0 Exception <a 'java/lang/NoSuchMethodError'{0x0000000620520d20}: 'void java.lang.System.load(java.lang.String, java.lang.Class)'> (0x0000000620520d20) 
thrown [s\src\hotspot\share\interpreter\linkResolver.cpp, line 773]
Event: 0.626 Thread 0x000002c5c43b50e0 Exception <a 'java/lang/NoSuchMethodError'{0x00000006205236c0}: 'void java.lang.System.loadLibrary(java.lang.String, java.lang.Class)'> (0x00000006205236c0) 
thrown [s\src\hotspot\share\interpreter\linkResolver.cpp, line 773]
Event: 0.630 Thread 0x000002c5c43b50e0 Exception <a 'sun/nio/fs/WindowsException'{0x0000000620532420}> (0x0000000620532420) 
thrown [s\src\hotspot\share\prims\jni.cpp, line 520]
Event: 0.630 Thread 0x000002c5c43b50e0 Exception <a 'sun/nio/fs/WindowsException'{0x00000006205327a0}> (0x00000006205327a0) 
thrown [s\src\hotspot\share\prims\jni.cpp, line 520]
Event: 1.862 Thread 0x000002c5c43b50e0 Implicit null exception at 0x000002c5d63022dd to 0x0000000000000000

ZGC Phase Switch (0 events):
No events

VM Operations (20 events):
Event: 0.061 Executing VM operation: HandshakeAllThreads (Deoptimize)
Event: 0.061 Executing VM operation: HandshakeAllThreads (Deoptimize) done
Event: 0.667 Executing VM operation: G1CollectForAllocation (G1 Evacuation Pause)
Event: 0.670 Executing VM operation: G1CollectForAllocation (G1 Evacuation Pause) done
Event: 0.719 Executing VM operation: G1CollectForAllocation (G1 Evacuation Pause)
Event: 0.721 Executing VM operation: G1CollectForAllocation (G1 Evacuation Pause) done
Event: 0.896 Executing VM operation: G1CollectForAllocation (G1 Evacuation Pause)
Event: 0.900 Executing VM operation: G1CollectForAllocation (G1 Evacuation Pause) done
Event: 0.915 Executing VM operation: HandshakeAllThreads (Deoptimize)
Event: 0.915 Executing VM operation: HandshakeAllThreads (Deoptimize) done
Event: 1.126 Executing VM operation: HandshakeAllThreads (Deoptimize)
Event: 1.126 Executing VM operation: HandshakeAllThreads (Deoptimize) done
Event: 1.257 Executing VM operation: G1CollectForAllocation (G1 Evacuation Pause)
Event: 1.265 Executing VM operation: G1CollectForAllocation (G1 Evacuation Pause) done
Event: 1.698 Executing VM operation: G1CollectForAllocation (G1 Evacuation Pause)
Event: 1.739 Executing VM operation: G1CollectForAllocation (G1 Evacuation Pause) done
Event: 1.749 Executing VM operation: G1CollectForAllocation (G1 Evacuation Pause)
Event: 1.765 Executing VM operation: G1CollectForAllocation (G1 Evacuation Pause) done
Event: 1.862 Executing VM operation: HandshakeAllThreads (Deoptimize)
Event: 1.862 Executing VM operation: HandshakeAllThreads (Deoptimize) done

Events (20 events):
Event: 0.024 Thread 0x000002c5ec1c7d30 Thread added: 0x000002c5ec1c7d30
Event: 0.024 Thread 0x000002c5ec1d0c40 Thread added: 0x000002c5ec1d0c40
Event: 0.024 Thread 0x000002c5ec1d3f40 Thread added: 0x000002c5ec1d3f40
Event: 0.028 Thread 0x000002c5ec1d6ef0 Thread added: 0x000002c5ec1d6ef0
Event: 0.046 Thread 0x000002c5ec1c9e00 Thread added: 0x000002c5ec1c9e00
Event: 0.049 Thread 0x000002c5ec1ca490 Thread added: 0x000002c5ec1ca490
Event: 0.148 Thread 0x000002c5ec1d4610 Thread added: 0x000002c5ec1d4610
Event: 0.356 Thread 0x000002c5ec1d4610 Thread exited: 0x000002c5ec1d4610
Event: 0.363 Thread 0x000002c5ec1d5a80 Thread added: 0x000002c5ec1d5a80
Event: 0.363 Thread 0x000002c5ec1d3870 Thread added: 0x000002c5ec1d3870
Event: 0.642 Thread 0x000002c5ec1d4610 Thread added: 0x000002c5ec1d4610
Event: 0.645 Thread 0x000002c5ec1d6150 Thread added: 0x000002c5ec1d6150
Event: 0.647 Thread 0x000002c5ec1d6820 Thread added: 0x000002c5ec1d6820
Event: 0.648 Thread 0x000002c5ec1d4ce0 Thread added: 0x000002c5ec1d4ce0
Event: 0.649 Thread 0x000002c5ec1d53b0 Thread added: 0x000002c5ec1d53b0
Event: 0.654 Thread 0x000002c5f7b476f0 Thread added: 0x000002c5f7b476f0
Event: 0.654 Thread 0x000002c5f7b47dc0 Thread added: 0x000002c5f7b47dc0
Event: 0.888 Thread 0x000002c5f7b47dc0 Thread exited: 0x000002c5f7b47dc0
Event: 1.428 Thread 0x000002c5f7b476f0 Thread exited: 0x000002c5f7b476f0
Event: 1.854 Thread 0x000002c5ec1d53b0 Thread exited: 0x000002c5ec1d53b0


Dynamic libraries:
0x00007ff60d2f0000 - 0x00007ff60d2fe000 	C:\Program Files\Eclipse Adoptium\jdk-21.0.3.9-hotspot\bin\java.exe
0x00007ffd58c80000 - 0x00007ffd58ee8000 	C:\WINDOWS\SYSTEM32\ntdll.dll
0x00007ffd58710000 - 0x00007ffd587d9000 	C:\WINDOWS\System32\KERNEL32.DLL
0x00007ffd55dd0000 - 0x00007ffd561bd000 	C:\WINDOWS\System32\KERNELBASE.dll
0x00007ffd56790000 - 0x00007ffd568db000 	C:\WINDOWS\System32\ucrtbase.dll
0x00007ffd3e690000 - 0x00007ffd3e6a8000 	C:\Program Files\Eclipse Adoptium\jdk-21.0.3.9-hotspot\bin\jli.dll
0x00007ffd2f360000 - 0x00007ffd2f37b000 	C:\Program Files\Eclipse Adoptium\jdk-21.0.3.9-hotspot\bin\VCRUNTIME140.dll
0x00007ffd56a20000 - 0x00007ffd56bec000 	C:\WINDOWS\System32\USER32.dll
0x00007ffd565e0000 - 0x00007ffd56607000 	C:\WINDOWS\System32\win32u.dll
0x00007ffd576d0000 - 0x00007ffd576fb000 	C:\WINDOWS\System32\GDI32.dll
0x00007ffd43350000 - 0x00007ffd435ea000 	C:\WINDOWS\WinSxS\amd64_microsoft.windows.common-controls_6595b64144ccf1df_6.0.26100.4484_none_3e0e6d4ce32ef3b3\COMCTL32.dll
0x00007ffd568e0000 - 0x00007ffd56a17000 	C:\WINDOWS\System32\gdi32full.dll
0x00007ffd57dd0000 - 0x00007ffd57e79000 	C:\WINDOWS\System32\msvcrt.dll
0x00007ffd562f0000 - 0x00007ffd56393000 	C:\WINDOWS\System32\msvcp_win.dll
0x00007ffd58c00000 - 0x00007ffd58c2f000 	C:\WINDOWS\System32\IMM32.DLL
0x00007ffd407f0000 - 0x00007ffd407fc000 	C:\Program Files\Eclipse Adoptium\jdk-21.0.3.9-hotspot\bin\vcruntime140_1.dll
0x00007ffd04bf0000 - 0x00007ffd04c7e000 	C:\Program Files\Eclipse Adoptium\jdk-21.0.3.9-hotspot\bin\msvcp140.dll
0x00007ffc75e40000 - 0x00007ffc76bc2000 	C:\Program Files\Eclipse Adoptium\jdk-21.0.3.9-hotspot\bin\server\jvm.dll
0x00007ffd57f00000 - 0x00007ffd57fb4000 	C:\WINDOWS\System32\ADVAPI32.dll
0x00007ffd58940000 - 0x00007ffd589e6000 	C:\WINDOWS\System32\sechost.dll
0x00007ffd57700000 - 0x00007ffd57818000 	C:\WINDOWS\System32\RPCRT4.dll
0x00007ffd57e80000 - 0x00007ffd57ef4000 	C:\WINDOWS\System32\WS2_32.dll
0x00007ffd55b70000 - 0x00007ffd55bce000 	C:\WINDOWS\SYSTEM32\POWRPROF.dll
0x00007ffd4d850000 - 0x00007ffd4d85b000 	C:\WINDOWS\SYSTEM32\VERSION.dll
0x00007ffd4af50000 - 0x00007ffd4af85000 	C:\WINDOWS\SYSTEM32\WINMM.dll
0x00007ffd55a60000 - 0x00007ffd55a74000 	C:\WINDOWS\SYSTEM32\UMPDC.dll
0x00007ffd54b70000 - 0x00007ffd54b8b000 	C:\WINDOWS\SYSTEM32\kernel.appcore.dll
0x00007ffd40320000 - 0x00007ffd4032a000 	C:\Program Files\Eclipse Adoptium\jdk-21.0.3.9-hotspot\bin\jimage.dll
0x00007ffd48850000 - 0x00007ffd48a91000 	C:\WINDOWS\SYSTEM32\DBGHELP.DLL
0x00007ffd57a30000 - 0x00007ffd57db6000 	C:\WINDOWS\System32\combase.dll
0x00007ffd58b10000 - 0x00007ffd58bf0000 	C:\WINDOWS\System32\OLEAUT32.dll
0x00007ffd31830000 - 0x00007ffd31873000 	C:\WINDOWS\SYSTEM32\dbgcore.DLL
0x00007ffd56250000 - 0x00007ffd562e9000 	C:\WINDOWS\System32\bcryptPrimitives.dll
0x00007ffd2ef40000 - 0x00007ffd2ef5f000 	C:\Program Files\Eclipse Adoptium\jdk-21.0.3.9-hotspot\bin\java.dll
0x00007ffd57fc0000 - 0x00007ffd5870a000 	C:\WINDOWS\System32\SHELL32.dll
0x00007ffd56610000 - 0x00007ffd56784000 	C:\WINDOWS\System32\wintypes.dll
0x00007ffd53a50000 - 0x00007ffd542ab000 	C:\WINDOWS\SYSTEM32\windows.storage.dll
0x00007ffd57390000 - 0x00007ffd57485000 	C:\WINDOWS\System32\SHCORE.dll
0x00007ffd58aa0000 - 0x00007ffd58b0a000 	C:\WINDOWS\System32\shlwapi.dll
0x00007ffd55ce0000 - 0x00007ffd55d0f000 	C:\WINDOWS\SYSTEM32\profapi.dll
0x00007ffcecbb0000 - 0x00007ffcecc87000 	C:\Program Files\Eclipse Adoptium\jdk-21.0.3.9-hotspot\bin\jsvml.dll
0x00007ffd33240000 - 0x00007ffd33250000 	C:\Program Files\Eclipse Adoptium\jdk-21.0.3.9-hotspot\bin\net.dll
0x00007ffd4f790000 - 0x00007ffd4f8ae000 	C:\WINDOWS\SYSTEM32\WINHTTP.dll
0x00007ffd55100000 - 0x00007ffd5516a000 	C:\WINDOWS\system32\mswsock.dll
0x00007ffd2ed50000 - 0x00007ffd2ed66000 	C:\Program Files\Eclipse Adoptium\jdk-21.0.3.9-hotspot\bin\nio.dll
0x00007ffd2edd0000 - 0x00007ffd2ede8000 	C:\Program Files\Eclipse Adoptium\jdk-21.0.3.9-hotspot\bin\zip.dll
0x00007ffceca20000 - 0x00007ffceca9e000 	C:\Users\mirek\AppData\Local\Temp\lwjgl_mirek\3.3.6+1\x64\lwjgl.dll
0x00007ffcead70000 - 0x00007ffceadf9000 	C:\Users\mirek\AppData\Local\Temp\lwjgl_mirek\3.3.6+1\x64\glfw.dll
0x00007ffd21c40000 - 0x00007ffd21c8b000 	C:\WINDOWS\SYSTEM32\dinput8.dll
0x00007ffd4c980000 - 0x00007ffd4c992000 	C:\WINDOWS\SYSTEM32\xinput1_4.dll
0x00007ffd55940000 - 0x00007ffd55997000 	C:\WINDOWS\SYSTEM32\cfgmgr32.dll
0x00007ffd55910000 - 0x00007ffd5593d000 	C:\WINDOWS\SYSTEM32\DEVOBJ.dll
0x00007ffd535b0000 - 0x00007ffd535e6000 	C:\WINDOWS\SYSTEM32\dwmapi.dll
0x00007ffd33fa0000 - 0x00007ffd34183000 	C:\WINDOWS\SYSTEM32\inputhost.dll
0x00007ffd51430000 - 0x00007ffd51555000 	C:\WINDOWS\SYSTEM32\CoreMessaging.dll
0x00007ffd52fd0000 - 0x00007ffd5307f000 	C:\WINDOWS\system32\uxtheme.dll
0x00007ffd553d0000 - 0x00007ffd553dc000 	C:\WINDOWS\SYSTEM32\CRYPTBASE.DLL
0x00007ffd57890000 - 0x00007ffd579f0000 	C:\WINDOWS\System32\MSCTF.dll
0x00007ffcbfe70000 - 0x00007ffcbff88000 	C:\WINDOWS\SYSTEM32\opengl32.dll
0x00007ffcbfe40000 - 0x00007ffcbfe6d000 	C:\WINDOWS\SYSTEM32\GLU32.dll
0x00007ffd53180000 - 0x00007ffd531cd000 	C:\WINDOWS\SYSTEM32\dxcore.dll
0x00007ffd46360000 - 0x00007ffd4637a000 	C:\WINDOWS\SYSTEM32\windows.staterepositorycore.dll
0x00007ffcbd4f0000 - 0x00007ffcbfe34000 	C:\WINDOWS\System32\DriverStore\FileRepository\nv_dispi.inf_amd64_fe5f369669db2f36\nvoglv64.dll
0x00007ffd56f00000 - 0x00007ffd57386000 	C:\WINDOWS\System32\SETUPAPI.dll
0x00007ffd57520000 - 0x00007ffd576be000 	C:\WINDOWS\System32\ole32.dll
0x00007ffd51e70000 - 0x00007ffd51e86000 	C:\WINDOWS\SYSTEM32\WTSAPI32.dll
0x00007ffd554e0000 - 0x00007ffd554f3000 	C:\WINDOWS\SYSTEM32\msasn1.dll
0x00007ffd4d810000 - 0x00007ffd4d84b000 	C:\WINDOWS\SYSTEM32\cryptnet.dll
0x00007ffd563a0000 - 0x00007ffd56517000 	C:\WINDOWS\System32\CRYPT32.dll
0x00007ffd55470000 - 0x00007ffd554db000 	C:\WINDOWS\SYSTEM32\wldp.dll
0x00007ffd4d4c0000 - 0x00007ffd4d63c000 	C:\WINDOWS\SYSTEM32\drvstore.dll
0x00007ffd561c0000 - 0x00007ffd56244000 	C:\WINDOWS\System32\WINTRUST.dll
0x00007ffd54ca0000 - 0x00007ffd54cd6000 	C:\WINDOWS\SYSTEM32\ntmarta.dll
0x00007ffd57a00000 - 0x00007ffd57a20000 	C:\WINDOWS\System32\imagehlp.dll
0x00007ffd553b0000 - 0x00007ffd553cb000 	C:\WINDOWS\SYSTEM32\CRYPTSP.dll
0x00007ffd54ad0000 - 0x00007ffd54b0b000 	C:\WINDOWS\system32\rsaenh.dll
0x00007ffd55cb0000 - 0x00007ffd55cd6000 	C:\WINDOWS\SYSTEM32\bcrypt.dll
0x00007ffd3a7a0000 - 0x00007ffd3e532000 	C:\WINDOWS\System32\DriverStore\FileRepository\nv_dispi.inf_amd64_fe5f369669db2f36\nvgpucomp64.dll
0x00007ffd237e0000 - 0x00007ffd23af4000 	C:\WINDOWS\system32\nvspcap64.dll
0x00007ffd559d0000 - 0x00007ffd55a37000 	C:\WINDOWS\SYSTEM32\WINSTA.dll
0x00007ffd33da0000 - 0x00007ffd33ef0000 	C:\WINDOWS\SYSTEM32\textinputframework.dll
0x00007ffd3fc90000 - 0x00007ffd3ff73000 	C:\WINDOWS\SYSTEM32\CoreUIComponents.dll
0x00007ffd26720000 - 0x00007ffd2677d000 	C:\Users\mirek\AppData\Local\Temp\lwjgl_mirek\3.3.6+1\x64\lwjgl_opengl.dll
0x00007ffd30b60000 - 0x00007ffd30b70000 	C:\Program Files\Eclipse Adoptium\jdk-21.0.3.9-hotspot\bin\verify.dll
0x00007ffce9710000 - 0x00007ffce97a9000 	C:\Users\mirek\AppData\Local\Temp\lwjgl_mirek\3.3.6+1\x64\lwjgl_stb.dll

dbghelp: loaded successfully - version: 4.0.5 - missing functions: none
symbol engine: initialized successfully - sym options: 0x614 - pdb path: .;C:\Program Files\Eclipse Adoptium\jdk-21.0.3.9-hotspot\bin;C:\WINDOWS\SYSTEM32;C:\WINDOWS\WinSxS\amd64_microsoft.windows.common-controls_6595b64144ccf1df_6.0.26100.4484_none_3e0e6d4ce32ef3b3;C:\Program Files\Eclipse Adoptium\jdk-21.0.3.9-hotspot\bin\server;C:\Users\mirek\AppData\Local\Temp\lwjgl_mirek\3.3.6+1\x64;C:\WINDOWS\System32\DriverStore\FileRepository\nv_dispi.inf_amd64_fe5f369669db2f36

VM Arguments:
jvm_args: -XX:+ShowCodeDetailsInExceptionMessages 
java_command: engine.Main
java_class_path (initial): \Mian-engine-v1\build\resources\main;C:\Users\mirek\Desktop\Programming Stuff\OpenGL\Mian Engine\Mian-engine-v1\build\classes\java\main;C:\Users\mirek\.gradle\caches\modules-2\files-2.1\org.lwjgl\lwjgl\3.3.6\ce7721d30cfaf47feaed10213e0c43eb55c49d68\lwjgl-3.3.6.jar;C:\Users\mirek\.gradle\caches\modules-2\files-2.1\com.github.stephengold\stack-alloc\1.0.2\13cbb10c01ec09d0f5879f988946a97998175dfc\stack-alloc-1.0.2.jar;C:\Users\mirek\.gradle\caches\modules-2\files-2.1\javax.vecmath\vecmath\1.5.2\fd17bc3e67f909573dfc039d8e2abecf407c4e27\vecmath-1.5.2.jar;C:\Users\mirek\.gradle\caches\modules-2\files-2.1\org.lwjgl\lwjgl\3.3.6\9a29b6a22fc5184604b8cb434ee5d5ecc4bfcbee\lwjgl-3.3.6-natives-windows.jar;C:\Users\mirek\.gradle\caches\modules-2\files-2.1\org.lwjgl\lwjgl-opengl\3.3.6\ac2532612a4df374e9a9282bcf8ce2573018ebbb\lwjgl-opengl-3.3.6.jar;C:\Users\mirek\.gradle\caches\modules-2\files-2.1\org.joml\joml\1.10.5\22566d58af70ad3d72308bab63b8339906deb649\joml-1.10.5.jar;C:\Users\mirek\.gradle\caches\modules-2\files-2.1\org.lwjgl\lwjgl-stb\3.3.6\334cf885b39e2db9070c39e70e65efb136435f10\lwjgl-stb-3.3.6-natives-windows.jar;C:\Users\mirek\.gradle\caches\modules-2\files-2.1\org.lwjgl\lwjgl-glfw\3.3.6\99ef08056feb9627f90425a4d2a22cd9fae8e39b\lwjgl-glfw-3.3.6-natives-windows.jar;C:\Users\mirek\.gradle\caches\modules-2\files-2.1\org.lwjgl\lwjgl-opengl\3.3.6\18dc639ebc94aa5202c2157f7490d28997b697c5\lwjgl-opengl-3.3.6-natives-windows.jar;C:\Users\mirek\.gradle\caches\modules-2\files-2.1\com.github.stephengold\jbullet\1.0.3\362f53e8aa981037c2523ac24eb4d9b190a49036\jbullet-1.0.3.jar;C:\Users\mirek\.gradle\caches\modules-2\files-2.1\org.lwjgl\lwjgl-glfw\3.3.6\7119f7d0eeb1e5502ff0ca71d2b4d47317da015\lwjgl-glfw-3.3.6.jar;C:\Users\mirek\.gradle\caches\modules-2\files-2.1\org.lwjgl\lwjgl-stb\3.3.6\e2d3739dcfe7b672b626ded66d94f6587083306e\lwjgl-stb-3.3.6.jar
Launcher Type: SUN_STANDARD

[Global flags]
     intx CICompilerCount                          = 12                                        {product} {ergonomic}
     uint ConcGCThreads                            = 5                                         {product} {ergonomic}
     uint G1ConcRefinementThreads                  = 18                                        {product} {ergonomic}
   size_t G1HeapRegionSize                         = 4194304                                   {product} {ergonomic}
    uintx GCDrainStackTargetSize                   = 64                                        {product} {ergonomic}
   size_t InitialHeapSize                          = 536870912                                 {product} {ergonomic}
   size_t MarkStackSize                            = 4194304                                   {product} {ergonomic}
   size_t MaxHeapSize                              = 8568963072                                {product} {ergonomic}
   size_t MaxNewSize                               = 5138022400                                {product} {ergonomic}
   size_t MinHeapDeltaBytes                        = 4194304                                   {product} {ergonomic}
   size_t MinHeapSize                              = 8388608                                   {product} {ergonomic}
    uintx NonNMethodCodeHeapSize                   = 7602480                                {pd product} {ergonomic}
    uintx NonProfiledCodeHeapSize                  = 122027880                              {pd product} {ergonomic}
    uintx ProfiledCodeHeapSize                     = 122027880                              {pd product} {ergonomic}
    uintx ReservedCodeCacheSize                    = 251658240                              {pd product} {ergonomic}
     bool SegmentedCodeCache                       = true                                      {product} {ergonomic}
     bool ShowCodeDetailsInExceptionMessages       = true                                   {manageable} {command line}
   size_t SoftMaxHeapSize                          = 8568963072                             {manageable} {ergonomic}
     bool UseCompressedOops                        = true                           {product lp64_product} {ergonomic}
     bool UseG1GC                                  = true                                      {product} {ergonomic}
     bool UseLargePagesIndividualAllocation        = false                                  {pd product} {ergonomic}

Logging:
Log output configuration:
 #0: stdout all=warning uptime,level,tags foldmultilines=false
 #1: stderr all=off uptime,level,tags foldmultilines=false

Environment Variables:
JAVA_HOME=C:\Users\mirek\.jdks\corretto-1.8.0_442
PATH=;C:\Program Files\Common Files\Oracle\Java\javapath;C:\Program Files (x86)\Common Files\Oracle\Java\java8path;C:\Program Files (x86)\Common Files\Oracle\Java\javapath;C:\Program Files\Microsoft MPI\Bin\;C:\Program Files\Eclipse Adoptium\jdk-21.0.3.9-hotspot\bin;C:\Python312\Scripts\;C:\Python312\;C:\Program Files (x86)\Razer Chroma SDK\bin;C:\Program Files\Razer Chroma SDK\bin;C:\Program Files (x86)\Razer\ChromaBroadcast\bin;C:\Program Files\Razer\ChromaBroadcast\bin;C:\Program Files\Eclipse Adoptium\jdk-17.0.10.7-hotspot\bin;C:\Windows\system32;C:\Windows;C:\Windows\System32\Wbem;C:\Windows\System32\WindowsPowerShell\v1.0\;C:\Windows\System32\OpenSSH\;C:\Program Files\dotnet\;C:\Windows\system32\config\systemprofile\AppData\Local\Microsoft\WindowsApps;C:\Users\mirek\AppData\Local\Microsoft\WindowsApps;D:\Microsoft VS Code\bin;D:\IntelliJ IDEA Community Edition 2023.3.6\bin;C:\Users\mirek\.dotnet\tools;C:\Program Files\nodejs\;C:\ProgramData\chocolatey\bin;C:\Program Files\Git\cmd;C:\Program Files\Microsoft SQL Server\150\Tools\Binn\;C:\Program Files\Microsoft SQL Server\Client SDK\ODBC\170\Tools\Binn\;C:\msys64\mingw64\bin;;C:\WINDOWS\system32;C:\WINDOWS;C:\WINDOWS\System32\Wbem;C:\WINDOWS\System32\WindowsPowerShell\v1.0\;C:\WINDOWS\System32\OpenSSH\;C:\Program Files\NVIDIA Corporation\NVIDIA App\NvDLISR;C:\Program Files (x86)\NVIDIA Corporation\PhysX\Common;C:\Users\mirek\.cargo\bin;C:\Users\mirek\AppData\Local\Programs\Python\Python311\Scripts\;C:\Users\mirek\AppData\Local\Programs\Python\Python311\;C:\Users\mirek\AppData\Local\Microsoft\WindowsApps;D:\Microsoft VS Code\bin;D:\IntelliJ IDEA Community Edition 2023.3.6\bin;;C:\Users\mirek\.dotnet\tools;C:\Users\mirek\AppData\Roaming\npm;C:\Users\mirek\AppData\Local\Muse Hub\lib;C:\msys64\mingw64\bin;C:\ffmpeg\bin;C:\Gradle\gradle-8.12-all\gradle-8.12\bin;C:\Program Files (x86)\Atmel\Flip 3.4.7\bin;C:\Program Files (x86)\Nmap;C:\maven\bin;C:\Users\mirek\AppData\Local\Microsoft\WinGet\Packages\Microsoft.devtunnel_Microsoft.Winget.Source_8wekyb3d8bbwe;C:\Program Files\NVIDIA GPU Computing Toolkit\CUDA\v11.8\bin;C:\Program Files\NVIDIA GPU Computing Toolkit\CUDA\v11.8\lib\x64;
USERNAME=mirek
LANG=en_US.UTF-8
OS=Windows_NT
PROCESSOR_IDENTIFIER=AMD64 Family 25 Model 33 Stepping 2, AuthenticAMD
TMP=C:\Users\mirek\AppData\Local\Temp
TEMP=C:\Users\mirek\AppData\Local\Temp




Periodic native trim disabled

---------------  S Y S T E M  ---------------

OS:
 Windows 11 , 64 bit Build 26100 (10.0.26100.4484)
OS uptime: 0 days 13:16 hours

CPU: total 24 (initial active 24) (24 cores per cpu, 2 threads per core) family 25 model 33 stepping 2 microcode 0xa201213, cx8, cmov, fxsr, ht, mmx, 3dnowpref, sse, sse2, sse3, ssse3, sse4a, sse4.1, sse4.2, popcnt, lzcnt, tsc, tscinvbit, avx, avx2, aes, erms, clmul, bmi1, bmi2, adx, sha, fma, vzeroupper, clflush, clflushopt, rdtscp, rdpid, fsrm, f16c, pku, cet_ss
Processor Information for all 24 processors :
  Max Mhz: 3701, Current Mhz: 3701, Mhz Limit: 3701

Memory: 4k page, system-wide physical 32681M (16033M free)
TotalPageFile size 43945M (AvailPageFile size 17594M)
current process WorkingSet (physical memory assigned to process): 729M, peak: 730M
current process commit charge ("private bytes"): 1161M, peak: 1165M

vm_info: OpenJDK 64-Bit Server VM (21.0.3+9-LTS) for windows-amd64 JRE (21.0.3+9-LTS), built on 2024-04-16T00:00:00Z by "admin" with MS VC++ 17.7 (VS2022)

END.
